#
# There is insufficient memory for the Java Runtime Environment to continue.
# Native memory allocation (malloc) failed to allocate 1144496 bytes for Chunk::new
# Possible reasons:
#   The system is out of physical RAM or swap space
#   The process is running with CompressedOops enabled, and the Java Heap may be blocking the growth of the native heap
# Possible solutions:
#   Reduce memory load on the system
#   Increase physical memory or swap space
#   Check if swap backing store is full
#   Decrease Java heap size (-Xmx/-Xms)
#   Decrease number of Java threads
#   Decrease Java thread stack sizes (-Xss)
#   Set larger code cache with -XX:ReservedCodeCacheSize=
#   JVM is running with Zero Based Compressed Oops mode in which the Java heap is
#     placed in the first 32GB address space. The Java Heap base address is the
#     maximum limit for the native heap growth. Please use -XX:HeapBaseMinAddress
#     to set the Java Heap base and to place the Java Heap above 32GB virtual address.
# This output file may be truncated or incomplete.
#
#  Out of Memory Error (arena.cpp:189), pid=34512, tid=14340
#
# JRE version: Java(TM) SE Runtime Environment (17.0.8+9) (build 17.0.8+9-LTS-211)
# Java VM: Java HotSpot(TM) 64-Bit Server VM (17.0.8+9-LTS-211, mixed mode, sharing, tiered, compressed oops, compressed class ptrs, g1 gc, windows-amd64)
# No core dump will be written. Minidumps are not enabled by default on client versions of Windows
#

---------------  S U M M A R Y ------------

Command Line: -Dfile.encoding=IBM850 --enable-native-access=ALL-UNNAMED -Dclassworlds.conf=C:\Program Files\JetBrains\IntelliJ IDEA 2023.2.8\plugins\maven\lib\maven3\bin\m2.conf -Dmaven.home=C:\Program Files\JetBrains\IntelliJ IDEA 2023.2.8\plugins\maven\lib\maven3 -Dlibrary.jansi.path=C:\Program Files\JetBrains\IntelliJ IDEA 2023.2.8\plugins\maven\lib\maven3\lib\jansi-native -Dmaven.multiModuleProjectDirectory=C:\Desktop\pidevv\pi25-01-2026 org.codehaus.plexus.classworlds.launcher.Launcher -Didea.version=2025.3.3 -Dmaven.ext.class.path=C:\Program Files\JetBrains\IntelliJ IDEA 2023.2.8\plugins\maven\lib\maven-event-listener.jar -Djansi.passthrough=true -Dstyle.color=always -Dmaven.repo.local=C:\Users\PROBOOK\.m2\repository javafx:run

Host: 11th Gen Intel(R) Core(TM) i5-1135G7 @ 2.40GHz, 8 cores, 15G,  Windows 11 , 64 bit Build 26100 (10.0.26100.7920)
Time: Sun Mar  1 19:56:19 2026 Afr. centrale Ouest elapsed time: 3.129810 seconds (0d 0h 0m 3s)

---------------  T H R E A D  ---------------

Current thread (0x00000216cf829920):  JavaThread "C2 CompilerThread1" daemon [_thread_in_native, id=14340, stack(0x0000002138400000,0x0000002138500000)]


Current CompileTask:
C2:   3129 3798   !   4       org.apache.maven.model.Plugin::clone (204 bytes)

Stack: [0x0000002138400000,0x0000002138500000]
Native frames: (J=compiled Java code, j=interpreted, Vv=VM code, C=native code)
V  [jvm.dll+0x677d0a]
V  [jvm.dll+0x7d8c54]
V  [jvm.dll+0x7da3fe]
V  [jvm.dll+0x7daa63]
V  [jvm.dll+0x245c5f]
V  [jvm.dll+0xaaa6b]
V  [jvm.dll+0xab00c]
V  [jvm.dll+0x361e3f]
V  [jvm.dll+0x32c551]
V  [jvm.dll+0x32b9ea]
V  [jvm.dll+0x217fff]
V  [jvm.dll+0x217431]
V  [jvm.dll+0x1a3af0]
V  [jvm.dll+0x2270be]
V  [jvm.dll+0x22535b]
V  [jvm.dll+0x78e7bc]
V  [jvm.dll+0x788bba]
V  [jvm.dll+0x676b35]
C  [ucrtbase.dll+0x37b0]
C  [KERNEL32.DLL+0x2e8d7]
C  [ntdll.dll+0x8c48c]


---------------  P R O C E S S  ---------------

Threads class SMR info:
_java_thread_list=0x00000216d04b90c0, length=14, elements={
0x00000216e6b727f0, 0x00000216ff947600, 0x00000216ff9480c0, 0x00000216cf003830,
0x00000216cf006100, 0x00000216cf0071e0, 0x00000216cf00a280, 0x00000216cf007dd0,
0x00000216cf010d70, 0x00000216cf014780, 0x00000216cf143f80, 0x00000216cf14f740,
0x00000216cf829920, 0x00000216d03a4350
}

Java Threads: ( => current thread )
  0x00000216e6b727f0 JavaThread "main" [_thread_in_native, id=8120, stack(0x0000002137100000,0x0000002137200000)]
  0x00000216ff947600 JavaThread "Reference Handler" daemon [_thread_blocked, id=32024, stack(0x0000002137800000,0x0000002137900000)]
  0x00000216ff9480c0 JavaThread "Finalizer" daemon [_thread_blocked, id=26212, stack(0x0000002137900000,0x0000002137a00000)]
  0x00000216cf003830 JavaThread "Signal Dispatcher" daemon [_thread_blocked, id=32884, stack(0x0000002137a00000,0x0000002137b00000)]
  0x00000216cf006100 JavaThread "Attach Listener" daemon [_thread_blocked, id=33368, stack(0x0000002137b00000,0x0000002137c00000)]
  0x00000216cf0071e0 JavaThread "Service Thread" daemon [_thread_blocked, id=13624, stack(0x0000002137c00000,0x0000002137d00000)]
  0x00000216cf00a280 JavaThread "Monitor Deflation Thread" daemon [_thread_blocked, id=36468, stack(0x0000002137d00000,0x0000002137e00000)]
  0x00000216cf007dd0 JavaThread "C2 CompilerThread0" daemon [_thread_in_native, id=26132, stack(0x0000002137e00000,0x0000002137f00000)]
  0x00000216cf010d70 JavaThread "C1 CompilerThread0" daemon [_thread_blocked, id=30920, stack(0x0000002137f00000,0x0000002138000000)]
  0x00000216cf014780 JavaThread "Sweeper thread" daemon [_thread_blocked, id=17788, stack(0x0000002138000000,0x0000002138100000)]
  0x00000216cf143f80 JavaThread "Notification Thread" daemon [_thread_blocked, id=28120, stack(0x0000002138100000,0x0000002138200000)]
  0x00000216cf14f740 JavaThread "Common-Cleaner" daemon [_thread_blocked, id=34720, stack(0x0000002138300000,0x0000002138400000)]
=>0x00000216cf829920 JavaThread "C2 CompilerThread1" daemon [_thread_in_native, id=14340, stack(0x0000002138400000,0x0000002138500000)]
  0x00000216d03a4350 JavaThread "Thread-1" daemon [_thread_blocked, id=34472, stack(0x0000002138d00000,0x0000002138e00000)]

Other Threads:
  0x00000216ff943480 VMThread "VM Thread" [stack: 0x0000002137700000,0x0000002137800000] [id=33240]
  0x00000216cf147080 WatcherThread [stack: 0x0000002138200000,0x0000002138300000] [id=35692]
  0x00000216e6bdf240 GCTaskThread "GC Thread#0" [stack: 0x0000002137200000,0x0000002137300000] [id=32296]
  0x00000216cf94e180 GCTaskThread "GC Thread#1" [stack: 0x0000002138600000,0x0000002138700000] [id=8700]
  0x00000216cf18f070 GCTaskThread "GC Thread#2" [stack: 0x0000002138700000,0x0000002138800000] [id=31424]
  0x00000216cfa89d80 GCTaskThread "GC Thread#3" [stack: 0x0000002138800000,0x0000002138900000] [id=16136]
  0x00000216cfd362b0 GCTaskThread "GC Thread#4" [stack: 0x0000002138900000,0x0000002138a00000] [id=22672]
  0x00000216cfaa4660 GCTaskThread "GC Thread#5" [stack: 0x0000002138a00000,0x0000002138b00000] [id=2508]
  0x00000216cfaa4d90 GCTaskThread "GC Thread#6" [stack: 0x0000002138b00000,0x0000002138c00000] [id=21472]
  0x00000216cfafe6b0 GCTaskThread "GC Thread#7" [stack: 0x0000002138c00000,0x0000002138d00000] [id=34308]
  0x00000216e6befba0 ConcurrentGCThread "G1 Main Marker" [stack: 0x0000002137300000,0x0000002137400000] [id=30084]
  0x00000216e6bf14d0 ConcurrentGCThread "G1 Conc#0" [stack: 0x0000002137400000,0x0000002137500000] [id=33932]
  0x00000216e6c3ec70 ConcurrentGCThread "G1 Refine#0" [stack: 0x0000002137500000,0x0000002137600000] [id=33012]
  0x00000216ff7fd960 ConcurrentGCThread "G1 Service" [stack: 0x0000002137600000,0x0000002137700000] [id=33660]

Threads with active compile tasks:
C2 CompilerThread0     3142 3803   !   4       org.codehaus.plexus.interpolation.StringSearchInterpolator::interpolate (692 bytes)
C1 CompilerThread0     3142 3847       3       org.codehaus.plexus.util.xml.Xpp3Dom::getChildrenAsList (88 bytes)
C2 CompilerThread1     3142 3798   !   4       org.apache.maven.model.Plugin::clone (204 bytes)

VM state: not at safepoint (normal execution)

VM Mutex/Monitor currently owned by a thread: None

Heap address: 0x0000000704e00000, size: 4018 MB, Compressed Oops mode: Zero based, Oop shift amount: 3

CDS archive(s) mapped at: [0x000002168a000000-0x000002168abd0000-0x000002168abd0000), size 12386304, SharedBaseAddress: 0x000002168a000000, ArchiveRelocationMode: 1.
Compressed class space mapped at: 0x000002168b000000-0x00000216cb000000, reserved size: 1073741824
Narrow klass base: 0x000002168a000000, Narrow klass shift: 0, Narrow klass range: 0x100000000

GC Precious Log:
 CPUs: 8 total, 8 available
 Memory: 16064M
 Large Page Support: Disabled
 NUMA Support: Disabled
 Compressed Oops: Enabled (Zero based)
 Heap Region Size: 2M
 Heap Min Capacity: 8M
 Heap Initial Capacity: 252M
 Heap Max Capacity: 4018M
 Pre-touch: Disabled
 Parallel Workers: 8
 Concurrent Workers: 2
 Concurrent Refinement Workers: 8
 Periodic GC: Disabled

Heap:
 garbage-first heap   total 258048K, used 87033K [0x0000000704e00000, 0x0000000800000000)
  region size 2048K, 42 young (86016K), 1 survivors (2048K)
 Metaspace       used 15738K, committed 16000K, reserved 1114112K
  class space    used 1865K, committed 1984K, reserved 1048576K

Heap Regions: E=young(eden), S=young(survivor), O=old, HS=humongous(starts), HC=humongous(continues), CS=collection set, F=free, OA=open archive, CA=closed archive, TAMS=top-at-mark-start (previous, next)
|   0|0x0000000704e00000, 0x0000000705000000, 0x0000000705000000|100%| O|  |TAMS 0x0000000704e00000, 0x0000000704e00000| Untracked 
|   1|0x0000000705000000, 0x0000000705169e00, 0x0000000705200000| 70%| O|  |TAMS 0x0000000705000000, 0x0000000705000000| Untracked 
|   2|0x0000000705200000, 0x0000000705200000, 0x0000000705400000|  0%| F|  |TAMS 0x0000000705200000, 0x0000000705200000| Untracked 
|   3|0x0000000705400000, 0x0000000705400000, 0x0000000705600000|  0%| F|  |TAMS 0x0000000705400000, 0x0000000705400000| Untracked 
|   4|0x0000000705600000, 0x0000000705600000, 0x0000000705800000|  0%| F|  |TAMS 0x0000000705600000, 0x0000000705600000| Untracked 
|   5|0x0000000705800000, 0x0000000705800000, 0x0000000705a00000|  0%| F|  |TAMS 0x0000000705800000, 0x0000000705800000| Untracked 
|   6|0x0000000705a00000, 0x0000000705a00000, 0x0000000705c00000|  0%| F|  |TAMS 0x0000000705a00000, 0x0000000705a00000| Untracked 
|   7|0x0000000705c00000, 0x0000000705c00000, 0x0000000705e00000|  0%| F|  |TAMS 0x0000000705c00000, 0x0000000705c00000| Untracked 
|   8|0x0000000705e00000, 0x0000000705e00000, 0x0000000706000000|  0%| F|  |TAMS 0x0000000705e00000, 0x0000000705e00000| Untracked 
|   9|0x0000000706000000, 0x0000000706000000, 0x0000000706200000|  0%| F|  |TAMS 0x0000000706000000, 0x0000000706000000| Untracked 
|  10|0x0000000706200000, 0x0000000706200000, 0x0000000706400000|  0%| F|  |TAMS 0x0000000706200000, 0x0000000706200000| Untracked 
|  11|0x0000000706400000, 0x0000000706400000, 0x0000000706600000|  0%| F|  |TAMS 0x0000000706400000, 0x0000000706400000| Untracked 
|  12|0x0000000706600000, 0x0000000706600000, 0x0000000706800000|  0%| F|  |TAMS 0x0000000706600000, 0x0000000706600000| Untracked 
|  13|0x0000000706800000, 0x0000000706800000, 0x0000000706a00000|  0%| F|  |TAMS 0x0000000706800000, 0x0000000706800000| Untracked 
|  14|0x0000000706a00000, 0x0000000706a00000, 0x0000000706c00000|  0%| F|  |TAMS 0x0000000706a00000, 0x0000000706a00000| Untracked 
|  15|0x0000000706c00000, 0x0000000706c00000, 0x0000000706e00000|  0%| F|  |TAMS 0x0000000706c00000, 0x0000000706c00000| Untracked 
|  16|0x0000000706e00000, 0x0000000706e00000, 0x0000000707000000|  0%| F|  |TAMS 0x0000000706e00000, 0x0000000706e00000| Untracked 
|  17|0x0000000707000000, 0x0000000707000000, 0x0000000707200000|  0%| F|  |TAMS 0x0000000707000000, 0x0000000707000000| Untracked 
|  18|0x0000000707200000, 0x0000000707200000, 0x0000000707400000|  0%| F|  |TAMS 0x0000000707200000, 0x0000000707200000| Untracked 
|  19|0x0000000707400000, 0x0000000707400000, 0x0000000707600000|  0%| F|  |TAMS 0x0000000707400000, 0x0000000707400000| Untracked 
|  20|0x0000000707600000, 0x0000000707600000, 0x0000000707800000|  0%| F|  |TAMS 0x0000000707600000, 0x0000000707600000| Untracked 
|  21|0x0000000707800000, 0x0000000707800000, 0x0000000707a00000|  0%| F|  |TAMS 0x0000000707800000, 0x0000000707800000| Untracked 
|  22|0x0000000707a00000, 0x0000000707a00000, 0x0000000707c00000|  0%| F|  |TAMS 0x0000000707a00000, 0x0000000707a00000| Untracked 
|  23|0x0000000707c00000, 0x0000000707c00000, 0x0000000707e00000|  0%| F|  |TAMS 0x0000000707c00000, 0x0000000707c00000| Untracked 
|  24|0x0000000707e00000, 0x0000000707e00000, 0x0000000708000000|  0%| F|  |TAMS 0x0000000707e00000, 0x0000000707e00000| Untracked 
|  25|0x0000000708000000, 0x0000000708000000, 0x0000000708200000|  0%| F|  |TAMS 0x0000000708000000, 0x0000000708000000| Untracked 
|  26|0x0000000708200000, 0x0000000708200000, 0x0000000708400000|  0%| F|  |TAMS 0x0000000708200000, 0x0000000708200000| Untracked 
|  27|0x0000000708400000, 0x0000000708400000, 0x0000000708600000|  0%| F|  |TAMS 0x0000000708400000, 0x0000000708400000| Untracked 
|  28|0x0000000708600000, 0x0000000708600000, 0x0000000708800000|  0%| F|  |TAMS 0x0000000708600000, 0x0000000708600000| Untracked 
|  29|0x0000000708800000, 0x0000000708800000, 0x0000000708a00000|  0%| F|  |TAMS 0x0000000708800000, 0x0000000708800000| Untracked 
|  30|0x0000000708a00000, 0x0000000708a00000, 0x0000000708c00000|  0%| F|  |TAMS 0x0000000708a00000, 0x0000000708a00000| Untracked 
|  31|0x0000000708c00000, 0x0000000708c00000, 0x0000000708e00000|  0%| F|  |TAMS 0x0000000708c00000, 0x0000000708c00000| Untracked 
|  32|0x0000000708e00000, 0x0000000708e00000, 0x0000000709000000|  0%| F|  |TAMS 0x0000000708e00000, 0x0000000708e00000| Untracked 
|  33|0x0000000709000000, 0x0000000709000000, 0x0000000709200000|  0%| F|  |TAMS 0x0000000709000000, 0x0000000709000000| Untracked 
|  34|0x0000000709200000, 0x0000000709200000, 0x0000000709400000|  0%| F|  |TAMS 0x0000000709200000, 0x0000000709200000| Untracked 
|  35|0x0000000709400000, 0x0000000709400000, 0x0000000709600000|  0%| F|  |TAMS 0x0000000709400000, 0x0000000709400000| Untracked 
|  36|0x0000000709600000, 0x0000000709600000, 0x0000000709800000|  0%| F|  |TAMS 0x0000000709600000, 0x0000000709600000| Untracked 
|  37|0x0000000709800000, 0x0000000709800000, 0x0000000709a00000|  0%| F|  |TAMS 0x0000000709800000, 0x0000000709800000| Untracked 
|  38|0x0000000709a00000, 0x0000000709a00000, 0x0000000709c00000|  0%| F|  |TAMS 0x0000000709a00000, 0x0000000709a00000| Untracked 
|  39|0x0000000709c00000, 0x0000000709c00000, 0x0000000709e00000|  0%| F|  |TAMS 0x0000000709c00000, 0x0000000709c00000| Untracked 
|  40|0x0000000709e00000, 0x0000000709e00000, 0x000000070a000000|  0%| F|  |TAMS 0x0000000709e00000, 0x0000000709e00000| Untracked 
|  41|0x000000070a000000, 0x000000070a000000, 0x000000070a200000|  0%| F|  |TAMS 0x000000070a000000, 0x000000070a000000| Untracked 
|  42|0x000000070a200000, 0x000000070a200000, 0x000000070a400000|  0%| F|  |TAMS 0x000000070a200000, 0x000000070a200000| Untracked 
|  43|0x000000070a400000, 0x000000070a400000, 0x000000070a600000|  0%| F|  |TAMS 0x000000070a400000, 0x000000070a400000| Untracked 
|  44|0x000000070a600000, 0x000000070a600000, 0x000000070a800000|  0%| F|  |TAMS 0x000000070a600000, 0x000000070a600000| Untracked 
|  45|0x000000070a800000, 0x000000070a800000, 0x000000070aa00000|  0%| F|  |TAMS 0x000000070a800000, 0x000000070a800000| Untracked 
|  46|0x000000070aa00000, 0x000000070aa00000, 0x000000070ac00000|  0%| F|  |TAMS 0x000000070aa00000, 0x000000070aa00000| Untracked 
|  47|0x000000070ac00000, 0x000000070ac00000, 0x000000070ae00000|  0%| F|  |TAMS 0x000000070ac00000, 0x000000070ac00000| Untracked 
|  48|0x000000070ae00000, 0x000000070ae00000, 0x000000070b000000|  0%| F|  |TAMS 0x000000070ae00000, 0x000000070ae00000| Untracked 
|  49|0x000000070b000000, 0x000000070b000000, 0x000000070b200000|  0%| F|  |TAMS 0x000000070b000000, 0x000000070b000000| Untracked 
|  50|0x000000070b200000, 0x000000070b200000, 0x000000070b400000|  0%| F|  |TAMS 0x000000070b200000, 0x000000070b200000| Untracked 
|  51|0x000000070b400000, 0x000000070b400000, 0x000000070b600000|  0%| F|  |TAMS 0x000000070b400000, 0x000000070b400000| Untracked 
|  52|0x000000070b600000, 0x000000070b600000, 0x000000070b800000|  0%| F|  |TAMS 0x000000070b600000, 0x000000070b600000| Untracked 
|  53|0x000000070b800000, 0x000000070b800000, 0x000000070ba00000|  0%| F|  |TAMS 0x000000070b800000, 0x000000070b800000| Untracked 
|  54|0x000000070ba00000, 0x000000070ba00000, 0x000000070bc00000|  0%| F|  |TAMS 0x000000070ba00000, 0x000000070ba00000| Untracked 
|  55|0x000000070bc00000, 0x000000070bc00000, 0x000000070be00000|  0%| F|  |TAMS 0x000000070bc00000, 0x000000070bc00000| Untracked 
|  56|0x000000070be00000, 0x000000070be00000, 0x000000070c000000|  0%| F|  |TAMS 0x000000070be00000, 0x000000070be00000| Untracked 
|  57|0x000000070c000000, 0x000000070c000000, 0x000000070c200000|  0%| F|  |TAMS 0x000000070c000000, 0x000000070c000000| Untracked 
|  58|0x000000070c200000, 0x000000070c200000, 0x000000070c400000|  0%| F|  |TAMS 0x000000070c200000, 0x000000070c200000| Untracked 
|  59|0x000000070c400000, 0x000000070c400000, 0x000000070c600000|  0%| F|  |TAMS 0x000000070c400000, 0x000000070c400000| Untracked 
|  60|0x000000070c600000, 0x000000070c600000, 0x000000070c800000|  0%| F|  |TAMS 0x000000070c600000, 0x000000070c600000| Untracked 
|  61|0x000000070c800000, 0x000000070c800000, 0x000000070ca00000|  0%| F|  |TAMS 0x000000070c800000, 0x000000070c800000| Untracked 
|  62|0x000000070ca00000, 0x000000070ca00000, 0x000000070cc00000|  0%| F|  |TAMS 0x000000070ca00000, 0x000000070ca00000| Untracked 
|  63|0x000000070cc00000, 0x000000070cc00000, 0x000000070ce00000|  0%| F|  |TAMS 0x000000070cc00000, 0x000000070cc00000| Untracked 
|  64|0x000000070ce00000, 0x000000070ce00000, 0x000000070d000000|  0%| F|  |TAMS 0x000000070ce00000, 0x000000070ce00000| Untracked 
|  65|0x000000070d000000, 0x000000070d000000, 0x000000070d200000|  0%| F|  |TAMS 0x000000070d000000, 0x000000070d000000| Untracked 
|  66|0x000000070d200000, 0x000000070d200000, 0x000000070d400000|  0%| F|  |TAMS 0x000000070d200000, 0x000000070d200000| Untracked 
|  67|0x000000070d400000, 0x000000070d400000, 0x000000070d600000|  0%| F|  |TAMS 0x000000070d400000, 0x000000070d400000| Untracked 
|  68|0x000000070d600000, 0x000000070d600000, 0x000000070d800000|  0%| F|  |TAMS 0x000000070d600000, 0x000000070d600000| Untracked 
|  69|0x000000070d800000, 0x000000070d800000, 0x000000070da00000|  0%| F|  |TAMS 0x000000070d800000, 0x000000070d800000| Untracked 
|  70|0x000000070da00000, 0x000000070da00000, 0x000000070dc00000|  0%| F|  |TAMS 0x000000070da00000, 0x000000070da00000| Untracked 
|  71|0x000000070dc00000, 0x000000070dc00000, 0x000000070de00000|  0%| F|  |TAMS 0x000000070dc00000, 0x000000070dc00000| Untracked 
|  72|0x000000070de00000, 0x000000070de00000, 0x000000070e000000|  0%| F|  |TAMS 0x000000070de00000, 0x000000070de00000| Untracked 
|  73|0x000000070e000000, 0x000000070e000000, 0x000000070e200000|  0%| F|  |TAMS 0x000000070e000000, 0x000000070e000000| Untracked 
|  74|0x000000070e200000, 0x000000070e200000, 0x000000070e400000|  0%| F|  |TAMS 0x000000070e200000, 0x000000070e200000| Untracked 
|  75|0x000000070e400000, 0x000000070e400000, 0x000000070e600000|  0%| F|  |TAMS 0x000000070e400000, 0x000000070e400000| Untracked 
|  76|0x000000070e600000, 0x000000070e600000, 0x000000070e800000|  0%| F|  |TAMS 0x000000070e600000, 0x000000070e600000| Untracked 
|  77|0x000000070e800000, 0x000000070e800000, 0x000000070ea00000|  0%| F|  |TAMS 0x000000070e800000, 0x000000070e800000| Untracked 
|  78|0x000000070ea00000, 0x000000070ea00000, 0x000000070ec00000|  0%| F|  |TAMS 0x000000070ea00000, 0x000000070ea00000| Untracked 
|  79|0x000000070ec00000, 0x000000070ec00000, 0x000000070ee00000|  0%| F|  |TAMS 0x000000070ec00000, 0x000000070ec00000| Untracked 
|  80|0x000000070ee00000, 0x000000070ee00000, 0x000000070f000000|  0%| F|  |TAMS 0x000000070ee00000, 0x000000070ee00000| Untracked 
|  81|0x000000070f000000, 0x000000070f000000, 0x000000070f200000|  0%| F|  |TAMS 0x000000070f000000, 0x000000070f000000| Untracked 
|  82|0x000000070f200000, 0x000000070f200000, 0x000000070f400000|  0%| F|  |TAMS 0x000000070f200000, 0x000000070f200000| Untracked 
|  83|0x000000070f400000, 0x000000070f400000, 0x000000070f600000|  0%| F|  |TAMS 0x000000070f400000, 0x000000070f400000| Untracked 
|  84|0x000000070f600000, 0x000000070f800000, 0x000000070f800000|100%| E|  |TAMS 0x000000070f600000, 0x000000070f600000| Complete 
|  85|0x000000070f800000, 0x000000070fa00000, 0x000000070fa00000|100%| E|CS|TAMS 0x000000070f800000, 0x000000070f800000| Complete 
|  86|0x000000070fa00000, 0x000000070fc00000, 0x000000070fc00000|100%| E|CS|TAMS 0x000000070fa00000, 0x000000070fa00000| Complete 
|  87|0x000000070fc00000, 0x000000070fe00000, 0x000000070fe00000|100%| E|CS|TAMS 0x000000070fc00000, 0x000000070fc00000| Complete 
|  88|0x000000070fe00000, 0x0000000710000000, 0x0000000710000000|100%| E|CS|TAMS 0x000000070fe00000, 0x000000070fe00000| Complete 
|  89|0x0000000710000000, 0x0000000710200000, 0x0000000710200000|100%| E|CS|TAMS 0x0000000710000000, 0x0000000710000000| Complete 
|  90|0x0000000710200000, 0x0000000710400000, 0x0000000710400000|100%| E|CS|TAMS 0x0000000710200000, 0x0000000710200000| Complete 
|  91|0x0000000710400000, 0x0000000710600000, 0x0000000710600000|100%| E|CS|TAMS 0x0000000710400000, 0x0000000710400000| Complete 
|  92|0x0000000710600000, 0x0000000710800000, 0x0000000710800000|100%| E|CS|TAMS 0x0000000710600000, 0x0000000710600000| Complete 
|  93|0x0000000710800000, 0x0000000710a00000, 0x0000000710a00000|100%| E|CS|TAMS 0x0000000710800000, 0x0000000710800000| Complete 
|  94|0x0000000710a00000, 0x0000000710c00000, 0x0000000710c00000|100%| E|CS|TAMS 0x0000000710a00000, 0x0000000710a00000| Complete 
|  95|0x0000000710c00000, 0x0000000710e00000, 0x0000000710e00000|100%| E|CS|TAMS 0x0000000710c00000, 0x0000000710c00000| Complete 
|  96|0x0000000710e00000, 0x0000000711000000, 0x0000000711000000|100%| E|CS|TAMS 0x0000000710e00000, 0x0000000710e00000| Complete 
|  97|0x0000000711000000, 0x0000000711200000, 0x0000000711200000|100%| E|CS|TAMS 0x0000000711000000, 0x0000000711000000| Complete 
|  98|0x0000000711200000, 0x0000000711400000, 0x0000000711400000|100%| E|CS|TAMS 0x0000000711200000, 0x0000000711200000| Complete 
|  99|0x0000000711400000, 0x0000000711600000, 0x0000000711600000|100%| E|CS|TAMS 0x0000000711400000, 0x0000000711400000| Complete 
| 100|0x0000000711600000, 0x0000000711800000, 0x0000000711800000|100%| E|CS|TAMS 0x0000000711600000, 0x0000000711600000| Complete 
| 101|0x0000000711800000, 0x0000000711a00000, 0x0000000711a00000|100%| E|CS|TAMS 0x0000000711800000, 0x0000000711800000| Complete 
| 102|0x0000000711a00000, 0x0000000711c00000, 0x0000000711c00000|100%| E|CS|TAMS 0x0000000711a00000, 0x0000000711a00000| Complete 
| 103|0x0000000711c00000, 0x0000000711e00000, 0x0000000711e00000|100%| E|CS|TAMS 0x0000000711c00000, 0x0000000711c00000| Complete 
| 104|0x0000000711e00000, 0x0000000712000000, 0x0000000712000000|100%| E|CS|TAMS 0x0000000711e00000, 0x0000000711e00000| Complete 
| 105|0x0000000712000000, 0x0000000712200000, 0x0000000712200000|100%| E|CS|TAMS 0x0000000712000000, 0x0000000712000000| Complete 
| 106|0x0000000712200000, 0x0000000712400000, 0x0000000712400000|100%| E|CS|TAMS 0x0000000712200000, 0x0000000712200000| Complete 
| 107|0x0000000712400000, 0x0000000712600000, 0x0000000712600000|100%| E|CS|TAMS 0x0000000712400000, 0x0000000712400000| Complete 
| 108|0x0000000712600000, 0x00000007127949d0, 0x0000000712800000| 79%| S|CS|TAMS 0x0000000712600000, 0x0000000712600000| Complete 
| 109|0x0000000712800000, 0x0000000712a00000, 0x0000000712a00000|100%| E|CS|TAMS 0x0000000712800000, 0x0000000712800000| Complete 
| 110|0x0000000712a00000, 0x0000000712c00000, 0x0000000712c00000|100%| E|CS|TAMS 0x0000000712a00000, 0x0000000712a00000| Complete 
| 111|0x0000000712c00000, 0x0000000712e00000, 0x0000000712e00000|100%| E|CS|TAMS 0x0000000712c00000, 0x0000000712c00000| Complete 
| 112|0x0000000712e00000, 0x0000000713000000, 0x0000000713000000|100%| E|CS|TAMS 0x0000000712e00000, 0x0000000712e00000| Complete 
| 113|0x0000000713000000, 0x0000000713200000, 0x0000000713200000|100%| E|CS|TAMS 0x0000000713000000, 0x0000000713000000| Complete 
| 114|0x0000000713200000, 0x0000000713400000, 0x0000000713400000|100%| E|CS|TAMS 0x0000000713200000, 0x0000000713200000| Complete 
| 115|0x0000000713400000, 0x0000000713600000, 0x0000000713600000|100%| E|CS|TAMS 0x0000000713400000, 0x0000000713400000| Complete 
| 116|0x0000000713600000, 0x0000000713800000, 0x0000000713800000|100%| E|CS|TAMS 0x0000000713600000, 0x0000000713600000| Complete 
| 117|0x0000000713800000, 0x0000000713a00000, 0x0000000713a00000|100%| E|CS|TAMS 0x0000000713800000, 0x0000000713800000| Complete 
| 118|0x0000000713a00000, 0x0000000713c00000, 0x0000000713c00000|100%| E|CS|TAMS 0x0000000713a00000, 0x0000000713a00000| Complete 
| 119|0x0000000713c00000, 0x0000000713e00000, 0x0000000713e00000|100%| E|CS|TAMS 0x0000000713c00000, 0x0000000713c00000| Complete 
| 120|0x0000000713e00000, 0x0000000714000000, 0x0000000714000000|100%| E|CS|TAMS 0x0000000713e00000, 0x0000000713e00000| Complete 
| 121|0x0000000714000000, 0x0000000714200000, 0x0000000714200000|100%| E|CS|TAMS 0x0000000714000000, 0x0000000714000000| Complete 
| 122|0x0000000714200000, 0x0000000714400000, 0x0000000714400000|100%| E|CS|TAMS 0x0000000714200000, 0x0000000714200000| Complete 
| 123|0x0000000714400000, 0x0000000714600000, 0x0000000714600000|100%| E|CS|TAMS 0x0000000714400000, 0x0000000714400000| Complete 
| 124|0x0000000714600000, 0x0000000714800000, 0x0000000714800000|100%| E|CS|TAMS 0x0000000714600000, 0x0000000714600000| Complete 
| 125|0x0000000714800000, 0x0000000714a00000, 0x0000000714a00000|100%| E|CS|TAMS 0x0000000714800000, 0x0000000714800000| Complete 

Card table byte_map: [0x00000216fdf20000,0x00000216fe700000] _byte_map_base: 0x00000216fa6f9000

Marking Bits (Prev, Next): (CMBitMap*) 0x00000216e6bdf760, (CMBitMap*) 0x00000216e6bdf7a0
 Prev Bits: [0x0000021680000000, 0x0000021683ec8000)
 Next Bits: [0x0000021683ed0000, 0x0000021687d98000)

Polling page: 0x00000216e49f0000

Metaspace:

Usage:
  Non-class:     13.55 MB used.
      Class:      1.82 MB used.
       Both:     15.37 MB used.

Virtual space:
  Non-class space:       64.00 MB reserved,      13.69 MB ( 21%) committed,  1 nodes.
      Class space:        1.00 GB reserved,       1.94 MB ( <1%) committed,  1 nodes.
             Both:        1.06 GB reserved,      15.62 MB (  1%) committed. 

Chunk freelists:
   Non-Class:  1.83 MB
       Class:  13.93 MB
        Both:  15.76 MB

MaxMetaspaceSize: unlimited
CompressedClassSpaceSize: 1.00 GB
Initial GC threshold: 21.00 MB
Current GC threshold: 21.00 MB
CDS: on
MetaspaceReclaimPolicy: balanced
 - commit_granule_bytes: 65536.
 - commit_granule_words: 8192.
 - virtual_space_node_default_size: 8388608.
 - enlarge_chunks_in_place: 1.
 - new_chunks_are_fully_committed: 0.
 - uncommit_free_chunks: 1.
 - use_allocation_guard: 0.
 - handle_deallocations: 1.


Internal statistics:

num_allocs_failed_limit: 0.
num_arena_births: 92.
num_arena_deaths: 0.
num_vsnodes_births: 2.
num_vsnodes_deaths: 0.
num_space_committed: 250.
num_space_uncommitted: 0.
num_chunks_returned_to_freelist: 0.
num_chunks_taken_from_freelist: 641.
num_chunk_merges: 0.
num_chunk_splits: 435.
num_chunks_enlarged: 349.
num_purges: 0.
num_inconsistent_stats: 0.

CodeHeap 'non-profiled nmethods': size=120000Kb used=1881Kb max_used=1881Kb free=118118Kb
 bounds [0x00000216f5ee0000, 0x00000216f6150000, 0x00000216fd410000]
CodeHeap 'profiled nmethods': size=120000Kb used=8024Kb max_used=8024Kb free=111975Kb
 bounds [0x00000216ee410000, 0x00000216eebf0000, 0x00000216f5940000]
CodeHeap 'non-nmethods': size=5760Kb used=1187Kb max_used=1238Kb free=4572Kb
 bounds [0x00000216f5940000, 0x00000216f5bb0000, 0x00000216f5ee0000]
 total_blobs=4311 nmethods=3844 adapters=379
 compilation: enabled
              stopped_count=0, restarted_count=0
 full_count=0

Compilation events (20 events):
Event: 2.103 Thread 0x00000216cf010d70 nmethod 3834 0x00000216f60b5c10 code [0x00000216f60b5da0, 0x00000216f60b5e78]
Event: 2.103 Thread 0x00000216cf010d70 3836   !   3       java.io.BufferedWriter::write (117 bytes)
Event: 2.104 Thread 0x00000216cf010d70 nmethod 3836 0x00000216eebdd910 code [0x00000216eebddb00, 0x00000216eebde108]
Event: 2.104 Thread 0x00000216cf010d70 3835       3       java.io.Writer::write (11 bytes)
Event: 2.104 Thread 0x00000216cf010d70 nmethod 3835 0x00000216eebde490 code [0x00000216eebde640, 0x00000216eebde928]
Event: 2.104 Thread 0x00000216cf010d70 3837       3       java.io.BufferedWriter::min (9 bytes)
Event: 2.104 Thread 0x00000216cf010d70 nmethod 3837 0x00000216eebdea90 code [0x00000216eebdec20, 0x00000216eebded98]
Event: 2.104 Thread 0x00000216cf010d70 3838   !   3       java.io.BufferedWriter::flushBuffer (53 bytes)
Event: 2.104 Thread 0x00000216cf010d70 nmethod 3838 0x00000216eebdee10 code [0x00000216eebdf000, 0x00000216eebdf4f8]
Event: 2.104 Thread 0x00000216cf010d70 3839       3       java.io.OutputStreamWriter::write (11 bytes)
Event: 2.104 Thread 0x00000216cf010d70 nmethod 3839 0x00000216eebdf710 code [0x00000216eebdf8c0, 0x00000216eebdfa28]
Event: 2.104 Thread 0x00000216cf010d70 3840       3       java.io.OutputStreamWriter::flushBuffer (8 bytes)
Event: 2.104 Thread 0x00000216cf010d70 nmethod 3840 0x00000216eebdfb10 code [0x00000216eebdfcc0, 0x00000216eebdfe28]
Event: 2.106 Thread 0x00000216cf010d70 3841       3       java.util.EnumSet::noneOf (63 bytes)
Event: 2.106 Thread 0x00000216cf010d70 nmethod 3841 0x00000216eebdff10 code [0x00000216eebe01e0, 0x00000216eebe1068]
Event: 2.106 Thread 0x00000216cf010d70 3842       3       java.util.EnumSet::getUniverse (10 bytes)
Event: 2.107 Thread 0x00000216cf010d70 nmethod 3842 0x00000216eebe1590 code [0x00000216eebe1760, 0x00000216eebe1a88]
Event: 2.112 Thread 0x00000216cf010d70 3844       3       org.apache.maven.model.interpolation.StringVisitorModelInterpolator$ModelVisitor::visit (107 bytes)
Event: 2.113 Thread 0x00000216cf010d70 nmethod 3844 0x00000216eebe1c10 code [0x00000216eebe1e40, 0x00000216eebe2ab8]
Event: 2.124 Thread 0x00000216cf010d70 3845   !   3       org.apache.maven.model.Scm::clone (73 bytes)

GC Heap History (4 events):
Event: 0.472 GC heap before
{Heap before GC invocations=0 (full 0):
 garbage-first heap   total 258048K, used 22528K [0x0000000704e00000, 0x0000000800000000)
  region size 2048K, 11 young (22528K), 0 survivors (0K)
 Metaspace       used 5387K, committed 5568K, reserved 1114112K
  class space    used 648K, committed 768K, reserved 1048576K
}
Event: 0.476 GC heap after
{Heap after GC invocations=1 (full 0):
 garbage-first heap   total 258048K, used 3584K [0x0000000704e00000, 0x0000000800000000)
  region size 2048K, 2 young (4096K), 2 survivors (4096K)
 Metaspace       used 5387K, committed 5568K, reserved 1114112K
  class space    used 648K, committed 768K, reserved 1048576K
}
Event: 0.787 GC heap before
{Heap before GC invocations=1 (full 0):
 garbage-first heap   total 258048K, used 34304K [0x0000000704e00000, 0x0000000800000000)
  region size 2048K, 17 young (34816K), 2 survivors (4096K)
 Metaspace       used 8654K, committed 8832K, reserved 1114112K
  class space    used 1045K, committed 1152K, reserved 1048576K
}
Event: 0.791 GC heap after
{Heap after GC invocations=2 (full 0):
 garbage-first heap   total 258048K, used 5113K [0x0000000704e00000, 0x0000000800000000)
  region size 2048K, 1 young (2048K), 1 survivors (2048K)
 Metaspace       used 8654K, committed 8832K, reserved 1114112K
  class space    used 1045K, committed 1152K, reserved 1048576K
}

Deoptimization events (20 events):
Event: 1.678 Thread 0x00000216e6b727f0 DEOPT UNPACKING pc=0x00000216f5995ba3 sp=0x00000021371fc230 mode 2
Event: 1.703 Thread 0x00000216e6b727f0 Uncommon trap: trap_request=0xffffff45 fr.pc=0x00000216f6052144 relative=0x00000000000000a4
Event: 1.703 Thread 0x00000216e6b727f0 Uncommon trap: reason=unstable_if action=reinterpret pc=0x00000216f6052144 method=org.apache.maven.model.io.xpp3.MavenXpp3Reader.nextTag(Lorg/codehaus/plexus/util/xml/pull/XmlPullParser;)I @ 9 c2
Event: 1.703 Thread 0x00000216e6b727f0 DEOPT PACKING pc=0x00000216f6052144 sp=0x00000021371fc0a0
Event: 1.703 Thread 0x00000216e6b727f0 DEOPT UNPACKING pc=0x00000216f5995ba3 sp=0x00000021371fc030 mode 2
Event: 1.837 Thread 0x00000216e6b727f0 Uncommon trap: trap_request=0xffffffcc fr.pc=0x00000216f6084f94 relative=0x00000000000001f4
Event: 1.837 Thread 0x00000216e6b727f0 Uncommon trap: reason=intrinsic_or_type_checked_inlining action=make_not_entrant pc=0x00000216f6084f94 method=java.util.Arrays.copyOf([Ljava/lang/Object;ILjava/lang/Class;)[Ljava/lang/Object; @ 35 c2
Event: 1.837 Thread 0x00000216e6b727f0 DEOPT PACKING pc=0x00000216f6084f94 sp=0x00000021371fc730
Event: 1.838 Thread 0x00000216e6b727f0 DEOPT UNPACKING pc=0x00000216f5995ba3 sp=0x00000021371fc6c0 mode 2
Event: 1.853 Thread 0x00000216e6b727f0 DEOPT PACKING pc=0x00000216ee914b0c sp=0x00000021371fc120
Event: 1.853 Thread 0x00000216e6b727f0 DEOPT UNPACKING pc=0x00000216f59966e3 sp=0x00000021371fb678 mode 0
Event: 2.016 Thread 0x00000216e6b727f0 Uncommon trap: trap_request=0xffffffc6 fr.pc=0x00000216f6036b44 relative=0x00000000000004e4
Event: 2.016 Thread 0x00000216e6b727f0 Uncommon trap: reason=bimorphic_or_optimized_type_check action=maybe_recompile pc=0x00000216f6036b44 method=java.util.regex.Pattern$Slice.match(Ljava/util/regex/Matcher;ILjava/lang/CharSequence;)Z @ 75 c2
Event: 2.016 Thread 0x00000216e6b727f0 DEOPT PACKING pc=0x00000216f6036b44 sp=0x00000021371fc3d0
Event: 2.016 Thread 0x00000216e6b727f0 DEOPT UNPACKING pc=0x00000216f5995ba3 sp=0x00000021371fc360 mode 2
Event: 2.016 Thread 0x00000216e6b727f0 Uncommon trap: trap_request=0xffffffc6 fr.pc=0x00000216f6036b44 relative=0x00000000000004e4
Event: 2.016 Thread 0x00000216e6b727f0 Uncommon trap: reason=bimorphic_or_optimized_type_check action=maybe_recompile pc=0x00000216f6036b44 method=java.util.regex.Pattern$Slice.match(Ljava/util/regex/Matcher;ILjava/lang/CharSequence;)Z @ 75 c2
Event: 2.016 Thread 0x00000216e6b727f0 DEOPT PACKING pc=0x00000216f6036b44 sp=0x00000021371fc3d0
Event: 2.016 Thread 0x00000216e6b727f0 DEOPT UNPACKING pc=0x00000216f5995ba3 sp=0x00000021371fc360 mode 2
Event: 2.124 Thread 0x00000216e6b727f0 Uncommon trap: trap_request=0xffffffc6 fr.pc=0x00000216f6036b44 relative=0x00000000000004e4

Classes unloaded (0 events):
No events

Classes redefined (0 events):
No events

Internal exceptions (20 events):
Event: 0.365 Thread 0x00000216e6b727f0 Exception <a 'java/lang/NoSuchMethodError'{0x0000000713b96e40}: 'java.lang.Object java.lang.invoke.DirectMethodHandle$Holder.invokeInterface(java.lang.Object, java.lang.Object)'> (0x0000000713b96e40) 
thrown [s\open\src\hotspot\share\interpreter\linkResolver.cpp, line 759]
Event: 0.375 Thread 0x00000216e6b727f0 Exception <a 'java/lang/NoSuchMethodError'{0x00000007138489d0}: 'java.lang.Object java.lang.invoke.Invokers$Holder.invokeExact_MT(java.lang.Object, java.lang.Object, java.lang.Object, java.lang.Object, java.lang.Object, java.lang.Object)'> (0x00000007138489d0) 
thrown [s\open\src\hotspot\share\interpreter\linkResolver.cpp, line 759]
Event: 0.377 Thread 0x00000216e6b727f0 Exception <a 'java/lang/NoSuchMethodError'{0x0000000713859e30}: 'int java.lang.invoke.DirectMethodHandle$Holder.invokeSpecialIFC(java.lang.Object, java.lang.Object, java.lang.Object, java.lang.Object, java.lang.Object)'> (0x0000000713859e30) 
thrown [s\open\src\hotspot\share\interpreter\linkResolver.cpp, line 759]
Event: 0.410 Thread 0x00000216e6b727f0 Exception <a 'java/lang/NoSuchMethodError'{0x0000000713613cd8}: 'java.lang.Object java.lang.invoke.DirectMethodHandle$Holder.newInvokeSpecial(java.lang.Object, java.lang.Object, java.lang.Object, java.lang.Object, java.lang.Object)'> (0x0000000713613cd8) 
thrown [s\open\src\hotspot\share\interpreter\linkResolver.cpp, line 759]
Event: 0.434 Thread 0x00000216e6b727f0 Exception <a 'java/lang/NoSuchMethodError'{0x000000071373cd68}: 'int java.lang.invoke.DirectMethodHandle$Holder.invokeStaticInit(java.lang.Object, java.lang.Object)'> (0x000000071373cd68) 
thrown [s\open\src\hotspot\share\interpreter\linkResolver.cpp, line 759]
Event: 0.442 Thread 0x00000216e6b727f0 Exception <a 'java/lang/NoClassDefFoundError'{0x0000000713777130}: javax/enterprise/inject/Typed> (0x0000000713777130) 
thrown [s\open\src\hotspot\share\classfile\systemDictionary.cpp, line 245]
Event: 0.921 Thread 0x00000216e6b727f0 Exception <a 'java/lang/NoSuchMethodError'{0x00000007141ee958}: 'void java.lang.invoke.DirectMethodHandle$Holder.invokeStaticInit(java.lang.Object, java.lang.Object, java.lang.Object)'> (0x00000007141ee958) 
thrown [s\open\src\hotspot\share\interpreter\linkResolver.cpp, line 759]
Event: 0.927 Thread 0x00000216e6b727f0 Exception <a 'java/lang/ExceptionInInitializerError'{0x0000000713e1cfa0}> (0x0000000713e1cfa0) 
thrown [s\open\src\hotspot\share\oops\instanceKlass.cpp, line 1216]
Event: 0.936 Thread 0x00000216e6b727f0 Implicit null exception at 0x00000216f5f59baf to 0x00000216f5f59d10
Event: 0.938 Thread 0x00000216e6b727f0 Exception <a 'java/lang/NoSuchMethodError'{0x0000000713e86308}: 'java.lang.Object java.lang.invoke.Invokers$Holder.invokeExact_MT(java.lang.Object, int, java.lang.Object)'> (0x0000000713e86308) 
thrown [s\open\src\hotspot\share\interpreter\linkResolver.cpp, line 759]
Event: 0.947 Thread 0x00000216e6b727f0 Exception <a 'java/lang/NoSuchMethodError'{0x0000000713ef0578}: 'int java.lang.invoke.DirectMethodHandle$Holder.invokeSpecial(java.lang.Object, java.lang.Object, java.lang.Object, java.lang.Object)'> (0x0000000713ef0578) 
thrown [s\open\src\hotspot\share\interpreter\linkResolver.cpp, line 759]
Event: 1.083 Thread 0x00000216e6b727f0 Exception <a 'java/lang/NoClassDefFoundError'{0x0000000713766c90}: com/google/inject/servlet/ServletModuleTargetVisitor> (0x0000000713766c90) 
thrown [s\open\src\hotspot\share\classfile\systemDictionary.cpp, line 245]
Event: 1.120 Thread 0x00000216e6b727f0 Exception <a 'java/lang/NoSuchMethodError'{0x00000007135f3f98}: 'void java.lang.invoke.DirectMethodHandle$Holder.invokeVirtual(java.lang.Object, java.lang.Object)'> (0x00000007135f3f98) 
thrown [s\open\src\hotspot\share\interpreter\linkResolver.cpp, line 759]
Event: 1.132 Thread 0x00000216e6b727f0 Exception <a 'java/lang/NoSuchMethodError'{0x000000071327be18}: 'java.lang.Object java.lang.invoke.DirectMethodHandle$Holder.invokeStaticInit(java.lang.Object, int, int, int, int)'> (0x000000071327be18) 
thrown [s\open\src\hotspot\share\interpreter\linkResolver.cpp, line 759]
Event: 1.205 Thread 0x00000216e6b727f0 Exception <a 'java/lang/NoSuchMethodError'{0x0000000712c6a7f8}: 'void java.lang.invoke.DirectMethodHandle$Holder.invokeSpecial(java.lang.Object, java.lang.Object, java.lang.Object, java.lang.Object, java.lang.Object)'> (0x0000000712c6a7f8) 
thrown [s\open\src\hotspot\share\interpreter\linkResolver.cpp, line 759]
Event: 1.207 Thread 0x00000216e6b727f0 Exception <a 'java/lang/NoSuchMethodError'{0x0000000712c88998}: 'java.lang.Object java.lang.invoke.DirectMethodHandle$Holder.invokeVirtual(java.lang.Object, java.lang.Object, java.lang.Object)'> (0x0000000712c88998) 
thrown [s\open\src\hotspot\share\interpreter\linkResolver.cpp, line 759]
Event: 1.208 Thread 0x00000216e6b727f0 Exception <a 'java/lang/NoSuchMethodError'{0x0000000712c97c08}: 'void java.lang.invoke.DirectMethodHandle$Holder.invokeSpecial(java.lang.Object, java.lang.Object, java.lang.Object, java.lang.Object, java.lang.Object, java.lang.Object)'> (0x0000000712c97c08) 
thrown [s\open\src\hotspot\share\interpreter\linkResolver.cpp, line 759]
Event: 1.361 Thread 0x00000216e6b727f0 Implicit null exception at 0x00000216f5ff682f to 0x00000216f5ff691c
Event: 1.361 Thread 0x00000216e6b727f0 Implicit null exception at 0x00000216f5f96d6d to 0x00000216f5f96f44
Event: 1.361 Thread 0x00000216e6b727f0 Implicit null exception at 0x00000216f5f621d8 to 0x00000216f5f6226e

VM Operations (20 events):
Event: 0.996 Executing VM operation: HandshakeAllThreads done
Event: 1.072 Executing VM operation: HandshakeAllThreads
Event: 1.072 Executing VM operation: HandshakeAllThreads done
Event: 1.126 Executing VM operation: HandshakeAllThreads
Event: 1.126 Executing VM operation: HandshakeAllThreads done
Event: 1.141 Executing VM operation: HandshakeAllThreads
Event: 1.141 Executing VM operation: HandshakeAllThreads done
Event: 1.186 Executing VM operation: HandshakeAllThreads
Event: 1.186 Executing VM operation: HandshakeAllThreads done
Event: 1.187 Executing VM operation: HandshakeAllThreads
Event: 1.187 Executing VM operation: HandshakeAllThreads done
Event: 1.198 Executing VM operation: ICBufferFull
Event: 1.198 Executing VM operation: ICBufferFull done
Event: 1.421 Executing VM operation: ICBufferFull
Event: 1.421 Executing VM operation: ICBufferFull done
Event: 1.582 Executing VM operation: HandshakeAllThreads
Event: 1.582 Executing VM operation: HandshakeAllThreads done
Event: 1.678 Executing VM operation: ICBufferFull
Event: 1.678 Executing VM operation: ICBufferFull done
Event: 2.692 Executing VM operation: Cleanup

Events (20 events):
Event: 1.263 loading class java/util/AbstractMap$2$1 done
Event: 1.270 loading class java/util/Formatter$FixedString
Event: 1.270 loading class java/util/Formatter$FixedString done
Event: 1.289 loading class java/util/stream/Streams$RangeIntSpliterator
Event: 1.289 loading class java/util/stream/Streams$RangeIntSpliterator done
Event: 1.294 loading class java/util/stream/MatchOps$MatchKind
Event: 1.294 loading class java/util/stream/MatchOps$MatchKind done
Event: 1.294 loading class java/util/stream/MatchOps
Event: 1.294 loading class java/util/stream/MatchOps done
Event: 1.294 loading class java/util/stream/MatchOps$MatchOp
Event: 1.294 loading class java/util/stream/MatchOps$MatchOp done
Event: 1.294 loading class java/util/stream/MatchOps$BooleanTerminalSink
Event: 1.294 loading class java/util/stream/MatchOps$BooleanTerminalSink done
Event: 1.294 loading class java/util/stream/MatchOps$1MatchSink
Event: 1.294 loading class java/util/stream/MatchOps$1MatchSink done
Event: 1.560 loading class sun/nio/cs/ISO_8859_1$Decoder
Event: 1.560 loading class sun/nio/cs/ISO_8859_1$Decoder done
Event: 1.638 loading class java/util/Collections$UnmodifiableList$1
Event: 1.638 loading class java/util/Collections$UnmodifiableList$1 done
Event: 1.820 Thread 0x00000216cfa89870 Thread exited: 0x00000216cfa89870


Dynamic libraries:
0x00007ff73bbd0000 - 0x00007ff73bbe0000 	C:\Program Files\Java\jdk-17\bin\java.exe
0x00007ff88ffa0000 - 0x00007ff890207000 	C:\WINDOWS\SYSTEM32\ntdll.dll
0x00007ff88e6c0000 - 0x00007ff88e789000 	C:\WINDOWS\System32\KERNEL32.DLL
0x00007ff88d340000 - 0x00007ff88d731000 	C:\WINDOWS\System32\KERNELBASE.dll
0x00007ff88d940000 - 0x00007ff88da8b000 	C:\WINDOWS\System32\ucrtbase.dll
0x00007ff860f70000 - 0x00007ff860f89000 	C:\Program Files\Java\jdk-17\bin\jli.dll
0x00007ff86c4b0000 - 0x00007ff86c4cb000 	C:\Program Files\Java\jdk-17\bin\VCRUNTIME140.dll
0x00007ff88dda0000 - 0x00007ff88de5b000 	C:\WINDOWS\System32\ADVAPI32.dll
0x00007ff88e5e0000 - 0x00007ff88e689000 	C:\WINDOWS\System32\msvcrt.dll
0x00007ff88eb00000 - 0x00007ff88eba7000 	C:\WINDOWS\System32\sechost.dll
0x00007ff88f330000 - 0x00007ff88f448000 	C:\WINDOWS\System32\RPCRT4.dll
0x00007ff88e790000 - 0x00007ff88e955000 	C:\WINDOWS\System32\USER32.dll
0x00007ff88d310000 - 0x00007ff88d337000 	C:\WINDOWS\System32\win32u.dll
0x00007ff88e690000 - 0x00007ff88e6bb000 	C:\WINDOWS\System32\GDI32.dll
0x00007ff86b0a0000 - 0x00007ff86b333000 	C:\WINDOWS\WinSxS\amd64_microsoft.windows.common-controls_6595b64144ccf1df_6.0.26100.7922_none_3e089e1ee3342171\COMCTL32.dll
0x00007ff88dc10000 - 0x00007ff88dd3a000 	C:\WINDOWS\System32\gdi32full.dll
0x00007ff88c880000 - 0x00007ff88c923000 	C:\WINDOWS\System32\msvcp_win.dll
0x00007ff87b9a0000 - 0x00007ff87b9ab000 	C:\WINDOWS\SYSTEM32\VERSION.dll
0x00007ff88fe70000 - 0x00007ff88fea1000 	C:\WINDOWS\System32\IMM32.DLL
0x00007ff86e740000 - 0x00007ff86e74c000 	C:\Program Files\Java\jdk-17\bin\vcruntime140_1.dll
0x00007ff846df0000 - 0x00007ff846e7e000 	C:\Program Files\Java\jdk-17\bin\msvcp140.dll
0x00007fff9e7b0000 - 0x00007fff9f38e000 	C:\Program Files\Java\jdk-17\bin\server\jvm.dll
0x00007ff88e5d0000 - 0x00007ff88e5d8000 	C:\WINDOWS\System32\PSAPI.DLL
0x00007ff86b030000 - 0x00007ff86b03a000 	C:\WINDOWS\SYSTEM32\WSOCK32.dll
0x00007ff882da0000 - 0x00007ff882dd5000 	C:\WINDOWS\SYSTEM32\WINMM.dll
0x00007ff88f1e0000 - 0x00007ff88f254000 	C:\WINDOWS\System32\WS2_32.dll
0x00007ff88b610000 - 0x00007ff88b62b000 	C:\WINDOWS\SYSTEM32\kernel.appcore.dll
0x00007ff86d6f0000 - 0x00007ff86d6fa000 	C:\Program Files\Java\jdk-17\bin\jimage.dll
0x00007ff88a780000 - 0x00007ff88a9c2000 	C:\WINDOWS\SYSTEM32\DBGHELP.DLL
0x00007ff88f450000 - 0x00007ff88f7d2000 	C:\WINDOWS\System32\combase.dll
0x00007ff88efa0000 - 0x00007ff88f077000 	C:\WINDOWS\System32\OLEAUT32.dll
0x00007ff867130000 - 0x00007ff86716b000 	C:\WINDOWS\SYSTEM32\dbgcore.DLL
0x00007ff88d800000 - 0x00007ff88d8a5000 	C:\WINDOWS\System32\bcryptPrimitives.dll
0x00007ff846dc0000 - 0x00007ff846de5000 	C:\Program Files\Java\jdk-17\bin\java.dll
0x00007ff846ce0000 - 0x00007ff846db7000 	C:\Program Files\Java\jdk-17\bin\jsvml.dll
0x00007ff88de60000 - 0x00007ff88e5bf000 	C:\WINDOWS\System32\SHELL32.dll
0x00007ff88d1a0000 - 0x00007ff88d30a000 	C:\WINDOWS\System32\wintypes.dll
0x00007ff88c930000 - 0x00007ff88d194000 	C:\WINDOWS\System32\windows.storage.dll
0x00007ff88f7e0000 - 0x00007ff88f8d7000 	C:\WINDOWS\System32\SHCORE.dll
0x00007ff88ed40000 - 0x00007ff88eda7000 	C:\WINDOWS\System32\shlwapi.dll
0x00007ff88c7a0000 - 0x00007ff88c7c9000 	C:\WINDOWS\SYSTEM32\profapi.dll
0x00007ff860b40000 - 0x00007ff860b59000 	C:\Program Files\Java\jdk-17\bin\net.dll
0x00007ff885040000 - 0x00007ff885167000 	C:\WINDOWS\SYSTEM32\WINHTTP.dll
0x00007ff88bb80000 - 0x00007ff88bbeb000 	C:\WINDOWS\system32\mswsock.dll
0x00007ff846cc0000 - 0x00007ff846cd6000 	C:\Program Files\Java\jdk-17\bin\nio.dll
0x00007ff846ca0000 - 0x00007ff846cb8000 	C:\Program Files\Java\jdk-17\bin\zip.dll
0x00007ff846ba0000 - 0x00007ff846bc4000 	C:\Program Files\JetBrains\IntelliJ IDEA 2023.2.8\plugins\maven\lib\maven3\lib\jansi-native\Windows\x86_64\jansi.dll
0x00007ff861400000 - 0x00007ff861410000 	C:\Program Files\Java\jdk-17\bin\verify.dll

dbghelp: loaded successfully - version: 4.0.5 - missing functions: none
symbol engine: initialized successfully - sym options: 0x614 - pdb path: .;C:\Program Files\Java\jdk-17\bin;C:\WINDOWS\SYSTEM32;C:\WINDOWS\WinSxS\amd64_microsoft.windows.common-controls_6595b64144ccf1df_6.0.26100.7922_none_3e089e1ee3342171;C:\Program Files\Java\jdk-17\bin\server;C:\Program Files\JetBrains\IntelliJ IDEA 2023.2.8\plugins\maven\lib\maven3\lib\jansi-native\Windows\x86_64

VM Arguments:
jvm_args: -Dfile.encoding=IBM850 --enable-native-access=ALL-UNNAMED -Dclassworlds.conf=C:\Program Files\JetBrains\IntelliJ IDEA 2023.2.8\plugins\maven\lib\maven3\bin\m2.conf -Dmaven.home=C:\Program Files\JetBrains\IntelliJ IDEA 2023.2.8\plugins\maven\lib\maven3 -Dlibrary.jansi.path=C:\Program Files\JetBrains\IntelliJ IDEA 2023.2.8\plugins\maven\lib\maven3\lib\jansi-native -Dmaven.multiModuleProjectDirectory=C:\Desktop\pidevv\pi25-01-2026 
java_command: org.codehaus.plexus.classworlds.launcher.Launcher -Didea.version=2025.3.3 -Dmaven.ext.class.path=C:\Program Files\JetBrains\IntelliJ IDEA 2023.2.8\plugins\maven\lib\maven-event-listener.jar -Djansi.passthrough=true -Dstyle.color=always -Dmaven.repo.local=C:\Users\PROBOOK\.m2\repository javafx:run
java_class_path (initial): C:\Program Files\JetBrains\IntelliJ IDEA 2023.2.8\plugins\maven\lib\maven3\boot\plexus-classworlds-2.9.0.jar
Launcher Type: SUN_STANDARD

[Global flags]
     intx CICompilerCount                          = 4                                         {product} {ergonomic}
     uint ConcGCThreads                            = 2                                         {product} {ergonomic}
     uint G1ConcRefinementThreads                  = 8                                         {product} {ergonomic}
   size_t G1HeapRegionSize                         = 2097152                                   {product} {ergonomic}
    uintx GCDrainStackTargetSize                   = 64                                        {product} {ergonomic}
   size_t InitialHeapSize                          = 264241152                                 {product} {ergonomic}
   size_t MarkStackSize                            = 4194304                                   {product} {ergonomic}
   size_t MaxHeapSize                              = 4213178368                                {product} {ergonomic}
   size_t MaxNewSize                               = 2527068160                                {product} {ergonomic}
   size_t MinHeapDeltaBytes                        = 2097152                                   {product} {ergonomic}
   size_t MinHeapSize                              = 8388608                                   {product} {ergonomic}
    uintx NonNMethodCodeHeapSize                   = 5839372                                {pd product} {ergonomic}
    uintx NonProfiledCodeHeapSize                  = 122909434                              {pd product} {ergonomic}
    uintx ProfiledCodeHeapSize                     = 122909434                              {pd product} {ergonomic}
    uintx ReservedCodeCacheSize                    = 251658240                              {pd product} {ergonomic}
     bool SegmentedCodeCache                       = true                                      {product} {ergonomic}
   size_t SoftMaxHeapSize                          = 4213178368                             {manageable} {ergonomic}
     bool UseCompressedClassPointers               = true                           {product lp64_product} {ergonomic}
     bool UseCompressedOops                        = true                           {product lp64_product} {ergonomic}
     bool UseG1GC                                  = true                                      {product} {ergonomic}
     bool UseLargePagesIndividualAllocation        = false                                  {pd product} {ergonomic}

Logging:
Log output configuration:
 #0: stdout all=warning uptime,level,tags
 #1: stderr all=off uptime,level,tags

Environment Variables:
JAVA_HOME=C:\Program Files\Java\jdk-17
JAVA_TOOL_OPTIONS=-Dfile.encoding=IBM850
PATH=C:\oraclexe\app\oracle\product\11.2.0\server\bin;;C:\Users\PROBOOK\OneDrive\Documentos\Atelier2;C:\Users\PROBOOK\.jdks\jbr-17.0.14-1;C:\Program Files (x86)\VMware\VMware Workstation\bin\;C:\Program Files\Java\jdk-17\bin;C:\Program Files\Common Files\Oracle\Java\javapath;C:\Python313\Scripts\;C:\Python313\;C:\Maven\apache-maven-3.9.9\bin;C:\WINDOWS\system32;C:\WINDOWS;C:\WINDOWS\System32\Wbem;C:\WINDOWS\System32\WindowsPowerShell\v1.0\;C:\WINDOWS\System32\OpenSSH\;C:\Program Files\Microsoft SQL Server\150\Tools\Binn\;C:\ProgramData\chocolatey\bin;C:\Program Files\nodejs\;C:\Users\PROBOOK\AppData\Roaming\Python\Python313\Scripts;C:\Program Files\Pandoc\;C:\xampp\php;C:\ProgramData\ComposerSetup\bin;C:\Program Files\Git\cmd;C:\Users\PROBOOK\scoop\shims;C:\Users\PROBOOK\AppData\Local\Programs\Python\Launcher\;C:\Users\PROBOOK\AppData\Local\Microsoft\WindowsApps;C:\Users\PROBOOK\AppData\Local\Programs\Microsoft VS Code\bin;C:\Maven\apache-maven-3.9.9\bin;C:\Users\PROBOOK\AppData\Roaming\npm;C:\Users\PROBOOK\AppData\Roaming\Composer\vendor\bin;C:\Program Files\JetBrains\IntelliJ IDEA 2023.2.8\bin;
USERNAME=PROBOOK
OS=Windows_NT
PROCESSOR_IDENTIFIER=Intel64 Family 6 Model 140 Stepping 1, GenuineIntel



---------------  S Y S T E M  ---------------

OS:
 Windows 11 , 64 bit Build 26100 (10.0.26100.7920)
OS uptime: 3 days 14:12 hours

CPU: total 8 (initial active 8) (4 cores per cpu, 2 threads per core) family 6 model 140 stepping 1 microcode 0xbc, cx8, cmov, fxsr, ht, mmx, 3dnowpref, sse, sse2, sse3, ssse3, sse4.1, sse4.2, popcnt, lzcnt, tsc, tscinvbit, avx, avx2, aes, erms, clmul, bmi1, bmi2, adx, avx512f, avx512dq, avx512cd, avx512bw, avx512vl, sha, fma, vzeroupper, avx512_vpopcntdq, avx512_vpclmulqdq, avx512_vaes, avx512_vnni, clflush, clflushopt, clwb, avx512_vbmi2, avx512_vbmi

Memory: 4k page, system-wide physical 16064M (688M free)
TotalPageFile size 46390M (AvailPageFile size 6M)
current process WorkingSet (physical memory assigned to process): 178M, peak: 178M
current process commit charge ("private bytes"): 389M, peak: 390M

vm_info: Java HotSpot(TM) 64-Bit Server VM (17.0.8+9-LTS-211) for windows-amd64 JRE (17.0.8+9-LTS-211), built on Jun 14 2023 10:34:31 by "mach5one" with MS VC++ 17.1 (VS2022)

END.
