#
# There is insufficient memory for the Java Runtime Environment to continue.
# Native memory allocation (mmap) failed to map 264241152 bytes for G1 virtual space
# Possible reasons:
#   The system is out of physical RAM or swap space
#   The process is running with CompressedOops enabled, and the Java Heap may be blocking the growth of the native heap
# Possible solutions:
#   Reduce memory load on the system
#   Increase physical memory or swap space
#   Check if swap backing store is full
#   Decrease Java heap size (-Xmx/-Xms)
#   Decrease number of Java threads
#   Decrease Java thread stack sizes (-Xss)
#   Set larger code cache with -XX:ReservedCodeCacheSize=
#   JVM is running with Zero Based Compressed Oops mode in which the Java heap is
#     placed in the first 32GB address space. The Java Heap base address is the
#     maximum limit for the native heap growth. Please use -XX:HeapBaseMinAddress
#     to set the Java Heap base and to place the Java Heap above 32GB virtual address.
# This output file may be truncated or incomplete.
#
#  Out of Memory Error (os_windows.cpp:3550), pid=4396, tid=21944
#
# JRE version:  (17.0.8+9) (build )
# Java VM: Java HotSpot(TM) 64-Bit Server VM (17.0.8+9-LTS-211, mixed mode, sharing, tiered, compressed oops, compressed class ptrs, g1 gc, windows-amd64)
# No core dump will be written. Minidumps are not enabled by default on client versions of Windows
#

---------------  S U M M A R Y ------------

Command Line: -Dfile.encoding=IBM850 -Dclassworlds.conf=C:\Program Files\JetBrains\IntelliJ IDEA 2023.2.8\plugins\maven\lib\maven3\bin\m2.conf -Dmaven.home=C:\Program Files\JetBrains\IntelliJ IDEA 2023.2.8\plugins\maven\lib\maven3 -Dlibrary.jansi.path=C:\Program Files\JetBrains\IntelliJ IDEA 2023.2.8\plugins\maven\lib\maven3\lib\jansi-native -Dmaven.multiModuleProjectDirectory=C:\Desktop\PIDEVDD\pidevv\pi25-01-2026 org.codehaus.plexus.classworlds.launcher.Launcher -Didea.version=2025.3.3 -Dmaven.ext.class.path=C:\Program Files\JetBrains\IntelliJ IDEA 2023.2.8\plugins\maven\lib\maven-event-listener.jar -Djansi.passthrough=true -Dstyle.color=always -Dmaven.repo.local=C:\Users\PROBOOK\.m2\repository clean javafx:run -f pom.xml

Host: 11th Gen Intel(R) Core(TM) i5-1135G7 @ 2.40GHz, 8 cores, 15G,  Windows 11 , 64 bit Build 26100 (10.0.26100.7920)
Time: Wed Mar  4 01:48:23 2026 Afr. centrale Ouest elapsed time: 2.011301 seconds (0d 0h 0m 2s)

---------------  T H R E A D  ---------------

Current thread (0x0000029a9c02bdb0):  JavaThread "Unknown thread" [_thread_in_vm, id=21944, stack(0x000000e8ac100000,0x000000e8ac200000)]

Stack: [0x000000e8ac100000,0x000000e8ac200000]
Native frames: (J=compiled Java code, j=interpreted, Vv=VM code, C=native code)
V  [jvm.dll+0x677d0a]
V  [jvm.dll+0x7d8c54]
V  [jvm.dll+0x7da3fe]
V  [jvm.dll+0x7daa63]
V  [jvm.dll+0x245c5f]
V  [jvm.dll+0x674bb9]
V  [jvm.dll+0x6694f2]
V  [jvm.dll+0x3031d6]
V  [jvm.dll+0x30a756]
V  [jvm.dll+0x359f9e]
V  [jvm.dll+0x35a1cf]
V  [jvm.dll+0x2da3e8]
V  [jvm.dll+0x2db354]
V  [jvm.dll+0x7aa711]
V  [jvm.dll+0x367b51]
V  [jvm.dll+0x789979]
V  [jvm.dll+0x3eb05f]
V  [jvm.dll+0x3ecae1]
C  [jli.dll+0x5297]
C  [ucrtbase.dll+0x37b0]
C  [KERNEL32.DLL+0x2e8d7]
C  [ntdll.dll+0x8c48c]


---------------  P R O C E S S  ---------------

Threads class SMR info:
_java_thread_list=0x00007ffdce0459d8, length=0, elements={
}

Java Threads: ( => current thread )

Other Threads:
  0x0000029a9c0966e0 GCTaskThread "GC Thread#0" [stack: 0x000000e8ac200000,0x000000e8ac300000] [id=6456]
  0x0000029a9c0a8050 ConcurrentGCThread "G1 Main Marker" [stack: 0x000000e8ac300000,0x000000e8ac400000] [id=18644]
  0x0000029a9c0a8970 ConcurrentGCThread "G1 Conc#0" [stack: 0x000000e8ac400000,0x000000e8ac500000] [id=18308]

[error occurred during error reporting (printing all threads), id 0xc0000005, EXCEPTION_ACCESS_VIOLATION (0xc0000005) at pc=0x00007ffdcd87b047]

VM state: not at safepoint (not fully initialized)

VM Mutex/Monitor currently owned by a thread:  ([mutex/lock_event])
[0x0000029a9c0273d0] Heap_lock - owner thread: 0x0000029a9c02bdb0

Heap address: 0x0000000704e00000, size: 4018 MB, Compressed Oops mode: Zero based, Oop shift amount: 3

CDS archive(s) mapped at: [0x0000000000000000-0x0000000000000000-0x0000000000000000), size 0, SharedBaseAddress: 0x0000000800000000, ArchiveRelocationMode: 1.
Narrow klass base: 0x0000000000000000, Narrow klass shift: 0, Narrow klass range: 0x0

GC Precious Log:
<Empty>

Heap:
 garbage-first heap   total 0K, used 0K [0x0000000704e00000, 0x0000000800000000)
  region size 2048K, 0 young (0K), 0 survivors (0K)

[error occurred during error reporting (printing heap information), id 0xc0000005, EXCEPTION_ACCESS_VIOLATION (0xc0000005) at pc=0x00007ffdcdc61499]

GC Heap History (0 events):
No events

Deoptimization events (0 events):
No events

Classes unloaded (0 events):
No events

Classes redefined (0 events):
No events

Internal exceptions (0 events):
No events

VM Operations (0 events):
No events

Events (1 events):
Event: 0.005 Loaded shared library C:\Program Files\Java\jdk-17\bin\java.dll


Dynamic libraries:
0x00007ff6ffe50000 - 0x00007ff6ffe60000 	C:\Program Files\Java\jdk-17\bin\java.exe
0x00007ffe59ca0000 - 0x00007ffe59f07000 	C:\WINDOWS\SYSTEM32\ntdll.dll
0x00007ffe58890000 - 0x00007ffe58959000 	C:\WINDOWS\System32\KERNEL32.DLL
0x00007ffe56850000 - 0x00007ffe56c41000 	C:\WINDOWS\System32\KERNELBASE.dll
0x00007ffe578f0000 - 0x00007ffe57a3b000 	C:\WINDOWS\System32\ucrtbase.dll
0x00007ffe1b090000 - 0x00007ffe1b0a9000 	C:\Program Files\Java\jdk-17\bin\jli.dll
0x00007ffe1a0a0000 - 0x00007ffe1a0bb000 	C:\Program Files\Java\jdk-17\bin\VCRUNTIME140.dll
0x00007ffe58540000 - 0x00007ffe585fb000 	C:\WINDOWS\System32\ADVAPI32.dll
0x00007ffe59bb0000 - 0x00007ffe59c59000 	C:\WINDOWS\System32\msvcrt.dll
0x00007ffe58600000 - 0x00007ffe586a7000 	C:\WINDOWS\System32\sechost.dll
0x00007ffe58370000 - 0x00007ffe58488000 	C:\WINDOWS\System32\RPCRT4.dll
0x00007ffe599e0000 - 0x00007ffe59ba5000 	C:\WINDOWS\System32\USER32.dll
0x00007ffe57790000 - 0x00007ffe577b7000 	C:\WINDOWS\System32\win32u.dll
0x00007ffe31720000 - 0x00007ffe319b3000 	C:\WINDOWS\WinSxS\amd64_microsoft.windows.common-controls_6595b64144ccf1df_6.0.26100.7922_none_3e089e1ee3342171\COMCTL32.dll
0x00007ffe59510000 - 0x00007ffe5953b000 	C:\WINDOWS\System32\GDI32.dll
0x00007ffe577c0000 - 0x00007ffe578ea000 	C:\WINDOWS\System32\gdi32full.dll
0x00007ffe56630000 - 0x00007ffe566d3000 	C:\WINDOWS\System32\msvcp_win.dll
0x00007ffe4b430000 - 0x00007ffe4b43b000 	C:\WINDOWS\SYSTEM32\VERSION.dll
0x00007ffe58ea0000 - 0x00007ffe58ed1000 	C:\WINDOWS\System32\IMM32.DLL
0x00007ffe4ac60000 - 0x00007ffe4ac6c000 	C:\Program Files\Java\jdk-17\bin\vcruntime140_1.dll
0x00007ffe098b0000 - 0x00007ffe0993e000 	C:\Program Files\Java\jdk-17\bin\msvcp140.dll
0x00007ffdcd590000 - 0x00007ffdce16e000 	C:\Program Files\Java\jdk-17\bin\server\jvm.dll
0x00007ffe58510000 - 0x00007ffe58518000 	C:\WINDOWS\System32\PSAPI.DLL
0x00007ffe3f360000 - 0x00007ffe3f36a000 	C:\WINDOWS\SYSTEM32\WSOCK32.dll
0x00007ffe4b6f0000 - 0x00007ffe4b725000 	C:\WINDOWS\SYSTEM32\WINMM.dll
0x00007ffe58490000 - 0x00007ffe58504000 	C:\WINDOWS\System32\WS2_32.dll
0x00007ffe55310000 - 0x00007ffe5532b000 	C:\WINDOWS\SYSTEM32\kernel.appcore.dll
0x00007ffe4a970000 - 0x00007ffe4a97a000 	C:\Program Files\Java\jdk-17\bin\jimage.dll
0x00007ffe53f20000 - 0x00007ffe54162000 	C:\WINDOWS\SYSTEM32\DBGHELP.DLL
0x00007ffe595c0000 - 0x00007ffe59942000 	C:\WINDOWS\System32\combase.dll
0x00007ffe587b0000 - 0x00007ffe58887000 	C:\WINDOWS\System32\OLEAUT32.dll
0x00007ffe373f0000 - 0x00007ffe3742b000 	C:\WINDOWS\SYSTEM32\dbgcore.DLL
0x00007ffe56580000 - 0x00007ffe56625000 	C:\WINDOWS\System32\bcryptPrimitives.dll
0x00007ffe19170000 - 0x00007ffe19195000 	C:\Program Files\Java\jdk-17\bin\java.dll

dbghelp: loaded successfully - version: 4.0.5 - missing functions: none
symbol engine: initialized successfully - sym options: 0x614 - pdb path: .;C:\Program Files\Java\jdk-17\bin;C:\WINDOWS\SYSTEM32;C:\WINDOWS\WinSxS\amd64_microsoft.windows.common-controls_6595b64144ccf1df_6.0.26100.7922_none_3e089e1ee3342171;C:\Program Files\Java\jdk-17\bin\server

VM Arguments:
jvm_args: -Dfile.encoding=IBM850 -Dclassworlds.conf=C:\Program Files\JetBrains\IntelliJ IDEA 2023.2.8\plugins\maven\lib\maven3\bin\m2.conf -Dmaven.home=C:\Program Files\JetBrains\IntelliJ IDEA 2023.2.8\plugins\maven\lib\maven3 -Dlibrary.jansi.path=C:\Program Files\JetBrains\IntelliJ IDEA 2023.2.8\plugins\maven\lib\maven3\lib\jansi-native -Dmaven.multiModuleProjectDirectory=C:\Desktop\PIDEVDD\pidevv\pi25-01-2026 
java_command: org.codehaus.plexus.classworlds.launcher.Launcher -Didea.version=2025.3.3 -Dmaven.ext.class.path=C:\Program Files\JetBrains\IntelliJ IDEA 2023.2.8\plugins\maven\lib\maven-event-listener.jar -Djansi.passthrough=true -Dstyle.color=always -Dmaven.repo.local=C:\Users\PROBOOK\.m2\repository clean javafx:run -f pom.xml
java_class_path (initial): C:\Program Files\JetBrains\IntelliJ IDEA 2023.2.8\plugins\maven\lib\maven3\boot\plexus-classworlds-2.9.0.jar
Launcher Type: SUN_STANDARD

[Global flags]
     intx CICompilerCount                          = 4                                         {product} {ergonomic}
     uint ConcGCThreads                            = 2                                         {product} {ergonomic}
     uint G1ConcRefinementThreads                  = 8                                         {product} {ergonomic}
   size_t G1HeapRegionSize                         = 2097152                                   {product} {ergonomic}
    uintx GCDrainStackTargetSize                   = 64                                        {product} {ergonomic}
   size_t InitialHeapSize                          = 264241152                                 {product} {ergonomic}
   size_t MarkStackSize                            = 4194304                                   {product} {ergonomic}
   size_t MaxHeapSize                              = 4213178368                                {product} {ergonomic}
   size_t MinHeapDeltaBytes                        = 2097152                                   {product} {ergonomic}
   size_t MinHeapSize                              = 8388608                                   {product} {ergonomic}
    uintx NonNMethodCodeHeapSize                   = 5839372                                {pd product} {ergonomic}
    uintx NonProfiledCodeHeapSize                  = 122909434                              {pd product} {ergonomic}
    uintx ProfiledCodeHeapSize                     = 122909434                              {pd product} {ergonomic}
    uintx ReservedCodeCacheSize                    = 251658240                              {pd product} {ergonomic}
     bool SegmentedCodeCache                       = true                                      {product} {ergonomic}
   size_t SoftMaxHeapSize                          = 4213178368                             {manageable} {ergonomic}
     bool UseCompressedClassPointers               = true                           {product lp64_product} {ergonomic}
     bool UseCompressedOops                        = true                           {product lp64_product} {ergonomic}
     bool UseG1GC                                  = true                                      {product} {ergonomic}
     bool UseLargePagesIndividualAllocation        = false                                  {pd product} {ergonomic}

Logging:
Log output configuration:
 #0: stdout all=warning uptime,level,tags
 #1: stderr all=off uptime,level,tags

Environment Variables:
JAVA_HOME=C:\Program Files\Java\jdk-17
JAVA_TOOL_OPTIONS=-Dfile.encoding=IBM850
PATH=C:\oraclexe\app\oracle\product\11.2.0\server\bin;;C:\Users\PROBOOK\OneDrive\Documentos\Atelier2;C:\Users\PROBOOK\.jdks\jbr-17.0.14-1;C:\Program Files (x86)\VMware\VMware Workstation\bin\;C:\Program Files\Java\jdk-17\bin;C:\Program Files\Common Files\Oracle\Java\javapath;C:\Python313\Scripts\;C:\Python313\;C:\Maven\apache-maven-3.9.9\bin;C:\WINDOWS\system32;C:\WINDOWS;C:\WINDOWS\System32\Wbem;C:\WINDOWS\System32\WindowsPowerShell\v1.0\;C:\WINDOWS\System32\OpenSSH\;C:\Program Files\Microsoft SQL Server\150\Tools\Binn\;C:\ProgramData\chocolatey\bin;C:\Program Files\nodejs\;C:\Users\PROBOOK\AppData\Roaming\Python\Python313\Scripts;C:\Program Files\Pandoc\;C:\xampp\php;C:\ProgramData\ComposerSetup\bin;C:\Program Files\Git\cmd;C:\Users\PROBOOK\scoop\shims;C:\Users\PROBOOK\AppData\Local\Programs\Python\Launcher\;C:\Users\PROBOOK\AppData\Local\Microsoft\WindowsApps;C:\Users\PROBOOK\AppData\Local\Programs\Microsoft VS Code\bin;C:\Maven\apache-maven-3.9.9\bin;C:\Users\PROBOOK\AppData\Roaming\npm;C:\Users\PROBOOK\AppData\Roaming\Composer\vendor\bin;C:\Program Files\JetBrains\IntelliJ IDEA 2023.2.8\bin;
USERNAME=PROBOOK
OS=Windows_NT
PROCESSOR_IDENTIFIER=Intel64 Family 6 Model 140 Stepping 1, GenuineIntel



---------------  S Y S T E M  ---------------

OS:
 Windows 11 , 64 bit Build 26100 (10.0.26100.7920)
OS uptime: 0 days 6:26 hours

CPU: total 8 (initial active 8) (4 cores per cpu, 2 threads per core) family 6 model 140 stepping 1 microcode 0xbc, cx8, cmov, fxsr, ht, mmx, 3dnowpref, sse, sse2, sse3, ssse3, sse4.1, sse4.2, popcnt, lzcnt, tsc, tscinvbit, avx, avx2, aes, erms, clmul, bmi1, bmi2, adx, avx512f, avx512dq, avx512cd, avx512bw, avx512vl, sha, fma, vzeroupper, avx512_vpopcntdq, avx512_vpclmulqdq, avx512_vaes, avx512_vnni, clflush, clflushopt, clwb, avx512_vbmi2, avx512_vbmi

Memory: 4k page, system-wide physical 16064M (1293M free)
TotalPageFile size 46390M (AvailPageFile size 180M)
current process WorkingSet (physical memory assigned to process): 12M, peak: 12M
current process commit charge ("private bytes"): 60M, peak: 312M

vm_info: Java HotSpot(TM) 64-Bit Server VM (17.0.8+9-LTS-211) for windows-amd64 JRE (17.0.8+9-LTS-211), built on Jun 14 2023 10:34:31 by "mach5one" with MS VC++ 17.1 (VS2022)

END.
