#
# There is insufficient memory for the Java Runtime Environment to continue.
# Native memory allocation (mmap) failed to map 4128768 bytes for G1 virtual space
# Possible reasons:
#   The system is out of physical RAM or swap space
#   The process is running with CompressedOops enabled, and the Java Heap may be blocking the growth of the native heap
# Possible solutions:
#   Reduce memory load on the system
#   Increase physical memory or swap space
#   Check if swap backing store is full
#   Decrease Java heap size (-Xmx/-Xms)
#   Decrease number of Java threads
#   Decrease Java thread stack sizes (-Xss)
#   Set larger code cache with -XX:ReservedCodeCacheSize=
#   JVM is running with Zero Based Compressed Oops mode in which the Java heap is
#     placed in the first 32GB address space. The Java Heap base address is the
#     maximum limit for the native heap growth. Please use -XX:HeapBaseMinAddress
#     to set the Java Heap base and to place the Java Heap above 32GB virtual address.
# This output file may be truncated or incomplete.
#
#  Out of Memory Error (os_windows.cpp:3550), pid=32012, tid=13624
#
# JRE version:  (17.0.8+9) (build )
# Java VM: Java HotSpot(TM) 64-Bit Server VM (17.0.8+9-LTS-211, mixed mode, sharing, tiered, compressed oops, compressed class ptrs, g1 gc, windows-amd64)
# No core dump will be written. Minidumps are not enabled by default on client versions of Windows
#

---------------  S U M M A R Y ------------

Command Line: -Dfile.encoding=IBM850 --module-path=C:\Users\PROBOOK\.m2\repository\org\openjfx\javafx-base\17.0.10\javafx-base-17.0.10-win.jar;C:\Users\PROBOOK\.m2\repository\org\openjfx\javafx-base\17.0.10\javafx-base-17.0.10.jar;C:\Users\PROBOOK\.m2\repository\org\openjfx\javafx-controls\17.0.10\javafx-controls-17.0.10-win.jar;C:\Users\PROBOOK\.m2\repository\org\openjfx\javafx-controls\17.0.10\javafx-controls-17.0.10.jar;C:\Users\PROBOOK\.m2\repository\org\openjfx\javafx-fxml\17.0.10\javafx-fxml-17.0.10-win.jar;C:\Users\PROBOOK\.m2\repository\org\openjfx\javafx-fxml\17.0.10\javafx-fxml-17.0.10.jar;C:\Users\PROBOOK\.m2\repository\org\openjfx\javafx-graphics\17.0.10\javafx-graphics-17.0.10-win.jar;C:\Users\PROBOOK\.m2\repository\org\openjfx\javafx-graphics\17.0.10\javafx-graphics-17.0.10.jar;C:\Users\PROBOOK\.m2\repository\org\openjfx\javafx-media\17.0.10\javafx-media-17.0.10-win.jar;C:\Users\PROBOOK\.m2\repository\org\openjfx\javafx-media\17.0.10\javafx-media-17.0.10.jar;C:\Users\PROBOOK\.m2\repository\org\openjfx\javafx-web\17.0.10\javafx-web-17.0.10-win.jar;C:\Users\PROBOOK\.m2\repository\org\openjfx\javafx-web\17.0.10\javafx-web-17.0.10.jar --add-modules=javafx.base,javafx.controls,javafx.fxml,javafx.graphics,javafx.media,javafx.web com.example.pidev.HelloApplication

Host: 11th Gen Intel(R) Core(TM) i5-1135G7 @ 2.40GHz, 8 cores, 15G,  Windows 11 , 64 bit Build 26100 (10.0.26100.7920)
Time: Sun Mar  1 19:57:03 2026 Afr. centrale Ouest elapsed time: 1.088888 seconds (0d 0h 0m 1s)

---------------  T H R E A D  ---------------

Current thread (0x00000216dac51460):  JavaThread "Unknown thread" [_thread_in_vm, id=13624, stack(0x000000abbc900000,0x000000abbca00000)]

Stack: [0x000000abbc900000,0x000000abbca00000]
Native frames: (J=compiled Java code, j=interpreted, Vv=VM code, C=native code)
V  [jvm.dll+0x677d0a]
V  [jvm.dll+0x7d8c54]
V  [jvm.dll+0x7da3fe]
V  [jvm.dll+0x7daa63]
V  [jvm.dll+0x245c5f]
V  [jvm.dll+0x674bb9]
V  [jvm.dll+0x6694f2]
V  [jvm.dll+0x3031d6]
V  [jvm.dll+0x30a756]
V  [jvm.dll+0x359fb3]
V  [jvm.dll+0x35a1cf]
V  [jvm.dll+0x2da3e8]
V  [jvm.dll+0x2db354]
V  [jvm.dll+0x7aa711]
V  [jvm.dll+0x367b51]
V  [jvm.dll+0x789979]
V  [jvm.dll+0x3eb05f]
V  [jvm.dll+0x3ecae1]
C  [jli.dll+0x5297]
C  [ucrtbase.dll+0x37b0]
C  [KERNEL32.DLL+0x2e8d7]
C  [ntdll.dll+0x8c48c]


---------------  P R O C E S S  ---------------

Threads class SMR info:
_java_thread_list=0x00007fff9f2659d8, length=0, elements={
}

Java Threads: ( => current thread )

Other Threads:
  0x00000216dacbbf20 GCTaskThread "GC Thread#0" [stack: 0x000000abbca00000,0x000000abbcb00000] [id=36468]
  0x00000216daccc970 ConcurrentGCThread "G1 Main Marker" [stack: 0x000000abbcb00000,0x000000abbcc00000] [id=26132]
  0x00000216daccef00 ConcurrentGCThread "G1 Conc#0" [stack: 0x000000abbcc00000,0x000000abbcd00000] [id=30920]

[error occurred during error reporting (printing all threads), id 0xc0000005, EXCEPTION_ACCESS_VIOLATION (0xc0000005) at pc=0x00007fff9ea9b047]

VM state: not at safepoint (not fully initialized)

VM Mutex/Monitor currently owned by a thread:  ([mutex/lock_event])
[0x00000216dac4d890] Heap_lock - owner thread: 0x00000216dac51460

Heap address: 0x0000000704e00000, size: 4018 MB, Compressed Oops mode: Zero based, Oop shift amount: 3

CDS archive(s) mapped at: [0x0000000000000000-0x0000000000000000-0x0000000000000000), size 0, SharedBaseAddress: 0x0000000800000000, ArchiveRelocationMode: 1.
Narrow klass base: 0x0000000000000000, Narrow klass shift: 0, Narrow klass range: 0x0

GC Precious Log:
<Empty>

Heap:
 garbage-first heap   total 0K, used 0K [0x0000000704e00000, 0x0000000800000000)
  region size 2048K, 0 young (0K), 0 survivors (0K)

[error occurred during error reporting (printing heap information), id 0xc0000005, EXCEPTION_ACCESS_VIOLATION (0xc0000005) at pc=0x00007fff9ee81499]

GC Heap History (0 events):
No events

Deoptimization events (0 events):
No events

Classes unloaded (0 events):
No events

Classes redefined (0 events):
No events

Internal exceptions (0 events):
No events

VM Operations (0 events):
No events

Events (1 events):
Event: 0.006 Loaded shared library C:\Program Files\Java\jdk-17\bin\java.dll


Dynamic libraries:
0x00007ff73bbd0000 - 0x00007ff73bbe0000 	C:\Program Files\Java\jdk-17\bin\java.exe
0x00007ff88ffa0000 - 0x00007ff890207000 	C:\WINDOWS\SYSTEM32\ntdll.dll
0x00007ff88e6c0000 - 0x00007ff88e789000 	C:\WINDOWS\System32\KERNEL32.DLL
0x00007ff88d340000 - 0x00007ff88d731000 	C:\WINDOWS\System32\KERNELBASE.dll
0x00007ff88d940000 - 0x00007ff88da8b000 	C:\WINDOWS\System32\ucrtbase.dll
0x00007ff860f70000 - 0x00007ff860f89000 	C:\Program Files\Java\jdk-17\bin\jli.dll
0x00007ff86c4b0000 - 0x00007ff86c4cb000 	C:\Program Files\Java\jdk-17\bin\VCRUNTIME140.dll
0x00007ff88dda0000 - 0x00007ff88de5b000 	C:\WINDOWS\System32\ADVAPI32.dll
0x00007ff88e5e0000 - 0x00007ff88e689000 	C:\WINDOWS\System32\msvcrt.dll
0x00007ff88eb00000 - 0x00007ff88eba7000 	C:\WINDOWS\System32\sechost.dll
0x00007ff88f330000 - 0x00007ff88f448000 	C:\WINDOWS\System32\RPCRT4.dll
0x00007ff88e790000 - 0x00007ff88e955000 	C:\WINDOWS\System32\USER32.dll
0x00007ff88d310000 - 0x00007ff88d337000 	C:\WINDOWS\System32\win32u.dll
0x00007ff86b0a0000 - 0x00007ff86b333000 	C:\WINDOWS\WinSxS\amd64_microsoft.windows.common-controls_6595b64144ccf1df_6.0.26100.7922_none_3e089e1ee3342171\COMCTL32.dll
0x00007ff88e690000 - 0x00007ff88e6bb000 	C:\WINDOWS\System32\GDI32.dll
0x00007ff88dc10000 - 0x00007ff88dd3a000 	C:\WINDOWS\System32\gdi32full.dll
0x00007ff88c880000 - 0x00007ff88c923000 	C:\WINDOWS\System32\msvcp_win.dll
0x00007ff87b9a0000 - 0x00007ff87b9ab000 	C:\WINDOWS\SYSTEM32\VERSION.dll
0x00007ff88fe70000 - 0x00007ff88fea1000 	C:\WINDOWS\System32\IMM32.DLL
0x00007ff86e740000 - 0x00007ff86e74c000 	C:\Program Files\Java\jdk-17\bin\vcruntime140_1.dll
0x00007ff846df0000 - 0x00007ff846e7e000 	C:\Program Files\Java\jdk-17\bin\msvcp140.dll
0x00007fff9e7b0000 - 0x00007fff9f38e000 	C:\Program Files\Java\jdk-17\bin\server\jvm.dll
0x00007ff88e5d0000 - 0x00007ff88e5d8000 	C:\WINDOWS\System32\PSAPI.DLL
0x00007ff882da0000 - 0x00007ff882dd5000 	C:\WINDOWS\SYSTEM32\WINMM.dll
0x00007ff86b030000 - 0x00007ff86b03a000 	C:\WINDOWS\SYSTEM32\WSOCK32.dll
0x00007ff88f1e0000 - 0x00007ff88f254000 	C:\WINDOWS\System32\WS2_32.dll
0x00007ff88b610000 - 0x00007ff88b62b000 	C:\WINDOWS\SYSTEM32\kernel.appcore.dll
0x00007ff86d6f0000 - 0x00007ff86d6fa000 	C:\Program Files\Java\jdk-17\bin\jimage.dll
0x00007ff88a780000 - 0x00007ff88a9c2000 	C:\WINDOWS\SYSTEM32\DBGHELP.DLL
0x00007ff88f450000 - 0x00007ff88f7d2000 	C:\WINDOWS\System32\combase.dll
0x00007ff88efa0000 - 0x00007ff88f077000 	C:\WINDOWS\System32\OLEAUT32.dll
0x00007ff867130000 - 0x00007ff86716b000 	C:\WINDOWS\SYSTEM32\dbgcore.DLL
0x00007ff88d800000 - 0x00007ff88d8a5000 	C:\WINDOWS\System32\bcryptPrimitives.dll
0x00007ff846dc0000 - 0x00007ff846de5000 	C:\Program Files\Java\jdk-17\bin\java.dll

dbghelp: loaded successfully - version: 4.0.5 - missing functions: none
symbol engine: initialized successfully - sym options: 0x614 - pdb path: .;C:\Program Files\Java\jdk-17\bin;C:\WINDOWS\SYSTEM32;C:\WINDOWS\WinSxS\amd64_microsoft.windows.common-controls_6595b64144ccf1df_6.0.26100.7922_none_3e089e1ee3342171;C:\Program Files\Java\jdk-17\bin\server

VM Arguments:
jvm_args: -Dfile.encoding=IBM850 --module-path=C:\Users\PROBOOK\.m2\repository\org\openjfx\javafx-base\17.0.10\javafx-base-17.0.10-win.jar;C:\Users\PROBOOK\.m2\repository\org\openjfx\javafx-base\17.0.10\javafx-base-17.0.10.jar;C:\Users\PROBOOK\.m2\repository\org\openjfx\javafx-controls\17.0.10\javafx-controls-17.0.10-win.jar;C:\Users\PROBOOK\.m2\repository\org\openjfx\javafx-controls\17.0.10\javafx-controls-17.0.10.jar;C:\Users\PROBOOK\.m2\repository\org\openjfx\javafx-fxml\17.0.10\javafx-fxml-17.0.10-win.jar;C:\Users\PROBOOK\.m2\repository\org\openjfx\javafx-fxml\17.0.10\javafx-fxml-17.0.10.jar;C:\Users\PROBOOK\.m2\repository\org\openjfx\javafx-graphics\17.0.10\javafx-graphics-17.0.10-win.jar;C:\Users\PROBOOK\.m2\repository\org\openjfx\javafx-graphics\17.0.10\javafx-graphics-17.0.10.jar;C:\Users\PROBOOK\.m2\repository\org\openjfx\javafx-media\17.0.10\javafx-media-17.0.10-win.jar;C:\Users\PROBOOK\.m2\repository\org\openjfx\javafx-media\17.0.10\javafx-media-17.0.10.jar;C:\Users\PROBOOK\.m2\repository\org\openjfx\javafx-web\17.0.10\javafx-web-17.0.10-win.jar;C:\Users\PROBOOK\.m2\repository\org\openjfx\javafx-web\17.0.10\javafx-web-17.0.10.jar --add-modules=javafx.base,javafx.controls,javafx.fxml,javafx.graphics,javafx.media,javafx.web 
java_command: com.example.pidev.HelloApplication
java_class_path (initial): C:\Desktop\pidevv\pi25-01-2026\target\classes;C:\Users\PROBOOK\.m2\repository\com\github\virtuald\curvesapi\1.08\curvesapi-1.08.jar;C:\Users\PROBOOK\.m2\repository\com\google\android\annotations\4.1.1.4\annotations-4.1.1.4.jar;C:\Users\PROBOOK\.m2\repository\com\google\api\api-common\2.2.1\api-common-2.2.1.jar;C:\Users\PROBOOK\.m2\repository\com\google\api\gax\2.19.4\gax-2.19.4.jar;C:\Users\PROBOOK\.m2\repository\com\google\api\gax-grpc\2.19.4\gax-grpc-2.19.4.jar;C:\Users\PROBOOK\.m2\repository\com\google\api\gax-httpjson\0.104.4\gax-httpjson-0.104.4.jar;C:\Users\PROBOOK\.m2\repository\com\google\api\grpc\proto-google-cloud-vision-v1\3.3.0\proto-google-cloud-vision-v1-3.3.0.jar;C:\Users\PROBOOK\.m2\repository\com\google\api\grpc\proto-google-cloud-vision-v1p1beta1\0.92.0\proto-google-cloud-vision-v1p1beta1-0.92.0.jar;C:\Users\PROBOOK\.m2\repository\com\google\api\grpc\proto-google-cloud-vision-v1p2beta1\3.3.0\proto-google-cloud-vision-v1p2beta1-3.3.0.jar;C:\Users\PROBOOK\.m2\repository\com\google\api\grpc\proto-google-cloud-vision-v1p3beta1\0.92.0\proto-google-cloud-vision-v1p3beta1-0.92.0.jar;C:\Users\PROBOOK\.m2\repository\com\google\api\grpc\proto-google-cloud-vision-v1p4beta1\0.92.0\proto-google-cloud-vision-v1p4beta1-0.92.0.jar;C:\Users\PROBOOK\.m2\repository\com\google\api\grpc\proto-google-common-protos\2.9.6\proto-google-common-protos-2.9.6.jar;C:\Users\PROBOOK\.m2\repository\com\google\auth\google-auth-library-credentials\1.12.1\google-auth-library-credentials-1.12.1.jar;C:\Users\PROBOOK\.m2\repository\com\google\auth\google-auth-library-oauth2-http\1.12.1\google-auth-library-oauth2-http-1.12.1.jar;C:\Users\PROBOOK\.m2\repository\com\google\auto\value\auto-value-annotations\1.10\auto-value-annotations-1.10.jar;C:\Users\PROBOOK\.m2\repository\com\google\cloud\google-cloud-vision\3.3.0\google-cloud-vision-3.3.0.jar;C:\Users\PROBOOK\.m2\repository\com\google\code\findbugs\jsr305\3.0.2\jsr305-3.0.2.jar;C:\Users\PROBOOK\.m2\repositor
Launcher Type: SUN_STANDARD

[Global flags]
     intx CICompilerCount                          = 4                                         {product} {ergonomic}
     uint ConcGCThreads                            = 2                                         {product} {ergonomic}
     uint G1ConcRefinementThreads                  = 8                                         {product} {ergonomic}
   size_t G1HeapRegionSize                         = 2097152                                   {product} {ergonomic}
    uintx GCDrainStackTargetSize                   = 64                                        {product} {ergonomic}
   size_t InitialHeapSize                          = 264241152                                 {product} {ergonomic}
   size_t MarkStackSize                            = 4194304                                   {product} {ergonomic}
   size_t MaxHeapSize                              = 4213178368                                {product} {ergonomic}
   size_t MinHeapDeltaBytes                        = 2097152                                   {product} {ergonomic}
   size_t MinHeapSize                              = 8388608                                   {product} {ergonomic}
    uintx NonNMethodCodeHeapSize                   = 5839372                                {pd product} {ergonomic}
    uintx NonProfiledCodeHeapSize                  = 122909434                              {pd product} {ergonomic}
    uintx ProfiledCodeHeapSize                     = 122909434                              {pd product} {ergonomic}
    uintx ReservedCodeCacheSize                    = 251658240                              {pd product} {ergonomic}
     bool SegmentedCodeCache                       = true                                      {product} {ergonomic}
   size_t SoftMaxHeapSize                          = 4213178368                             {manageable} {ergonomic}
     bool UseCompressedClassPointers               = true                           {product lp64_product} {ergonomic}
     bool UseCompressedOops                        = true                           {product lp64_product} {ergonomic}
     bool UseG1GC                                  = true                                      {product} {ergonomic}
     bool UseLargePagesIndividualAllocation        = false                                  {pd product} {ergonomic}

Logging:
Log output configuration:
 #0: stdout all=warning uptime,level,tags
 #1: stderr all=off uptime,level,tags

Environment Variables:
JAVA_HOME=C:\Program Files\Java\jdk-17
JAVA_TOOL_OPTIONS=-Dfile.encoding=IBM850
PATH=C:\oraclexe\app\oracle\product\11.2.0\server\bin;;C:\Users\PROBOOK\OneDrive\Documentos\Atelier2;C:\Users\PROBOOK\.jdks\jbr-17.0.14-1;C:\Program Files (x86)\VMware\VMware Workstation\bin\;C:\Program Files\Java\jdk-17\bin;C:\Program Files\Common Files\Oracle\Java\javapath;C:\Python313\Scripts\;C:\Python313\;C:\Maven\apache-maven-3.9.9\bin;C:\WINDOWS\system32;C:\WINDOWS;C:\WINDOWS\System32\Wbem;C:\WINDOWS\System32\WindowsPowerShell\v1.0\;C:\WINDOWS\System32\OpenSSH\;C:\Program Files\Microsoft SQL Server\150\Tools\Binn\;C:\ProgramData\chocolatey\bin;C:\Program Files\nodejs\;C:\Users\PROBOOK\AppData\Roaming\Python\Python313\Scripts;C:\Program Files\Pandoc\;C:\xampp\php;C:\ProgramData\ComposerSetup\bin;C:\Program Files\Git\cmd;C:\Users\PROBOOK\scoop\shims;C:\Users\PROBOOK\AppData\Local\Programs\Python\Launcher\;C:\Users\PROBOOK\AppData\Local\Microsoft\WindowsApps;C:\Users\PROBOOK\AppData\Local\Programs\Microsoft VS Code\bin;C:\Maven\apache-maven-3.9.9\bin;C:\Users\PROBOOK\AppData\Roaming\npm;C:\Users\PROBOOK\AppData\Roaming\Composer\vendor\bin;C:\Program Files\JetBrains\IntelliJ IDEA 2023.2.8\bin;
USERNAME=PROBOOK
OS=Windows_NT
PROCESSOR_IDENTIFIER=Intel64 Family 6 Model 140 Stepping 1, GenuineIntel



---------------  S Y S T E M  ---------------

OS:
 Windows 11 , 64 bit Build 26100 (10.0.26100.7920)
OS uptime: 3 days 14:13 hours

CPU: total 8 (initial active 8) (4 cores per cpu, 2 threads per core) family 6 model 140 stepping 1 microcode 0xbc, cx8, cmov, fxsr, ht, mmx, 3dnowpref, sse, sse2, sse3, ssse3, sse4.1, sse4.2, popcnt, lzcnt, tsc, tscinvbit, avx, avx2, aes, erms, clmul, bmi1, bmi2, adx, avx512f, avx512dq, avx512cd, avx512bw, avx512vl, sha, fma, vzeroupper, avx512_vpopcntdq, avx512_vpclmulqdq, avx512_vaes, avx512_vnni, clflush, clflushopt, clwb, avx512_vbmi2, avx512_vbmi

Memory: 4k page, system-wide physical 16064M (983M free)
TotalPageFile size 46390M (AvailPageFile size 27M)
current process WorkingSet (physical memory assigned to process): 12M, peak: 12M
current process commit charge ("private bytes"): 313M, peak: 316M

vm_info: Java HotSpot(TM) 64-Bit Server VM (17.0.8+9-LTS-211) for windows-amd64 JRE (17.0.8+9-LTS-211), built on Jun 14 2023 10:34:31 by "mach5one" with MS VC++ 17.1 (VS2022)

END.
