#
# There is insufficient memory for the Java Runtime Environment to continue.
# Native memory allocation (malloc) failed to allocate 1588416 bytes for Chunk::new
# Possible reasons:
#   The system is out of physical RAM or swap space
#   The process is running with CompressedOops enabled, and the Java Heap may be blocking the growth of the native heap
# Possible solutions:
#   Reduce memory load on the system
#   Increase physical memory or swap space
#   Check if swap backing store is full
#   Decrease Java heap size (-Xmx/-Xms)
#   Decrease number of Java threads
#   Decrease Java thread stack sizes (-Xss)
#   Set larger code cache with -XX:ReservedCodeCacheSize=
#   JVM is running with Zero Based Compressed Oops mode in which the Java heap is
#     placed in the first 32GB address space. The Java Heap base address is the
#     maximum limit for the native heap growth. Please use -XX:HeapBaseMinAddress
#     to set the Java Heap base and to place the Java Heap above 32GB virtual address.
# This output file may be truncated or incomplete.
#
#  Out of Memory Error (arena.cpp:189), pid=12872, tid=28348
#
# JRE version: Java(TM) SE Runtime Environment (17.0.8+9) (build 17.0.8+9-LTS-211)
# Java VM: Java HotSpot(TM) 64-Bit Server VM (17.0.8+9-LTS-211, mixed mode, sharing, tiered, compressed oops, compressed class ptrs, g1 gc, windows-amd64)
# No core dump will be written. Minidumps are not enabled by default on client versions of Windows
#

---------------  S U M M A R Y ------------

Command Line: -Dfile.encoding=IBM850 --enable-native-access=ALL-UNNAMED -Dclassworlds.conf=C:\Program Files\JetBrains\IntelliJ IDEA 2023.2.8\plugins\maven\lib\maven3\bin\m2.conf -Dmaven.home=C:\Program Files\JetBrains\IntelliJ IDEA 2023.2.8\plugins\maven\lib\maven3 -Dlibrary.jansi.path=C:\Program Files\JetBrains\IntelliJ IDEA 2023.2.8\plugins\maven\lib\maven3\lib\jansi-native -Dmaven.multiModuleProjectDirectory=C:\Desktop\pidevv\pi25-01-2026 org.codehaus.plexus.classworlds.launcher.Launcher -Didea.version=2025.3.3 -Dmaven.ext.class.path=C:\Program Files\JetBrains\IntelliJ IDEA 2023.2.8\plugins\maven\lib\maven-event-listener.jar -Djansi.passthrough=true -Dstyle.color=always -Dmaven.repo.local=C:\Users\PROBOOK\.m2\repository javafx:run

Host: 11th Gen Intel(R) Core(TM) i5-1135G7 @ 2.40GHz, 8 cores, 15G,  Windows 11 , 64 bit Build 26100 (10.0.26100.7920)
Time: Sun Mar  1 19:55:41 2026 Afr. centrale Ouest elapsed time: 7.618277 seconds (0d 0h 0m 7s)

---------------  T H R E A D  ---------------

Current thread (0x000002912cec77e0):  JavaThread "C2 CompilerThread0" daemon [_thread_in_native, id=28348, stack(0x000000bf13300000,0x000000bf13400000)]


Current CompileTask:
C2:   7618 1769   !   4       java.net.URL::<init> (543 bytes)

Stack: [0x000000bf13300000,0x000000bf13400000]
Native frames: (J=compiled Java code, j=interpreted, Vv=VM code, C=native code)
V  [jvm.dll+0x677d0a]
V  [jvm.dll+0x7d8c54]
V  [jvm.dll+0x7da3fe]
V  [jvm.dll+0x7daa63]
V  [jvm.dll+0x245c5f]
V  [jvm.dll+0xaaa6b]
V  [jvm.dll+0xab00c]
V  [jvm.dll+0x361e8e]
V  [jvm.dll+0x32c551]
V  [jvm.dll+0x32b9ea]
V  [jvm.dll+0x217fff]
V  [jvm.dll+0x217431]
V  [jvm.dll+0x1a3af0]
V  [jvm.dll+0x2270be]
V  [jvm.dll+0x22535b]
V  [jvm.dll+0x78e7bc]
V  [jvm.dll+0x788bba]
V  [jvm.dll+0x676b35]
C  [ucrtbase.dll+0x37b0]
C  [KERNEL32.DLL+0x2e8d7]
C  [ntdll.dll+0x8c48c]


---------------  P R O C E S S  ---------------

Threads class SMR info:
_java_thread_list=0x0000029172b84ef0, length=12, elements={
0x000002910a323020, 0x000002912ceab670, 0x000002912cead440, 0x000002912cec5100,
0x000002912cec59c0, 0x000002912cec6280, 0x000002912cec6b40, 0x000002912cec77e0,
0x000002912cece270, 0x0000029172176aa0, 0x000002917228d6b0, 0x000002917228e3d0
}

Java Threads: ( => current thread )
  0x000002910a323020 JavaThread "main" [_thread_in_Java, id=21596, stack(0x000000bf12600000,0x000000bf12700000)]
  0x000002912ceab670 JavaThread "Reference Handler" daemon [_thread_blocked, id=33352, stack(0x000000bf12d00000,0x000000bf12e00000)]
  0x000002912cead440 JavaThread "Finalizer" daemon [_thread_blocked, id=22232, stack(0x000000bf12e00000,0x000000bf12f00000)]
  0x000002912cec5100 JavaThread "Signal Dispatcher" daemon [_thread_blocked, id=23496, stack(0x000000bf12f00000,0x000000bf13000000)]
  0x000002912cec59c0 JavaThread "Attach Listener" daemon [_thread_blocked, id=8440, stack(0x000000bf13000000,0x000000bf13100000)]
  0x000002912cec6280 JavaThread "Service Thread" daemon [_thread_blocked, id=34384, stack(0x000000bf13100000,0x000000bf13200000)]
  0x000002912cec6b40 JavaThread "Monitor Deflation Thread" daemon [_thread_blocked, id=33272, stack(0x000000bf13200000,0x000000bf13300000)]
=>0x000002912cec77e0 JavaThread "C2 CompilerThread0" daemon [_thread_in_native, id=28348, stack(0x000000bf13300000,0x000000bf13400000)]
  0x000002912cece270 JavaThread "C1 CompilerThread0" daemon [_thread_in_native, id=36100, stack(0x000000bf13400000,0x000000bf13500000)]
  0x0000029172176aa0 JavaThread "Sweeper thread" daemon [_thread_blocked, id=24940, stack(0x000000bf13500000,0x000000bf13600000)]
  0x000002917228d6b0 JavaThread "Notification Thread" daemon [_thread_blocked, id=35976, stack(0x000000bf13600000,0x000000bf13700000)]
  0x000002917228e3d0 JavaThread "Common-Cleaner" daemon [_thread_blocked, id=36088, stack(0x000000bf13800000,0x000000bf13900000)]

Other Threads:
  0x000002912cea59b0 VMThread "VM Thread" [stack: 0x000000bf12c00000,0x000000bf12d00000] [id=30428]
  0x000002917228df90 WatcherThread [stack: 0x000000bf13700000,0x000000bf13800000] [id=31316]
  0x000002910a3928f0 GCTaskThread "GC Thread#0" [stack: 0x000000bf12700000,0x000000bf12800000] [id=8540]
  0x0000029172d9b660 GCTaskThread "GC Thread#1" [stack: 0x000000bf13900000,0x000000bf13a00000] [id=7776]
  0x0000029172b122e0 GCTaskThread "GC Thread#2" [stack: 0x000000bf13a00000,0x000000bf13b00000] [id=35716]
  0x0000029172b12590 GCTaskThread "GC Thread#3" [stack: 0x000000bf13b00000,0x000000bf13c00000] [id=29540]
  0x0000029172d30450 GCTaskThread "GC Thread#4" [stack: 0x000000bf13c00000,0x000000bf13d00000] [id=13844]
  0x0000029172d30700 GCTaskThread "GC Thread#5" [stack: 0x000000bf13d00000,0x000000bf13e00000] [id=28448]
  0x0000029172c48da0 GCTaskThread "GC Thread#6" [stack: 0x000000bf13e00000,0x000000bf13f00000] [id=36748]
  0x0000029172ccfcb0 GCTaskThread "GC Thread#7" [stack: 0x000000bf14000000,0x000000bf14100000] [id=31972]
  0x000002910a3a3250 ConcurrentGCThread "G1 Main Marker" [stack: 0x000000bf12800000,0x000000bf12900000] [id=7520]
  0x000002910a3a3cd0 ConcurrentGCThread "G1 Conc#0" [stack: 0x000000bf12900000,0x000000bf12a00000] [id=25488]
  0x000002910a3ee520 ConcurrentGCThread "G1 Refine#0" [stack: 0x000000bf12a00000,0x000000bf12b00000] [id=23800]
  0x000002912cd5ce00 ConcurrentGCThread "G1 Service" [stack: 0x000000bf12b00000,0x000000bf12c00000] [id=32888]

Threads with active compile tasks:
C2 CompilerThread0     7630 1769   !   4       java.net.URL::<init> (543 bytes)
C1 CompilerThread0     7630 1903   !   3       com.google.common.cache.LocalCache$Segment::get (210 bytes)

VM state: not at safepoint (normal execution)

VM Mutex/Monitor currently owned by a thread: None

Heap address: 0x0000000704e00000, size: 4018 MB, Compressed Oops mode: Zero based, Oop shift amount: 3

CDS archive(s) mapped at: [0x000002912d000000-0x000002912dbd0000-0x000002912dbd0000), size 12386304, SharedBaseAddress: 0x000002912d000000, ArchiveRelocationMode: 1.
Compressed class space mapped at: 0x000002912e000000-0x000002916e000000, reserved size: 1073741824
Narrow klass base: 0x000002912d000000, Narrow klass shift: 0, Narrow klass range: 0x100000000

GC Precious Log:
 CPUs: 8 total, 8 available
 Memory: 16064M
 Large Page Support: Disabled
 NUMA Support: Disabled
 Compressed Oops: Enabled (Zero based)
 Heap Region Size: 2M
 Heap Min Capacity: 8M
 Heap Initial Capacity: 252M
 Heap Max Capacity: 4018M
 Pre-touch: Disabled
 Parallel Workers: 8
 Concurrent Workers: 2
 Concurrent Refinement Workers: 8
 Periodic GC: Disabled

Heap:
 garbage-first heap   total 258048K, used 15233K [0x0000000704e00000, 0x0000000800000000)
  region size 2048K, 7 young (14336K), 1 survivors (2048K)
 Metaspace       used 10944K, committed 11072K, reserved 1114112K
  class space    used 1349K, committed 1408K, reserved 1048576K

Heap Regions: E=young(eden), S=young(survivor), O=old, HS=humongous(starts), HC=humongous(continues), CS=collection set, F=free, OA=open archive, CA=closed archive, TAMS=top-at-mark-start (previous, next)
|   0|0x0000000704e00000, 0x0000000705000000, 0x0000000705000000|100%| O|  |TAMS 0x0000000704e00000, 0x0000000704e00000| Untracked 
|   1|0x0000000705000000, 0x0000000705169000, 0x0000000705200000| 70%| O|  |TAMS 0x0000000705000000, 0x0000000705000000| Untracked 
|   2|0x0000000705200000, 0x0000000705200000, 0x0000000705400000|  0%| F|  |TAMS 0x0000000705200000, 0x0000000705200000| Untracked 
|   3|0x0000000705400000, 0x0000000705400000, 0x0000000705600000|  0%| F|  |TAMS 0x0000000705400000, 0x0000000705400000| Untracked 
|   4|0x0000000705600000, 0x0000000705600000, 0x0000000705800000|  0%| F|  |TAMS 0x0000000705600000, 0x0000000705600000| Untracked 
|   5|0x0000000705800000, 0x0000000705800000, 0x0000000705a00000|  0%| F|  |TAMS 0x0000000705800000, 0x0000000705800000| Untracked 
|   6|0x0000000705a00000, 0x0000000705a00000, 0x0000000705c00000|  0%| F|  |TAMS 0x0000000705a00000, 0x0000000705a00000| Untracked 
|   7|0x0000000705c00000, 0x0000000705c00000, 0x0000000705e00000|  0%| F|  |TAMS 0x0000000705c00000, 0x0000000705c00000| Untracked 
|   8|0x0000000705e00000, 0x0000000705e00000, 0x0000000706000000|  0%| F|  |TAMS 0x0000000705e00000, 0x0000000705e00000| Untracked 
|   9|0x0000000706000000, 0x0000000706000000, 0x0000000706200000|  0%| F|  |TAMS 0x0000000706000000, 0x0000000706000000| Untracked 
|  10|0x0000000706200000, 0x0000000706200000, 0x0000000706400000|  0%| F|  |TAMS 0x0000000706200000, 0x0000000706200000| Untracked 
|  11|0x0000000706400000, 0x0000000706400000, 0x0000000706600000|  0%| F|  |TAMS 0x0000000706400000, 0x0000000706400000| Untracked 
|  12|0x0000000706600000, 0x0000000706600000, 0x0000000706800000|  0%| F|  |TAMS 0x0000000706600000, 0x0000000706600000| Untracked 
|  13|0x0000000706800000, 0x0000000706800000, 0x0000000706a00000|  0%| F|  |TAMS 0x0000000706800000, 0x0000000706800000| Untracked 
|  14|0x0000000706a00000, 0x0000000706a00000, 0x0000000706c00000|  0%| F|  |TAMS 0x0000000706a00000, 0x0000000706a00000| Untracked 
|  15|0x0000000706c00000, 0x0000000706c00000, 0x0000000706e00000|  0%| F|  |TAMS 0x0000000706c00000, 0x0000000706c00000| Untracked 
|  16|0x0000000706e00000, 0x0000000706e00000, 0x0000000707000000|  0%| F|  |TAMS 0x0000000706e00000, 0x0000000706e00000| Untracked 
|  17|0x0000000707000000, 0x0000000707000000, 0x0000000707200000|  0%| F|  |TAMS 0x0000000707000000, 0x0000000707000000| Untracked 
|  18|0x0000000707200000, 0x0000000707200000, 0x0000000707400000|  0%| F|  |TAMS 0x0000000707200000, 0x0000000707200000| Untracked 
|  19|0x0000000707400000, 0x0000000707400000, 0x0000000707600000|  0%| F|  |TAMS 0x0000000707400000, 0x0000000707400000| Untracked 
|  20|0x0000000707600000, 0x0000000707600000, 0x0000000707800000|  0%| F|  |TAMS 0x0000000707600000, 0x0000000707600000| Untracked 
|  21|0x0000000707800000, 0x0000000707800000, 0x0000000707a00000|  0%| F|  |TAMS 0x0000000707800000, 0x0000000707800000| Untracked 
|  22|0x0000000707a00000, 0x0000000707a00000, 0x0000000707c00000|  0%| F|  |TAMS 0x0000000707a00000, 0x0000000707a00000| Untracked 
|  23|0x0000000707c00000, 0x0000000707c00000, 0x0000000707e00000|  0%| F|  |TAMS 0x0000000707c00000, 0x0000000707c00000| Untracked 
|  24|0x0000000707e00000, 0x0000000707e00000, 0x0000000708000000|  0%| F|  |TAMS 0x0000000707e00000, 0x0000000707e00000| Untracked 
|  25|0x0000000708000000, 0x0000000708000000, 0x0000000708200000|  0%| F|  |TAMS 0x0000000708000000, 0x0000000708000000| Untracked 
|  26|0x0000000708200000, 0x0000000708200000, 0x0000000708400000|  0%| F|  |TAMS 0x0000000708200000, 0x0000000708200000| Untracked 
|  27|0x0000000708400000, 0x0000000708400000, 0x0000000708600000|  0%| F|  |TAMS 0x0000000708400000, 0x0000000708400000| Untracked 
|  28|0x0000000708600000, 0x0000000708600000, 0x0000000708800000|  0%| F|  |TAMS 0x0000000708600000, 0x0000000708600000| Untracked 
|  29|0x0000000708800000, 0x0000000708800000, 0x0000000708a00000|  0%| F|  |TAMS 0x0000000708800000, 0x0000000708800000| Untracked 
|  30|0x0000000708a00000, 0x0000000708a00000, 0x0000000708c00000|  0%| F|  |TAMS 0x0000000708a00000, 0x0000000708a00000| Untracked 
|  31|0x0000000708c00000, 0x0000000708c00000, 0x0000000708e00000|  0%| F|  |TAMS 0x0000000708c00000, 0x0000000708c00000| Untracked 
|  32|0x0000000708e00000, 0x0000000708e00000, 0x0000000709000000|  0%| F|  |TAMS 0x0000000708e00000, 0x0000000708e00000| Untracked 
|  33|0x0000000709000000, 0x0000000709000000, 0x0000000709200000|  0%| F|  |TAMS 0x0000000709000000, 0x0000000709000000| Untracked 
|  34|0x0000000709200000, 0x0000000709200000, 0x0000000709400000|  0%| F|  |TAMS 0x0000000709200000, 0x0000000709200000| Untracked 
|  35|0x0000000709400000, 0x0000000709400000, 0x0000000709600000|  0%| F|  |TAMS 0x0000000709400000, 0x0000000709400000| Untracked 
|  36|0x0000000709600000, 0x0000000709600000, 0x0000000709800000|  0%| F|  |TAMS 0x0000000709600000, 0x0000000709600000| Untracked 
|  37|0x0000000709800000, 0x0000000709800000, 0x0000000709a00000|  0%| F|  |TAMS 0x0000000709800000, 0x0000000709800000| Untracked 
|  38|0x0000000709a00000, 0x0000000709a00000, 0x0000000709c00000|  0%| F|  |TAMS 0x0000000709a00000, 0x0000000709a00000| Untracked 
|  39|0x0000000709c00000, 0x0000000709c00000, 0x0000000709e00000|  0%| F|  |TAMS 0x0000000709c00000, 0x0000000709c00000| Untracked 
|  40|0x0000000709e00000, 0x0000000709e00000, 0x000000070a000000|  0%| F|  |TAMS 0x0000000709e00000, 0x0000000709e00000| Untracked 
|  41|0x000000070a000000, 0x000000070a000000, 0x000000070a200000|  0%| F|  |TAMS 0x000000070a000000, 0x000000070a000000| Untracked 
|  42|0x000000070a200000, 0x000000070a200000, 0x000000070a400000|  0%| F|  |TAMS 0x000000070a200000, 0x000000070a200000| Untracked 
|  43|0x000000070a400000, 0x000000070a400000, 0x000000070a600000|  0%| F|  |TAMS 0x000000070a400000, 0x000000070a400000| Untracked 
|  44|0x000000070a600000, 0x000000070a600000, 0x000000070a800000|  0%| F|  |TAMS 0x000000070a600000, 0x000000070a600000| Untracked 
|  45|0x000000070a800000, 0x000000070a800000, 0x000000070aa00000|  0%| F|  |TAMS 0x000000070a800000, 0x000000070a800000| Untracked 
|  46|0x000000070aa00000, 0x000000070aa00000, 0x000000070ac00000|  0%| F|  |TAMS 0x000000070aa00000, 0x000000070aa00000| Untracked 
|  47|0x000000070ac00000, 0x000000070ac00000, 0x000000070ae00000|  0%| F|  |TAMS 0x000000070ac00000, 0x000000070ac00000| Untracked 
|  48|0x000000070ae00000, 0x000000070ae00000, 0x000000070b000000|  0%| F|  |TAMS 0x000000070ae00000, 0x000000070ae00000| Untracked 
|  49|0x000000070b000000, 0x000000070b000000, 0x000000070b200000|  0%| F|  |TAMS 0x000000070b000000, 0x000000070b000000| Untracked 
|  50|0x000000070b200000, 0x000000070b200000, 0x000000070b400000|  0%| F|  |TAMS 0x000000070b200000, 0x000000070b200000| Untracked 
|  51|0x000000070b400000, 0x000000070b400000, 0x000000070b600000|  0%| F|  |TAMS 0x000000070b400000, 0x000000070b400000| Untracked 
|  52|0x000000070b600000, 0x000000070b600000, 0x000000070b800000|  0%| F|  |TAMS 0x000000070b600000, 0x000000070b600000| Untracked 
|  53|0x000000070b800000, 0x000000070b800000, 0x000000070ba00000|  0%| F|  |TAMS 0x000000070b800000, 0x000000070b800000| Untracked 
|  54|0x000000070ba00000, 0x000000070ba00000, 0x000000070bc00000|  0%| F|  |TAMS 0x000000070ba00000, 0x000000070ba00000| Untracked 
|  55|0x000000070bc00000, 0x000000070bc00000, 0x000000070be00000|  0%| F|  |TAMS 0x000000070bc00000, 0x000000070bc00000| Untracked 
|  56|0x000000070be00000, 0x000000070be00000, 0x000000070c000000|  0%| F|  |TAMS 0x000000070be00000, 0x000000070be00000| Untracked 
|  57|0x000000070c000000, 0x000000070c000000, 0x000000070c200000|  0%| F|  |TAMS 0x000000070c000000, 0x000000070c000000| Untracked 
|  58|0x000000070c200000, 0x000000070c200000, 0x000000070c400000|  0%| F|  |TAMS 0x000000070c200000, 0x000000070c200000| Untracked 
|  59|0x000000070c400000, 0x000000070c400000, 0x000000070c600000|  0%| F|  |TAMS 0x000000070c400000, 0x000000070c400000| Untracked 
|  60|0x000000070c600000, 0x000000070c600000, 0x000000070c800000|  0%| F|  |TAMS 0x000000070c600000, 0x000000070c600000| Untracked 
|  61|0x000000070c800000, 0x000000070c800000, 0x000000070ca00000|  0%| F|  |TAMS 0x000000070c800000, 0x000000070c800000| Untracked 
|  62|0x000000070ca00000, 0x000000070ca00000, 0x000000070cc00000|  0%| F|  |TAMS 0x000000070ca00000, 0x000000070ca00000| Untracked 
|  63|0x000000070cc00000, 0x000000070cc00000, 0x000000070ce00000|  0%| F|  |TAMS 0x000000070cc00000, 0x000000070cc00000| Untracked 
|  64|0x000000070ce00000, 0x000000070ce00000, 0x000000070d000000|  0%| F|  |TAMS 0x000000070ce00000, 0x000000070ce00000| Untracked 
|  65|0x000000070d000000, 0x000000070d000000, 0x000000070d200000|  0%| F|  |TAMS 0x000000070d000000, 0x000000070d000000| Untracked 
|  66|0x000000070d200000, 0x000000070d200000, 0x000000070d400000|  0%| F|  |TAMS 0x000000070d200000, 0x000000070d200000| Untracked 
|  67|0x000000070d400000, 0x000000070d400000, 0x000000070d600000|  0%| F|  |TAMS 0x000000070d400000, 0x000000070d400000| Untracked 
|  68|0x000000070d600000, 0x000000070d600000, 0x000000070d800000|  0%| F|  |TAMS 0x000000070d600000, 0x000000070d600000| Untracked 
|  69|0x000000070d800000, 0x000000070d800000, 0x000000070da00000|  0%| F|  |TAMS 0x000000070d800000, 0x000000070d800000| Untracked 
|  70|0x000000070da00000, 0x000000070da00000, 0x000000070dc00000|  0%| F|  |TAMS 0x000000070da00000, 0x000000070da00000| Untracked 
|  71|0x000000070dc00000, 0x000000070dc00000, 0x000000070de00000|  0%| F|  |TAMS 0x000000070dc00000, 0x000000070dc00000| Untracked 
|  72|0x000000070de00000, 0x000000070de00000, 0x000000070e000000|  0%| F|  |TAMS 0x000000070de00000, 0x000000070de00000| Untracked 
|  73|0x000000070e000000, 0x000000070e000000, 0x000000070e200000|  0%| F|  |TAMS 0x000000070e000000, 0x000000070e000000| Untracked 
|  74|0x000000070e200000, 0x000000070e200000, 0x000000070e400000|  0%| F|  |TAMS 0x000000070e200000, 0x000000070e200000| Untracked 
|  75|0x000000070e400000, 0x000000070e400000, 0x000000070e600000|  0%| F|  |TAMS 0x000000070e400000, 0x000000070e400000| Untracked 
|  76|0x000000070e600000, 0x000000070e600000, 0x000000070e800000|  0%| F|  |TAMS 0x000000070e600000, 0x000000070e600000| Untracked 
|  77|0x000000070e800000, 0x000000070e800000, 0x000000070ea00000|  0%| F|  |TAMS 0x000000070e800000, 0x000000070e800000| Untracked 
|  78|0x000000070ea00000, 0x000000070ea00000, 0x000000070ec00000|  0%| F|  |TAMS 0x000000070ea00000, 0x000000070ea00000| Untracked 
|  79|0x000000070ec00000, 0x000000070ec00000, 0x000000070ee00000|  0%| F|  |TAMS 0x000000070ec00000, 0x000000070ec00000| Untracked 
|  80|0x000000070ee00000, 0x000000070ee00000, 0x000000070f000000|  0%| F|  |TAMS 0x000000070ee00000, 0x000000070ee00000| Untracked 
|  81|0x000000070f000000, 0x000000070f000000, 0x000000070f200000|  0%| F|  |TAMS 0x000000070f000000, 0x000000070f000000| Untracked 
|  82|0x000000070f200000, 0x000000070f200000, 0x000000070f400000|  0%| F|  |TAMS 0x000000070f200000, 0x000000070f200000| Untracked 
|  83|0x000000070f400000, 0x000000070f400000, 0x000000070f600000|  0%| F|  |TAMS 0x000000070f400000, 0x000000070f400000| Untracked 
|  84|0x000000070f600000, 0x000000070f600000, 0x000000070f800000|  0%| F|  |TAMS 0x000000070f600000, 0x000000070f600000| Untracked 
|  85|0x000000070f800000, 0x000000070f800000, 0x000000070fa00000|  0%| F|  |TAMS 0x000000070f800000, 0x000000070f800000| Untracked 
|  86|0x000000070fa00000, 0x000000070fa00000, 0x000000070fc00000|  0%| F|  |TAMS 0x000000070fa00000, 0x000000070fa00000| Untracked 
|  87|0x000000070fc00000, 0x000000070fc00000, 0x000000070fe00000|  0%| F|  |TAMS 0x000000070fc00000, 0x000000070fc00000| Untracked 
|  88|0x000000070fe00000, 0x000000070fe00000, 0x0000000710000000|  0%| F|  |TAMS 0x000000070fe00000, 0x000000070fe00000| Untracked 
|  89|0x0000000710000000, 0x0000000710000000, 0x0000000710200000|  0%| F|  |TAMS 0x0000000710000000, 0x0000000710000000| Untracked 
|  90|0x0000000710200000, 0x0000000710200000, 0x0000000710400000|  0%| F|  |TAMS 0x0000000710200000, 0x0000000710200000| Untracked 
|  91|0x0000000710400000, 0x0000000710400000, 0x0000000710600000|  0%| F|  |TAMS 0x0000000710400000, 0x0000000710400000| Untracked 
|  92|0x0000000710600000, 0x0000000710600000, 0x0000000710800000|  0%| F|  |TAMS 0x0000000710600000, 0x0000000710600000| Untracked 
|  93|0x0000000710800000, 0x0000000710800000, 0x0000000710a00000|  0%| F|  |TAMS 0x0000000710800000, 0x0000000710800000| Untracked 
|  94|0x0000000710a00000, 0x0000000710a00000, 0x0000000710c00000|  0%| F|  |TAMS 0x0000000710a00000, 0x0000000710a00000| Untracked 
|  95|0x0000000710c00000, 0x0000000710c00000, 0x0000000710e00000|  0%| F|  |TAMS 0x0000000710c00000, 0x0000000710c00000| Untracked 
|  96|0x0000000710e00000, 0x0000000710e00000, 0x0000000711000000|  0%| F|  |TAMS 0x0000000710e00000, 0x0000000710e00000| Untracked 
|  97|0x0000000711000000, 0x0000000711000000, 0x0000000711200000|  0%| F|  |TAMS 0x0000000711000000, 0x0000000711000000| Untracked 
|  98|0x0000000711200000, 0x0000000711200000, 0x0000000711400000|  0%| F|  |TAMS 0x0000000711200000, 0x0000000711200000| Untracked 
|  99|0x0000000711400000, 0x0000000711400000, 0x0000000711600000|  0%| F|  |TAMS 0x0000000711400000, 0x0000000711400000| Untracked 
| 100|0x0000000711600000, 0x0000000711600000, 0x0000000711800000|  0%| F|  |TAMS 0x0000000711600000, 0x0000000711600000| Untracked 
| 101|0x0000000711800000, 0x0000000711800000, 0x0000000711a00000|  0%| F|  |TAMS 0x0000000711800000, 0x0000000711800000| Untracked 
| 102|0x0000000711a00000, 0x0000000711a00000, 0x0000000711c00000|  0%| F|  |TAMS 0x0000000711a00000, 0x0000000711a00000| Untracked 
| 103|0x0000000711c00000, 0x0000000711c00000, 0x0000000711e00000|  0%| F|  |TAMS 0x0000000711c00000, 0x0000000711c00000| Untracked 
| 104|0x0000000711e00000, 0x0000000711e00000, 0x0000000712000000|  0%| F|  |TAMS 0x0000000711e00000, 0x0000000711e00000| Untracked 
| 105|0x0000000712000000, 0x0000000712000000, 0x0000000712200000|  0%| F|  |TAMS 0x0000000712000000, 0x0000000712000000| Untracked 
| 106|0x0000000712200000, 0x0000000712200000, 0x0000000712400000|  0%| F|  |TAMS 0x0000000712200000, 0x0000000712200000| Untracked 
| 107|0x0000000712400000, 0x0000000712400000, 0x0000000712600000|  0%| F|  |TAMS 0x0000000712400000, 0x0000000712400000| Untracked 
| 108|0x0000000712600000, 0x00000007127777c8, 0x0000000712800000| 73%| S|CS|TAMS 0x0000000712600000, 0x0000000712600000| Complete 
| 109|0x0000000712800000, 0x0000000712800000, 0x0000000712a00000|  0%| F|  |TAMS 0x0000000712800000, 0x0000000712800000| Untracked 
| 110|0x0000000712a00000, 0x0000000712a00000, 0x0000000712c00000|  0%| F|  |TAMS 0x0000000712a00000, 0x0000000712a00000| Untracked 
| 111|0x0000000712c00000, 0x0000000712c00000, 0x0000000712e00000|  0%| F|  |TAMS 0x0000000712c00000, 0x0000000712c00000| Untracked 
| 112|0x0000000712e00000, 0x0000000712e00000, 0x0000000713000000|  0%| F|  |TAMS 0x0000000712e00000, 0x0000000712e00000| Untracked 
| 113|0x0000000713000000, 0x0000000713000000, 0x0000000713200000|  0%| F|  |TAMS 0x0000000713000000, 0x0000000713000000| Untracked 
| 114|0x0000000713200000, 0x0000000713200000, 0x0000000713400000|  0%| F|  |TAMS 0x0000000713200000, 0x0000000713200000| Untracked 
| 115|0x0000000713400000, 0x0000000713400000, 0x0000000713600000|  0%| F|  |TAMS 0x0000000713400000, 0x0000000713400000| Untracked 
| 116|0x0000000713600000, 0x0000000713600000, 0x0000000713800000|  0%| F|  |TAMS 0x0000000713600000, 0x0000000713600000| Untracked 
| 117|0x0000000713800000, 0x0000000713800000, 0x0000000713a00000|  0%| F|  |TAMS 0x0000000713800000, 0x0000000713800000| Untracked 
| 118|0x0000000713a00000, 0x0000000713a00000, 0x0000000713c00000|  0%| F|  |TAMS 0x0000000713a00000, 0x0000000713a00000| Untracked 
| 119|0x0000000713c00000, 0x0000000713c00000, 0x0000000713e00000|  0%| F|  |TAMS 0x0000000713c00000, 0x0000000713c00000| Untracked 
| 120|0x0000000713e00000, 0x0000000714000000, 0x0000000714000000|100%| E|  |TAMS 0x0000000713e00000, 0x0000000713e00000| Complete 
| 121|0x0000000714000000, 0x0000000714200000, 0x0000000714200000|100%| E|CS|TAMS 0x0000000714000000, 0x0000000714000000| Complete 
| 122|0x0000000714200000, 0x0000000714400000, 0x0000000714400000|100%| E|CS|TAMS 0x0000000714200000, 0x0000000714200000| Complete 
| 123|0x0000000714400000, 0x0000000714600000, 0x0000000714600000|100%| E|CS|TAMS 0x0000000714400000, 0x0000000714400000| Complete 
| 124|0x0000000714600000, 0x0000000714800000, 0x0000000714800000|100%| E|CS|TAMS 0x0000000714600000, 0x0000000714600000| Complete 
| 125|0x0000000714800000, 0x0000000714a00000, 0x0000000714a00000|100%| E|CS|TAMS 0x0000000714800000, 0x0000000714800000| Complete 

Card table byte_map: [0x00000291216f0000,0x0000029121ed0000] _byte_map_base: 0x000002911dec9000

Marking Bits (Prev, Next): (CMBitMap*) 0x000002910a392e10, (CMBitMap*) 0x000002910a392e50
 Prev Bits: [0x00000291226b0000, 0x0000029126578000)
 Next Bits: [0x0000029126580000, 0x000002912a448000)

Polling page: 0x0000029108250000

Metaspace:

Usage:
  Non-class:      9.38 MB used.
      Class:      1.32 MB used.
       Both:     10.70 MB used.

Virtual space:
  Non-class space:       64.00 MB reserved,       9.44 MB ( 15%) committed,  1 nodes.
      Class space:        1.00 GB reserved,       1.38 MB ( <1%) committed,  1 nodes.
             Both:        1.06 GB reserved,      10.81 MB ( <1%) committed. 

Chunk freelists:
   Non-Class:  5.06 MB
       Class:  14.62 MB
        Both:  19.69 MB

MaxMetaspaceSize: unlimited
CompressedClassSpaceSize: 1.00 GB
Initial GC threshold: 21.00 MB
Current GC threshold: 21.00 MB
CDS: on
MetaspaceReclaimPolicy: balanced
 - commit_granule_bytes: 65536.
 - commit_granule_words: 8192.
 - virtual_space_node_default_size: 8388608.
 - enlarge_chunks_in_place: 1.
 - new_chunks_are_fully_committed: 0.
 - uncommit_free_chunks: 1.
 - use_allocation_guard: 0.
 - handle_deallocations: 1.


Internal statistics:

num_allocs_failed_limit: 0.
num_arena_births: 64.
num_arena_deaths: 0.
num_vsnodes_births: 2.
num_vsnodes_deaths: 0.
num_space_committed: 173.
num_space_uncommitted: 0.
num_chunks_returned_to_freelist: 0.
num_chunks_taken_from_freelist: 451.
num_chunk_merges: 0.
num_chunk_splits: 301.
num_chunks_enlarged: 241.
num_purges: 0.
num_inconsistent_stats: 0.

CodeHeap 'non-profiled nmethods': size=120000Kb used=716Kb max_used=716Kb free=119283Kb
 bounds [0x0000029119690000, 0x0000029119900000, 0x0000029120bc0000]
CodeHeap 'profiled nmethods': size=120000Kb used=3790Kb max_used=3790Kb free=116209Kb
 bounds [0x0000029111bc0000, 0x0000029111f80000, 0x00000291190f0000]
CodeHeap 'non-nmethods': size=5760Kb used=1170Kb max_used=1193Kb free=4589Kb
 bounds [0x00000291190f0000, 0x0000029119360000, 0x0000029119690000]
 total_blobs=2359 nmethods=1915 adapters=356
 compilation: enabled
              stopped_count=0, restarted_count=0
 full_count=0

Compilation events (20 events):
Event: 6.606 Thread 0x000002912cece270 nmethod 1869 0x0000029111f65a90 code [0x0000029111f65c40, 0x0000029111f65e98]
Event: 6.606 Thread 0x000002912cece270 1870       3       com.google.inject.internal.AbstractProcessor::visitOther (5 bytes)
Event: 6.606 Thread 0x0000029172cb6ac0 nmethod 1868 0x000002911973e890 code [0x000002911973ea00, 0x000002911973ea78]
Event: 6.606 Thread 0x000002912cece270 nmethod 1870 0x0000029111f65f90 code [0x0000029111f66120, 0x0000029111f66298]
Event: 6.606 Thread 0x0000029172cb6ac0 1871       4       java.util.ArrayList::elementAt (4 bytes)
Event: 6.607 Thread 0x0000029172cb6ac0 nmethod 1871 0x000002911973eb90 code [0x000002911973ed00, 0x000002911973ed98]
Event: 6.609 Thread 0x000002912cece270 1872       1       java.util.concurrent.locks.AbstractOwnableSynchronizer::getExclusiveOwnerThread (5 bytes)
Event: 6.609 Thread 0x000002912cece270 nmethod 1872 0x000002911973ee90 code [0x000002911973f020, 0x000002911973f0f8]
Event: 6.609 Thread 0x000002912cece270 1874       3       java.lang.reflect.Proxy$ProxyBuilder::addElementTypes (33 bytes)
Event: 6.609 Thread 0x000002912cece270 nmethod 1874 0x0000029111f66390 code [0x0000029111f665a0, 0x0000029111f66ca8]
Event: 6.609 Thread 0x000002912cece270 1875       3       jdk.internal.org.objectweb.asm.Type::<init> (26 bytes)
Event: 6.609 Thread 0x000002912cece270 nmethod 1875 0x0000029111f66f90 code [0x0000029111f67120, 0x0000029111f672f8]
Event: 6.609 Thread 0x000002912cece270 1873       1       java.lang.reflect.Method::getSharedExceptionTypes (5 bytes)
Event: 6.609 Thread 0x000002912cece270 nmethod 1873 0x000002911973f190 code [0x000002911973f320, 0x000002911973f3f8]
Event: 6.609 Thread 0x000002912cece270 1876       1       jdk.internal.org.objectweb.asm.SymbolTable::getClassName (5 bytes)
Event: 6.609 Thread 0x000002912cece270 nmethod 1876 0x000002911973f490 code [0x000002911973f620, 0x000002911973f6f8]
Event: 6.609 Thread 0x000002912cece270 1877       1       java.util.concurrent.locks.AbstractQueuedSynchronizer::getState (5 bytes)
Event: 6.609 Thread 0x000002912cece270 nmethod 1877 0x000002911973f790 code [0x000002911973f920, 0x000002911973f9f8]
Event: 6.609 Thread 0x000002912cece270 1878       3       java.util.ArrayList::isClear (21 bytes)
Event: 6.610 Thread 0x000002912cece270 nmethod 1878 0x0000029111f67390 code [0x0000029111f67520, 0x0000029111f676b8]

GC Heap History (4 events):
Event: 2.872 GC heap before
{Heap before GC invocations=0 (full 0):
 garbage-first heap   total 258048K, used 22528K [0x0000000704e00000, 0x0000000800000000)
  region size 2048K, 11 young (22528K), 0 survivors (0K)
 Metaspace       used 5399K, committed 5568K, reserved 1114112K
  class space    used 648K, committed 768K, reserved 1048576K
}
Event: 2.877 GC heap after
{Heap after GC invocations=1 (full 0):
 garbage-first heap   total 258048K, used 3713K [0x0000000704e00000, 0x0000000800000000)
  region size 2048K, 2 young (4096K), 2 survivors (4096K)
 Metaspace       used 5399K, committed 5568K, reserved 1114112K
  class space    used 648K, committed 768K, reserved 1048576K
}
Event: 5.429 GC heap before
{Heap before GC invocations=1 (full 0):
 garbage-first heap   total 258048K, used 34433K [0x0000000704e00000, 0x0000000800000000)
  region size 2048K, 17 young (34816K), 2 survivors (4096K)
 Metaspace       used 8772K, committed 8896K, reserved 1114112K
  class space    used 1056K, committed 1152K, reserved 1048576K
}
Event: 5.432 GC heap after
{Heap after GC invocations=2 (full 0):
 garbage-first heap   total 258048K, used 4993K [0x0000000704e00000, 0x0000000800000000)
  region size 2048K, 1 young (2048K), 1 survivors (2048K)
 Metaspace       used 8772K, committed 8896K, reserved 1114112K
  class space    used 1056K, committed 1152K, reserved 1048576K
}

Deoptimization events (20 events):
Event: 6.591 Thread 0x000002910a323020 Uncommon trap: trap_request=0xffffffd6 fr.pc=0x0000029119738e7c relative=0x000000000000015c
Event: 6.591 Thread 0x000002910a323020 Uncommon trap: reason=array_check action=maybe_recompile pc=0x0000029119738e7c method=java.util.stream.Nodes$FixedNodeBuilder.accept(Ljava/lang/Object;)V @ 28 c2
Event: 6.591 Thread 0x000002910a323020 DEOPT PACKING pc=0x0000029119738e7c sp=0x000000bf126fdd10
Event: 6.591 Thread 0x000002910a323020 DEOPT UNPACKING pc=0x0000029119145ba3 sp=0x000000bf126fdcc0 mode 2
Event: 6.591 Thread 0x000002910a323020 Uncommon trap: trap_request=0xffffffd6 fr.pc=0x0000029119738e7c relative=0x000000000000015c
Event: 6.591 Thread 0x000002910a323020 Uncommon trap: reason=array_check action=maybe_recompile pc=0x0000029119738e7c method=java.util.stream.Nodes$FixedNodeBuilder.accept(Ljava/lang/Object;)V @ 28 c2
Event: 6.591 Thread 0x000002910a323020 DEOPT PACKING pc=0x0000029119738e7c sp=0x000000bf126fdd10
Event: 6.591 Thread 0x000002910a323020 DEOPT UNPACKING pc=0x0000029119145ba3 sp=0x000000bf126fdcc0 mode 2
Event: 6.591 Thread 0x000002910a323020 Uncommon trap: trap_request=0xffffffd6 fr.pc=0x0000029119738e7c relative=0x000000000000015c
Event: 6.591 Thread 0x000002910a323020 Uncommon trap: reason=array_check action=maybe_recompile pc=0x0000029119738e7c method=java.util.stream.Nodes$FixedNodeBuilder.accept(Ljava/lang/Object;)V @ 28 c2
Event: 6.591 Thread 0x000002910a323020 DEOPT PACKING pc=0x0000029119738e7c sp=0x000000bf126fdcf0
Event: 6.591 Thread 0x000002910a323020 DEOPT UNPACKING pc=0x0000029119145ba3 sp=0x000000bf126fdca0 mode 2
Event: 6.591 Thread 0x000002910a323020 Uncommon trap: trap_request=0xffffffd6 fr.pc=0x0000029119738e7c relative=0x000000000000015c
Event: 6.591 Thread 0x000002910a323020 Uncommon trap: reason=array_check action=maybe_recompile pc=0x0000029119738e7c method=java.util.stream.Nodes$FixedNodeBuilder.accept(Ljava/lang/Object;)V @ 28 c2
Event: 6.591 Thread 0x000002910a323020 DEOPT PACKING pc=0x0000029119738e7c sp=0x000000bf126fdcf0
Event: 6.591 Thread 0x000002910a323020 DEOPT UNPACKING pc=0x0000029119145ba3 sp=0x000000bf126fdca0 mode 2
Event: 6.595 Thread 0x000002910a323020 Uncommon trap: trap_request=0xffffff45 fr.pc=0x000002911973c4fc relative=0x00000000000002dc
Event: 6.595 Thread 0x000002910a323020 Uncommon trap: reason=unstable_if action=reinterpret pc=0x000002911973c4fc method=jdk.internal.org.objectweb.asm.SymbolTable.put(Ljdk/internal/org/objectweb/asm/SymbolTable$Entry;)Ljdk/internal/org/objectweb/asm/SymbolTable$Entry; @ 13 c2
Event: 6.595 Thread 0x000002910a323020 DEOPT PACKING pc=0x000002911973c4fc sp=0x000000bf126fd490
Event: 6.595 Thread 0x000002910a323020 DEOPT UNPACKING pc=0x0000029119145ba3 sp=0x000000bf126fd410 mode 2

Classes unloaded (0 events):
No events

Classes redefined (0 events):
No events

Internal exceptions (20 events):
Event: 1.302 Thread 0x000002910a323020 Exception <a 'java/lang/NullPointerException'{0x0000000714561780}> (0x0000000714561780) 
thrown [s\open\src\hotspot\share\interpreter\linkResolver.cpp, line 1350]
Event: 1.302 Thread 0x000002910a323020 Exception <a 'java/lang/NullPointerException'{0x0000000714561a58}> (0x0000000714561a58) 
thrown [s\open\src\hotspot\share\interpreter\linkResolver.cpp, line 1350]
Event: 1.312 Thread 0x000002910a323020 Exception <a 'java/lang/NoSuchMethodError'{0x00000007145e8860}: 'void java.lang.invoke.DirectMethodHandle$Holder.invokeStatic(java.lang.Object, java.lang.Object)'> (0x00000007145e8860) 
thrown [s\open\src\hotspot\share\interpreter\linkResolver.cpp, line 759]
Event: 1.312 Thread 0x000002910a323020 Exception <a 'java/lang/NoSuchMethodError'{0x00000007145ec178}: 'void java.lang.invoke.DirectMethodHandle$Holder.invokeStaticInit(java.lang.Object, java.lang.Object)'> (0x00000007145ec178) 
thrown [s\open\src\hotspot\share\interpreter\linkResolver.cpp, line 759]
Event: 1.319 Thread 0x000002910a323020 Exception <a 'java/lang/NoSuchMethodError'{0x0000000714241bb8}: 'void java.lang.invoke.DirectMethodHandle$Holder.invokeStatic(java.lang.Object, java.lang.Object, java.lang.Object)'> (0x0000000714241bb8) 
thrown [s\open\src\hotspot\share\interpreter\linkResolver.cpp, line 759]
Event: 1.339 Thread 0x000002910a323020 Exception <a 'java/lang/NullPointerException'{0x00000007142fc0f0}> (0x00000007142fc0f0) 
thrown [s\open\src\hotspot\share\interpreter\linkResolver.cpp, line 1350]
Event: 1.340 Thread 0x000002910a323020 Exception <a 'java/lang/NullPointerException'{0x00000007143046c0}> (0x00000007143046c0) 
thrown [s\open\src\hotspot\share\interpreter\linkResolver.cpp, line 1350]
Event: 1.359 Thread 0x000002910a323020 Exception <a 'java/lang/NoSuchMethodError'{0x00000007143fefa8}: 'java.lang.Object java.lang.invoke.DirectMethodHandle$Holder.invokeSpecialIFC(java.lang.Object, java.lang.Object, java.lang.Object, java.lang.Object)'> (0x00000007143fefa8) 
thrown [s\open\src\hotspot\share\interpreter\linkResolver.cpp, line 759]
Event: 1.706 Thread 0x000002910a323020 Exception <a 'java/lang/NoSuchMethodError'{0x0000000713a13578}: 'void java.lang.invoke.DirectMethodHandle$Holder.invokeSpecial(java.lang.Object, java.lang.Object, java.lang.Object)'> (0x0000000713a13578) 
thrown [s\open\src\hotspot\share\interpreter\linkResolver.cpp, line 759]
Event: 1.744 Thread 0x000002910a323020 Exception <a 'java/lang/NoSuchMethodError'{0x0000000713b80c28}: 'java.lang.Object java.lang.invoke.DirectMethodHandle$Holder.invokeInterface(java.lang.Object, java.lang.Object)'> (0x0000000713b80c28) 
thrown [s\open\src\hotspot\share\interpreter\linkResolver.cpp, line 759]
Event: 1.796 Thread 0x000002910a323020 Exception <a 'java/lang/NoSuchMethodError'{0x0000000713832350}: 'java.lang.Object java.lang.invoke.Invokers$Holder.invokeExact_MT(java.lang.Object, java.lang.Object, java.lang.Object, java.lang.Object, java.lang.Object, java.lang.Object)'> (0x0000000713832350) 
thrown [s\open\src\hotspot\share\interpreter\linkResolver.cpp, line 759]
Event: 1.798 Thread 0x000002910a323020 Exception <a 'java/lang/NoSuchMethodError'{0x00000007138437b0}: 'int java.lang.invoke.DirectMethodHandle$Holder.invokeSpecialIFC(java.lang.Object, java.lang.Object, java.lang.Object, java.lang.Object, java.lang.Object)'> (0x00000007138437b0) 
thrown [s\open\src\hotspot\share\interpreter\linkResolver.cpp, line 759]
Event: 2.020 Thread 0x000002910a323020 Exception <a 'java/lang/NoSuchMethodError'{0x00000007139fcd78}: 'java.lang.Object java.lang.invoke.DirectMethodHandle$Holder.newInvokeSpecial(java.lang.Object, java.lang.Object, java.lang.Object, java.lang.Object, java.lang.Object)'> (0x00000007139fcd78) 
thrown [s\open\src\hotspot\share\interpreter\linkResolver.cpp, line 759]
Event: 2.426 Thread 0x000002910a323020 Exception <a 'java/lang/NoSuchMethodError'{0x0000000713726610}: 'int java.lang.invoke.DirectMethodHandle$Holder.invokeStaticInit(java.lang.Object, java.lang.Object)'> (0x0000000713726610) 
thrown [s\open\src\hotspot\share\interpreter\linkResolver.cpp, line 759]
Event: 2.510 Thread 0x000002910a323020 Exception <a 'java/lang/NoClassDefFoundError'{0x00000007137608c0}: javax/enterprise/inject/Typed> (0x00000007137608c0) 
thrown [s\open\src\hotspot\share\classfile\systemDictionary.cpp, line 245]
Event: 6.570 Thread 0x000002910a323020 Exception <a 'java/lang/NoSuchMethodError'{0x00000007140bc0d8}: 'void java.lang.invoke.DirectMethodHandle$Holder.invokeStaticInit(java.lang.Object, java.lang.Object, java.lang.Object)'> (0x00000007140bc0d8) 
thrown [s\open\src\hotspot\share\interpreter\linkResolver.cpp, line 759]
Event: 6.576 Thread 0x000002910a323020 Exception <a 'java/lang/ExceptionInInitializerError'{0x00000007140ea210}> (0x00000007140ea210) 
thrown [s\open\src\hotspot\share\oops\instanceKlass.cpp, line 1216]
Event: 6.589 Thread 0x000002910a323020 Implicit null exception at 0x000002911970062f to 0x0000029119700790
Event: 6.590 Thread 0x000002910a323020 Exception <a 'java/lang/NoSuchMethodError'{0x00000007141537b8}: 'java.lang.Object java.lang.invoke.Invokers$Holder.invokeExact_MT(java.lang.Object, int, java.lang.Object)'> (0x00000007141537b8) 
thrown [s\open\src\hotspot\share\interpreter\linkResolver.cpp, line 759]
Event: 6.598 Thread 0x000002910a323020 Exception <a 'java/lang/NoSuchMethodError'{0x00000007141bda28}: 'int java.lang.invoke.DirectMethodHandle$Holder.invokeSpecial(java.lang.Object, java.lang.Object, java.lang.Object, java.lang.Object)'> (0x00000007141bda28) 
thrown [s\open\src\hotspot\share\interpreter\linkResolver.cpp, line 759]

VM Operations (20 events):
Event: 2.391 Executing VM operation: Cleanup
Event: 2.391 Executing VM operation: Cleanup done
Event: 2.872 Executing VM operation: G1CollectForAllocation
Event: 2.877 Executing VM operation: G1CollectForAllocation done
Event: 3.894 Executing VM operation: Cleanup
Event: 3.935 Executing VM operation: Cleanup done
Event: 4.938 Executing VM operation: Cleanup
Event: 4.938 Executing VM operation: Cleanup done
Event: 5.349 Executing VM operation: HandshakeAllThreads
Event: 5.349 Executing VM operation: HandshakeAllThreads done
Event: 5.389 Executing VM operation: HandshakeAllThreads
Event: 5.389 Executing VM operation: HandshakeAllThreads done
Event: 5.429 Executing VM operation: G1CollectForAllocation
Event: 5.432 Executing VM operation: G1CollectForAllocation done
Event: 6.444 Executing VM operation: Cleanup
Event: 6.444 Executing VM operation: Cleanup done
Event: 6.580 Executing VM operation: HandshakeAllThreads
Event: 6.580 Executing VM operation: HandshakeAllThreads done
Event: 7.584 Executing VM operation: Cleanup
Event: 7.585 Executing VM operation: Cleanup done

Events (20 events):
Event: 5.515 loading class java/nio/channels/OverlappingFileLockException
Event: 5.515 loading class java/nio/channels/OverlappingFileLockException done
Event: 5.515 loading class java/nio/channels/FileLock
Event: 5.515 loading class java/nio/channels/FileLock done
Event: 5.529 loading class java/nio/file/AccessDeniedException
Event: 5.529 loading class java/nio/file/FileSystemException
Event: 5.529 loading class java/nio/file/FileSystemException done
Event: 5.529 loading class java/nio/file/AccessDeniedException done
Event: 6.573 loading class java/lang/ExceptionInInitializerError
Event: 6.573 loading class java/lang/ExceptionInInitializerError done
Event: 6.574 loading class sun/misc/Unsafe
Event: 6.574 loading class sun/misc/Unsafe done
Event: 6.574 loading class jdk/internal/reflect/UnsafeFieldAccessorFactory
Event: 6.574 loading class jdk/internal/reflect/UnsafeFieldAccessorFactory done
Event: 6.574 loading class jdk/internal/reflect/UnsafeQualifiedStaticObjectFieldAccessorImpl
Event: 6.574 loading class jdk/internal/reflect/UnsafeQualifiedStaticFieldAccessorImpl
Event: 6.574 loading class jdk/internal/reflect/UnsafeQualifiedStaticFieldAccessorImpl done
Event: 6.574 loading class jdk/internal/reflect/UnsafeQualifiedStaticObjectFieldAccessorImpl done
Event: 6.577 loading class jdk/internal/vm/annotation/ForceInline
Event: 6.577 loading class jdk/internal/vm/annotation/ForceInline done


Dynamic libraries:
0x00007ff73bbd0000 - 0x00007ff73bbe0000 	C:\Program Files\Java\jdk-17\bin\java.exe
0x00007ff88ffa0000 - 0x00007ff890207000 	C:\WINDOWS\SYSTEM32\ntdll.dll
0x00007ff88e6c0000 - 0x00007ff88e789000 	C:\WINDOWS\System32\KERNEL32.DLL
0x00007ff88d340000 - 0x00007ff88d731000 	C:\WINDOWS\System32\KERNELBASE.dll
0x00007ff88d940000 - 0x00007ff88da8b000 	C:\WINDOWS\System32\ucrtbase.dll
0x00007ff86c4b0000 - 0x00007ff86c4cb000 	C:\Program Files\Java\jdk-17\bin\VCRUNTIME140.dll
0x00007ff860f70000 - 0x00007ff860f89000 	C:\Program Files\Java\jdk-17\bin\jli.dll
0x00007ff88dda0000 - 0x00007ff88de5b000 	C:\WINDOWS\System32\ADVAPI32.dll
0x00007ff88e5e0000 - 0x00007ff88e689000 	C:\WINDOWS\System32\msvcrt.dll
0x00007ff88eb00000 - 0x00007ff88eba7000 	C:\WINDOWS\System32\sechost.dll
0x00007ff88f330000 - 0x00007ff88f448000 	C:\WINDOWS\System32\RPCRT4.dll
0x00007ff88e790000 - 0x00007ff88e955000 	C:\WINDOWS\System32\USER32.dll
0x00007ff86b0a0000 - 0x00007ff86b333000 	C:\WINDOWS\WinSxS\amd64_microsoft.windows.common-controls_6595b64144ccf1df_6.0.26100.7922_none_3e089e1ee3342171\COMCTL32.dll
0x00007ff88d310000 - 0x00007ff88d337000 	C:\WINDOWS\System32\win32u.dll
0x00007ff88e690000 - 0x00007ff88e6bb000 	C:\WINDOWS\System32\GDI32.dll
0x00007ff88dc10000 - 0x00007ff88dd3a000 	C:\WINDOWS\System32\gdi32full.dll
0x00007ff88c880000 - 0x00007ff88c923000 	C:\WINDOWS\System32\msvcp_win.dll
0x00007ff87b9a0000 - 0x00007ff87b9ab000 	C:\WINDOWS\SYSTEM32\VERSION.dll
0x00007ff88fe70000 - 0x00007ff88fea1000 	C:\WINDOWS\System32\IMM32.DLL
0x00007ff86e740000 - 0x00007ff86e74c000 	C:\Program Files\Java\jdk-17\bin\vcruntime140_1.dll
0x00007ff846df0000 - 0x00007ff846e7e000 	C:\Program Files\Java\jdk-17\bin\msvcp140.dll
0x00007fff9e7b0000 - 0x00007fff9f38e000 	C:\Program Files\Java\jdk-17\bin\server\jvm.dll
0x00007ff88e5d0000 - 0x00007ff88e5d8000 	C:\WINDOWS\System32\PSAPI.DLL
0x00007ff86b030000 - 0x00007ff86b03a000 	C:\WINDOWS\SYSTEM32\WSOCK32.dll
0x00007ff882da0000 - 0x00007ff882dd5000 	C:\WINDOWS\SYSTEM32\WINMM.dll
0x00007ff88f1e0000 - 0x00007ff88f254000 	C:\WINDOWS\System32\WS2_32.dll
0x00007ff88b610000 - 0x00007ff88b62b000 	C:\WINDOWS\SYSTEM32\kernel.appcore.dll
0x00007ff86d6f0000 - 0x00007ff86d6fa000 	C:\Program Files\Java\jdk-17\bin\jimage.dll
0x00007ff88a780000 - 0x00007ff88a9c2000 	C:\WINDOWS\SYSTEM32\DBGHELP.DLL
0x00007ff88f450000 - 0x00007ff88f7d2000 	C:\WINDOWS\System32\combase.dll
0x00007ff88efa0000 - 0x00007ff88f077000 	C:\WINDOWS\System32\OLEAUT32.dll
0x00007ff867130000 - 0x00007ff86716b000 	C:\WINDOWS\SYSTEM32\dbgcore.DLL
0x00007ff88d800000 - 0x00007ff88d8a5000 	C:\WINDOWS\System32\bcryptPrimitives.dll
0x00007ff846dc0000 - 0x00007ff846de5000 	C:\Program Files\Java\jdk-17\bin\java.dll
0x00007ff846ce0000 - 0x00007ff846db7000 	C:\Program Files\Java\jdk-17\bin\jsvml.dll
0x00007ff88de60000 - 0x00007ff88e5bf000 	C:\WINDOWS\System32\SHELL32.dll
0x00007ff88d1a0000 - 0x00007ff88d30a000 	C:\WINDOWS\System32\wintypes.dll
0x00007ff88c930000 - 0x00007ff88d194000 	C:\WINDOWS\System32\windows.storage.dll
0x00007ff88f7e0000 - 0x00007ff88f8d7000 	C:\WINDOWS\System32\SHCORE.dll
0x00007ff88ed40000 - 0x00007ff88eda7000 	C:\WINDOWS\System32\shlwapi.dll
0x00007ff88c7a0000 - 0x00007ff88c7c9000 	C:\WINDOWS\SYSTEM32\profapi.dll
0x00007ff860b40000 - 0x00007ff860b59000 	C:\Program Files\Java\jdk-17\bin\net.dll
0x00007ff885040000 - 0x00007ff885167000 	C:\WINDOWS\SYSTEM32\WINHTTP.dll
0x00007ff88bb80000 - 0x00007ff88bbeb000 	C:\WINDOWS\system32\mswsock.dll
0x00007ff846cc0000 - 0x00007ff846cd6000 	C:\Program Files\Java\jdk-17\bin\nio.dll
0x00007ff846ca0000 - 0x00007ff846cb8000 	C:\Program Files\Java\jdk-17\bin\zip.dll
0x00007ff846ba0000 - 0x00007ff846bc4000 	C:\Program Files\JetBrains\IntelliJ IDEA 2023.2.8\plugins\maven\lib\maven3\lib\jansi-native\Windows\x86_64\jansi.dll
0x00007ff861400000 - 0x00007ff861410000 	C:\Program Files\Java\jdk-17\bin\verify.dll

dbghelp: loaded successfully - version: 4.0.5 - missing functions: none
symbol engine: initialized successfully - sym options: 0x614 - pdb path: .;C:\Program Files\Java\jdk-17\bin;C:\WINDOWS\SYSTEM32;C:\WINDOWS\WinSxS\amd64_microsoft.windows.common-controls_6595b64144ccf1df_6.0.26100.7922_none_3e089e1ee3342171;C:\Program Files\Java\jdk-17\bin\server;C:\Program Files\JetBrains\IntelliJ IDEA 2023.2.8\plugins\maven\lib\maven3\lib\jansi-native\Windows\x86_64

VM Arguments:
jvm_args: -Dfile.encoding=IBM850 --enable-native-access=ALL-UNNAMED -Dclassworlds.conf=C:\Program Files\JetBrains\IntelliJ IDEA 2023.2.8\plugins\maven\lib\maven3\bin\m2.conf -Dmaven.home=C:\Program Files\JetBrains\IntelliJ IDEA 2023.2.8\plugins\maven\lib\maven3 -Dlibrary.jansi.path=C:\Program Files\JetBrains\IntelliJ IDEA 2023.2.8\plugins\maven\lib\maven3\lib\jansi-native -Dmaven.multiModuleProjectDirectory=C:\Desktop\pidevv\pi25-01-2026 
java_command: org.codehaus.plexus.classworlds.launcher.Launcher -Didea.version=2025.3.3 -Dmaven.ext.class.path=C:\Program Files\JetBrains\IntelliJ IDEA 2023.2.8\plugins\maven\lib\maven-event-listener.jar -Djansi.passthrough=true -Dstyle.color=always -Dmaven.repo.local=C:\Users\PROBOOK\.m2\repository javafx:run
java_class_path (initial): C:\Program Files\JetBrains\IntelliJ IDEA 2023.2.8\plugins\maven\lib\maven3\boot\plexus-classworlds-2.9.0.jar
Launcher Type: SUN_STANDARD

[Global flags]
     intx CICompilerCount                          = 4                                         {product} {ergonomic}
     uint ConcGCThreads                            = 2                                         {product} {ergonomic}
     uint G1ConcRefinementThreads                  = 8                                         {product} {ergonomic}
   size_t G1HeapRegionSize                         = 2097152                                   {product} {ergonomic}
    uintx GCDrainStackTargetSize                   = 64                                        {product} {ergonomic}
   size_t InitialHeapSize                          = 264241152                                 {product} {ergonomic}
   size_t MarkStackSize                            = 4194304                                   {product} {ergonomic}
   size_t MaxHeapSize                              = 4213178368                                {product} {ergonomic}
   size_t MaxNewSize                               = 2527068160                                {product} {ergonomic}
   size_t MinHeapDeltaBytes                        = 2097152                                   {product} {ergonomic}
   size_t MinHeapSize                              = 8388608                                   {product} {ergonomic}
    uintx NonNMethodCodeHeapSize                   = 5839372                                {pd product} {ergonomic}
    uintx NonProfiledCodeHeapSize                  = 122909434                              {pd product} {ergonomic}
    uintx ProfiledCodeHeapSize                     = 122909434                              {pd product} {ergonomic}
    uintx ReservedCodeCacheSize                    = 251658240                              {pd product} {ergonomic}
     bool SegmentedCodeCache                       = true                                      {product} {ergonomic}
   size_t SoftMaxHeapSize                          = 4213178368                             {manageable} {ergonomic}
     bool UseCompressedClassPointers               = true                           {product lp64_product} {ergonomic}
     bool UseCompressedOops                        = true                           {product lp64_product} {ergonomic}
     bool UseG1GC                                  = true                                      {product} {ergonomic}
     bool UseLargePagesIndividualAllocation        = false                                  {pd product} {ergonomic}

Logging:
Log output configuration:
 #0: stdout all=warning uptime,level,tags
 #1: stderr all=off uptime,level,tags

Environment Variables:
JAVA_HOME=C:\Program Files\Java\jdk-17
JAVA_TOOL_OPTIONS=-Dfile.encoding=IBM850
PATH=C:\oraclexe\app\oracle\product\11.2.0\server\bin;;C:\Users\PROBOOK\OneDrive\Documentos\Atelier2;C:\Users\PROBOOK\.jdks\jbr-17.0.14-1;C:\Program Files (x86)\VMware\VMware Workstation\bin\;C:\Program Files\Java\jdk-17\bin;C:\Program Files\Common Files\Oracle\Java\javapath;C:\Python313\Scripts\;C:\Python313\;C:\Maven\apache-maven-3.9.9\bin;C:\WINDOWS\system32;C:\WINDOWS;C:\WINDOWS\System32\Wbem;C:\WINDOWS\System32\WindowsPowerShell\v1.0\;C:\WINDOWS\System32\OpenSSH\;C:\Program Files\Microsoft SQL Server\150\Tools\Binn\;C:\ProgramData\chocolatey\bin;C:\Program Files\nodejs\;C:\Users\PROBOOK\AppData\Roaming\Python\Python313\Scripts;C:\Program Files\Pandoc\;C:\xampp\php;C:\ProgramData\ComposerSetup\bin;C:\Program Files\Git\cmd;C:\Users\PROBOOK\scoop\shims;C:\Users\PROBOOK\AppData\Local\Programs\Python\Launcher\;C:\Users\PROBOOK\AppData\Local\Microsoft\WindowsApps;C:\Users\PROBOOK\AppData\Local\Programs\Microsoft VS Code\bin;C:\Maven\apache-maven-3.9.9\bin;C:\Users\PROBOOK\AppData\Roaming\npm;C:\Users\PROBOOK\AppData\Roaming\Composer\vendor\bin;C:\Program Files\JetBrains\IntelliJ IDEA 2023.2.8\bin;
USERNAME=PROBOOK
OS=Windows_NT
PROCESSOR_IDENTIFIER=Intel64 Family 6 Model 140 Stepping 1, GenuineIntel



---------------  S Y S T E M  ---------------

OS:
 Windows 11 , 64 bit Build 26100 (10.0.26100.7920)
OS uptime: 3 days 14:12 hours

CPU: total 8 (initial active 8) (4 cores per cpu, 2 threads per core) family 6 model 140 stepping 1 microcode 0xbc, cx8, cmov, fxsr, ht, mmx, 3dnowpref, sse, sse2, sse3, ssse3, sse4.1, sse4.2, popcnt, lzcnt, tsc, tscinvbit, avx, avx2, aes, erms, clmul, bmi1, bmi2, adx, avx512f, avx512dq, avx512cd, avx512bw, avx512vl, sha, fma, vzeroupper, avx512_vpopcntdq, avx512_vpclmulqdq, avx512_vaes, avx512_vnni, clflush, clflushopt, clwb, avx512_vbmi2, avx512_vbmi

Memory: 4k page, system-wide physical 16064M (654M free)
TotalPageFile size 46390M (AvailPageFile size 4M)
current process WorkingSet (physical memory assigned to process): 109M, peak: 109M
current process commit charge ("private bytes"): 370M, peak: 372M

vm_info: Java HotSpot(TM) 64-Bit Server VM (17.0.8+9-LTS-211) for windows-amd64 JRE (17.0.8+9-LTS-211), built on Jun 14 2023 10:34:31 by "mach5one" with MS VC++ 17.1 (VS2022)

END.
