#
# There is insufficient memory for the Java Runtime Environment to continue.
# Native memory allocation (malloc) failed to allocate 165104 bytes for Chunk::new
# Possible reasons:
#   The system is out of physical RAM or swap space
#   The process is running with CompressedOops enabled, and the Java Heap may be blocking the growth of the native heap
# Possible solutions:
#   Reduce memory load on the system
#   Increase physical memory or swap space
#   Check if swap backing store is full
#   Decrease Java heap size (-Xmx/-Xms)
#   Decrease number of Java threads
#   Decrease Java thread stack sizes (-Xss)
#   Set larger code cache with -XX:ReservedCodeCacheSize=
#   JVM is running with Zero Based Compressed Oops mode in which the Java heap is
#     placed in the first 32GB address space. The Java Heap base address is the
#     maximum limit for the native heap growth. Please use -XX:HeapBaseMinAddress
#     to set the Java Heap base and to place the Java Heap above 32GB virtual address.
# This output file may be truncated or incomplete.
#
#  Out of Memory Error (arena.cpp:189), pid=34548, tid=33120
#
# JRE version: Java(TM) SE Runtime Environment (17.0.8+9) (build 17.0.8+9-LTS-211)
# Java VM: Java HotSpot(TM) 64-Bit Server VM (17.0.8+9-LTS-211, mixed mode, sharing, tiered, compressed oops, compressed class ptrs, g1 gc, windows-amd64)
# No core dump will be written. Minidumps are not enabled by default on client versions of Windows
#

---------------  S U M M A R Y ------------

Command Line: -Dfile.encoding=IBM850 --enable-native-access=ALL-UNNAMED -Dclassworlds.conf=C:\Program Files\JetBrains\IntelliJ IDEA 2023.2.8\plugins\maven\lib\maven3\bin\m2.conf -Dmaven.home=C:\Program Files\JetBrains\IntelliJ IDEA 2023.2.8\plugins\maven\lib\maven3 -Dlibrary.jansi.path=C:\Program Files\JetBrains\IntelliJ IDEA 2023.2.8\plugins\maven\lib\maven3\lib\jansi-native -Dmaven.multiModuleProjectDirectory=C:\Desktop\pidevv\pi25-01-2026 org.codehaus.plexus.classworlds.launcher.Launcher -Didea.version=2025.3.3 -Dmaven.ext.class.path=C:\Program Files\JetBrains\IntelliJ IDEA 2023.2.8\plugins\maven\lib\maven-event-listener.jar -Djansi.passthrough=true -Dstyle.color=always -Dmaven.repo.local=C:\Users\PROBOOK\.m2\repository javafx:run -f pom.xml

Host: 11th Gen Intel(R) Core(TM) i5-1135G7 @ 2.40GHz, 8 cores, 15G,  Windows 11 , 64 bit Build 26100 (10.0.26100.7920)
Time: Sun Mar  1 19:58:48 2026 Afr. centrale Ouest elapsed time: 3.576401 seconds (0d 0h 0m 3s)

---------------  T H R E A D  ---------------

Current thread (0x0000023ede740720):  JavaThread "C2 CompilerThread1" daemon [_thread_in_native, id=33120, stack(0x0000007e79c00000,0x0000007e79d00000)]


Current CompileTask:
C2:   3576  938       4       java.util.HashMap::putVal (300 bytes)

Stack: [0x0000007e79c00000,0x0000007e79d00000]
Native frames: (J=compiled Java code, j=interpreted, Vv=VM code, C=native code)
V  [jvm.dll+0x677d0a]
V  [jvm.dll+0x7d8c54]
V  [jvm.dll+0x7da3fe]
V  [jvm.dll+0x7daa63]
V  [jvm.dll+0x245c5f]
V  [jvm.dll+0xaaa6b]
V  [jvm.dll+0xab00c]
V  [jvm.dll+0x361e8e]
V  [jvm.dll+0x32c551]
V  [jvm.dll+0x32b9ea]
V  [jvm.dll+0x217fff]
V  [jvm.dll+0x217431]
V  [jvm.dll+0x1a3af0]
V  [jvm.dll+0x2270be]
V  [jvm.dll+0x22535b]
V  [jvm.dll+0x78e7bc]
V  [jvm.dll+0x788bba]
V  [jvm.dll+0x676b35]
C  [ucrtbase.dll+0x37b0]
C  [KERNEL32.DLL+0x2e8d7]
C  [ntdll.dll+0x8c48c]


---------------  P R O C E S S  ---------------

Threads class SMR info:
_java_thread_list=0x0000023ede9a82d0, length=14, elements={
0x0000023ef53e3a60, 0x0000023eff1bf6c0, 0x0000023eff1c0cf0, 0x0000023eff1d3240,
0x0000023eff1d5b10, 0x0000023eff1d6f40, 0x0000023eff1d8780, 0x0000023eff1d9ee0,
0x0000023ede012c50, 0x0000023ede033170, 0x0000023ede16a6f0, 0x0000023ede178e10,
0x0000023ede740720, 0x0000023edea1c730
}

Java Threads: ( => current thread )
  0x0000023ef53e3a60 JavaThread "main" [_thread_in_vm, id=19236, stack(0x0000007e78900000,0x0000007e78a00000)]
  0x0000023eff1bf6c0 JavaThread "Reference Handler" daemon [_thread_blocked, id=36440, stack(0x0000007e79000000,0x0000007e79100000)]
  0x0000023eff1c0cf0 JavaThread "Finalizer" daemon [_thread_blocked, id=36304, stack(0x0000007e79100000,0x0000007e79200000)]
  0x0000023eff1d3240 JavaThread "Signal Dispatcher" daemon [_thread_blocked, id=30832, stack(0x0000007e79200000,0x0000007e79300000)]
  0x0000023eff1d5b10 JavaThread "Attach Listener" daemon [_thread_blocked, id=33068, stack(0x0000007e79300000,0x0000007e79400000)]
  0x0000023eff1d6f40 JavaThread "Service Thread" daemon [_thread_blocked, id=34624, stack(0x0000007e79400000,0x0000007e79500000)]
  0x0000023eff1d8780 JavaThread "Monitor Deflation Thread" daemon [_thread_blocked, id=27944, stack(0x0000007e79500000,0x0000007e79600000)]
  0x0000023eff1d9ee0 JavaThread "C2 CompilerThread0" daemon [_thread_in_native, id=35492, stack(0x0000007e79600000,0x0000007e79700000)]
  0x0000023ede012c50 JavaThread "C1 CompilerThread0" daemon [_thread_blocked, id=34648, stack(0x0000007e79700000,0x0000007e79800000)]
  0x0000023ede033170 JavaThread "Sweeper thread" daemon [_thread_blocked, id=33288, stack(0x0000007e79800000,0x0000007e79900000)]
  0x0000023ede16a6f0 JavaThread "Notification Thread" daemon [_thread_blocked, id=23592, stack(0x0000007e79900000,0x0000007e79a00000)]
  0x0000023ede178e10 JavaThread "Common-Cleaner" daemon [_thread_blocked, id=29732, stack(0x0000007e79b00000,0x0000007e79c00000)]
=>0x0000023ede740720 JavaThread "C2 CompilerThread1" daemon [_thread_in_native, id=33120, stack(0x0000007e79c00000,0x0000007e79d00000)]
  0x0000023edea1c730 JavaThread "C2 CompilerThread2" daemon [_thread_in_native, id=35780, stack(0x0000007e79d00000,0x0000007e79e00000)]

Other Threads:
  0x0000023eff1b8190 VMThread "VM Thread" [stack: 0x0000007e78f00000,0x0000007e79000000] [id=8704]
  0x0000023ef546f600 WatcherThread [stack: 0x0000007e79a00000,0x0000007e79b00000] [id=28632]
  0x0000023ef54511e0 GCTaskThread "GC Thread#0" [stack: 0x0000007e78a00000,0x0000007e78b00000] [id=7756]
  0x0000023ef5461ca0 ConcurrentGCThread "G1 Main Marker" [stack: 0x0000007e78b00000,0x0000007e78c00000] [id=33212]
  0x0000023ef5463130 ConcurrentGCThread "G1 Conc#0" [stack: 0x0000007e78c00000,0x0000007e78d00000] [id=12768]
  0x0000023eff06f540 ConcurrentGCThread "G1 Refine#0" [stack: 0x0000007e78d00000,0x0000007e78e00000] [id=36264]
  0x0000023eff070d20 ConcurrentGCThread "G1 Service" [stack: 0x0000007e78e00000,0x0000007e78f00000] [id=35392]

Threads with active compile tasks:
C2 CompilerThread0     3591  971   !   4       sun.nio.cs.StreamDecoder::read (196 bytes)
C2 CompilerThread1     3591  938       4       java.util.HashMap::putVal (300 bytes)
C2 CompilerThread2     3591  974       4       java.io.InputStreamReader::read (11 bytes)

VM state: not at safepoint (normal execution)

VM Mutex/Monitor currently owned by a thread: None

Heap address: 0x0000000704e00000, size: 4018 MB, Compressed Oops mode: Zero based, Oop shift amount: 3

CDS archive(s) mapped at: [0x0000023e99000000-0x0000023e99bd0000-0x0000023e99bd0000), size 12386304, SharedBaseAddress: 0x0000023e99000000, ArchiveRelocationMode: 1.
Compressed class space mapped at: 0x0000023e9a000000-0x0000023eda000000, reserved size: 1073741824
Narrow klass base: 0x0000023e99000000, Narrow klass shift: 0, Narrow klass range: 0x100000000

GC Precious Log:
 CPUs: 8 total, 8 available
 Memory: 16064M
 Large Page Support: Disabled
 NUMA Support: Disabled
 Compressed Oops: Enabled (Zero based)
 Heap Region Size: 2M
 Heap Min Capacity: 8M
 Heap Initial Capacity: 252M
 Heap Max Capacity: 4018M
 Pre-touch: Disabled
 Parallel Workers: 8
 Concurrent Workers: 2
 Concurrent Refinement Workers: 8
 Periodic GC: Disabled

Heap:
 garbage-first heap   total 258048K, used 20480K [0x0000000704e00000, 0x0000000800000000)
  region size 2048K, 11 young (22528K), 0 survivors (0K)
 Metaspace       used 5351K, committed 5568K, reserved 1114112K
  class space    used 639K, committed 768K, reserved 1048576K

Heap Regions: E=young(eden), S=young(survivor), O=old, HS=humongous(starts), HC=humongous(continues), CS=collection set, F=free, OA=open archive, CA=closed archive, TAMS=top-at-mark-start (previous, next)
|   0|0x0000000704e00000, 0x0000000704e00000, 0x0000000705000000|  0%| F|  |TAMS 0x0000000704e00000, 0x0000000704e00000| Untracked 
|   1|0x0000000705000000, 0x0000000705000000, 0x0000000705200000|  0%| F|  |TAMS 0x0000000705000000, 0x0000000705000000| Untracked 
|   2|0x0000000705200000, 0x0000000705200000, 0x0000000705400000|  0%| F|  |TAMS 0x0000000705200000, 0x0000000705200000| Untracked 
|   3|0x0000000705400000, 0x0000000705400000, 0x0000000705600000|  0%| F|  |TAMS 0x0000000705400000, 0x0000000705400000| Untracked 
|   4|0x0000000705600000, 0x0000000705600000, 0x0000000705800000|  0%| F|  |TAMS 0x0000000705600000, 0x0000000705600000| Untracked 
|   5|0x0000000705800000, 0x0000000705800000, 0x0000000705a00000|  0%| F|  |TAMS 0x0000000705800000, 0x0000000705800000| Untracked 
|   6|0x0000000705a00000, 0x0000000705a00000, 0x0000000705c00000|  0%| F|  |TAMS 0x0000000705a00000, 0x0000000705a00000| Untracked 
|   7|0x0000000705c00000, 0x0000000705c00000, 0x0000000705e00000|  0%| F|  |TAMS 0x0000000705c00000, 0x0000000705c00000| Untracked 
|   8|0x0000000705e00000, 0x0000000705e00000, 0x0000000706000000|  0%| F|  |TAMS 0x0000000705e00000, 0x0000000705e00000| Untracked 
|   9|0x0000000706000000, 0x0000000706000000, 0x0000000706200000|  0%| F|  |TAMS 0x0000000706000000, 0x0000000706000000| Untracked 
|  10|0x0000000706200000, 0x0000000706200000, 0x0000000706400000|  0%| F|  |TAMS 0x0000000706200000, 0x0000000706200000| Untracked 
|  11|0x0000000706400000, 0x0000000706400000, 0x0000000706600000|  0%| F|  |TAMS 0x0000000706400000, 0x0000000706400000| Untracked 
|  12|0x0000000706600000, 0x0000000706600000, 0x0000000706800000|  0%| F|  |TAMS 0x0000000706600000, 0x0000000706600000| Untracked 
|  13|0x0000000706800000, 0x0000000706800000, 0x0000000706a00000|  0%| F|  |TAMS 0x0000000706800000, 0x0000000706800000| Untracked 
|  14|0x0000000706a00000, 0x0000000706a00000, 0x0000000706c00000|  0%| F|  |TAMS 0x0000000706a00000, 0x0000000706a00000| Untracked 
|  15|0x0000000706c00000, 0x0000000706c00000, 0x0000000706e00000|  0%| F|  |TAMS 0x0000000706c00000, 0x0000000706c00000| Untracked 
|  16|0x0000000706e00000, 0x0000000706e00000, 0x0000000707000000|  0%| F|  |TAMS 0x0000000706e00000, 0x0000000706e00000| Untracked 
|  17|0x0000000707000000, 0x0000000707000000, 0x0000000707200000|  0%| F|  |TAMS 0x0000000707000000, 0x0000000707000000| Untracked 
|  18|0x0000000707200000, 0x0000000707200000, 0x0000000707400000|  0%| F|  |TAMS 0x0000000707200000, 0x0000000707200000| Untracked 
|  19|0x0000000707400000, 0x0000000707400000, 0x0000000707600000|  0%| F|  |TAMS 0x0000000707400000, 0x0000000707400000| Untracked 
|  20|0x0000000707600000, 0x0000000707600000, 0x0000000707800000|  0%| F|  |TAMS 0x0000000707600000, 0x0000000707600000| Untracked 
|  21|0x0000000707800000, 0x0000000707800000, 0x0000000707a00000|  0%| F|  |TAMS 0x0000000707800000, 0x0000000707800000| Untracked 
|  22|0x0000000707a00000, 0x0000000707a00000, 0x0000000707c00000|  0%| F|  |TAMS 0x0000000707a00000, 0x0000000707a00000| Untracked 
|  23|0x0000000707c00000, 0x0000000707c00000, 0x0000000707e00000|  0%| F|  |TAMS 0x0000000707c00000, 0x0000000707c00000| Untracked 
|  24|0x0000000707e00000, 0x0000000707e00000, 0x0000000708000000|  0%| F|  |TAMS 0x0000000707e00000, 0x0000000707e00000| Untracked 
|  25|0x0000000708000000, 0x0000000708000000, 0x0000000708200000|  0%| F|  |TAMS 0x0000000708000000, 0x0000000708000000| Untracked 
|  26|0x0000000708200000, 0x0000000708200000, 0x0000000708400000|  0%| F|  |TAMS 0x0000000708200000, 0x0000000708200000| Untracked 
|  27|0x0000000708400000, 0x0000000708400000, 0x0000000708600000|  0%| F|  |TAMS 0x0000000708400000, 0x0000000708400000| Untracked 
|  28|0x0000000708600000, 0x0000000708600000, 0x0000000708800000|  0%| F|  |TAMS 0x0000000708600000, 0x0000000708600000| Untracked 
|  29|0x0000000708800000, 0x0000000708800000, 0x0000000708a00000|  0%| F|  |TAMS 0x0000000708800000, 0x0000000708800000| Untracked 
|  30|0x0000000708a00000, 0x0000000708a00000, 0x0000000708c00000|  0%| F|  |TAMS 0x0000000708a00000, 0x0000000708a00000| Untracked 
|  31|0x0000000708c00000, 0x0000000708c00000, 0x0000000708e00000|  0%| F|  |TAMS 0x0000000708c00000, 0x0000000708c00000| Untracked 
|  32|0x0000000708e00000, 0x0000000708e00000, 0x0000000709000000|  0%| F|  |TAMS 0x0000000708e00000, 0x0000000708e00000| Untracked 
|  33|0x0000000709000000, 0x0000000709000000, 0x0000000709200000|  0%| F|  |TAMS 0x0000000709000000, 0x0000000709000000| Untracked 
|  34|0x0000000709200000, 0x0000000709200000, 0x0000000709400000|  0%| F|  |TAMS 0x0000000709200000, 0x0000000709200000| Untracked 
|  35|0x0000000709400000, 0x0000000709400000, 0x0000000709600000|  0%| F|  |TAMS 0x0000000709400000, 0x0000000709400000| Untracked 
|  36|0x0000000709600000, 0x0000000709600000, 0x0000000709800000|  0%| F|  |TAMS 0x0000000709600000, 0x0000000709600000| Untracked 
|  37|0x0000000709800000, 0x0000000709800000, 0x0000000709a00000|  0%| F|  |TAMS 0x0000000709800000, 0x0000000709800000| Untracked 
|  38|0x0000000709a00000, 0x0000000709a00000, 0x0000000709c00000|  0%| F|  |TAMS 0x0000000709a00000, 0x0000000709a00000| Untracked 
|  39|0x0000000709c00000, 0x0000000709c00000, 0x0000000709e00000|  0%| F|  |TAMS 0x0000000709c00000, 0x0000000709c00000| Untracked 
|  40|0x0000000709e00000, 0x0000000709e00000, 0x000000070a000000|  0%| F|  |TAMS 0x0000000709e00000, 0x0000000709e00000| Untracked 
|  41|0x000000070a000000, 0x000000070a000000, 0x000000070a200000|  0%| F|  |TAMS 0x000000070a000000, 0x000000070a000000| Untracked 
|  42|0x000000070a200000, 0x000000070a200000, 0x000000070a400000|  0%| F|  |TAMS 0x000000070a200000, 0x000000070a200000| Untracked 
|  43|0x000000070a400000, 0x000000070a400000, 0x000000070a600000|  0%| F|  |TAMS 0x000000070a400000, 0x000000070a400000| Untracked 
|  44|0x000000070a600000, 0x000000070a600000, 0x000000070a800000|  0%| F|  |TAMS 0x000000070a600000, 0x000000070a600000| Untracked 
|  45|0x000000070a800000, 0x000000070a800000, 0x000000070aa00000|  0%| F|  |TAMS 0x000000070a800000, 0x000000070a800000| Untracked 
|  46|0x000000070aa00000, 0x000000070aa00000, 0x000000070ac00000|  0%| F|  |TAMS 0x000000070aa00000, 0x000000070aa00000| Untracked 
|  47|0x000000070ac00000, 0x000000070ac00000, 0x000000070ae00000|  0%| F|  |TAMS 0x000000070ac00000, 0x000000070ac00000| Untracked 
|  48|0x000000070ae00000, 0x000000070ae00000, 0x000000070b000000|  0%| F|  |TAMS 0x000000070ae00000, 0x000000070ae00000| Untracked 
|  49|0x000000070b000000, 0x000000070b000000, 0x000000070b200000|  0%| F|  |TAMS 0x000000070b000000, 0x000000070b000000| Untracked 
|  50|0x000000070b200000, 0x000000070b200000, 0x000000070b400000|  0%| F|  |TAMS 0x000000070b200000, 0x000000070b200000| Untracked 
|  51|0x000000070b400000, 0x000000070b400000, 0x000000070b600000|  0%| F|  |TAMS 0x000000070b400000, 0x000000070b400000| Untracked 
|  52|0x000000070b600000, 0x000000070b600000, 0x000000070b800000|  0%| F|  |TAMS 0x000000070b600000, 0x000000070b600000| Untracked 
|  53|0x000000070b800000, 0x000000070b800000, 0x000000070ba00000|  0%| F|  |TAMS 0x000000070b800000, 0x000000070b800000| Untracked 
|  54|0x000000070ba00000, 0x000000070ba00000, 0x000000070bc00000|  0%| F|  |TAMS 0x000000070ba00000, 0x000000070ba00000| Untracked 
|  55|0x000000070bc00000, 0x000000070bc00000, 0x000000070be00000|  0%| F|  |TAMS 0x000000070bc00000, 0x000000070bc00000| Untracked 
|  56|0x000000070be00000, 0x000000070be00000, 0x000000070c000000|  0%| F|  |TAMS 0x000000070be00000, 0x000000070be00000| Untracked 
|  57|0x000000070c000000, 0x000000070c000000, 0x000000070c200000|  0%| F|  |TAMS 0x000000070c000000, 0x000000070c000000| Untracked 
|  58|0x000000070c200000, 0x000000070c200000, 0x000000070c400000|  0%| F|  |TAMS 0x000000070c200000, 0x000000070c200000| Untracked 
|  59|0x000000070c400000, 0x000000070c400000, 0x000000070c600000|  0%| F|  |TAMS 0x000000070c400000, 0x000000070c400000| Untracked 
|  60|0x000000070c600000, 0x000000070c600000, 0x000000070c800000|  0%| F|  |TAMS 0x000000070c600000, 0x000000070c600000| Untracked 
|  61|0x000000070c800000, 0x000000070c800000, 0x000000070ca00000|  0%| F|  |TAMS 0x000000070c800000, 0x000000070c800000| Untracked 
|  62|0x000000070ca00000, 0x000000070ca00000, 0x000000070cc00000|  0%| F|  |TAMS 0x000000070ca00000, 0x000000070ca00000| Untracked 
|  63|0x000000070cc00000, 0x000000070cc00000, 0x000000070ce00000|  0%| F|  |TAMS 0x000000070cc00000, 0x000000070cc00000| Untracked 
|  64|0x000000070ce00000, 0x000000070ce00000, 0x000000070d000000|  0%| F|  |TAMS 0x000000070ce00000, 0x000000070ce00000| Untracked 
|  65|0x000000070d000000, 0x000000070d000000, 0x000000070d200000|  0%| F|  |TAMS 0x000000070d000000, 0x000000070d000000| Untracked 
|  66|0x000000070d200000, 0x000000070d200000, 0x000000070d400000|  0%| F|  |TAMS 0x000000070d200000, 0x000000070d200000| Untracked 
|  67|0x000000070d400000, 0x000000070d400000, 0x000000070d600000|  0%| F|  |TAMS 0x000000070d400000, 0x000000070d400000| Untracked 
|  68|0x000000070d600000, 0x000000070d600000, 0x000000070d800000|  0%| F|  |TAMS 0x000000070d600000, 0x000000070d600000| Untracked 
|  69|0x000000070d800000, 0x000000070d800000, 0x000000070da00000|  0%| F|  |TAMS 0x000000070d800000, 0x000000070d800000| Untracked 
|  70|0x000000070da00000, 0x000000070da00000, 0x000000070dc00000|  0%| F|  |TAMS 0x000000070da00000, 0x000000070da00000| Untracked 
|  71|0x000000070dc00000, 0x000000070dc00000, 0x000000070de00000|  0%| F|  |TAMS 0x000000070dc00000, 0x000000070dc00000| Untracked 
|  72|0x000000070de00000, 0x000000070de00000, 0x000000070e000000|  0%| F|  |TAMS 0x000000070de00000, 0x000000070de00000| Untracked 
|  73|0x000000070e000000, 0x000000070e000000, 0x000000070e200000|  0%| F|  |TAMS 0x000000070e000000, 0x000000070e000000| Untracked 
|  74|0x000000070e200000, 0x000000070e200000, 0x000000070e400000|  0%| F|  |TAMS 0x000000070e200000, 0x000000070e200000| Untracked 
|  75|0x000000070e400000, 0x000000070e400000, 0x000000070e600000|  0%| F|  |TAMS 0x000000070e400000, 0x000000070e400000| Untracked 
|  76|0x000000070e600000, 0x000000070e600000, 0x000000070e800000|  0%| F|  |TAMS 0x000000070e600000, 0x000000070e600000| Untracked 
|  77|0x000000070e800000, 0x000000070e800000, 0x000000070ea00000|  0%| F|  |TAMS 0x000000070e800000, 0x000000070e800000| Untracked 
|  78|0x000000070ea00000, 0x000000070ea00000, 0x000000070ec00000|  0%| F|  |TAMS 0x000000070ea00000, 0x000000070ea00000| Untracked 
|  79|0x000000070ec00000, 0x000000070ec00000, 0x000000070ee00000|  0%| F|  |TAMS 0x000000070ec00000, 0x000000070ec00000| Untracked 
|  80|0x000000070ee00000, 0x000000070ee00000, 0x000000070f000000|  0%| F|  |TAMS 0x000000070ee00000, 0x000000070ee00000| Untracked 
|  81|0x000000070f000000, 0x000000070f000000, 0x000000070f200000|  0%| F|  |TAMS 0x000000070f000000, 0x000000070f000000| Untracked 
|  82|0x000000070f200000, 0x000000070f200000, 0x000000070f400000|  0%| F|  |TAMS 0x000000070f200000, 0x000000070f200000| Untracked 
|  83|0x000000070f400000, 0x000000070f400000, 0x000000070f600000|  0%| F|  |TAMS 0x000000070f400000, 0x000000070f400000| Untracked 
|  84|0x000000070f600000, 0x000000070f600000, 0x000000070f800000|  0%| F|  |TAMS 0x000000070f600000, 0x000000070f600000| Untracked 
|  85|0x000000070f800000, 0x000000070f800000, 0x000000070fa00000|  0%| F|  |TAMS 0x000000070f800000, 0x000000070f800000| Untracked 
|  86|0x000000070fa00000, 0x000000070fa00000, 0x000000070fc00000|  0%| F|  |TAMS 0x000000070fa00000, 0x000000070fa00000| Untracked 
|  87|0x000000070fc00000, 0x000000070fc00000, 0x000000070fe00000|  0%| F|  |TAMS 0x000000070fc00000, 0x000000070fc00000| Untracked 
|  88|0x000000070fe00000, 0x000000070fe00000, 0x0000000710000000|  0%| F|  |TAMS 0x000000070fe00000, 0x000000070fe00000| Untracked 
|  89|0x0000000710000000, 0x0000000710000000, 0x0000000710200000|  0%| F|  |TAMS 0x0000000710000000, 0x0000000710000000| Untracked 
|  90|0x0000000710200000, 0x0000000710200000, 0x0000000710400000|  0%| F|  |TAMS 0x0000000710200000, 0x0000000710200000| Untracked 
|  91|0x0000000710400000, 0x0000000710400000, 0x0000000710600000|  0%| F|  |TAMS 0x0000000710400000, 0x0000000710400000| Untracked 
|  92|0x0000000710600000, 0x0000000710600000, 0x0000000710800000|  0%| F|  |TAMS 0x0000000710600000, 0x0000000710600000| Untracked 
|  93|0x0000000710800000, 0x0000000710800000, 0x0000000710a00000|  0%| F|  |TAMS 0x0000000710800000, 0x0000000710800000| Untracked 
|  94|0x0000000710a00000, 0x0000000710a00000, 0x0000000710c00000|  0%| F|  |TAMS 0x0000000710a00000, 0x0000000710a00000| Untracked 
|  95|0x0000000710c00000, 0x0000000710c00000, 0x0000000710e00000|  0%| F|  |TAMS 0x0000000710c00000, 0x0000000710c00000| Untracked 
|  96|0x0000000710e00000, 0x0000000710e00000, 0x0000000711000000|  0%| F|  |TAMS 0x0000000710e00000, 0x0000000710e00000| Untracked 
|  97|0x0000000711000000, 0x0000000711000000, 0x0000000711200000|  0%| F|  |TAMS 0x0000000711000000, 0x0000000711000000| Untracked 
|  98|0x0000000711200000, 0x0000000711200000, 0x0000000711400000|  0%| F|  |TAMS 0x0000000711200000, 0x0000000711200000| Untracked 
|  99|0x0000000711400000, 0x0000000711400000, 0x0000000711600000|  0%| F|  |TAMS 0x0000000711400000, 0x0000000711400000| Untracked 
| 100|0x0000000711600000, 0x0000000711600000, 0x0000000711800000|  0%| F|  |TAMS 0x0000000711600000, 0x0000000711600000| Untracked 
| 101|0x0000000711800000, 0x0000000711800000, 0x0000000711a00000|  0%| F|  |TAMS 0x0000000711800000, 0x0000000711800000| Untracked 
| 102|0x0000000711a00000, 0x0000000711a00000, 0x0000000711c00000|  0%| F|  |TAMS 0x0000000711a00000, 0x0000000711a00000| Untracked 
| 103|0x0000000711c00000, 0x0000000711c00000, 0x0000000711e00000|  0%| F|  |TAMS 0x0000000711c00000, 0x0000000711c00000| Untracked 
| 104|0x0000000711e00000, 0x0000000711e00000, 0x0000000712000000|  0%| F|  |TAMS 0x0000000711e00000, 0x0000000711e00000| Untracked 
| 105|0x0000000712000000, 0x0000000712000000, 0x0000000712200000|  0%| F|  |TAMS 0x0000000712000000, 0x0000000712000000| Untracked 
| 106|0x0000000712200000, 0x0000000712200000, 0x0000000712400000|  0%| F|  |TAMS 0x0000000712200000, 0x0000000712200000| Untracked 
| 107|0x0000000712400000, 0x0000000712400000, 0x0000000712600000|  0%| F|  |TAMS 0x0000000712400000, 0x0000000712400000| Untracked 
| 108|0x0000000712600000, 0x0000000712600000, 0x0000000712800000|  0%| F|  |TAMS 0x0000000712600000, 0x0000000712600000| Untracked 
| 109|0x0000000712800000, 0x0000000712800000, 0x0000000712a00000|  0%| F|  |TAMS 0x0000000712800000, 0x0000000712800000| Untracked 
| 110|0x0000000712a00000, 0x0000000712a00000, 0x0000000712c00000|  0%| F|  |TAMS 0x0000000712a00000, 0x0000000712a00000| Untracked 
| 111|0x0000000712c00000, 0x0000000712c00000, 0x0000000712e00000|  0%| F|  |TAMS 0x0000000712c00000, 0x0000000712c00000| Untracked 
| 112|0x0000000712e00000, 0x0000000712e00000, 0x0000000713000000|  0%| F|  |TAMS 0x0000000712e00000, 0x0000000712e00000| Untracked 
| 113|0x0000000713000000, 0x0000000713000000, 0x0000000713200000|  0%| F|  |TAMS 0x0000000713000000, 0x0000000713000000| Untracked 
| 114|0x0000000713200000, 0x0000000713200000, 0x0000000713400000|  0%| F|  |TAMS 0x0000000713200000, 0x0000000713200000| Untracked 
| 115|0x0000000713400000, 0x00000007135c36c8, 0x0000000713600000| 88%| E|  |TAMS 0x0000000713400000, 0x0000000713400000| Complete 
| 116|0x0000000713600000, 0x0000000713800000, 0x0000000713800000|100%| E|CS|TAMS 0x0000000713600000, 0x0000000713600000| Complete 
| 117|0x0000000713800000, 0x0000000713a00000, 0x0000000713a00000|100%| E|CS|TAMS 0x0000000713800000, 0x0000000713800000| Complete 
| 118|0x0000000713a00000, 0x0000000713c00000, 0x0000000713c00000|100%| E|CS|TAMS 0x0000000713a00000, 0x0000000713a00000| Complete 
| 119|0x0000000713c00000, 0x0000000713e00000, 0x0000000713e00000|100%| E|CS|TAMS 0x0000000713c00000, 0x0000000713c00000| Complete 
| 120|0x0000000713e00000, 0x0000000714000000, 0x0000000714000000|100%| E|CS|TAMS 0x0000000713e00000, 0x0000000713e00000| Complete 
| 121|0x0000000714000000, 0x0000000714200000, 0x0000000714200000|100%| E|CS|TAMS 0x0000000714000000, 0x0000000714000000| Complete 
| 122|0x0000000714200000, 0x0000000714400000, 0x0000000714400000|100%| E|CS|TAMS 0x0000000714200000, 0x0000000714200000| Complete 
| 123|0x0000000714400000, 0x0000000714600000, 0x0000000714600000|100%| E|CS|TAMS 0x0000000714400000, 0x0000000714400000| Complete 
| 124|0x0000000714600000, 0x0000000714800000, 0x0000000714800000|100%| E|CS|TAMS 0x0000000714600000, 0x0000000714600000| Complete 
| 125|0x0000000714800000, 0x0000000714a00000, 0x0000000714a00000|100%| E|CS|TAMS 0x0000000714800000, 0x0000000714800000| Complete 

Card table byte_map: [0x0000023efd790000,0x0000023efdf70000] _byte_map_base: 0x0000023ef9f69000

Marking Bits (Prev, Next): (CMBitMap*) 0x0000023ef5451700, (CMBitMap*) 0x0000023ef5451740
 Prev Bits: [0x0000023e8f000000, 0x0000023e92ec8000)
 Next Bits: [0x0000023e92ed0000, 0x0000023e96d98000)

Polling page: 0x0000023ef35d0000

Metaspace:

Usage:
  Non-class:      4.61 MB used.
      Class:    643.44 KB used.
       Both:      5.24 MB used.

Virtual space:
  Non-class space:       64.00 MB reserved,       4.69 MB (  7%) committed,  1 nodes.
      Class space:        1.00 GB reserved,     768.00 KB ( <1%) committed,  1 nodes.
             Both:        1.06 GB reserved,       5.44 MB ( <1%) committed. 

Chunk freelists:
   Non-Class:  9.27 MB
       Class:  15.30 MB
        Both:  24.56 MB

MaxMetaspaceSize: unlimited
CompressedClassSpaceSize: 1.00 GB
Initial GC threshold: 21.00 MB
Current GC threshold: 21.00 MB
CDS: on
MetaspaceReclaimPolicy: balanced
 - commit_granule_bytes: 65536.
 - commit_granule_words: 8192.
 - virtual_space_node_default_size: 8388608.
 - enlarge_chunks_in_place: 1.
 - new_chunks_are_fully_committed: 0.
 - uncommit_free_chunks: 1.
 - use_allocation_guard: 0.
 - handle_deallocations: 1.


Internal statistics:

num_allocs_failed_limit: 0.
num_arena_births: 40.
num_arena_deaths: 0.
num_vsnodes_births: 2.
num_vsnodes_deaths: 0.
num_space_committed: 87.
num_space_uncommitted: 0.
num_chunks_returned_to_freelist: 0.
num_chunks_taken_from_freelist: 203.
num_chunk_merges: 0.
num_chunk_splits: 125.
num_chunks_enlarged: 102.
num_purges: 0.
num_inconsistent_stats: 0.

CodeHeap 'non-profiled nmethods': size=120000Kb used=321Kb max_used=321Kb free=119679Kb
 bounds [0x0000023e87ad0000, 0x0000023e87d40000, 0x0000023e8f000000]
CodeHeap 'profiled nmethods': size=120000Kb used=1994Kb max_used=1994Kb free=118005Kb
 bounds [0x0000023e80000000, 0x0000023e80270000, 0x0000023e87530000]
CodeHeap 'non-nmethods': size=5760Kb used=1160Kb max_used=1180Kb free=4599Kb
 bounds [0x0000023e87530000, 0x0000023e877a0000, 0x0000023e87ad0000]
 total_blobs=1426 nmethods=989 adapters=350
 compilation: enabled
              stopped_count=0, restarted_count=0
 full_count=0

Compilation events (20 events):
Event: 1.554 Thread 0x0000023ede012c50 nmethod 942 0x0000023e801c6010 code [0x0000023e801c61a0, 0x0000023e801c6318]
Event: 1.554 Thread 0x0000023ede012c50  943       3       java.nio.charset.CoderResult::isOverflow (14 bytes)
Event: 1.555 Thread 0x0000023ede012c50 nmethod 943 0x0000023e801c6390 code [0x0000023e801c6520, 0x0000023e801c6698]
Event: 1.555 Thread 0x0000023ede012c50  944       3       java.nio.ByteBuffer::array (35 bytes)
Event: 1.555 Thread 0x0000023ede012c50 nmethod 944 0x0000023e801c6710 code [0x0000023e801c68e0, 0x0000023e801c6bb8]
Event: 1.555 Thread 0x0000023ede012c50  945       3       sun.nio.cs.UTF_8$Decoder::decodeLoop (28 bytes)
Event: 1.555 Thread 0x0000023ede012c50 nmethod 945 0x0000023e801c6d10 code [0x0000023e801c6ee0, 0x0000023e801c72f8]
Event: 1.555 Thread 0x0000023ede012c50  951   !   3       sun.nio.cs.StreamDecoder::read (196 bytes)
Event: 1.555 Thread 0x0000023eff1d9ee0  954       4       jdk.internal.misc.Unsafe::allocateUninitializedArray (55 bytes)
Event: 1.555 Thread 0x0000023ede012c50 nmethod 951 0x0000023e801c7490 code [0x0000023e801c7700, 0x0000023e801c8328]
Event: 1.555 Thread 0x0000023ede012c50  946       3       java.nio.ByteBuffer::hasArray (20 bytes)
Event: 1.555 Thread 0x0000023ede012c50 nmethod 946 0x0000023e801c8890 code [0x0000023e801c8a20, 0x0000023e801c8bd8]
Event: 1.555 Thread 0x0000023ede012c50  947       3       java.nio.CharBuffer::hasArray (20 bytes)
Event: 1.555 Thread 0x0000023ede012c50 nmethod 947 0x0000023e801c8c90 code [0x0000023e801c8e20, 0x0000023e801c8fd8]
Event: 1.555 Thread 0x0000023ede012c50  948       3       sun.nio.cs.UTF_8$Decoder::decodeArrayLoop (688 bytes)
Event: 1.556 Thread 0x0000023eff1d9ee0 nmethod 954 0x0000023e87b1ea90 code [0x0000023e87b1ec20, 0x0000023e87b1edf8]
Event: 1.557 Thread 0x0000023ede012c50 nmethod 948 0x0000023e801c9090 code [0x0000023e801c98c0, 0x0000023e801cea38]
Event: 1.557 Thread 0x0000023ede012c50  952       3       sun.nio.cs.StreamDecoder::ensureOpen (18 bytes)
Event: 1.558 Thread 0x0000023ede012c50 nmethod 952 0x0000023e801d0190 code [0x0000023e801d0340, 0x0000023e801d0568]
Event: 1.558 Thread 0x0000023ede012c50  950   !   3       java.nio.charset.CharsetDecoder::decode (275 bytes)

GC Heap History (0 events):
No events

Deoptimization events (18 events):
Event: 1.295 Thread 0x0000023ef53e3a60 DEOPT PACKING pc=0x0000023e800588e5 sp=0x0000007e789f9490
Event: 1.295 Thread 0x0000023ef53e3a60 DEOPT UNPACKING pc=0x0000023e875866e3 sp=0x0000007e789f88e0 mode 0
Event: 1.299 Thread 0x0000023ef53e3a60 DEOPT PACKING pc=0x0000023e8003a404 sp=0x0000007e789fe320
Event: 1.299 Thread 0x0000023ef53e3a60 DEOPT UNPACKING pc=0x0000023e875866e3 sp=0x0000007e789fd7d0 mode 0
Event: 1.353 Thread 0x0000023ef53e3a60 Uncommon trap: trap_request=0xffffff45 fr.pc=0x0000023e87ada968 relative=0x0000000000000448
Event: 1.353 Thread 0x0000023ef53e3a60 Uncommon trap: reason=unstable_if action=reinterpret pc=0x0000023e87ada968 method=java.lang.StringLatin1.canEncode(I)Z @ 4 c2
Event: 1.353 Thread 0x0000023ef53e3a60 DEOPT PACKING pc=0x0000023e87ada968 sp=0x0000007e789fddd0
Event: 1.353 Thread 0x0000023ef53e3a60 DEOPT UNPACKING pc=0x0000023e87585ba3 sp=0x0000007e789fdcf8 mode 2
Event: 1.353 Thread 0x0000023ef53e3a60 Uncommon trap: trap_request=0xffffff45 fr.pc=0x0000023e87adb350 relative=0x0000000000000430
Event: 1.353 Thread 0x0000023ef53e3a60 Uncommon trap: reason=unstable_if action=reinterpret pc=0x0000023e87adb350 method=java.lang.AbstractStringBuilder.isLatin1()Z @ 10 c2
Event: 1.353 Thread 0x0000023ef53e3a60 DEOPT PACKING pc=0x0000023e87adb350 sp=0x0000007e789fdde0
Event: 1.353 Thread 0x0000023ef53e3a60 DEOPT UNPACKING pc=0x0000023e87585ba3 sp=0x0000007e789fdd60 mode 2
Event: 1.378 Thread 0x0000023ef53e3a60 DEOPT PACKING pc=0x0000023e80033ae8 sp=0x0000007e789f9300
Event: 1.378 Thread 0x0000023ef53e3a60 DEOPT UNPACKING pc=0x0000023e875866e3 sp=0x0000007e789f8790 mode 0
Event: 1.557 Thread 0x0000023ef53e3a60 Uncommon trap: trap_request=0xffffffde fr.pc=0x0000023e87b1ed34 relative=0x0000000000000114
Event: 1.557 Thread 0x0000023ef53e3a60 Uncommon trap: reason=class_check action=maybe_recompile pc=0x0000023e87b1ed34 method=jdk.internal.misc.Unsafe.allocateUninitializedArray(Ljava/lang/Class;I)Ljava/lang/Object; @ 51 c2
Event: 1.557 Thread 0x0000023ef53e3a60 DEOPT PACKING pc=0x0000023e87b1ed34 sp=0x0000007e789fdbc0
Event: 1.557 Thread 0x0000023ef53e3a60 DEOPT UNPACKING pc=0x0000023e87585ba3 sp=0x0000007e789fdb48 mode 2

Classes unloaded (0 events):
No events

Classes redefined (0 events):
No events

Internal exceptions (20 events):
Event: 1.203 Thread 0x0000023ef53e3a60 Exception <a 'java/lang/NullPointerException'{0x00000007144d62b8}> (0x00000007144d62b8) 
thrown [s\open\src\hotspot\share\interpreter\linkResolver.cpp, line 1350]
Event: 1.204 Thread 0x0000023ef53e3a60 Exception <a 'java/lang/NullPointerException'{0x00000007144d6590}> (0x00000007144d6590) 
thrown [s\open\src\hotspot\share\interpreter\linkResolver.cpp, line 1350]
Event: 1.204 Thread 0x0000023ef53e3a60 Exception <a 'java/lang/NullPointerException'{0x00000007144dc390}> (0x00000007144dc390) 
thrown [s\open\src\hotspot\share\interpreter\linkResolver.cpp, line 1350]
Event: 1.214 Thread 0x0000023ef53e3a60 Exception <a 'java/lang/NullPointerException'{0x00000007145615e0}> (0x00000007145615e0) 
thrown [s\open\src\hotspot\share\interpreter\linkResolver.cpp, line 1350]
Event: 1.214 Thread 0x0000023ef53e3a60 Exception <a 'java/lang/NullPointerException'{0x00000007145618b8}> (0x00000007145618b8) 
thrown [s\open\src\hotspot\share\interpreter\linkResolver.cpp, line 1350]
Event: 1.214 Thread 0x0000023ef53e3a60 Exception <a 'java/lang/NullPointerException'{0x0000000714561b90}> (0x0000000714561b90) 
thrown [s\open\src\hotspot\share\interpreter\linkResolver.cpp, line 1350]
Event: 1.214 Thread 0x0000023ef53e3a60 Exception <a 'java/lang/NullPointerException'{0x0000000714561e68}> (0x0000000714561e68) 
thrown [s\open\src\hotspot\share\interpreter\linkResolver.cpp, line 1350]
Event: 1.256 Thread 0x0000023ef53e3a60 Exception <a 'java/lang/NoSuchMethodError'{0x00000007145e8f20}: 'void java.lang.invoke.DirectMethodHandle$Holder.invokeStatic(java.lang.Object, java.lang.Object)'> (0x00000007145e8f20) 
thrown [s\open\src\hotspot\share\interpreter\linkResolver.cpp, line 759]
Event: 1.257 Thread 0x0000023ef53e3a60 Exception <a 'java/lang/NoSuchMethodError'{0x00000007145ec838}: 'void java.lang.invoke.DirectMethodHandle$Holder.invokeStaticInit(java.lang.Object, java.lang.Object)'> (0x00000007145ec838) 
thrown [s\open\src\hotspot\share\interpreter\linkResolver.cpp, line 759]
Event: 1.266 Thread 0x0000023ef53e3a60 Exception <a 'java/lang/NoSuchMethodError'{0x0000000714242590}: 'void java.lang.invoke.DirectMethodHandle$Holder.invokeStatic(java.lang.Object, java.lang.Object, java.lang.Object)'> (0x0000000714242590) 
thrown [s\open\src\hotspot\share\interpreter\linkResolver.cpp, line 759]
Event: 1.289 Thread 0x0000023ef53e3a60 Exception <a 'java/lang/NullPointerException'{0x00000007142fc398}> (0x00000007142fc398) 
thrown [s\open\src\hotspot\share\interpreter\linkResolver.cpp, line 1350]
Event: 1.289 Thread 0x0000023ef53e3a60 Exception <a 'java/lang/NullPointerException'{0x0000000714304968}> (0x0000000714304968) 
thrown [s\open\src\hotspot\share\interpreter\linkResolver.cpp, line 1350]
Event: 1.312 Thread 0x0000023ef53e3a60 Exception <a 'java/lang/NoSuchMethodError'{0x00000007143ff408}: 'java.lang.Object java.lang.invoke.DirectMethodHandle$Holder.invokeSpecialIFC(java.lang.Object, java.lang.Object, java.lang.Object, java.lang.Object)'> (0x00000007143ff408) 
thrown [s\open\src\hotspot\share\interpreter\linkResolver.cpp, line 759]
Event: 1.459 Thread 0x0000023ef53e3a60 Exception <a 'java/lang/NoSuchMethodError'{0x0000000713a28f90}: 'void java.lang.invoke.DirectMethodHandle$Holder.invokeSpecial(java.lang.Object, java.lang.Object, java.lang.Object)'> (0x0000000713a28f90) 
thrown [s\open\src\hotspot\share\interpreter\linkResolver.cpp, line 759]
Event: 1.484 Thread 0x0000023ef53e3a60 Exception <a 'java/lang/NoSuchMethodError'{0x0000000713b95c90}: 'java.lang.Object java.lang.invoke.DirectMethodHandle$Holder.invokeInterface(java.lang.Object, java.lang.Object)'> (0x0000000713b95c90) 
thrown [s\open\src\hotspot\share\interpreter\linkResolver.cpp, line 759]
Event: 1.496 Thread 0x0000023ef53e3a60 Exception <a 'java/lang/NoSuchMethodError'{0x00000007138489d0}: 'java.lang.Object java.lang.invoke.Invokers$Holder.invokeExact_MT(java.lang.Object, java.lang.Object, java.lang.Object, java.lang.Object, java.lang.Object, java.lang.Object)'> (0x00000007138489d0) 
thrown [s\open\src\hotspot\share\interpreter\linkResolver.cpp, line 759]
Event: 1.497 Thread 0x0000023ef53e3a60 Exception <a 'java/lang/NoSuchMethodError'{0x0000000713859e30}: 'int java.lang.invoke.DirectMethodHandle$Holder.invokeSpecialIFC(java.lang.Object, java.lang.Object, java.lang.Object, java.lang.Object, java.lang.Object)'> (0x0000000713859e30) 
thrown [s\open\src\hotspot\share\interpreter\linkResolver.cpp, line 759]
Event: 1.527 Thread 0x0000023ef53e3a60 Exception <a 'java/lang/NoSuchMethodError'{0x0000000713613cd8}: 'java.lang.Object java.lang.invoke.DirectMethodHandle$Holder.newInvokeSpecial(java.lang.Object, java.lang.Object, java.lang.Object, java.lang.Object, java.lang.Object)'> (0x0000000713613cd8) 
thrown [s\open\src\hotspot\share\interpreter\linkResolver.cpp, line 759]
Event: 1.546 Thread 0x0000023ef53e3a60 Exception <a 'java/lang/NoSuchMethodError'{0x000000071373cd68}: 'int java.lang.invoke.DirectMethodHandle$Holder.invokeStaticInit(java.lang.Object, java.lang.Object)'> (0x000000071373cd68) 
thrown [s\open\src\hotspot\share\interpreter\linkResolver.cpp, line 759]
Event: 1.551 Thread 0x0000023ef53e3a60 Exception <a 'java/lang/NoClassDefFoundError'{0x0000000713776f70}: javax/enterprise/inject/Typed> (0x0000000713776f70) 
thrown [s\open\src\hotspot\share\classfile\systemDictionary.cpp, line 245]

VM Operations (11 events):
Event: 0.048 Executing VM operation: HandshakeAllThreads
Event: 0.048 Executing VM operation: HandshakeAllThreads done
Event: 1.052 Executing VM operation: Cleanup
Event: 1.052 Executing VM operation: Cleanup done
Event: 1.194 Executing VM operation: HandshakeAllThreads
Event: 1.194 Executing VM operation: HandshakeAllThreads done
Event: 1.204 Executing VM operation: HandshakeAllThreads
Event: 1.204 Executing VM operation: HandshakeAllThreads done
Event: 1.324 Executing VM operation: HandshakeAllThreads
Event: 1.324 Executing VM operation: HandshakeAllThreads done
Event: 2.328 Executing VM operation: Cleanup

Events (20 events):
Event: 1.527 loading class java/lang/annotation/ElementType
Event: 1.527 loading class java/lang/annotation/ElementType done
Event: 1.527 loading class java/lang/annotation/Documented
Event: 1.527 loading class java/lang/annotation/Documented done
Event: 1.534 loading class java/util/concurrent/TimeoutException
Event: 1.534 loading class java/util/concurrent/TimeoutException done
Event: 1.534 loading class java/util/concurrent/CancellationException
Event: 1.534 loading class java/util/concurrent/CancellationException done
Event: 1.539 loading class java/lang/reflect/ParameterizedType
Event: 1.539 loading class java/lang/reflect/ParameterizedType done
Event: 1.541 loading class java/lang/reflect/TypeVariable
Event: 1.541 loading class java/lang/reflect/TypeVariable done
Event: 1.541 loading class java/lang/reflect/WildcardType
Event: 1.541 loading class java/lang/reflect/WildcardType done
Event: 1.542 loading class sun/reflect/generics/tree/TypeVariableSignature
Event: 1.542 loading class sun/reflect/generics/tree/TypeVariableSignature done
Event: 1.551 loading class java/lang/annotation/IncompleteAnnotationException
Event: 1.551 loading class java/lang/annotation/IncompleteAnnotationException done
Event: 1.553 loading class jdk/internal/misc/ScopedMemoryAccess$Scope
Event: 1.553 loading class jdk/internal/misc/ScopedMemoryAccess$Scope done


Dynamic libraries:
0x00007ff73bbd0000 - 0x00007ff73bbe0000 	C:\Program Files\Java\jdk-17\bin\java.exe
0x00007ff88ffa0000 - 0x00007ff890207000 	C:\WINDOWS\SYSTEM32\ntdll.dll
0x00007ff88e6c0000 - 0x00007ff88e789000 	C:\WINDOWS\System32\KERNEL32.DLL
0x00007ff88d340000 - 0x00007ff88d731000 	C:\WINDOWS\System32\KERNELBASE.dll
0x00007ff88d940000 - 0x00007ff88da8b000 	C:\WINDOWS\System32\ucrtbase.dll
0x00007ff860f70000 - 0x00007ff860f89000 	C:\Program Files\Java\jdk-17\bin\jli.dll
0x00007ff86c4b0000 - 0x00007ff86c4cb000 	C:\Program Files\Java\jdk-17\bin\VCRUNTIME140.dll
0x00007ff88dda0000 - 0x00007ff88de5b000 	C:\WINDOWS\System32\ADVAPI32.dll
0x00007ff88e5e0000 - 0x00007ff88e689000 	C:\WINDOWS\System32\msvcrt.dll
0x00007ff88eb00000 - 0x00007ff88eba7000 	C:\WINDOWS\System32\sechost.dll
0x00007ff88f330000 - 0x00007ff88f448000 	C:\WINDOWS\System32\RPCRT4.dll
0x00007ff88e790000 - 0x00007ff88e955000 	C:\WINDOWS\System32\USER32.dll
0x00007ff86b0a0000 - 0x00007ff86b333000 	C:\WINDOWS\WinSxS\amd64_microsoft.windows.common-controls_6595b64144ccf1df_6.0.26100.7922_none_3e089e1ee3342171\COMCTL32.dll
0x00007ff88d310000 - 0x00007ff88d337000 	C:\WINDOWS\System32\win32u.dll
0x00007ff88e690000 - 0x00007ff88e6bb000 	C:\WINDOWS\System32\GDI32.dll
0x00007ff88dc10000 - 0x00007ff88dd3a000 	C:\WINDOWS\System32\gdi32full.dll
0x00007ff88c880000 - 0x00007ff88c923000 	C:\WINDOWS\System32\msvcp_win.dll
0x00007ff87b9a0000 - 0x00007ff87b9ab000 	C:\WINDOWS\SYSTEM32\VERSION.dll
0x00007ff88fe70000 - 0x00007ff88fea1000 	C:\WINDOWS\System32\IMM32.DLL
0x00007ff86e740000 - 0x00007ff86e74c000 	C:\Program Files\Java\jdk-17\bin\vcruntime140_1.dll
0x00007ff846df0000 - 0x00007ff846e7e000 	C:\Program Files\Java\jdk-17\bin\msvcp140.dll
0x00007fff9e7b0000 - 0x00007fff9f38e000 	C:\Program Files\Java\jdk-17\bin\server\jvm.dll
0x00007ff88e5d0000 - 0x00007ff88e5d8000 	C:\WINDOWS\System32\PSAPI.DLL
0x00007ff86b030000 - 0x00007ff86b03a000 	C:\WINDOWS\SYSTEM32\WSOCK32.dll
0x00007ff882da0000 - 0x00007ff882dd5000 	C:\WINDOWS\SYSTEM32\WINMM.dll
0x00007ff88f1e0000 - 0x00007ff88f254000 	C:\WINDOWS\System32\WS2_32.dll
0x00007ff88b610000 - 0x00007ff88b62b000 	C:\WINDOWS\SYSTEM32\kernel.appcore.dll
0x00007ff86d6f0000 - 0x00007ff86d6fa000 	C:\Program Files\Java\jdk-17\bin\jimage.dll
0x00007ff88a780000 - 0x00007ff88a9c2000 	C:\WINDOWS\SYSTEM32\DBGHELP.DLL
0x00007ff88f450000 - 0x00007ff88f7d2000 	C:\WINDOWS\System32\combase.dll
0x00007ff88efa0000 - 0x00007ff88f077000 	C:\WINDOWS\System32\OLEAUT32.dll
0x00007ff867130000 - 0x00007ff86716b000 	C:\WINDOWS\SYSTEM32\dbgcore.DLL
0x00007ff88d800000 - 0x00007ff88d8a5000 	C:\WINDOWS\System32\bcryptPrimitives.dll
0x00007ff846dc0000 - 0x00007ff846de5000 	C:\Program Files\Java\jdk-17\bin\java.dll
0x00007ff846ce0000 - 0x00007ff846db7000 	C:\Program Files\Java\jdk-17\bin\jsvml.dll
0x00007ff88de60000 - 0x00007ff88e5bf000 	C:\WINDOWS\System32\SHELL32.dll
0x00007ff88d1a0000 - 0x00007ff88d30a000 	C:\WINDOWS\System32\wintypes.dll
0x00007ff88c930000 - 0x00007ff88d194000 	C:\WINDOWS\System32\windows.storage.dll
0x00007ff88f7e0000 - 0x00007ff88f8d7000 	C:\WINDOWS\System32\SHCORE.dll
0x00007ff88ed40000 - 0x00007ff88eda7000 	C:\WINDOWS\System32\shlwapi.dll
0x00007ff88c7a0000 - 0x00007ff88c7c9000 	C:\WINDOWS\SYSTEM32\profapi.dll
0x00007ff860b40000 - 0x00007ff860b59000 	C:\Program Files\Java\jdk-17\bin\net.dll
0x00007ff885040000 - 0x00007ff885167000 	C:\WINDOWS\SYSTEM32\WINHTTP.dll
0x00007ff88bb80000 - 0x00007ff88bbeb000 	C:\WINDOWS\system32\mswsock.dll
0x00007ff846cc0000 - 0x00007ff846cd6000 	C:\Program Files\Java\jdk-17\bin\nio.dll
0x00007ff846ca0000 - 0x00007ff846cb8000 	C:\Program Files\Java\jdk-17\bin\zip.dll
0x00007ff846ba0000 - 0x00007ff846bc4000 	C:\Program Files\JetBrains\IntelliJ IDEA 2023.2.8\plugins\maven\lib\maven3\lib\jansi-native\Windows\x86_64\jansi.dll
0x00007ff861400000 - 0x00007ff861410000 	C:\Program Files\Java\jdk-17\bin\verify.dll

dbghelp: loaded successfully - version: 4.0.5 - missing functions: none
symbol engine: initialized successfully - sym options: 0x614 - pdb path: .;C:\Program Files\Java\jdk-17\bin;C:\WINDOWS\SYSTEM32;C:\WINDOWS\WinSxS\amd64_microsoft.windows.common-controls_6595b64144ccf1df_6.0.26100.7922_none_3e089e1ee3342171;C:\Program Files\Java\jdk-17\bin\server;C:\Program Files\JetBrains\IntelliJ IDEA 2023.2.8\plugins\maven\lib\maven3\lib\jansi-native\Windows\x86_64

VM Arguments:
jvm_args: -Dfile.encoding=IBM850 --enable-native-access=ALL-UNNAMED -Dclassworlds.conf=C:\Program Files\JetBrains\IntelliJ IDEA 2023.2.8\plugins\maven\lib\maven3\bin\m2.conf -Dmaven.home=C:\Program Files\JetBrains\IntelliJ IDEA 2023.2.8\plugins\maven\lib\maven3 -Dlibrary.jansi.path=C:\Program Files\JetBrains\IntelliJ IDEA 2023.2.8\plugins\maven\lib\maven3\lib\jansi-native -Dmaven.multiModuleProjectDirectory=C:\Desktop\pidevv\pi25-01-2026 
java_command: org.codehaus.plexus.classworlds.launcher.Launcher -Didea.version=2025.3.3 -Dmaven.ext.class.path=C:\Program Files\JetBrains\IntelliJ IDEA 2023.2.8\plugins\maven\lib\maven-event-listener.jar -Djansi.passthrough=true -Dstyle.color=always -Dmaven.repo.local=C:\Users\PROBOOK\.m2\repository javafx:run -f pom.xml
java_class_path (initial): C:\Program Files\JetBrains\IntelliJ IDEA 2023.2.8\plugins\maven\lib\maven3\boot\plexus-classworlds-2.9.0.jar
Launcher Type: SUN_STANDARD

[Global flags]
     intx CICompilerCount                          = 4                                         {product} {ergonomic}
     uint ConcGCThreads                            = 2                                         {product} {ergonomic}
     uint G1ConcRefinementThreads                  = 8                                         {product} {ergonomic}
   size_t G1HeapRegionSize                         = 2097152                                   {product} {ergonomic}
    uintx GCDrainStackTargetSize                   = 64                                        {product} {ergonomic}
   size_t InitialHeapSize                          = 264241152                                 {product} {ergonomic}
   size_t MarkStackSize                            = 4194304                                   {product} {ergonomic}
   size_t MaxHeapSize                              = 4213178368                                {product} {ergonomic}
   size_t MaxNewSize                               = 2527068160                                {product} {ergonomic}
   size_t MinHeapDeltaBytes                        = 2097152                                   {product} {ergonomic}
   size_t MinHeapSize                              = 8388608                                   {product} {ergonomic}
    uintx NonNMethodCodeHeapSize                   = 5839372                                {pd product} {ergonomic}
    uintx NonProfiledCodeHeapSize                  = 122909434                              {pd product} {ergonomic}
    uintx ProfiledCodeHeapSize                     = 122909434                              {pd product} {ergonomic}
    uintx ReservedCodeCacheSize                    = 251658240                              {pd product} {ergonomic}
     bool SegmentedCodeCache                       = true                                      {product} {ergonomic}
   size_t SoftMaxHeapSize                          = 4213178368                             {manageable} {ergonomic}
     bool UseCompressedClassPointers               = true                           {product lp64_product} {ergonomic}
     bool UseCompressedOops                        = true                           {product lp64_product} {ergonomic}
     bool UseG1GC                                  = true                                      {product} {ergonomic}
     bool UseLargePagesIndividualAllocation        = false                                  {pd product} {ergonomic}

Logging:
Log output configuration:
 #0: stdout all=warning uptime,level,tags
 #1: stderr all=off uptime,level,tags

Environment Variables:
JAVA_HOME=C:\Program Files\Java\jdk-17
JAVA_TOOL_OPTIONS=-Dfile.encoding=IBM850
PATH=C:\oraclexe\app\oracle\product\11.2.0\server\bin;;C:\Users\PROBOOK\OneDrive\Documentos\Atelier2;C:\Users\PROBOOK\.jdks\jbr-17.0.14-1;C:\Program Files (x86)\VMware\VMware Workstation\bin\;C:\Program Files\Java\jdk-17\bin;C:\Program Files\Common Files\Oracle\Java\javapath;C:\Python313\Scripts\;C:\Python313\;C:\Maven\apache-maven-3.9.9\bin;C:\WINDOWS\system32;C:\WINDOWS;C:\WINDOWS\System32\Wbem;C:\WINDOWS\System32\WindowsPowerShell\v1.0\;C:\WINDOWS\System32\OpenSSH\;C:\Program Files\Microsoft SQL Server\150\Tools\Binn\;C:\ProgramData\chocolatey\bin;C:\Program Files\nodejs\;C:\Users\PROBOOK\AppData\Roaming\Python\Python313\Scripts;C:\Program Files\Pandoc\;C:\xampp\php;C:\ProgramData\ComposerSetup\bin;C:\Program Files\Git\cmd;C:\Users\PROBOOK\scoop\shims;C:\Users\PROBOOK\AppData\Local\Programs\Python\Launcher\;C:\Users\PROBOOK\AppData\Local\Microsoft\WindowsApps;C:\Users\PROBOOK\AppData\Local\Programs\Microsoft VS Code\bin;C:\Maven\apache-maven-3.9.9\bin;C:\Users\PROBOOK\AppData\Roaming\npm;C:\Users\PROBOOK\AppData\Roaming\Composer\vendor\bin;C:\Program Files\JetBrains\IntelliJ IDEA 2023.2.8\bin;
USERNAME=PROBOOK
OS=Windows_NT
PROCESSOR_IDENTIFIER=Intel64 Family 6 Model 140 Stepping 1, GenuineIntel



---------------  S Y S T E M  ---------------

OS:
 Windows 11 , 64 bit Build 26100 (10.0.26100.7920)
OS uptime: 3 days 14:15 hours

CPU: total 8 (initial active 8) (4 cores per cpu, 2 threads per core) family 6 model 140 stepping 1 microcode 0xbc, cx8, cmov, fxsr, ht, mmx, 3dnowpref, sse, sse2, sse3, ssse3, sse4.1, sse4.2, popcnt, lzcnt, tsc, tscinvbit, avx, avx2, aes, erms, clmul, bmi1, bmi2, adx, avx512f, avx512dq, avx512cd, avx512bw, avx512vl, sha, fma, vzeroupper, avx512_vpopcntdq, avx512_vpclmulqdq, avx512_vaes, avx512_vnni, clflush, clflushopt, clwb, avx512_vbmi2, avx512_vbmi

Memory: 4k page, system-wide physical 16064M (1050M free)
TotalPageFile size 46390M (AvailPageFile size 5M)
current process WorkingSet (physical memory assigned to process): 76M, peak: 76M
current process commit charge ("private bytes"): 355M, peak: 356M

vm_info: Java HotSpot(TM) 64-Bit Server VM (17.0.8+9-LTS-211) for windows-amd64 JRE (17.0.8+9-LTS-211), built on Jun 14 2023 10:34:31 by "mach5one" with MS VC++ 17.1 (VS2022)

END.
