#
# There is insufficient memory for the Java Runtime Environment to continue.
# Native memory allocation (malloc) failed to allocate 32744 bytes for ChunkPool::allocate
# Possible reasons:
#   The system is out of physical RAM or swap space
# Possible solutions:
#   Reduce memory load on the system
#   Increase physical memory or swap space
#   Check if swap backing store is full
#   Decrease Java heap size (-Xmx/-Xms)
#   Decrease number of Java threads
#   Decrease Java thread stack sizes (-Xss)
#   Set larger code cache with -XX:ReservedCodeCacheSize=
#
#  , pid=14724
V  [jvm.dll+0x7d8c54]
V  [jvm.dll+0x7da3fe]
V  [jvm.dll+0x7daa63]
V  [jvm.dll+0x245c5f]
V  [jvm.dll+0xaacc0]
V  [jvm.dll+0xab00c]
V  [jvm.dll+0x14c852]
V  [jvm.dll+0x1408e5]
V  [jvm.dll+0x13ea55]
V  [jvm.dll+0x146f6a]
V  [jvm.dll+0x146495]
V  [jvm.dll+0x13e1c0]
V  [jvm.dll+0x14044e]
V  [jvm.dll+0x13e95c]
V  [jvm.dll+0x146f6a]
V  [jvm.dll+0x146495]
V  [jvm.dll+0x13e1c0]
V  [jvm.dll+0x14044e]
V  [jvm.dll+0x13ea55]
V  [jvm.dll+0x138b98]
V  [jvm.dll+0x1480f6]
V  [jvm.dll+0x1342a0]
V  [jvm.dll+0x134600]
V  [jvm.dll+0x1348c8]
V  [jvm.dll+0x133d61]
V  [jvm.dll+0x135a0d]
V  [jvm.dll+0x2270be]
V  [jvm.dll+0x22535b]
V  [jvm.dll+0x78e7bc]
V  [jvm.dll+0x788bba]
V  [jvm.dll+0x676b35]
C  [ucrtbase.dll+0x37b0]
C  [KERNEL32.DLL+0x2e8d7]
C  [ntdll.dll+0x8c48c]


---------------  P R O C E S S  ---------------

Threads class SMR info:
_java_thread_list=0x0000019503c10dd0, length=24, elements={
0x0000019514a819a0, 0x00000195375c6ed0, 0x00000195375c85f0, 0x00000195375e0d50,
0x00000195375e1700, 0x00000195375e2c20, 0x00000195375e4140, 0x00000195375e6500,
0x00000195375e6fa0, 0x00000195375f4530, 0x0000019537784bb0, 0x000001957d15df30,
0x000001953790a520, 0x000001957d6fa710, 0x000001957d6dfb20, 0x00000195021411b0,
0x000001950217dee0, 0x000001950278e8e0, 0x00000195029c99e0, 0x0000019502bff810,
0x000001950288be20, 0x000001950288ee40, 0x000001950288db00, 0x000001950288c7c0
}

Java Threads: ( => current thread )
  0x0000019514a819a0 JavaThread "main" [_thread_blocked, id=15580, stack(0x0000005f4d600000,0x0000005f4d700000)]
  0x00000195375c6ed0 JavaThread "Reference Handler" daemon [_thread_blocked, id=36680, stack(0x0000005f4dd00000,0x0000005f4de00000)]
  0x00000195375c85f0 JavaThread "Finalizer" daemon [_thread_blocked, id=11692, stack(0x0000005f4de00000,0x0000005f4df00000)]
  0x00000195375e0d50 JavaThread "Signal Dispatcher" daemon [_thread_blocked, id=32860, stack(0x0000005f4df00000,0x0000005f4e000000)]
  0x00000195375e1700 JavaThread "Attach Listener" daemon [_thread_blocked, id=8188, stack(0x0000005f4e000000,0x0000005f4e100000)]
  0x00000195375e2c20 JavaThread "Service Thread" daemon [_thread_blocked, id=33028, stack(0x0000005f4e100000,0x0000005f4e200000)]
  0x00000195375e4140 JavaThread "Monitor Deflation Thread" daemon [_thread_blocked, id=3024, stack(0x0000005f4e200000,0x0000005f4e300000)]
  0x00000195375e6500 JavaThread "C2 CompilerThread0" daemon [_thread_blocked, id=32188, stack(0x0000005f4e300000,0x0000005f4e400000)]
=>0x00000195375e6fa0 JavaThread "C1 CompilerThread0" daemon [_thread_in_native, id=24020, stack(0x0000005f4e400000,0x0000005f4e500000)]
  0x00000195375f4530 JavaThread "Sweeper thread" daemon [_thread_blocked, id=20440, stack(0x0000005f4e500000,0x0000005f4e600000)]
  0x0000019537784bb0 JavaThread "Common-Cleaner" daemon [_thread_blocked, id=24224, stack(0x0000005f4e600000,0x0000005f4e700000)]
  0x000001957d15df30 JavaThread "Notification Thread" daemon [_thread_blocked, id=25336, stack(0x0000005f4e900000,0x0000005f4ea00000)]
  0x000001953790a520 JavaThread "QuantumRenderer-0" daemon [_thread_blocked, id=29972, stack(0x0000005f4eb00000,0x0000005f4ec00000)]
  0x000001957d6fa710 JavaThread "InvokeLaterDispatcher" daemon [_thread_blocked, id=33360, stack(0x0000005f4ec00000,0x0000005f4ed00000)]
  0x000001957d6dfb20 JavaThread "JavaFX Application Thread" [_thread_in_native, id=15160, stack(0x0000005f4ed00000,0x0000005f4ee00000)]
  0x00000195021411b0 JavaThread "JavaFX-Launcher" [_thread_blocked, id=25312, stack(0x0000005f4e800000,0x0000005f4e900000)]
  0x000001950217dee0 JavaThread "Thread-2" daemon [_thread_in_native, id=28592, stack(0x0000005f4e700000,0x0000005f4e800000)]
  0x000001950278e8e0 JavaThread "Prism Font Disposer" daemon [_thread_blocked, id=32332, stack(0x0000005f4f800000,0x0000005f4f900000)]
  0x00000195029c99e0 JavaThread "Thread-3" daemon [_thread_blocked, id=22224, stack(0x0000005f4f900000,0x0000005f4fa00000)]
  0x0000019502bff810 JavaThread "mysql-cj-abandoned-connection-cleanup" daemon [_thread_blocked, id=21224, stack(0x0000005f4fa00000,0x0000005f4fb00000)]
  0x000001950288be20 JavaThread "pool-2-thread-1" [_thread_blocked, id=34732, stack(0x0000005f4f700000,0x0000005f4f800000)]
  0x000001950288ee40 JavaThread "Cleaner-0" daemon [_thread_blocked, id=12072, stack(0x0000005f50b00000,0x0000005f50c00000)]
  0x000001950288db00 JavaThread "HttpClient-1-SelectorManager" daemon [_thread_in_native, id=32832, stack(0x0000005f50d00000,0x0000005f50e00000)]
  0x000001950288c7c0 JavaThread "HttpClient-2-SelectorManager" daemon [_thread_in_native, id=35184, stack(0x0000005f50e00000,0x0000005f50f00000)]

Other Threads:
  0x00000195375c18c0 VMThread "VM Thread" [stack: 0x0000005f4dc00000,0x0000005f4dd00000] [id=31708]
  0x0000019514b05f70 WatcherThread [stack: 0x0000005f4ea00000,0x0000005f4eb00000] [id=20452]
  0x0000019514aec450 GCTaskThread "GC Thread#0" [stack: 0x0000005f4d700000,0x0000005f4d800000] [id=34700]
  0x000001957d6b26e0 GCTaskThread "GC Thread#1" [stack: 0x0000005f4f100000,0x0000005f4f200000] [id=35124]
  0x000001957d6b3450 GCTaskThread "GC Thread#2" [stack: 0x0000005f4f200000,0x0000005f4f300000] [id=2420]
  0x000001957d6b2c40 GCTaskThread "GC Thread#3" [stack: 0x0000005f4f300000,0x0000005f4f400000] [id=16096]
  0x000001957d6b2990 GCTaskThread "GC Thread#4" [stack: 0x0000005f4f400000,0x0000005f4f500000] [id=34564]
  0x000001957d6b2180 GCTaskThread "GC Thread#5" [stack: 0x0000005f4f500000,0x0000005f4f600000] [id=30012]
  0x000001957d6b3700 GCTaskThread "GC Thread#6" [stack: 0x0000005f4fb00000,0x0000005f4fc00000] [id=13116]
  0x000001957d6b31a0 GCTaskThread "GC Thread#7" [stack: 0x0000005f4fc00000,0x0000005f4fd00000] [id=26256]
  0x0000019514afcea0 ConcurrentGCThread "G1 Main Marker" [stack: 0x0000005f4d800000,0x0000005f4d900000] [id=25024]
  0x0000019514afe580 ConcurrentGCThread "G1 Conc#0" [stack: 0x0000005f4d900000,0x0000005f4da00000] [id=36224]
  0x0000019503a380d0 ConcurrentGCThread "G1 Conc#1" [stack: 0x0000005f50500000,0x0000005f50600000] [id=13304]
  0x0000019514b3e170 ConcurrentGCThread "G1 Refine#0" [stack: 0x0000005f4da00000,0x0000005f4db00000] [id=33868]
  0x0000019502947670 ConcurrentGCThread "G1 Refine#1" [stack: 0x0000005f4fd00000,0x0000005f4fe00000] [id=18820]
  0x0000019502891e00 ConcurrentGCThread "G1 Refine#2" [stack: 0x0000005f4fe00000,0x0000005f4ff00000] [id=29252]
  0x0000019503a3fe40 ConcurrentGCThread "G1 Refine#3" [stack: 0x0000005f4ff00000,0x0000005f50000000] [id=34900]
  0x000001950620b020 ConcurrentGCThread "G1 Refine#4" [stack: 0x0000005f50000000,0x0000005f50100000] [id=33396]
  0x0000019514b3ea30 ConcurrentGCThread "G1 Service" [stack: 0x0000005f4db00000,0x0000005f4dc00000] [id=3912]

Threads with active compile tasks:
C1 CompilerThread0    52150 5262       3       javafx.scene.control.skin.LabeledSkinBase::updateDisplayedText (996 bytes)

VM state: not at safepoint (normal execution)

VM Mutex/Monitor currently owned by a thread: None

Heap address: 0x0000000704e00000, size: 4018 MB, Compressed Oops mode: Zero based, Oop shift amount: 3

CDS archive(s) mapped at: [0x0000019538000000-0x0000019538bd0000-0x0000019538bd0000), size 12386304, SharedBaseAddress: 0x0000019538000000, ArchiveRelocationMode: 1.
Compressed class space mapped at: 0x0000019539000000-0x0000019579000000, reserved size: 1073741824
Narrow klass base: 0x0000019538000000, Narrow klass shift: 0, Narrow klass range: 0x100000000

GC Precious Log:
 CPUs: 8 total, 8 available
 Memory: 16064M
 Large Page Support: Disabled
 NUMA Support: Disabled
 Compressed Oops: Enabled (Zero based)
 Heap Region Size: 2M
 Heap Min Capacity: 8M
 Heap Initial Capacity: 252M
 Heap Max Capacity: 4018M
 Pre-touch: Disabled
 Parallel Workers: 8
 Concurrent Workers: 2
 Concurrent Refinement Workers: 8
 Periodic GC: Disabled

Heap:
 garbage-first heap   total 69632K, used 27875K [0x0000000704e00000, 0x0000000800000000)
  region size 2048K, 3 young (6144K), 2 survivors (4096K)
 Metaspace       used 29630K, committed 29952K, reserved 1114112K
  class space    used 4029K, committed 4224K, reserved 1048576K

Heap Regions: E=young(eden), S=young(survivor), O=old, HS=humongous(starts), HC=humongous(continues), CS=collection set, F=free, OA=open archive, CA=closed archive, TAMS=top-at-mark-start (previous, next)
|   0|0x0000000704e00000, 0x0000000705000000, 0x0000000705000000|100%| O|  |TAMS 0x0000000705000000, 0x0000000704e00000| Untracked 
|   1|0x0000000705000000, 0x0000000705200000, 0x0000000705200000|100%| O|  |TAMS 0x0000000705200000, 0x0000000705000000| Untracked 
|   2|0x0000000705200000, 0x0000000705400000, 0x0000000705400000|100%| O|  |TAMS 0x0000000705400000, 0x0000000705200000| Untracked 
|   3|0x0000000705400000, 0x0000000705600000, 0x0000000705600000|100%| O|  |TAMS 0x0000000705600000, 0x0000000705400000| Untracked 
|   4|0x0000000705600000, 0x0000000705800000, 0x0000000705800000|100%| O|  |TAMS 0x000000070569aa00, 0x0000000705600000| Untracked 
|   5|0x0000000705800000, 0x0000000705a00000, 0x0000000705a00000|100%| O|  |TAMS 0x0000000705800000, 0x0000000705800000| Untracked 
|   6|0x0000000705a00000, 0x0000000705bf1800, 0x0000000705c00000| 97%| O|  |TAMS 0x0000000705a00000, 0x0000000705a00000| Untracked 
|   7|0x0000000705c00000, 0x0000000705e00000, 0x0000000705e00000|100%|HS|  |TAMS 0x0000000705c00000, 0x0000000705c00000| Complete 
|   8|0x0000000705e00000, 0x0000000706000000, 0x0000000706000000|100%| O|  |TAMS 0x0000000705e00000, 0x0000000705e00000| Untracked 
|   9|0x0000000706000000, 0x0000000706200000, 0x0000000706200000|100%| O|  |TAMS 0x0000000706000000, 0x0000000706000000| Untracked 
|  10|0x0000000706200000, 0x0000000706400000, 0x0000000706400000|100%| O|  |TAMS 0x0000000706200000, 0x0000000706200000| Untracked 
|  11|0x0000000706400000, 0x0000000706547400, 0x0000000706600000| 63%| O|  |TAMS 0x0000000706400000, 0x0000000706400000| Untracked 
|  12|0x0000000706600000, 0x0000000706600000, 0x0000000706800000|  0%| F|  |TAMS 0x0000000706600000, 0x0000000706600000| Untracked 
|  13|0x0000000706800000, 0x0000000706800000, 0x0000000706a00000|  0%| F|  |TAMS 0x0000000706800000, 0x0000000706800000| Untracked 
|  14|0x0000000706a00000, 0x0000000706a00000, 0x0000000706c00000|  0%| F|  |TAMS 0x0000000706a00000, 0x0000000706a00000| Untracked 
|  15|0x0000000706c00000, 0x0000000706c00000, 0x0000000706e00000|  0%| F|  |TAMS 0x0000000706c00000, 0x0000000706c00000| Untracked 
|  16|0x0000000706e00000, 0x0000000706e00000, 0x0000000707000000|  0%| F|  |TAMS 0x0000000706e00000, 0x0000000706e00000| Untracked 
|  17|0x0000000707000000, 0x0000000707000000, 0x0000000707200000|  0%| F|  |TAMS 0x0000000707000000, 0x0000000707000000| Untracked 
|  18|0x0000000707200000, 0x0000000707200000, 0x0000000707400000|  0%| F|  |TAMS 0x0000000707200000, 0x0000000707200000| Untracked 
|  19|0x0000000707400000, 0x0000000707400000, 0x0000000707600000|  0%| F|  |TAMS 0x0000000707400000, 0x0000000707400000| Untracked 
|  20|0x0000000707600000, 0x0000000707800000, 0x0000000707800000|100%| S|CS|TAMS 0x0000000707600000, 0x0000000707600000| Complete 
|  21|0x0000000707800000, 0x0000000707a00000, 0x0000000707a00000|100%| S|CS|TAMS 0x0000000707800000, 0x0000000707800000| Complete 
|  22|0x0000000707a00000, 0x0000000707a00000, 0x0000000707c00000|  0%| F|  |TAMS 0x0000000707a00000, 0x0000000707a00000| Untracked 
|  23|0x0000000707c00000, 0x0000000707c00000, 0x0000000707e00000|  0%| F|  |TAMS 0x0000000707c00000, 0x0000000707c00000| Untracked 
|  24|0x0000000707e00000, 0x0000000707e00000, 0x0000000708000000|  0%| F|  |TAMS 0x0000000707e00000, 0x0000000707e00000| Untracked 
|  25|0x0000000708000000, 0x0000000708000000, 0x0000000708200000|  0%| F|  |TAMS 0x0000000708000000, 0x0000000708000000| Untracked 
|  26|0x0000000708200000, 0x0000000708200000, 0x0000000708400000|  0%| F|  |TAMS 0x0000000708200000, 0x0000000708200000| Untracked 
|  27|0x0000000708400000, 0x0000000708400000, 0x0000000708600000|  0%| F|  |TAMS 0x0000000708400000, 0x0000000708400000| Untracked 
|  28|0x0000000708600000, 0x0000000708600000, 0x0000000708800000|  0%| F|  |TAMS 0x0000000708600000, 0x0000000708600000| Untracked 
|  29|0x0000000708800000, 0x0000000708800000, 0x0000000708a00000|  0%| F|  |TAMS 0x0000000708800000, 0x0000000708800000| Untracked 
|  30|0x0000000708a00000, 0x0000000708a00000, 0x0000000708c00000|  0%| F|  |TAMS 0x0000000708a00000, 0x0000000708a00000| Untracked 
| 112|0x0000000712e00000, 0x0000000712e00000, 0x0000000713000000|  0%| F|  |TAMS 0x0000000712e00000, 0x0000000712e00000| Untracked 
| 113|0x0000000713000000, 0x0000000713000000, 0x0000000713200000|  0%| F|  |TAMS 0x0000000713000000, 0x0000000713000000| Untracked 
| 125|0x0000000714800000, 0x00000007148f3508, 0x0000000714a00000| 47%| E|  |TAMS 0x0000000714800000, 0x0000000714800000| Complete 

Card table byte_map: [0x000001952be20000,0x000001952c600000] _byte_map_base: 0x00000195285f9000

Marking Bits (Prev, Next): (CMBitMap*) 0x0000019514aecaa0, (CMBitMap*) 0x0000019514aeca60
 Prev Bits: [0x0000019530cb0000, 0x0000019534b78000)
 Next Bits: [0x000001952cde0000, 0x0000019530ca8000)

Polling page: 0x0000019514240000

Metaspace:

Usage:
  Non-class:     25.00 MB used.
      Class:      3.94 MB used.
       Both:     28.94 MB used.

Virtual space:
  Non-class space:       64.00 MB reserved,      25.12 MB ( 39%) committed,  1 nodes.
      Class space:        1.00 GB reserved,       4.12 MB ( <1%) committed,  1 nodes.
             Both:        1.06 GB reserved,      29.25 MB (  3%) committed. 

Chunk freelists:
   Non-Class:  6.52 MB
       Class:  11.80 MB
        Both:  18.31 MB

MaxMetaspaceSize: unlimited
CompressedClassSpaceSize: 1.00 GB
Initial GC threshold: 21.00 MB
Current GC threshold: 35.31 MB
CDS: on
MetaspaceReclaimPolicy: balanced
 - commit_granule_bytes: 65536.
 - commit_granule_words: 8192.
 - virtual_space_node_default_size: 8388608.
 - enlarge_chunks_in_place: 1.
 - new_chunks_are_fully_committed: 0.
 - uncommit_free_chunks: 1.
 - use_allocation_guard: 0.
 - handle_deallocations: 1.


Internal statistics:

num_allocs_failed_limit: 3.
num_arena_births: 300.
num_arena_deaths: 0.
num_vsnodes_births: 2.
num_vsnodes_deaths: 0.
num_space_committed: 468.
num_space_uncommitted: 0.
num_chunks_returned_to_freelist: 3.
num_chunks_taken_from_freelist: 1174.
num_chunk_merges: 3.
num_chunk_splits: 796.
num_chunks_enlarged: 593.
num_purges: 0.
num_inconsistent_stats: 0.

CodeHeap 'non-profiled nmethods': size=120000Kb used=2054Kb max_used=2608Kb free=117945Kb
 bounds [0x0000019523de0000, 0x0000019524070000, 0x000001952b310000]
CodeHeap 'profiled nmethods': size=120000Kb used=9234Kb max_used=11656Kb free=110765Kb
 bounds [0x000001951c310000, 0x000001951ce80000, 0x0000019523840000]
CodeHeap 'non-nmethods': size=5760Kb used=1546Kb max_used=1611Kb free=4213Kb
 bounds [0x0000019523840000, 0x0000019523ab0000, 0x0000019523de0000]
 total_blobs=5310 nmethods=4396 adapters=824
 compilation: enabled
              stopped_count=0, restarted_count=0
 full_count=0

Compilation events (20 events):
Event: 41.559 Thread 0x00000195375e6fa0 nmethod 5248 0x000001951c480c90 code [0x000001951c480e80, 0x000001951c481548]
Event: 41.559 Thread 0x00000195375e6fa0 5250       3       java.lang.Long::toString (55 bytes)
Event: 41.560 Thread 0x00000195375e6fa0 nmethod 5250 0x000001951c40bc90 code [0x000001951c40be60, 0x000001951c40c1f8]
Event: 41.560 Thread 0x00000195375e6500 nmethod 5251 0x0000019523e58e90 code [0x0000019523e59020, 0x0000019523e59118]
Event: 43.098 Thread 0x00000195375e6fa0 5254       3       javafx.scene.layout.Region::getMaxAreaWidth (156 bytes)
Event: 43.100 Thread 0x00000195375e6fa0 nmethod 5254 0x000001951c437090 code [0x000001951c437340, 0x000001951c438068]
Event: 44.087 Thread 0x00000195375e6fa0 5256       1       java.util.TreeMap::size (5 bytes)
Event: 44.088 Thread 0x00000195375e6fa0 nmethod 5256 0x0000019523f02990 code [0x0000019523f02b20, 0x0000019523f02bf8]
Event: 44.107 Thread 0x00000195375e6fa0 5257       3       javafx.scene.layout.HBox::computeContentWidth (39 bytes)
Event: 44.109 Thread 0x00000195375e6fa0 nmethod 5257 0x000001951c326d10 code [0x000001951c326fc0, 0x000001951c327d88]
Event: 46.100 Thread 0x00000195375e6500 5258       4       com.sun.glass.ui.Application::GetApplication (4 bytes)
Event: 46.100 Thread 0x00000195375e6500 nmethod 5258 0x0000019523e87f10 code [0x0000019523e88080, 0x0000019523e880f8]
Event: 46.107 Thread 0x00000195375e6fa0 5259       3       javafx.scene.layout.VBox::growOrShrinkAreaHeights (349 bytes)
Event: 47.111 Thread 0x00000195375e6fa0 nmethod 5259 0x000001951c3d7e10 code [0x000001951c3d8360, 0x000001951c3db568]
Event: 47.111 Thread 0x00000195375e6fa0 5260       3       java.time.format.DateTimeFormatterBuilder$NumberPrinterParser::format (365 bytes)
Event: 47.113 Thread 0x00000195375e6fa0 nmethod 5260 0x000001951c3de210 code [0x000001951c3de700, 0x000001951c3e08c8]
Event: 47.113 Thread 0x00000195375e6fa0 5261       3       java.time.format.DateTimeFormatterBuilder$NumberPrinterParser::getValue (2 bytes)
Event: 47.113 Thread 0x00000195375e6fa0 nmethod 5261 0x000001951c396f90 code [0x000001951c397120, 0x000001951c397238]
Event: 47.114 Thread 0x00000195375e6fa0 5262       3       javafx.scene.control.skin.LabeledSkinBase::updateDisplayedText (996 bytes)
Event: 50.107 Thread 0x00000195375e6500 5266       4       javafx.beans.property.StringPropertyBase::get (32 bytes)

GC Heap History (10 events):
Event: 0.578 GC heap before
{Heap before GC invocations=0 (full 0):
 garbage-first heap   total 258048K, used 20480K [0x0000000704e00000, 0x0000000800000000)
  region size 2048K, 11 young (22528K), 0 survivors (0K)
 Metaspace       used 4130K, committed 4352K, reserved 1114112K
  class space    used 472K, committed 576K, reserved 1048576K
}
Event: 0.581 GC heap after
{Heap after GC invocations=1 (full 0):
 garbage-first heap   total 258048K, used 3770K [0x0000000704e00000, 0x0000000800000000)
  region size 2048K, 2 young (4096K), 2 survivors (4096K)
 Metaspace       used 4130K, committed 4352K, reserved 1114112K
  class space    used 472K, committed 576K, reserved 1048576K
}
Event: 1.106 GC heap before
{Heap before GC invocations=1 (full 0):
 garbage-first heap   total 258048K, used 36538K [0x0000000704e00000, 0x0000000800000000)
  region size 2048K, 19 young (38912K), 2 survivors (4096K)
 Metaspace       used 11325K, committed 11520K, reserved 1114112K
  class space    used 1453K, committed 1536K, reserved 1048576K
}
Event: 1.111 GC heap after
{Heap after GC invocations=2 (full 0):
 garbage-first heap   total 258048K, used 14954K [0x0000000704e00000, 0x0000000800000000)
  region size 2048K, 3 young (6144K), 3 survivors (6144K)
 Metaspace       used 11325K, committed 11520K, reserved 1114112K
  class space    used 1453K, committed 1536K, reserved 1048576K
}
Event: 2.661 GC heap before
{Heap before GC invocations=2 (full 0):
 garbage-first heap   total 258048K, used 37482K [0x0000000704e00000, 0x0000000800000000)
  region size 2048K, 15 young (30720K), 3 survivors (6144K)
 Metaspace       used 21302K, committed 21504K, reserved 1114112K
  class space    used 2740K, committed 2880K, reserved 1048576K
}
Event: 2.664 GC heap after
{Heap after GC invocations=3 (full 0):
 garbage-first heap   total 258048K, used 17501K [0x0000000704e00000, 0x0000000800000000)
  region size 2048K, 2 young (4096K), 2 survivors (4096K)
 Metaspace       used 21302K, committed 21504K, reserved 1114112K
  class space    used 2740K, committed 2880K, reserved 1048576K
}
Event: 3.313 GC heap before
{Heap before GC invocations=4 (full 0):
 garbage-first heap   total 69632K, used 50269K [0x0000000704e00000, 0x0000000800000000)
  region size 2048K, 18 young (36864K), 2 survivors (4096K)
 Metaspace       used 25969K, committed 26240K, reserved 1114112K
  class space    used 3570K, committed 3712K, reserved 1048576K
}
Event: 3.316 GC heap after
{Heap after GC invocations=5 (full 0):
 garbage-first heap   total 69632K, used 24144K [0x0000000704e00000, 0x0000000800000000)
  region size 2048K, 4 young (8192K), 4 survivors (8192K)
 Metaspace       used 25969K, committed 26240K, reserved 1114112K
  class space    used 3570K, committed 3712K, reserved 1048576K
}
Event: 35.103 GC heap before
{Heap before GC invocations=5 (full 0):
 garbage-first heap   total 69632K, used 48720K [0x0000000704e00000, 0x0000000800000000)
  region size 2048K, 16 young (32768K), 4 survivors (8192K)
 Metaspace       used 29583K, committed 29952K, reserved 1114112K
  class space    used 4029K, committed 4224K, reserved 1048576K
}
Event: 35.109 GC heap after
{Heap after GC invocations=6 (full 0):
 garbage-first heap   total 69632K, used 27875K [0x0000000704e00000, 0x0000000800000000)
  region size 2048K, 2 young (4096K), 2 survivors (4096K)
 Metaspace       used 29583K, committed 29952K, reserved 1114112K
  class space    used 4029K, committed 4224K, reserved 1048576K
}

Deoptimization events (20 events):
Event: 28.796 Thread 0x000001953790a520 Uncommon trap: trap_request=0xffffff45 fr.pc=0x00000195240620f0 relative=0x0000000000002650
Event: 28.796 Thread 0x000001953790a520 Uncommon trap: reason=unstable_if action=reinterpret pc=0x00000195240620f0 method=com.sun.marlin.Renderer._endRendering(IILcom/sun/marlin/MarlinAlphaConsumer;)V @ 746 c2
Event: 28.796 Thread 0x000001953790a520 DEOPT PACKING pc=0x00000195240620f0 sp=0x0000005f4ebfd610
Event: 28.796 Thread 0x000001953790a520 DEOPT UNPACKING pc=0x0000019523895ba3 sp=0x0000005f4ebfd498 mode 2
Event: 28.796 Thread 0x000001953790a520 Uncommon trap: trap_request=0xffffff45 fr.pc=0x000001952405aba8 relative=0x0000000000000f88
Event: 28.796 Thread 0x000001953790a520 Uncommon trap: reason=unstable_if action=reinterpret pc=0x000001952405aba8 method=com.sun.marlin.MaskMarlinAlphaConsumer.setAndClearRelativeAlphas([IIII)V @ 167 c2
Event: 28.796 Thread 0x000001953790a520 DEOPT PACKING pc=0x000001952405aba8 sp=0x0000005f4ebfd370
Event: 28.796 Thread 0x000001953790a520 DEOPT UNPACKING pc=0x0000019523895ba3 sp=0x0000005f4ebfd310 mode 2
Event: 28.796 Thread 0x000001953790a520 Uncommon trap: trap_request=0xffffff45 fr.pc=0x000001952404e20c relative=0x0000000000000d6c
Event: 28.796 Thread 0x000001953790a520 Uncommon trap: reason=unstable_if action=reinterpret pc=0x000001952404e20c method=com.sun.marlin.MaskMarlinAlphaConsumer.setAndClearRelativeAlphas([IIII)V @ 233 c2
Event: 28.796 Thread 0x000001953790a520 DEOPT PACKING pc=0x000001952404e20c sp=0x0000005f4ebfd3a0
Event: 28.796 Thread 0x000001953790a520 DEOPT UNPACKING pc=0x0000019523895ba3 sp=0x0000005f4ebfd310 mode 2
Event: 28.796 Thread 0x000001953790a520 Uncommon trap: trap_request=0xffffff45 fr.pc=0x00000195240415d0 relative=0x0000000000003590
Event: 28.796 Thread 0x000001953790a520 Uncommon trap: reason=unstable_if action=reinterpret pc=0x00000195240415d0 method=com.sun.marlin.Renderer._endRendering(IILcom/sun/marlin/MarlinAlphaConsumer;)V @ 2137 c2
Event: 28.796 Thread 0x000001953790a520 DEOPT PACKING pc=0x00000195240415d0 sp=0x0000005f4ebfd2c0
Event: 28.796 Thread 0x000001953790a520 DEOPT UNPACKING pc=0x0000019523895ba3 sp=0x0000005f4ebfd4a0 mode 2
Event: 32.471 Thread 0x000001950288be20 Uncommon trap: trap_request=0xffffff45 fr.pc=0x0000019523f280e0 relative=0x0000000000000820
Event: 32.471 Thread 0x000001950288be20 Uncommon trap: reason=unstable_if action=reinterpret pc=0x0000019523f280e0 method=java.lang.AbstractStringBuilder.append(Ljava/lang/String;)Ljava/lang/AbstractStringBuilder; @ 1 c2
Event: 32.471 Thread 0x000001950288be20 DEOPT PACKING pc=0x0000019523f280e0 sp=0x0000005f4f7fef60
Event: 32.471 Thread 0x000001950288be20 DEOPT UNPACKING pc=0x0000019523895ba3 sp=0x0000005f4f7feef0 mode 2

Classes unloaded (0 events):
No events

Classes redefined (0 events):
No events

Internal exceptions (20 events):
Event: 3.014 Thread 0x000001957d6dfb20 Exception <a 'java/io/FileNotFoundException'{0x00000007079c1d58}> (0x00000007079c1d58) 
thrown [s\open\src\hotspot\share\prims\jni.cpp, line 516]
Event: 3.014 Thread 0x000001957d6dfb20 Exception <a 'java/io/FileNotFoundException'{0x00000007079c3350}> (0x00000007079c3350) 
thrown [s\open\src\hotspot\share\prims\jni.cpp, line 516]
Event: 3.015 Thread 0x000001957d6dfb20 Exception <a 'java/io/FileNotFoundException'{0x00000007079c4bd0}> (0x00000007079c4bd0) 
thrown [s\open\src\hotspot\share\prims\jni.cpp, line 516]
Event: 3.044 Thread 0x000001957d6dfb20 Exception <a 'java/lang/NoSuchMethodError'{0x000000070766d548}: 'java.lang.Object java.lang.invoke.DirectMethodHandle$Holder.newInvokeSpecial(java.lang.Object, java.lang.Object, int)'> (0x000000070766d548) 
thrown [s\open\src\hotspot\share\interpreter\linkResolver.cpp, line 759]
Event: 3.155 Thread 0x000001953790a520 Exception <a 'java/lang/NoSuchMethodError'{0x00000007072e59a8}: 'java.lang.Object java.lang.invoke.DirectMethodHandle$Holder.invokeStaticInit(java.lang.Object, int)'> (0x00000007072e59a8) 
thrown [s\open\src\hotspot\share\interpreter\linkResolver.cpp, line 759]
Event: 4.860 Thread 0x000001957d6dfb20 Exception <a 'java/lang/NoSuchMethodError'{0x000000071304c7d8}: 'long java.lang.invoke.DirectMethodHandle$Holder.invokeStatic(java.lang.Object, java.lang.Object, java.lang.Object)'> (0x000000071304c7d8) 
thrown [s\open\src\hotspot\share\interpreter\linkResolver.cpp, line 759]
Event: 4.860 Thread 0x000001957d6dfb20 Exception <a 'java/lang/NoSuchMethodError'{0x000000071304ff80}: 'long java.lang.invoke.DirectMethodHandle$Holder.invokeStaticInit(java.lang.Object, java.lang.Object, java.lang.Object)'> (0x000000071304ff80) 
thrown [s\open\src\hotspot\share\interpreter\linkResolver.cpp, line 759]
Event: 4.861 Thread 0x000001957d6dfb20 Exception <a 'java/lang/NoSuchMethodError'{0x0000000713067b88}: 'java.lang.Object java.lang.invoke.DirectMethodHandle$Holder.newInvokeSpecial(java.lang.Object, java.lang.Object, long)'> (0x0000000713067b88) 
thrown [s\open\src\hotspot\share\interpreter\linkResolver.cpp, line 759]
Event: 4.861 Thread 0x000001957d6dfb20 Exception <a 'java/lang/NoSuchMethodError'{0x000000071306b6f8}: 'java.lang.Object java.lang.invoke.Invokers$Holder.linkToTargetMethod(java.lang.Object, long, java.lang.Object)'> (0x000000071306b6f8) 
thrown [s\open\src\hotspot\share\interpreter\linkResolver.cpp, line 759]
Event: 5.028 Thread 0x000001957d6dfb20 Exception <a 'java/lang/NoSuchMethodError'{0x0000000713162e70}: 'java.lang.Object java.lang.invoke.DirectMethodHandle$Holder.invokeStatic(java.lang.Object, java.lang.Object, int)'> (0x0000000713162e70) 
thrown [s\open\src\hotspot\share\interpreter\linkResolver.cpp, line 759]
Event: 5.028 Thread 0x000001957d6dfb20 Exception <a 'java/lang/NoSuchMethodError'{0x0000000713166f18}: 'java.lang.Object java.lang.invoke.DirectMethodHandle$Holder.invokeStaticInit(java.lang.Object, java.lang.Object, int)'> (0x0000000713166f18) 
thrown [s\open\src\hotspot\share\interpreter\linkResolver.cpp, line 759]
Event: 5.030 Thread 0x000001957d6dfb20 Exception <a 'java/lang/NoSuchMethodError'{0x000000071317f670}: 'int java.lang.invoke.DirectMethodHandle$Holder.invokeSpecial(java.lang.Object, java.lang.Object, java.lang.Object)'> (0x000000071317f670) 
thrown [s\open\src\hotspot\share\interpreter\linkResolver.cpp, line 759]
Event: 5.031 Thread 0x000001957d6dfb20 Exception <a 'java/lang/NoSuchMethodError'{0x0000000713188208}: 'int java.lang.invoke.DirectMethodHandle$Holder.invokeSpecialIFC(java.lang.Object, java.lang.Object, java.lang.Object)'> (0x0000000713188208) 
thrown [s\open\src\hotspot\share\interpreter\linkResolver.cpp, line 759]
Event: 5.087 Thread 0x000001957d6dfb20 Exception <a 'java/lang/ClassNotFoundException'{0x0000000708b76538}: sun/util/logging/resources/spi/loggingProvider> (0x0000000708b76538) 
thrown [s\open\src\hotspot\share\classfile\systemDictionary.cpp, line 256]
Event: 6.417 Thread 0x000001957d6dfb20 Exception <a 'java/lang/ClassNotFoundException'{0x0000000708479708}: sun/net/www/protocol/data/Handler> (0x0000000708479708) 
thrown [s\open\src\hotspot\share\classfile\systemDictionary.cpp, line 256]
Event: 27.909 Thread 0x000001957d6dfb20 Exception <a 'java/io/FileNotFoundException'{0x00000007082a9a90}> (0x00000007082a9a90) 
thrown [s\open\src\hotspot\share\prims\jni.cpp, line 516]
Event: 27.975 Thread 0x000001957d6dfb20 Exception <a 'java/io/FileNotFoundException'{0x0000000707fd8ca8}> (0x0000000707fd8ca8) 
thrown [s\open\src\hotspot\share\prims\jni.cpp, line 516]
Event: 27.975 Thread 0x000001957d6dfb20 Exception <a 'java/io/FileNotFoundException'{0x0000000707fda380}> (0x0000000707fda380) 
thrown [s\open\src\hotspot\share\prims\jni.cpp, line 516]
Event: 27.975 Thread 0x000001957d6dfb20 Exception <a 'java/io/FileNotFoundException'{0x0000000707fdba18}> (0x0000000707fdba18) 
thrown [s\open\src\hotspot\share\prims\jni.cpp, line 516]
Event: 32.471 Thread 0x000001950288be20 Implicit null exception at 0x0000019523f278f5 to 0x0000019523f280c8

VM Operations (20 events):
Event: 32.471 Executing VM operation: HandshakeAllThreads
Event: 32.471 Executing VM operation: HandshakeAllThreads done
Event: 32.471 Executing VM operation: Cleanup
Event: 32.471 Executing VM operation: Cleanup done
Event: 34.471 Executing VM operation: Cleanup
Event: 34.471 Executing VM operation: Cleanup done
Event: 35.101 Executing VM operation: HandshakeAllThreads
Event: 35.102 Executing VM operation: HandshakeAllThreads done
Event: 35.103 Executing VM operation: G1CollectForAllocation
Event: 35.109 Executing VM operation: G1CollectForAllocation done
Event: 35.130 Executing VM operation: HandshakeAllThreads
Event: 35.130 Executing VM operation: HandshakeAllThreads done
Event: 36.130 Executing VM operation: Cleanup
Event: 36.130 Executing VM operation: Cleanup done
Event: 37.130 Executing VM operation: Cleanup
Event: 37.130 Executing VM operation: Cleanup done
Event: 40.132 Executing VM operation: Cleanup
Event: 40.133 Executing VM operation: Cleanup done
Event: 42.133 Executing VM operation: Cleanup
Event: 42.134 Executing VM operation: Cleanup done

Events (20 events):
Event: 35.133 Thread 0x00000195375f4530 flushing nmethod 0x000001951cd02990
Event: 35.133 Thread 0x00000195375f4530 flushing nmethod 0x000001951cd12210
Event: 35.133 Thread 0x00000195375f4530 flushing nmethod 0x000001951cd13610
Event: 35.133 Thread 0x00000195375f4530 flushing nmethod 0x000001951cd5db10
Event: 35.133 Thread 0x00000195375f4530 flushing nmethod 0x000001951cd5e090
Event: 35.133 Thread 0x00000195375f4530 flushing nmethod 0x000001951cd88e10
Event: 35.133 Thread 0x00000195375f4530 flushing nmethod 0x000001951cd89390
Event: 35.133 Thread 0x00000195375f4530 flushing nmethod 0x000001951cd89810
Event: 35.133 Thread 0x00000195375f4530 flushing nmethod 0x000001951cd89c90
Event: 35.133 Thread 0x00000195375f4530 flushing nmethod 0x000001951cd8a090
Event: 35.133 Thread 0x00000195375f4530 flushing nmethod 0x000001951cd8ac10
Event: 35.133 Thread 0x00000195375f4530 flushing nmethod 0x000001951cd8b410
Event: 35.133 Thread 0x00000195375f4530 flushing nmethod 0x000001951cd8e390
Event: 35.133 Thread 0x00000195375f4530 flushing nmethod 0x000001951cd8f190
Event: 35.133 Thread 0x00000195375f4530 flushing nmethod 0x000001951cd9e390
Event: 35.133 Thread 0x00000195375f4530 flushing nmethod 0x000001951cda5090
Event: 35.133 Thread 0x00000195375f4530 flushing nmethod 0x000001951cda6b10
Event: 35.133 Thread 0x00000195375f4530 flushing nmethod 0x000001951cdc8190
Event: 35.133 Thread 0x00000195375f4530 flushing nmethod 0x000001951cdeae10
Event: 35.133 Thread 0x00000195375f4530 flushing nmethod 0x000001951ce1d390


Dynamic libraries:
0x00007ff73bbd0000 - 0x00007ff73bbe0000 	C:\Program Files\Java\jdk-17\bin\java.exe
0x00007ff88ffa0000 - 0x00007ff890207000 	C:\WINDOWS\SYSTEM32\ntdll.dll
0x00007ff88e6c0000 - 0x00007ff88e789000 	C:\WINDOWS\System32\KERNEL32.DLL
0x00007ff88d340000 - 0x00007ff88d731000 	C:\WINDOWS\System32\KERNELBASE.dll
0x00007ff88d940000 - 0x00007ff88da8b000 	C:\WINDOWS\System32\ucrtbase.dll
0x00007ff860f70000 - 0x00007ff860f89000 	C:\Program Files\Java\jdk-17\bin\jli.dll
0x00007ff86c4b0000 - 0x00007ff86c4cb000 	C:\Program Files\Java\jdk-17\bin\VCRUNTIME140.dll
0x00007ff88dda0000 - 0x00007ff88de5b000 	C:\WINDOWS\System32\ADVAPI32.dll
0x00007ff88e5e0000 - 0x00007ff88e689000 	C:\WINDOWS\System32\msvcrt.dll
0x00007ff88eb00000 - 0x00007ff88eba7000 	C:\WINDOWS\System32\sechost.dll
0x00007ff88f330000 - 0x00007ff88f448000 	C:\WINDOWS\System32\RPCRT4.dll
0x00007ff88e790000 - 0x00007ff88e955000 	C:\WINDOWS\System32\USER32.dll
0x00007ff88d310000 - 0x00007ff88d337000 	C:\WINDOWS\System32\win32u.dll
0x00007ff86b0a0000 - 0x00007ff86b333000 	C:\WINDOWS\WinSxS\amd64_microsoft.windows.common-controls_6595b64144ccf1df_6.0.26100.7922_none_3e089e1ee3342171\COMCTL32.dll
0x00007ff88e690000 - 0x00007ff88e6bb000 	C:\WINDOWS\System32\GDI32.dll
0x00007ff88dc10000 - 0x00007ff88dd3a000 	C:\WINDOWS\System32\gdi32full.dll
0x00007ff88c880000 - 0x00007ff88c923000 	C:\WINDOWS\System32\msvcp_win.dll
0x00007ff87b9a0000 - 0x00007ff87b9ab000 	C:\WINDOWS\SYSTEM32\VERSION.dll
0x00007ff88fe70000 - 0x00007ff88fea1000 	C:\WINDOWS\System32\IMM32.DLL
0x00007ff86e740000 - 0x00007ff86e74c000 	C:\Program Files\Java\jdk-17\bin\vcruntime140_1.dll
0x00007ff846df0000 - 0x00007ff846e7e000 	C:\Program Files\Java\jdk-17\bin\msvcp140.dll
0x00007fff9e7b0000 - 0x00007fff9f38e000 	C:\Program Files\Java\jdk-17\bin\server\jvm.dll
0x00007ff88e5d0000 - 0x00007ff88e5d8000 	C:\WINDOWS\System32\PSAPI.DLL
0x00007ff86b030000 - 0x00007ff86b03a000 	C:\WINDOWS\SYSTEM32\WSOCK32.dll
0x00007ff882da0000 - 0x00007ff882dd5000 	C:\WINDOWS\SYSTEM32\WINMM.dll
0x00007ff88f1e0000 - 0x00007ff88f254000 	C:\WINDOWS\System32\WS2_32.dll
0x00007ff88b610000 - 0x00007ff88b62b000 	C:\WINDOWS\SYSTEM32\kernel.appcore.dll
0x00007ff86d6f0000 - 0x00007ff86d6fa000 	C:\Program Files\Java\jdk-17\bin\jimage.dll
0x00007ff88a780000 - 0x00007ff88a9c2000 	C:\WINDOWS\SYSTEM32\DBGHELP.DLL
0x00007ff88f450000 - 0x00007ff88f7d2000 	C:\WINDOWS\System32\combase.dll
0x00007ff88efa0000 - 0x00007ff88f077000 	C:\WINDOWS\System32\OLEAUT32.dll
0x00007ff867130000 - 0x00007ff86716b000 	C:\WINDOWS\SYSTEM32\dbgcore.DLL
0x00007ff88d800000 - 0x00007ff88d8a5000 	C:\WINDOWS\System32\bcryptPrimitives.dll
0x00007ff846dc0000 - 0x00007ff846de5000 	C:\Program Files\Java\jdk-17\bin\java.dll
0x00007ff846ce0000 - 0x00007ff846db7000 	C:\Program Files\Java\jdk-17\bin\jsvml.dll
0x00007ff88de60000 - 0x00007ff88e5bf000 	C:\WINDOWS\System32\SHELL32.dll
0x00007ff88d1a0000 - 0x00007ff88d30a000 	C:\WINDOWS\System32\wintypes.dll
0x00007ff88c930000 - 0x00007ff88d194000 	C:\WINDOWS\System32\windows.storage.dll
0x00007ff88f7e0000 - 0x00007ff88f8d7000 	C:\WINDOWS\System32\SHCORE.dll
0x00007ff88ed40000 - 0x00007ff88eda7000 	C:\WINDOWS\System32\shlwapi.dll
0x00007ff88c7a0000 - 0x00007ff88c7c9000 	C:\WINDOWS\SYSTEM32\profapi.dll
0x00007ff860b40000 - 0x00007ff860b59000 	C:\Program Files\Java\jdk-17\bin\net.dll
0x00007ff885040000 - 0x00007ff885167000 	C:\WINDOWS\SYSTEM32\WINHTTP.dll
0x00007ff88bb80000 - 0x00007ff88bbeb000 	C:\WINDOWS\system32\mswsock.dll
0x00007ff846cc0000 - 0x00007ff846cd6000 	C:\Program Files\Java\jdk-17\bin\nio.dll
0x00007ff846ca0000 - 0x00007ff846cb8000 	C:\Program Files\Java\jdk-17\bin\zip.dll
0x0000019537b60000 - 0x0000019537b63000 	C:\Users\PROBOOK\.openjfx\cache\17.0.10\api-ms-win-core-console-l1-1-0.dll
0x0000019537b70000 - 0x0000019537b73000 	C:\Users\PROBOOK\.openjfx\cache\17.0.10\api-ms-win-core-console-l1-2-0.dll
0x0000019537b80000 - 0x0000019537b83000 	C:\Users\PROBOOK\.openjfx\cache\17.0.10\api-ms-win-core-datetime-l1-1-0.dll
0x0000019537b90000 - 0x0000019537b93000 	C:\Users\PROBOOK\.openjfx\cache\17.0.10\api-ms-win-core-debug-l1-1-0.dll
0x0000019537ba0000 - 0x0000019537ba3000 	C:\Users\PROBOOK\.openjfx\cache\17.0.10\api-ms-win-core-errorhandling-l1-1-0.dll
0x0000019537bb0000 - 0x0000019537bb4000 	C:\Users\PROBOOK\.openjfx\cache\17.0.10\api-ms-win-core-file-l1-1-0.dll
0x0000019537bc0000 - 0x0000019537bc3000 	C:\Users\PROBOOK\.openjfx\cache\17.0.10\api-ms-win-core-file-l1-2-0.dll
0x0000019537bd0000 - 0x0000019537bd3000 	C:\Users\PROBOOK\.openjfx\cache\17.0.10\api-ms-win-core-file-l2-1-0.dll
0x0000019537be0000 - 0x0000019537be3000 	C:\Users\PROBOOK\.openjfx\cache\17.0.10\api-ms-win-core-handle-l1-1-0.dll
0x0000019537bf0000 - 0x0000019537bf3000 	C:\Users\PROBOOK\.openjfx\cache\17.0.10\api-ms-win-core-heap-l1-1-0.dll
0x0000019537c00000 - 0x0000019537c03000 	C:\Users\PROBOOK\.openjfx\cache\17.0.10\api-ms-win-core-interlocked-l1-1-0.dll
0x0000019537c10000 - 0x0000019537c13000 	C:\Users\PROBOOK\.openjfx\cache\17.0.10\api-ms-win-core-libraryloader-l1-1-0.dll
0x0000019537c20000 - 0x0000019537c23000 	C:\Users\PROBOOK\.openjfx\cache\17.0.10\api-ms-win-core-localization-l1-2-0.dll
0x0000019537c30000 - 0x0000019537c33000 	C:\Users\PROBOOK\.openjfx\cache\17.0.10\api-ms-win-core-memory-l1-1-0.dll
0x0000019537c40000 - 0x0000019537c43000 	C:\Users\PROBOOK\.openjfx\cache\17.0.10\api-ms-win-core-namedpipe-l1-1-0.dll
0x0000019537c50000 - 0x0000019537c53000 	C:\Users\PROBOOK\.openjfx\cache\17.0.10\api-ms-win-core-processenvironment-l1-1-0.dll
0x0000019537c60000 - 0x0000019537c63000 	C:\Users\PROBOOK\.openjfx\cache\17.0.10\api-ms-win-core-processthreads-l1-1-0.dll
0x0000019537c70000 - 0x0000019537c73000 	C:\Users\PROBOOK\.openjfx\cache\17.0.10\api-ms-win-core-processthreads-l1-1-1.dll
0x0000019537c80000 - 0x0000019537c83000 	C:\Users\PROBOOK\.openjfx\cache\17.0.10\api-ms-win-core-profile-l1-1-0.dll
0x0000019537c90000 - 0x0000019537c93000 	C:\Users\PROBOOK\.openjfx\cache\17.0.10\api-ms-win-core-rtlsupport-l1-1-0.dll
0x0000019537ca0000 - 0x0000019537ca3000 	C:\Users\PROBOOK\.openjfx\cache\17.0.10\api-ms-win-core-string-l1-1-0.dll
0x0000019537cb0000 - 0x0000019537cb3000 	C:\Users\PROBOOK\.openjfx\cache\17.0.10\api-ms-win-core-synch-l1-1-0.dll
0x0000019537cc0000 - 0x0000019537cc3000 	C:\Users\PROBOOK\.openjfx\cache\17.0.10\api-ms-win-core-synch-l1-2-0.dll
0x0000019537cd0000 - 0x0000019537cd3000 	C:\Users\PROBOOK\.openjfx\cache\17.0.10\api-ms-win-core-sysinfo-l1-1-0.dll
0x0000019537ce0000 - 0x0000019537ce3000 	C:\Users\PROBOOK\.openjfx\cache\17.0.10\api-ms-win-core-timezone-l1-1-0.dll
0x0000019537cf0000 - 0x0000019537cf3000 	C:\Users\PROBOOK\.openjfx\cache\17.0.10\api-ms-win-core-util-l1-1-0.dll
0x0000019537d00000 - 0x0000019537d03000 	C:\Users\PROBOOK\.openjfx\cache\17.0.10\api-ms-win-crt-conio-l1-1-0.dll
0x0000019537d10000 - 0x0000019537d14000 	C:\Users\PROBOOK\.openjfx\cache\17.0.10\api-ms-win-crt-convert-l1-1-0.dll
0x0000019537d20000 - 0x0000019537d23000 	C:\Users\PROBOOK\.openjfx\cache\17.0.10\api-ms-win-crt-environment-l1-1-0.dll
0x0000019537d30000 - 0x0000019537d33000 	C:\Users\PROBOOK\.openjfx\cache\17.0.10\api-ms-win-crt-filesystem-l1-1-0.dll
0x0000019537d40000 - 0x0000019537d43000 	C:\Users\PROBOOK\.openjfx\cache\17.0.10\api-ms-win-crt-heap-l1-1-0.dll
0x0000019537d50000 - 0x0000019537d53000 	C:\Users\PROBOOK\.openjfx\cache\17.0.10\api-ms-win-crt-locale-l1-1-0.dll
0x0000019537d60000 - 0x0000019537d65000 	C:\Users\PROBOOK\.openjfx\cache\17.0.10\api-ms-win-crt-math-l1-1-0.dll
0x0000019537d70000 - 0x0000019537d75000 	C:\Users\PROBOOK\.openjfx\cache\17.0.10\api-ms-win-crt-multibyte-l1-1-0.dll
0x0000019537d80000 - 0x0000019537d90000 	C:\Users\PROBOOK\.openjfx\cache\17.0.10\api-ms-win-crt-private-l1-1-0.dll
0x0000019537d90000 - 0x0000019537d93000 	C:\Users\PROBOOK\.openjfx\cache\17.0.10\api-ms-win-crt-process-l1-1-0.dll
0x0000019537da0000 - 0x0000019537da4000 	C:\Users\PROBOOK\.openjfx\cache\17.0.10\api-ms-win-crt-runtime-l1-1-0.dll
0x0000019537db0000 - 0x0000019537db4000 	C:\Users\PROBOOK\.openjfx\cache\17.0.10\api-ms-win-crt-stdio-l1-1-0.dll
0x0000019537dc0000 - 0x0000019537dc4000 	C:\Users\PROBOOK\.openjfx\cache\17.0.10\api-ms-win-crt-string-l1-1-0.dll
0x0000019537dd0000 - 0x0000019537dd3000 	C:\Users\PROBOOK\.openjfx\cache\17.0.10\api-ms-win-crt-time-l1-1-0.dll
0x0000019537de0000 - 0x0000019537de3000 	C:\Users\PROBOOK\.openjfx\cache\17.0.10\api-ms-win-crt-utility-l1-1-0.dll
0x00007ffff87a0000 - 0x00007ffff889c000 	C:\Users\PROBOOK\.openjfx\cache\17.0.10\ucrtbase.dll
0x00007ff8470b0000 - 0x00007ff8470cb000 	C:\Users\PROBOOK\.openjfx\cache\17.0.10\vcruntime140.dll
0x00007ff87aaa0000 - 0x00007ff87aaac000 	C:\Users\PROBOOK\.openjfx\cache\17.0.10\vcruntime140_1.dll
0x00007ff810490000 - 0x00007ff81051e000 	C:\Users\PROBOOK\.openjfx\cache\17.0.10\msvcp140.dll
0x00007ff88e960000 - 0x00007ff88eaf5000 	C:\WINDOWS\System32\ole32.dll
0x00007ff860b00000 - 0x00007ff860b09000 	C:\Users\PROBOOK\.openjfx\cache\17.0.10\msvcp140_1.dll
0x00007ff83ee90000 - 0x00007ff83eebf000 	C:\Users\PROBOOK\.openjfx\cache\17.0.10\msvcp140_2.dll
0x00007ff837a50000 - 0x00007ff837a7a000 	C:\Users\PROBOOK\.openjfx\cache\17.0.10\prism_d3d.dll
0x00007ff810fe0000 - 0x00007ff811192000 	C:\WINDOWS\system32\d3d9.dll
0x00007ff889f90000 - 0x00007ff889fbe000 	C:\WINDOWS\SYSTEM32\dwmapi.dll
0x00007ff889f20000 - 0x00007ff889f63000 	C:\WINDOWS\SYSTEM32\dxcore.dll
0x00007ff889cc0000 - 0x00007ff889d6a000 	C:\WINDOWS\system32\uxtheme.dll
0x00007fffbda20000 - 0x00007fffbdcbf000 	C:\WINDOWS\System32\DriverStore\FileRepository\iigd_dch.inf_amd64_af91ad0f2b80669a\igdumdim64.dll
0x00007fff999d0000 - 0x00007fff9b13b000 	C:\WINDOWS\System32\DriverStore\FileRepository\iigd_dch.inf_amd64_af91ad0f2b80669a\igd9dxva64.dll
0x00007ff88f9e0000 - 0x00007ff88fe67000 	C:\WINDOWS\System32\SETUPAPI.dll
0x00007ff88c3f0000 - 0x00007ff88c447000 	C:\WINDOWS\SYSTEM32\cfgmgr32.dll
0x00007ff86e900000 - 0x00007ff8709d3000 	C:\WINDOWS\System32\DriverStore\FileRepository\iigd_dch.inf_amd64_af91ad0f2b80669a\media_bin_64.dll
0x00007ff8819d0000 - 0x00007ff881f7b000 	C:\WINDOWS\System32\DriverStore\FileRepository\iigd_dch.inf_amd64_af91ad0f2b80669a\igdgmm64.dll
0x00007ff885170000 - 0x00007ff8851d0000 	C:\WINDOWS\SYSTEM32\directxdatabasehelper.dll
0x00007ff817bc0000 - 0x00007ff817c02000 	C:\Users\PROBOOK\.openjfx\cache\17.0.10\glass.dll
0x00007ff88f8e0000 - 0x00007ff88f9ce000 	C:\WINDOWS\System32\COMDLG32.dll
0x00007ff88ebc0000 - 0x00007ff88ed1d000 	C:\WINDOWS\System32\MSCTF.dll
0x00007ff86e800000 - 0x00007ff86e828000 	C:\WINDOWS\System32\DriverStore\FileRepository\iigd_dch.inf_amd64_af91ad0f2b80669a\igdinfo64.dll
0x00007ff87c710000 - 0x00007ff8819c4000 	C:\WINDOWS\System32\DriverStore\FileRepository\iigd_dch.inf_amd64_af91ad0f2b80669a\igc64.dll
0x00007ff846b70000 - 0x00007ff846b84000 	C:\Users\PROBOOK\.openjfx\cache\17.0.10\javafx_font.dll
0x00007ff8865c0000 - 0x00007ff886827000 	C:\WINDOWS\SYSTEM32\dwrite.dll
0x00007ff869490000 - 0x00007ff86949e000 	C:\Program Files\Java\jdk-17\bin\sunmscapi.dll
0x00007ff88da90000 - 0x00007ff88dc07000 	C:\WINDOWS\System32\CRYPT32.dll
0x00007ff88c080000 - 0x00007ff88c0b0000 	C:\WINDOWS\SYSTEM32\ncrypt.dll
0x00007ff88c030000 - 0x00007ff88c06f000 	C:\WINDOWS\SYSTEM32\NTASN1.dll
0x00007ff88be60000 - 0x00007ff88be7b000 	C:\WINDOWS\SYSTEM32\CRYPTSP.dll
0x00007ff88b570000 - 0x00007ff88b5a9000 	C:\WINDOWS\system32\rsaenh.dll
0x00007ff88bc30000 - 0x00007ff88bc62000 	C:\WINDOWS\SYSTEM32\USERENV.dll
0x00007ff88c770000 - 0x00007ff88c79a000 	C:\WINDOWS\SYSTEM32\bcrypt.dll
0x00007ff88be80000 - 0x00007ff88be8c000 	C:\WINDOWS\SYSTEM32\CRYPTBASE.dll
0x00007ff88b0d0000 - 0x00007ff88b103000 	C:\WINDOWS\SYSTEM32\IPHLPAPI.DLL
0x00007ff88ebb0000 - 0x00007ff88ebba000 	C:\WINDOWS\System32\NSI.dll
0x00007ff885340000 - 0x00007ff88535d000 	C:\WINDOWS\SYSTEM32\dhcpcsvc6.DLL
0x00007ff8851f0000 - 0x00007ff885213000 	C:\WINDOWS\SYSTEM32\dhcpcsvc.DLL
0x00007ff88b110000 - 0x00007ff88b23a000 	C:\WINDOWS\SYSTEM32\DNSAPI.dll
0x00007ff88f080000 - 0x00007ff88f12e000 	C:\WINDOWS\System32\clbcatq.dll

dbghelp: loaded successfully - version: 4.0.5 - missing functions: none
symbol engine: initialized successfully - sym options: 0x614 - pdb path: .;C:\Program Files\Java\jdk-17\bin;C:\WINDOWS\SYSTEM32;C:\WINDOWS\WinSxS\amd64_microsoft.windows.common-controls_6595b64144ccf1df_6.0.26100.7922_none_3e089e1ee3342171;C:\Program Files\Java\jdk-17\bin\server;C:\Users\PROBOOK\.openjfx\cache\17.0.10;C:\WINDOWS\System32\DriverStore\FileRepository\iigd_dch.inf_amd64_af91ad0f2b80669a;C:\Program Files\Common Files\Microsoft Shared\Ink

VM Arguments:
jvm_args: -Dfile.encoding=IBM850 --module-path=C:\Users\PROBOOK\.m2\repository\org\openjfx\javafx-base\17.0.10\javafx-base-17.0.10-win.jar;C:\Users\PROBOOK\.m2\repository\org\openjfx\javafx-base\17.0.10\javafx-base-17.0.10.jar;C:\Users\PROBOOK\.m2\repository\org\openjfx\javafx-controls\17.0.10\javafx-controls-17.0.10-win.jar;C:\Users\PROBOOK\.m2\repository\org\openjfx\javafx-controls\17.0.10\javafx-controls-17.0.10.jar;C:\Users\PROBOOK\.m2\repository\org\openjfx\javafx-fxml\17.0.10\javafx-fxml-17.0.10-win.jar;C:\Users\PROBOOK\.m2\repository\org\openjfx\javafx-fxml\17.0.10\javafx-fxml-17.0.10.jar;C:\Users\PROBOOK\.m2\repository\org\openjfx\javafx-graphics\17.0.10\javafx-graphics-17.0.10-win.jar;C:\Users\PROBOOK\.m2\repository\org\openjfx\javafx-graphics\17.0.10\javafx-graphics-17.0.10.jar;C:\Users\PROBOOK\.m2\repository\org\openjfx\javafx-media\17.0.10\javafx-media-17.0.10-win.jar;C:\Users\PROBOOK\.m2\repository\org\openjfx\javafx-media\17.0.10\javafx-media-17.0.10.jar;C:\Users\PROBOOK\.m2\repository\org\openjfx\javafx-web\17.0.10\javafx-web-17.0.10-win.jar;C:\Users\PROBOOK\.m2\repository\org\openjfx\javafx-web\17.0.10\javafx-web-17.0.10.jar --add-modules=javafx.base,javafx.controls,javafx.fxml,javafx.graphics,javafx.media,javafx.web 
java_command: com.example.pidev.HelloApplication
java_class_path (initial): C:\Desktop\pidevv\pi25-01-2026\target\classes;C:\Users\PROBOOK\.m2\repository\com\github\virtuald\curvesapi\1.08\curvesapi-1.08.jar;C:\Users\PROBOOK\.m2\repository\com\google\android\annotations\4.1.1.4\annotations-4.1.1.4.jar;C:\Users\PROBOOK\.m2\repository\com\google\api\api-common\2.2.1\api-common-2.2.1.jar;C:\Users\PROBOOK\.m2\repository\com\google\api\gax\2.19.4\gax-2.19.4.jar;C:\Users\PROBOOK\.m2\repository\com\google\api\gax-grpc\2.19.4\gax-grpc-2.19.4.jar;C:\Users\PROBOOK\.m2\repository\com\google\api\gax-httpjson\0.104.4\gax-httpjson-0.104.4.jar;C:\Users\PROBOOK\.m2\repository\com\google\api\grpc\proto-google-cloud-vision-v1\3.3.0\proto-google-cloud-vision-v1-3.3.0.jar;C:\Users\PROBOOK\.m2\repository\com\google\api\grpc\proto-google-cloud-vision-v1p1beta1\0.92.0\proto-google-cloud-vision-v1p1beta1-0.92.0.jar;C:\Users\PROBOOK\.m2\repository\com\google\api\grpc\proto-google-cloud-vision-v1p2beta1\3.3.0\proto-google-cloud-vision-v1p2beta1-3.3.0.jar;C:\Users\PROBOOK\.m2\repository\com\google\api\grpc\proto-google-cloud-vision-v1p3beta1\0.92.0\proto-google-cloud-vision-v1p3beta1-0.92.0.jar;C:\Users\PROBOOK\.m2\repository\com\google\api\grpc\proto-google-cloud-vision-v1p4beta1\0.92.0\proto-google-cloud-vision-v1p4beta1-0.92.0.jar;C:\Users\PROBOOK\.m2\repository\com\google\api\grpc\proto-google-common-protos\2.9.6\proto-google-common-protos-2.9.6.jar;C:\Users\PROBOOK\.m2\repository\com\google\auth\google-auth-library-credentials\1.12.1\google-auth-library-credentials-1.12.1.jar;C:\Users\PROBOOK\.m2\repository\com\google\auth\google-auth-library-oauth2-http\1.12.1\google-auth-library-oauth2-http-1.12.1.jar;C:\Users\PROBOOK\.m2\repository\com\google\auto\value\auto-value-annotations\1.10\auto-value-annotations-1.10.jar;C:\Users\PROBOOK\.m2\repository\com\google\cloud\google-cloud-vision\3.3.0\google-cloud-vision-3.3.0.jar;C:\Users\PROBOOK\.m2\repository\com\google\code\findbugs\jsr305\3.0.2\jsr305-3.0.2.jar;C:\Users\PROBOOK\.m2\repositor
Launcher Type: SUN_STANDARD

[Global flags]
     intx CICompilerCount                          = 4                                         {product} {ergonomic}
     uint ConcGCThreads                            = 2                                         {product} {ergonomic}
     uint G1ConcRefinementThreads                  = 8                                         {product} {ergonomic}
   size_t G1HeapRegionSize                         = 2097152                                   {product} {ergonomic}
    uintx GCDrainStackTargetSize                   = 64                                        {product} {ergonomic}
   size_t InitialHeapSize                          = 264241152                                 {product} {ergonomic}
   size_t MarkStackSize                            = 4194304                                   {product} {ergonomic}
   size_t MaxHeapSize                              = 4213178368                                {product} {ergonomic}
   size_t MaxNewSize                               = 2527068160                                {product} {ergonomic}
   size_t MinHeapDeltaBytes                        = 2097152                                   {product} {ergonomic}
   size_t MinHeapSize                              = 8388608                                   {product} {ergonomic}
    uintx NonNMethodCodeHeapSize                   = 5839372                                {pd product} {ergonomic}
    uintx NonProfiledCodeHeapSize                  = 122909434                              {pd product} {ergonomic}
    uintx ProfiledCodeHeapSize                     = 122909434                              {pd product} {ergonomic}
    uintx ReservedCodeCacheSize                    = 251658240                              {pd product} {ergonomic}
     bool SegmentedCodeCache                       = true                                      {product} {ergonomic}
   size_t SoftMaxHeapSize                          = 4213178368                             {manageable} {ergonomic}
     bool UseCompressedClassPointers               = true                           {product lp64_product} {ergonomic}
     bool UseCompressedOops                        = true                           {product lp64_product} {ergonomic}
     bool UseG1GC                                  = true                                      {product} {ergonomic}
     bool UseLargePagesIndividualAllocation        = false                                  {pd product} {ergonomic}

Logging:
Log output configuration:
 #0: stdout all=warning uptime,level,tags
 #1: stderr all=off uptime,level,tags

Environment Variables:
JAVA_HOME=C:\Program Files\Java\jdk-17
JAVA_TOOL_OPTIONS=-Dfile.encoding=IBM850
PATH=C:\oraclexe\app\oracle\product\11.2.0\server\bin;;C:\Users\PROBOOK\OneDrive\Documentos\Atelier2;C:\Users\PROBOOK\.jdks\jbr-17.0.14-1;C:\Program Files (x86)\VMware\VMware Workstation\bin\;C:\Program Files\Java\jdk-17\bin;C:\Program Files\Common Files\Oracle\Java\javapath;C:\Python313\Scripts\;C:\Python313\;C:\Maven\apache-maven-3.9.9\bin;C:\WINDOWS\system32;C:\WINDOWS;C:\WINDOWS\System32\Wbem;C:\WINDOWS\System32\WindowsPowerShell\v1.0\;C:\WINDOWS\System32\OpenSSH\;C:\Program Files\Microsoft SQL Server\150\Tools\Binn\;C:\ProgramData\chocolatey\bin;C:\Program Files\nodejs\;C:\Users\PROBOOK\AppData\Roaming\Python\Python313\Scripts;C:\Program Files\Pandoc\;C:\xampp\php;C:\ProgramData\ComposerSetup\bin;C:\Program Files\Git\cmd;C:\Users\PROBOOK\scoop\shims;C:\Users\PROBOOK\AppData\Local\Programs\Python\Launcher\;C:\Users\PROBOOK\AppData\Local\Microsoft\WindowsApps;C:\Users\PROBOOK\AppData\Local\Programs\Microsoft VS Code\bin;C:\Maven\apache-maven-3.9.9\bin;C:\Users\PROBOOK\AppData\Roaming\npm;C:\Users\PROBOOK\AppData\Roaming\Composer\vendor\bin;C:\Program Files\JetBrains\IntelliJ IDEA 2023.2.8\bin;
USERNAME=PROBOOK
OS=Windows_NT
PROCESSOR_IDENTIFIER=Intel64 Family 6 Model 140 Stepping 1, GenuineIntel



---------------  S Y S T E M  ---------------

OS:
 Windows 11 , 64 bit Build 26100 (10.0.26100.7920)
OS uptime: 3 days 14:09 hours

CPU: total 8 (initial active 8) (4 cores per cpu, 2 threads per core) family 6 model 140 stepping 1 microcode 0xbc, cx8, cmov, fxsr, ht, mmx, 3dnowpref, sse, sse2, sse3, ssse3, sse4.1, sse4.2, popcnt, lzcnt, tsc, tscinvbit, avx, avx2, aes, erms, clmul, bmi1, bmi2, adx, avx512f, avx512dq, avx512cd, avx512bw, avx512vl, sha, fma, vzeroupper, avx512_vpopcntdq, avx512_vpclmulqdq, avx512_vaes, avx512_vnni, clflush, clflushopt, clwb, avx512_vbmi2, avx512_vbmi

Memory: 4k page, system-wide physical 16064M (999M free)
TotalPageFile size 46390M (AvailPageFile size 0M)
current process WorkingSet (physical memory assigned to process): 256M, peak: 279M
current process commit charge ("private bytes"): 289M, peak: 449M

vm_info: Java HotSpot(TM) 64-Bit Server VM (17.0.8+9-LTS-211) for windows-amd64 JRE (17.0.8+9-LTS-211), built on Jun 14 2023 10:34:31 by "mach5one" with MS VC++ 17.1 (VS2022)

END.
