#
# There is insufficient memory for the Java Runtime Environment to continue.
# Native memory allocation (malloc) failed to allocate 1043056 bytes for Chunk::new
# Possible reasons:
#   The system is out of physical RAM or swap space
#   The process is running with CompressedOops enabled, and the Java Heap may be blocking the growth of the native heap
# Possible solutions:
#   Reduce memory load on the system
#   Increase physical memory or swap space
#   Check if swap backing store is full
#   Decrease Java heap size (-Xmx/-Xms)
#   Decrease number of Java threads
#   Decrease Java thread stack sizes (-Xss)
#   Set larger code cache with -XX:ReservedCodeCacheSize=
#   JVM is running with Zero Based Compressed Oops mode in which the Java heap is
#     placed in the first 32GB address space. The Java Heap base address is the
#     maximum limit for the native heap growth. Please use -XX:HeapBaseMinAddress
#     to set the Java Heap base and to place the Java Heap above 32GB virtual address.
# This output file may be truncated or incomplete.
#
#  Out of Memory Error (arena.cpp:189), pid=28076, tid=35164
#
# JRE version: Java(TM) SE Runtime Environment (17.0.8+9) (build 17.0.8+9-LTS-211)
# Java VM: Java HotSpot(TM) 64-Bit Server VM (17.0.8+9-LTS-211, mixed mode, sharing, tiered, compressed oops, compressed class ptrs, g1 gc, windows-amd64)
# No core dump will be written. Minidumps are not enabled by default on client versions of Windows
#

---------------  S U M M A R Y ------------

Command Line: -Dfile.encoding=IBM850 --module-path=C:\Users\PROBOOK\.m2\repository\org\openjfx\javafx-base\17.0.10\javafx-base-17.0.10-win.jar;C:\Users\PROBOOK\.m2\repository\org\openjfx\javafx-base\17.0.10\javafx-base-17.0.10.jar;C:\Users\PROBOOK\.m2\repository\org\openjfx\javafx-controls\17.0.10\javafx-controls-17.0.10-win.jar;C:\Users\PROBOOK\.m2\repository\org\openjfx\javafx-controls\17.0.10\javafx-controls-17.0.10.jar;C:\Users\PROBOOK\.m2\repository\org\openjfx\javafx-fxml\17.0.10\javafx-fxml-17.0.10-win.jar;C:\Users\PROBOOK\.m2\repository\org\openjfx\javafx-fxml\17.0.10\javafx-fxml-17.0.10.jar;C:\Users\PROBOOK\.m2\repository\org\openjfx\javafx-graphics\17.0.10\javafx-graphics-17.0.10-win.jar;C:\Users\PROBOOK\.m2\repository\org\openjfx\javafx-graphics\17.0.10\javafx-graphics-17.0.10.jar;C:\Users\PROBOOK\.m2\repository\org\openjfx\javafx-media\17.0.10\javafx-media-17.0.10-win.jar;C:\Users\PROBOOK\.m2\repository\org\openjfx\javafx-media\17.0.10\javafx-media-17.0.10.jar;C:\Users\PROBOOK\.m2\repository\org\openjfx\javafx-web\17.0.10\javafx-web-17.0.10-win.jar;C:\Users\PROBOOK\.m2\repository\org\openjfx\javafx-web\17.0.10\javafx-web-17.0.10.jar --add-modules=javafx.base,javafx.controls,javafx.fxml,javafx.graphics,javafx.media,javafx.web com.example.pidev.HelloApplication

Host: 11th Gen Intel(R) Core(TM) i5-1135G7 @ 2.40GHz, 8 cores, 15G,  Windows 11 , 64 bit Build 26100 (10.0.26100.7920)
Time: Sun Mar  1 19:18:51 2026 Afr. centrale Ouest elapsed time: 15.991841 seconds (0d 0h 0m 15s)

---------------  T H R E A D  ---------------

Current thread (0x0000026e2bd9dd90):  JavaThread "C2 CompilerThread1" daemon [_thread_in_native, id=35164, stack(0x000000bfd3200000,0x000000bfd3300000)]


Current CompileTask:
C2:  15991 1196   !   4       com.sun.javafx.css.ParsedValueImpl::readBinary (688 bytes)

Stack: [0x000000bfd3200000,0x000000bfd3300000]
Native frames: (J=compiled Java code, j=interpreted, Vv=VM code, C=native code)
V  [jvm.dll+0x677d0a]
V  [jvm.dll+0x7d8c54]
V  [jvm.dll+0x7da3fe]
V  [jvm.dll+0x7daa63]
V  [jvm.dll+0x245c5f]
V  [jvm.dll+0xaaa6b]
V  [jvm.dll+0xab00c]
V  [jvm.dll+0x2ab5cf]
V  [jvm.dll+0x580435]
V  [jvm.dll+0x220b22]
V  [jvm.dll+0x220eff]
V  [jvm.dll+0x219e56]
V  [jvm.dll+0x217329]
V  [jvm.dll+0x1a3af0]
V  [jvm.dll+0x2270be]
V  [jvm.dll+0x22535b]
V  [jvm.dll+0x78e7bc]
V  [jvm.dll+0x788bba]
V  [jvm.dll+0x676b35]
C  [ucrtbase.dll+0x37b0]
C  [KERNEL32.DLL+0x2e8d7]
C  [ntdll.dll+0x8c48c]


---------------  P R O C E S S  ---------------

Threads class SMR info:
_java_thread_list=0x0000026e2bb76ab0, length=18, elements={
0x0000026dc066bde0, 0x0000026de5042d30, 0x0000026de50438e0, 0x0000026de505b2f0,
0x0000026de505bca0, 0x0000026de505ca60, 0x0000026de505d410, 0x0000026de50605c0,
0x0000026de5063070, 0x0000026de5070fb0, 0x0000026de5559260, 0x0000026de56fcda0,
0x0000026e2b442bc0, 0x0000026e2b83dbf0, 0x0000026e2b81d230, 0x0000026e2ba801c0,
0x0000026e2ba9b4d0, 0x0000026e2bd9dd90
}

Java Threads: ( => current thread )
  0x0000026dc066bde0 JavaThread "main" [_thread_blocked, id=33840, stack(0x000000bfd1200000,0x000000bfd1300000)]
  0x0000026de5042d30 JavaThread "Reference Handler" daemon [_thread_blocked, id=33532, stack(0x000000bfd1900000,0x000000bfd1a00000)]
  0x0000026de50438e0 JavaThread "Finalizer" daemon [_thread_blocked, id=33860, stack(0x000000bfd1a00000,0x000000bfd1b00000)]
  0x0000026de505b2f0 JavaThread "Signal Dispatcher" daemon [_thread_blocked, id=8212, stack(0x000000bfd1b00000,0x000000bfd1c00000)]
  0x0000026de505bca0 JavaThread "Attach Listener" daemon [_thread_blocked, id=8724, stack(0x000000bfd1c00000,0x000000bfd1d00000)]
  0x0000026de505ca60 JavaThread "Service Thread" daemon [_thread_blocked, id=28460, stack(0x000000bfd1d00000,0x000000bfd1e00000)]
  0x0000026de505d410 JavaThread "Monitor Deflation Thread" daemon [_thread_blocked, id=7124, stack(0x000000bfd1e00000,0x000000bfd1f00000)]
  0x0000026de50605c0 JavaThread "C2 CompilerThread0" daemon [_thread_blocked, id=25556, stack(0x000000bfd1f00000,0x000000bfd2000000)]
  0x0000026de5063070 JavaThread "C1 CompilerThread0" daemon [_thread_blocked, id=28156, stack(0x000000bfd2000000,0x000000bfd2100000)]
  0x0000026de5070fb0 JavaThread "Sweeper thread" daemon [_thread_blocked, id=29048, stack(0x000000bfd2100000,0x000000bfd2200000)]
  0x0000026de5559260 JavaThread "Common-Cleaner" daemon [_thread_blocked, id=30188, stack(0x000000bfd2200000,0x000000bfd2300000)]
  0x0000026de56fcda0 JavaThread "Notification Thread" daemon [_thread_blocked, id=3168, stack(0x000000bfd2500000,0x000000bfd2600000)]
  0x0000026e2b442bc0 JavaThread "QuantumRenderer-0" daemon [_thread_blocked, id=28856, stack(0x000000bfd2700000,0x000000bfd2800000)]
  0x0000026e2b83dbf0 JavaThread "InvokeLaterDispatcher" daemon [_thread_blocked, id=33940, stack(0x000000bfd2400000,0x000000bfd2500000)]
  0x0000026e2b81d230 JavaThread "JavaFX Application Thread" [_thread_in_Java, id=35108, stack(0x000000bfd2800000,0x000000bfd2900000)]
  0x0000026e2ba801c0 JavaThread "JavaFX-Launcher" [_thread_blocked, id=14452, stack(0x000000bfd2c00000,0x000000bfd2d00000)]
  0x0000026e2ba9b4d0 JavaThread "Thread-2" daemon [_thread_in_native, id=32572, stack(0x000000bfd2300000,0x000000bfd2400000)]
=>0x0000026e2bd9dd90 JavaThread "C2 CompilerThread1" daemon [_thread_in_native, id=35164, stack(0x000000bfd3200000,0x000000bfd3300000)]

Other Threads:
  0x0000026de503da60 VMThread "VM Thread" [stack: 0x000000bfd1800000,0x000000bfd1900000] [id=34496]
  0x0000026dc28c7590 WatcherThread [stack: 0x000000bfd2600000,0x000000bfd2700000] [id=33948]
  0x0000026dc28af180 GCTaskThread "GC Thread#0" [stack: 0x000000bfd1300000,0x000000bfd1400000] [id=22840]
  0x0000026e2bafe600 GCTaskThread "GC Thread#1" [stack: 0x000000bfd2d00000,0x000000bfd2e00000] [id=13496]
  0x0000026e2bafe8b0 GCTaskThread "GC Thread#2" [stack: 0x000000bfd2e00000,0x000000bfd2f00000] [id=16284]
  0x0000026e2bafeb60 GCTaskThread "GC Thread#3" [stack: 0x000000bfd2f00000,0x000000bfd3000000] [id=23832]
  0x0000026e2bafee10 GCTaskThread "GC Thread#4" [stack: 0x000000bfd3000000,0x000000bfd3100000] [id=22592]
  0x0000026e2baff0c0 GCTaskThread "GC Thread#5" [stack: 0x000000bfd3100000,0x000000bfd3200000] [id=35000]
  0x0000026dc28bfbd0 ConcurrentGCThread "G1 Main Marker" [stack: 0x000000bfd1400000,0x000000bfd1500000] [id=31592]
  0x0000026dc28c12b0 ConcurrentGCThread "G1 Conc#0" [stack: 0x000000bfd1500000,0x000000bfd1600000] [id=25476]
  0x0000026dc28fd000 ConcurrentGCThread "G1 Refine#0" [stack: 0x000000bfd1600000,0x000000bfd1700000] [id=30164]
  0x0000026de4f78d60 ConcurrentGCThread "G1 Service" [stack: 0x000000bfd1700000,0x000000bfd1800000] [id=30764]

Threads with active compile tasks:
C2 CompilerThread1    17007 1196   !   4       com.sun.javafx.css.ParsedValueImpl::readBinary (688 bytes)

VM state: not at safepoint (normal execution)

VM Mutex/Monitor currently owned by a thread: None

Heap address: 0x0000000704e00000, size: 4018 MB, Compressed Oops mode: Zero based, Oop shift amount: 3

CDS archive(s) mapped at: [0x0000026de6000000-0x0000026de6bd0000-0x0000026de6bd0000), size 12386304, SharedBaseAddress: 0x0000026de6000000, ArchiveRelocationMode: 1.
Compressed class space mapped at: 0x0000026de7000000-0x0000026e27000000, reserved size: 1073741824
Narrow klass base: 0x0000026de6000000, Narrow klass shift: 0, Narrow klass range: 0x100000000

GC Precious Log:
 CPUs: 8 total, 8 available
 Memory: 16064M
 Large Page Support: Disabled
 NUMA Support: Disabled
 Compressed Oops: Enabled (Zero based)
 Heap Region Size: 2M
 Heap Min Capacity: 8M
 Heap Initial Capacity: 252M
 Heap Max Capacity: 4018M
 Pre-touch: Disabled
 Parallel Workers: 8
 Concurrent Workers: 2
 Concurrent Refinement Workers: 8
 Periodic GC: Disabled

Heap:
 garbage-first heap   total 258048K, used 21502K [0x0000000704e00000, 0x0000000800000000)
  region size 2048K, 12 young (24576K), 2 survivors (4096K)
 Metaspace       used 7031K, committed 7168K, reserved 1114112K
  class space    used 847K, committed 896K, reserved 1048576K

Heap Regions: E=young(eden), S=young(survivor), O=old, HS=humongous(starts), HC=humongous(continues), CS=collection set, F=free, OA=open archive, CA=closed archive, TAMS=top-at-mark-start (previous, next)
|   0|0x0000000704e00000, 0x0000000704e00000, 0x0000000705000000|  0%| F|  |TAMS 0x0000000704e00000, 0x0000000704e00000| Untracked 
|   1|0x0000000705000000, 0x0000000705000000, 0x0000000705200000|  0%| F|  |TAMS 0x0000000705000000, 0x0000000705000000| Untracked 
|   2|0x0000000705200000, 0x0000000705200000, 0x0000000705400000|  0%| F|  |TAMS 0x0000000705200000, 0x0000000705200000| Untracked 
|   3|0x0000000705400000, 0x0000000705400000, 0x0000000705600000|  0%| F|  |TAMS 0x0000000705400000, 0x0000000705400000| Untracked 
|   4|0x0000000705600000, 0x0000000705600000, 0x0000000705800000|  0%| F|  |TAMS 0x0000000705600000, 0x0000000705600000| Untracked 
|   5|0x0000000705800000, 0x0000000705800000, 0x0000000705a00000|  0%| F|  |TAMS 0x0000000705800000, 0x0000000705800000| Untracked 
|   6|0x0000000705a00000, 0x0000000705a00000, 0x0000000705c00000|  0%| F|  |TAMS 0x0000000705a00000, 0x0000000705a00000| Untracked 
|   7|0x0000000705c00000, 0x0000000705c00000, 0x0000000705e00000|  0%| F|  |TAMS 0x0000000705c00000, 0x0000000705c00000| Untracked 
|   8|0x0000000705e00000, 0x0000000705e00000, 0x0000000706000000|  0%| F|  |TAMS 0x0000000705e00000, 0x0000000705e00000| Untracked 
|   9|0x0000000706000000, 0x0000000706000000, 0x0000000706200000|  0%| F|  |TAMS 0x0000000706000000, 0x0000000706000000| Untracked 
|  10|0x0000000706200000, 0x0000000706200000, 0x0000000706400000|  0%| F|  |TAMS 0x0000000706200000, 0x0000000706200000| Untracked 
|  11|0x0000000706400000, 0x0000000706400000, 0x0000000706600000|  0%| F|  |TAMS 0x0000000706400000, 0x0000000706400000| Untracked 
|  12|0x0000000706600000, 0x0000000706600000, 0x0000000706800000|  0%| F|  |TAMS 0x0000000706600000, 0x0000000706600000| Untracked 
|  13|0x0000000706800000, 0x0000000706800000, 0x0000000706a00000|  0%| F|  |TAMS 0x0000000706800000, 0x0000000706800000| Untracked 
|  14|0x0000000706a00000, 0x0000000706a00000, 0x0000000706c00000|  0%| F|  |TAMS 0x0000000706a00000, 0x0000000706a00000| Untracked 
|  15|0x0000000706c00000, 0x0000000706c00000, 0x0000000706e00000|  0%| F|  |TAMS 0x0000000706c00000, 0x0000000706c00000| Untracked 
|  16|0x0000000706e00000, 0x0000000706e00000, 0x0000000707000000|  0%| F|  |TAMS 0x0000000706e00000, 0x0000000706e00000| Untracked 
|  17|0x0000000707000000, 0x0000000707000000, 0x0000000707200000|  0%| F|  |TAMS 0x0000000707000000, 0x0000000707000000| Untracked 
|  18|0x0000000707200000, 0x0000000707200000, 0x0000000707400000|  0%| F|  |TAMS 0x0000000707200000, 0x0000000707200000| Untracked 
|  19|0x0000000707400000, 0x0000000707400000, 0x0000000707600000|  0%| F|  |TAMS 0x0000000707400000, 0x0000000707400000| Untracked 
|  20|0x0000000707600000, 0x0000000707600000, 0x0000000707800000|  0%| F|  |TAMS 0x0000000707600000, 0x0000000707600000| Untracked 
|  21|0x0000000707800000, 0x0000000707800000, 0x0000000707a00000|  0%| F|  |TAMS 0x0000000707800000, 0x0000000707800000| Untracked 
|  22|0x0000000707a00000, 0x0000000707a00000, 0x0000000707c00000|  0%| F|  |TAMS 0x0000000707a00000, 0x0000000707a00000| Untracked 
|  23|0x0000000707c00000, 0x0000000707c00000, 0x0000000707e00000|  0%| F|  |TAMS 0x0000000707c00000, 0x0000000707c00000| Untracked 
|  24|0x0000000707e00000, 0x0000000707e00000, 0x0000000708000000|  0%| F|  |TAMS 0x0000000707e00000, 0x0000000707e00000| Untracked 
|  25|0x0000000708000000, 0x0000000708000000, 0x0000000708200000|  0%| F|  |TAMS 0x0000000708000000, 0x0000000708000000| Untracked 
|  26|0x0000000708200000, 0x0000000708200000, 0x0000000708400000|  0%| F|  |TAMS 0x0000000708200000, 0x0000000708200000| Untracked 
|  27|0x0000000708400000, 0x0000000708400000, 0x0000000708600000|  0%| F|  |TAMS 0x0000000708400000, 0x0000000708400000| Untracked 
|  28|0x0000000708600000, 0x0000000708600000, 0x0000000708800000|  0%| F|  |TAMS 0x0000000708600000, 0x0000000708600000| Untracked 
|  29|0x0000000708800000, 0x0000000708800000, 0x0000000708a00000|  0%| F|  |TAMS 0x0000000708800000, 0x0000000708800000| Untracked 
|  30|0x0000000708a00000, 0x0000000708a00000, 0x0000000708c00000|  0%| F|  |TAMS 0x0000000708a00000, 0x0000000708a00000| Untracked 
|  31|0x0000000708c00000, 0x0000000708c00000, 0x0000000708e00000|  0%| F|  |TAMS 0x0000000708c00000, 0x0000000708c00000| Untracked 
|  32|0x0000000708e00000, 0x0000000708e00000, 0x0000000709000000|  0%| F|  |TAMS 0x0000000708e00000, 0x0000000708e00000| Untracked 
|  33|0x0000000709000000, 0x0000000709000000, 0x0000000709200000|  0%| F|  |TAMS 0x0000000709000000, 0x0000000709000000| Untracked 
|  34|0x0000000709200000, 0x0000000709200000, 0x0000000709400000|  0%| F|  |TAMS 0x0000000709200000, 0x0000000709200000| Untracked 
|  35|0x0000000709400000, 0x0000000709400000, 0x0000000709600000|  0%| F|  |TAMS 0x0000000709400000, 0x0000000709400000| Untracked 
|  36|0x0000000709600000, 0x0000000709600000, 0x0000000709800000|  0%| F|  |TAMS 0x0000000709600000, 0x0000000709600000| Untracked 
|  37|0x0000000709800000, 0x0000000709800000, 0x0000000709a00000|  0%| F|  |TAMS 0x0000000709800000, 0x0000000709800000| Untracked 
|  38|0x0000000709a00000, 0x0000000709a00000, 0x0000000709c00000|  0%| F|  |TAMS 0x0000000709a00000, 0x0000000709a00000| Untracked 
|  39|0x0000000709c00000, 0x0000000709c00000, 0x0000000709e00000|  0%| F|  |TAMS 0x0000000709c00000, 0x0000000709c00000| Untracked 
|  40|0x0000000709e00000, 0x0000000709e00000, 0x000000070a000000|  0%| F|  |TAMS 0x0000000709e00000, 0x0000000709e00000| Untracked 
|  41|0x000000070a000000, 0x000000070a000000, 0x000000070a200000|  0%| F|  |TAMS 0x000000070a000000, 0x000000070a000000| Untracked 
|  42|0x000000070a200000, 0x000000070a200000, 0x000000070a400000|  0%| F|  |TAMS 0x000000070a200000, 0x000000070a200000| Untracked 
|  43|0x000000070a400000, 0x000000070a400000, 0x000000070a600000|  0%| F|  |TAMS 0x000000070a400000, 0x000000070a400000| Untracked 
|  44|0x000000070a600000, 0x000000070a600000, 0x000000070a800000|  0%| F|  |TAMS 0x000000070a600000, 0x000000070a600000| Untracked 
|  45|0x000000070a800000, 0x000000070a800000, 0x000000070aa00000|  0%| F|  |TAMS 0x000000070a800000, 0x000000070a800000| Untracked 
|  46|0x000000070aa00000, 0x000000070aa00000, 0x000000070ac00000|  0%| F|  |TAMS 0x000000070aa00000, 0x000000070aa00000| Untracked 
|  47|0x000000070ac00000, 0x000000070ac00000, 0x000000070ae00000|  0%| F|  |TAMS 0x000000070ac00000, 0x000000070ac00000| Untracked 
|  48|0x000000070ae00000, 0x000000070ae00000, 0x000000070b000000|  0%| F|  |TAMS 0x000000070ae00000, 0x000000070ae00000| Untracked 
|  49|0x000000070b000000, 0x000000070b000000, 0x000000070b200000|  0%| F|  |TAMS 0x000000070b000000, 0x000000070b000000| Untracked 
|  50|0x000000070b200000, 0x000000070b200000, 0x000000070b400000|  0%| F|  |TAMS 0x000000070b200000, 0x000000070b200000| Untracked 
|  51|0x000000070b400000, 0x000000070b400000, 0x000000070b600000|  0%| F|  |TAMS 0x000000070b400000, 0x000000070b400000| Untracked 
|  52|0x000000070b600000, 0x000000070b600000, 0x000000070b800000|  0%| F|  |TAMS 0x000000070b600000, 0x000000070b600000| Untracked 
|  53|0x000000070b800000, 0x000000070b800000, 0x000000070ba00000|  0%| F|  |TAMS 0x000000070b800000, 0x000000070b800000| Untracked 
|  54|0x000000070ba00000, 0x000000070ba00000, 0x000000070bc00000|  0%| F|  |TAMS 0x000000070ba00000, 0x000000070ba00000| Untracked 
|  55|0x000000070bc00000, 0x000000070bc00000, 0x000000070be00000|  0%| F|  |TAMS 0x000000070bc00000, 0x000000070bc00000| Untracked 
|  56|0x000000070be00000, 0x000000070be00000, 0x000000070c000000|  0%| F|  |TAMS 0x000000070be00000, 0x000000070be00000| Untracked 
|  57|0x000000070c000000, 0x000000070c000000, 0x000000070c200000|  0%| F|  |TAMS 0x000000070c000000, 0x000000070c000000| Untracked 
|  58|0x000000070c200000, 0x000000070c200000, 0x000000070c400000|  0%| F|  |TAMS 0x000000070c200000, 0x000000070c200000| Untracked 
|  59|0x000000070c400000, 0x000000070c400000, 0x000000070c600000|  0%| F|  |TAMS 0x000000070c400000, 0x000000070c400000| Untracked 
|  60|0x000000070c600000, 0x000000070c600000, 0x000000070c800000|  0%| F|  |TAMS 0x000000070c600000, 0x000000070c600000| Untracked 
|  61|0x000000070c800000, 0x000000070c800000, 0x000000070ca00000|  0%| F|  |TAMS 0x000000070c800000, 0x000000070c800000| Untracked 
|  62|0x000000070ca00000, 0x000000070ca00000, 0x000000070cc00000|  0%| F|  |TAMS 0x000000070ca00000, 0x000000070ca00000| Untracked 
|  63|0x000000070cc00000, 0x000000070cc00000, 0x000000070ce00000|  0%| F|  |TAMS 0x000000070cc00000, 0x000000070cc00000| Untracked 
|  64|0x000000070ce00000, 0x000000070ce00000, 0x000000070d000000|  0%| F|  |TAMS 0x000000070ce00000, 0x000000070ce00000| Untracked 
|  65|0x000000070d000000, 0x000000070d000000, 0x000000070d200000|  0%| F|  |TAMS 0x000000070d000000, 0x000000070d000000| Untracked 
|  66|0x000000070d200000, 0x000000070d200000, 0x000000070d400000|  0%| F|  |TAMS 0x000000070d200000, 0x000000070d200000| Untracked 
|  67|0x000000070d400000, 0x000000070d400000, 0x000000070d600000|  0%| F|  |TAMS 0x000000070d400000, 0x000000070d400000| Untracked 
|  68|0x000000070d600000, 0x000000070d600000, 0x000000070d800000|  0%| F|  |TAMS 0x000000070d600000, 0x000000070d600000| Untracked 
|  69|0x000000070d800000, 0x000000070d800000, 0x000000070da00000|  0%| F|  |TAMS 0x000000070d800000, 0x000000070d800000| Untracked 
|  70|0x000000070da00000, 0x000000070da00000, 0x000000070dc00000|  0%| F|  |TAMS 0x000000070da00000, 0x000000070da00000| Untracked 
|  71|0x000000070dc00000, 0x000000070dc00000, 0x000000070de00000|  0%| F|  |TAMS 0x000000070dc00000, 0x000000070dc00000| Untracked 
|  72|0x000000070de00000, 0x000000070de00000, 0x000000070e000000|  0%| F|  |TAMS 0x000000070de00000, 0x000000070de00000| Untracked 
|  73|0x000000070e000000, 0x000000070e000000, 0x000000070e200000|  0%| F|  |TAMS 0x000000070e000000, 0x000000070e000000| Untracked 
|  74|0x000000070e200000, 0x000000070e200000, 0x000000070e400000|  0%| F|  |TAMS 0x000000070e200000, 0x000000070e200000| Untracked 
|  75|0x000000070e400000, 0x000000070e400000, 0x000000070e600000|  0%| F|  |TAMS 0x000000070e400000, 0x000000070e400000| Untracked 
|  76|0x000000070e600000, 0x000000070e600000, 0x000000070e800000|  0%| F|  |TAMS 0x000000070e600000, 0x000000070e600000| Untracked 
|  77|0x000000070e800000, 0x000000070e800000, 0x000000070ea00000|  0%| F|  |TAMS 0x000000070e800000, 0x000000070e800000| Untracked 
|  78|0x000000070ea00000, 0x000000070ea00000, 0x000000070ec00000|  0%| F|  |TAMS 0x000000070ea00000, 0x000000070ea00000| Untracked 
|  79|0x000000070ec00000, 0x000000070ec00000, 0x000000070ee00000|  0%| F|  |TAMS 0x000000070ec00000, 0x000000070ec00000| Untracked 
|  80|0x000000070ee00000, 0x000000070ee00000, 0x000000070f000000|  0%| F|  |TAMS 0x000000070ee00000, 0x000000070ee00000| Untracked 
|  81|0x000000070f000000, 0x000000070f000000, 0x000000070f200000|  0%| F|  |TAMS 0x000000070f000000, 0x000000070f000000| Untracked 
|  82|0x000000070f200000, 0x000000070f200000, 0x000000070f400000|  0%| F|  |TAMS 0x000000070f200000, 0x000000070f200000| Untracked 
|  83|0x000000070f400000, 0x000000070f400000, 0x000000070f600000|  0%| F|  |TAMS 0x000000070f400000, 0x000000070f400000| Untracked 
|  84|0x000000070f600000, 0x000000070f600000, 0x000000070f800000|  0%| F|  |TAMS 0x000000070f600000, 0x000000070f600000| Untracked 
|  85|0x000000070f800000, 0x000000070f800000, 0x000000070fa00000|  0%| F|  |TAMS 0x000000070f800000, 0x000000070f800000| Untracked 
|  86|0x000000070fa00000, 0x000000070fa00000, 0x000000070fc00000|  0%| F|  |TAMS 0x000000070fa00000, 0x000000070fa00000| Untracked 
|  87|0x000000070fc00000, 0x000000070fc00000, 0x000000070fe00000|  0%| F|  |TAMS 0x000000070fc00000, 0x000000070fc00000| Untracked 
|  88|0x000000070fe00000, 0x000000070fe00000, 0x0000000710000000|  0%| F|  |TAMS 0x000000070fe00000, 0x000000070fe00000| Untracked 
|  89|0x0000000710000000, 0x0000000710000000, 0x0000000710200000|  0%| F|  |TAMS 0x0000000710000000, 0x0000000710000000| Untracked 
|  90|0x0000000710200000, 0x0000000710200000, 0x0000000710400000|  0%| F|  |TAMS 0x0000000710200000, 0x0000000710200000| Untracked 
|  91|0x0000000710400000, 0x0000000710400000, 0x0000000710600000|  0%| F|  |TAMS 0x0000000710400000, 0x0000000710400000| Untracked 
|  92|0x0000000710600000, 0x0000000710600000, 0x0000000710800000|  0%| F|  |TAMS 0x0000000710600000, 0x0000000710600000| Untracked 
|  93|0x0000000710800000, 0x0000000710800000, 0x0000000710a00000|  0%| F|  |TAMS 0x0000000710800000, 0x0000000710800000| Untracked 
|  94|0x0000000710a00000, 0x0000000710a00000, 0x0000000710c00000|  0%| F|  |TAMS 0x0000000710a00000, 0x0000000710a00000| Untracked 
|  95|0x0000000710c00000, 0x0000000710c00000, 0x0000000710e00000|  0%| F|  |TAMS 0x0000000710c00000, 0x0000000710c00000| Untracked 
|  96|0x0000000710e00000, 0x0000000710e00000, 0x0000000711000000|  0%| F|  |TAMS 0x0000000710e00000, 0x0000000710e00000| Untracked 
|  97|0x0000000711000000, 0x0000000711000000, 0x0000000711200000|  0%| F|  |TAMS 0x0000000711000000, 0x0000000711000000| Untracked 
|  98|0x0000000711200000, 0x0000000711200000, 0x0000000711400000|  0%| F|  |TAMS 0x0000000711200000, 0x0000000711200000| Untracked 
|  99|0x0000000711400000, 0x0000000711400000, 0x0000000711600000|  0%| F|  |TAMS 0x0000000711400000, 0x0000000711400000| Untracked 
| 100|0x0000000711600000, 0x0000000711600000, 0x0000000711800000|  0%| F|  |TAMS 0x0000000711600000, 0x0000000711600000| Untracked 
| 101|0x0000000711800000, 0x0000000711800000, 0x0000000711a00000|  0%| F|  |TAMS 0x0000000711800000, 0x0000000711800000| Untracked 
| 102|0x0000000711a00000, 0x0000000711a00000, 0x0000000711c00000|  0%| F|  |TAMS 0x0000000711a00000, 0x0000000711a00000| Untracked 
| 103|0x0000000711c00000, 0x0000000711c00000, 0x0000000711e00000|  0%| F|  |TAMS 0x0000000711c00000, 0x0000000711c00000| Untracked 
| 104|0x0000000711e00000, 0x0000000711e00000, 0x0000000712000000|  0%| F|  |TAMS 0x0000000711e00000, 0x0000000711e00000| Untracked 
| 105|0x0000000712000000, 0x0000000712000000, 0x0000000712200000|  0%| F|  |TAMS 0x0000000712000000, 0x0000000712000000| Untracked 
| 106|0x0000000712200000, 0x0000000712200000, 0x0000000712400000|  0%| F|  |TAMS 0x0000000712200000, 0x0000000712200000| Untracked 
| 107|0x0000000712400000, 0x0000000712400000, 0x0000000712600000|  0%| F|  |TAMS 0x0000000712400000, 0x0000000712400000| Untracked 
| 108|0x0000000712600000, 0x0000000712600000, 0x0000000712800000|  0%| F|  |TAMS 0x0000000712600000, 0x0000000712600000| Untracked 
| 109|0x0000000712800000, 0x0000000712800000, 0x0000000712a00000|  0%| F|  |TAMS 0x0000000712800000, 0x0000000712800000| Untracked 
| 110|0x0000000712a00000, 0x0000000712a00000, 0x0000000712c00000|  0%| F|  |TAMS 0x0000000712a00000, 0x0000000712a00000| Untracked 
| 111|0x0000000712c00000, 0x0000000712c00000, 0x0000000712e00000|  0%| F|  |TAMS 0x0000000712c00000, 0x0000000712c00000| Untracked 
| 112|0x0000000712e00000, 0x0000000712e00000, 0x0000000713000000|  0%| F|  |TAMS 0x0000000712e00000, 0x0000000712e00000| Untracked 
| 113|0x0000000713000000, 0x00000007130ffbc8, 0x0000000713200000| 49%| S|CS|TAMS 0x0000000713000000, 0x0000000713000000| Complete 
| 114|0x0000000713200000, 0x0000000713400000, 0x0000000713400000|100%| S|CS|TAMS 0x0000000713200000, 0x0000000713200000| Complete 
| 115|0x0000000713400000, 0x0000000713400000, 0x0000000713600000|  0%| F|  |TAMS 0x0000000713400000, 0x0000000713400000| Untracked 
| 116|0x0000000713600000, 0x000000071373aa10, 0x0000000713800000| 61%| E|  |TAMS 0x0000000713600000, 0x0000000713600000| Complete 
| 117|0x0000000713800000, 0x0000000713a00000, 0x0000000713a00000|100%| E|CS|TAMS 0x0000000713800000, 0x0000000713800000| Complete 
| 118|0x0000000713a00000, 0x0000000713c00000, 0x0000000713c00000|100%| E|CS|TAMS 0x0000000713a00000, 0x0000000713a00000| Complete 
| 119|0x0000000713c00000, 0x0000000713e00000, 0x0000000713e00000|100%| E|CS|TAMS 0x0000000713c00000, 0x0000000713c00000| Complete 
| 120|0x0000000713e00000, 0x0000000714000000, 0x0000000714000000|100%| E|CS|TAMS 0x0000000713e00000, 0x0000000713e00000| Complete 
| 121|0x0000000714000000, 0x0000000714200000, 0x0000000714200000|100%| E|CS|TAMS 0x0000000714000000, 0x0000000714000000| Complete 
| 122|0x0000000714200000, 0x0000000714400000, 0x0000000714400000|100%| E|CS|TAMS 0x0000000714200000, 0x0000000714200000| Complete 
| 123|0x0000000714400000, 0x0000000714600000, 0x0000000714600000|100%| E|CS|TAMS 0x0000000714400000, 0x0000000714400000| Complete 
| 124|0x0000000714600000, 0x0000000714800000, 0x0000000714800000|100%| E|CS|TAMS 0x0000000714600000, 0x0000000714600000| Complete 
| 125|0x0000000714800000, 0x0000000714a00000, 0x0000000714a00000|100%| E|CS|TAMS 0x0000000714800000, 0x0000000714800000| Complete 

Card table byte_map: [0x0000026dd9bf0000,0x0000026dda3d0000] _byte_map_base: 0x0000026dd63c9000

Marking Bits (Prev, Next): (CMBitMap*) 0x0000026dc28af790, (CMBitMap*) 0x0000026dc28af7d0
 Prev Bits: [0x0000026ddabb0000, 0x0000026ddea78000)
 Next Bits: [0x0000026ddea80000, 0x0000026de2948000)

Polling page: 0x0000026dc07a0000

Metaspace:

Usage:
  Non-class:      6.04 MB used.
      Class:    847.79 KB used.
       Both:      6.87 MB used.

Virtual space:
  Non-class space:       64.00 MB reserved,       6.12 MB ( 10%) committed,  1 nodes.
      Class space:        1.00 GB reserved,     896.00 KB ( <1%) committed,  1 nodes.
             Both:        1.06 GB reserved,       7.00 MB ( <1%) committed. 

Chunk freelists:
   Non-Class:  8.45 MB
       Class:  15.13 MB
        Both:  23.58 MB

MaxMetaspaceSize: unlimited
CompressedClassSpaceSize: 1.00 GB
Initial GC threshold: 21.00 MB
Current GC threshold: 21.00 MB
CDS: on
MetaspaceReclaimPolicy: balanced
 - commit_granule_bytes: 65536.
 - commit_granule_words: 8192.
 - virtual_space_node_default_size: 8388608.
 - enlarge_chunks_in_place: 1.
 - new_chunks_are_fully_committed: 0.
 - uncommit_free_chunks: 1.
 - use_allocation_guard: 0.
 - handle_deallocations: 1.


Internal statistics:

num_allocs_failed_limit: 0.
num_arena_births: 94.
num_arena_deaths: 0.
num_vsnodes_births: 2.
num_vsnodes_deaths: 0.
num_space_committed: 112.
num_space_uncommitted: 0.
num_chunks_returned_to_freelist: 0.
num_chunks_taken_from_freelist: 276.
num_chunk_merges: 0.
num_chunk_splits: 193.
num_chunks_enlarged: 153.
num_purges: 0.
num_inconsistent_stats: 0.

CodeHeap 'non-profiled nmethods': size=120000Kb used=435Kb max_used=435Kb free=119565Kb
 bounds [0x0000026dd1ba0000, 0x0000026dd1e10000, 0x0000026dd90d0000]
CodeHeap 'profiled nmethods': size=120000Kb used=2169Kb max_used=2169Kb free=117830Kb
 bounds [0x0000026dca0d0000, 0x0000026dca340000, 0x0000026dd1600000]
CodeHeap 'non-nmethods': size=5760Kb used=1247Kb max_used=1261Kb free=4513Kb
 bounds [0x0000026dd1600000, 0x0000026dd1870000, 0x0000026dd1ba0000]
 total_blobs=1829 nmethods=1282 adapters=460
 compilation: enabled
              stopped_count=0, restarted_count=0
 full_count=0

Compilation events (20 events):
Event: 9.965 Thread 0x0000026de5063070 1254       3       java.util.ArrayList::iterator (9 bytes)
Event: 9.965 Thread 0x0000026de5063070 nmethod 1254 0x0000026dca2e3810 code [0x0000026dca2e39c0, 0x0000026dca2e3c58]
Event: 9.965 Thread 0x0000026de5063070 1255       3       java.util.ArrayList$Itr::<init> (26 bytes)
Event: 9.965 Thread 0x0000026de5063070 nmethod 1255 0x0000026dca2e3d90 code [0x0000026dca2e3f20, 0x0000026dca2e40f8]
Event: 9.975 Thread 0x0000026de50605c0 1256       4       java.util.concurrent.ConcurrentHashMap::get (162 bytes)
Event: 11.981 Thread 0x0000026de50605c0 nmethod 1256 0x0000026dd1c0a490 code [0x0000026dd1c0a660, 0x0000026dd1c0adf8]
Event: 11.983 Thread 0x0000026de5063070 1258       3       jdk.internal.misc.CDS::isDumpingArchive (4 bytes)
Event: 11.983 Thread 0x0000026de5063070 nmethod 1258 0x0000026dca2e4210 code [0x0000026dca2e43a0, 0x0000026dca2e4498]
Event: 11.983 Thread 0x0000026de5063070 1257       1       java.lang.invoke.DirectMethodHandle::isCrackable (5 bytes)
Event: 11.983 Thread 0x0000026de5063070 nmethod 1257 0x0000026dd1c0b410 code [0x0000026dd1c0b5a0, 0x0000026dd1c0b678]
Event: 11.984 Thread 0x0000026de5063070 1259       3       java.lang.invoke.MethodHandleNatives::findMethodHandleType (7 bytes)
Event: 11.984 Thread 0x0000026de5063070 nmethod 1259 0x0000026dca2e4510 code [0x0000026dca2e46a0, 0x0000026dca2e47c8]
Event: 11.984 Thread 0x0000026de5063070 1260       3       java.lang.invoke.AbstractValidatingLambdaMetafactory::isAdaptableTo (126 bytes)
Event: 11.985 Thread 0x0000026de5063070 nmethod 1260 0x0000026dca2e4890 code [0x0000026dca2e4b20, 0x0000026dca2e5568]
Event: 11.986 Thread 0x0000026de5063070 1261       3       java.lang.invoke.Invokers$Holder::linkToTargetMethod (9 bytes)
Event: 11.986 Thread 0x0000026de5063070 nmethod 1261 0x0000026dca2e5910 code [0x0000026dca2e5ac0, 0x0000026dca2e5e98]
Event: 11.988 Thread 0x0000026de5063070 1262       3       java.util.regex.Pattern::has (15 bytes)
Event: 11.988 Thread 0x0000026de5063070 nmethod 1262 0x0000026dca2e5f90 code [0x0000026dca2e6120, 0x0000026dca2e6298]
Event: 11.988 Thread 0x0000026de50605c0 1263       4       java.util.concurrent.ConcurrentHashMap::setTabAt (20 bytes)
Event: 11.989 Thread 0x0000026de50605c0 nmethod 1263 0x0000026dd1c0b710 code [0x0000026dd1c0b880, 0x0000026dd1c0b998]

GC Heap History (2 events):
Event: 2.752 GC heap before
{Heap before GC invocations=0 (full 0):
 garbage-first heap   total 258048K, used 20480K [0x0000000704e00000, 0x0000000800000000)
  region size 2048K, 11 young (22528K), 0 survivors (0K)
 Metaspace       used 4127K, committed 4352K, reserved 1114112K
  class space    used 471K, committed 576K, reserved 1048576K
}
Event: 2.754 GC heap after
{Heap after GC invocations=1 (full 0):
 garbage-first heap   total 258048K, used 3070K [0x0000000704e00000, 0x0000000800000000)
  region size 2048K, 2 young (4096K), 2 survivors (4096K)
 Metaspace       used 4127K, committed 4352K, reserved 1114112K
  class space    used 471K, committed 576K, reserved 1048576K
}

Deoptimization events (20 events):
Event: 4.894 Thread 0x0000026e2b81d230 Uncommon trap: trap_request=0xffffffde fr.pc=0x0000026dd1bfb530 relative=0x00000000000004f0
Event: 4.894 Thread 0x0000026e2b81d230 Uncommon trap: reason=class_check action=maybe_recompile pc=0x0000026dd1bfb530 method=java.io.DataInputStream.readShort()S @ 4 c2
Event: 4.894 Thread 0x0000026e2b81d230 DEOPT PACKING pc=0x0000026dd1bfb530 sp=0x000000bfd28fdb20
Event: 4.894 Thread 0x0000026e2b81d230 DEOPT UNPACKING pc=0x0000026dd1655ba3 sp=0x000000bfd28fdae0 mode 2
Event: 4.894 Thread 0x0000026e2b81d230 Uncommon trap: trap_request=0xffffffde fr.pc=0x0000026dd1bfb530 relative=0x00000000000004f0
Event: 4.894 Thread 0x0000026e2b81d230 Uncommon trap: reason=class_check action=maybe_recompile pc=0x0000026dd1bfb530 method=java.io.DataInputStream.readShort()S @ 4 c2
Event: 4.894 Thread 0x0000026e2b81d230 DEOPT PACKING pc=0x0000026dd1bfb530 sp=0x000000bfd28fdb20
Event: 4.894 Thread 0x0000026e2b81d230 DEOPT UNPACKING pc=0x0000026dd1655ba3 sp=0x000000bfd28fdae0 mode 2
Event: 4.898 Thread 0x0000026e2b81d230 Uncommon trap: trap_request=0xffffff45 fr.pc=0x0000026dd1bdcbd4 relative=0x00000000000004d4
Event: 4.898 Thread 0x0000026e2b81d230 Uncommon trap: reason=unstable_if action=reinterpret pc=0x0000026dd1bdcbd4 method=java.util.HashMap.putVal(ILjava/lang/Object;Ljava/lang/Object;ZZ)Ljava/lang/Object; @ 162 c2
Event: 4.898 Thread 0x0000026e2b81d230 DEOPT PACKING pc=0x0000026dd1bdcbd4 sp=0x000000bfd28fdaf0
Event: 4.898 Thread 0x0000026e2b81d230 DEOPT UNPACKING pc=0x0000026dd1655ba3 sp=0x000000bfd28fda90 mode 2
Event: 4.898 Thread 0x0000026e2b81d230 Uncommon trap: trap_request=0xffffff45 fr.pc=0x0000026dd1bfa3a4 relative=0x00000000000003e4
Event: 4.898 Thread 0x0000026e2b81d230 Uncommon trap: reason=unstable_if action=reinterpret pc=0x0000026dd1bfa3a4 method=java.util.HashMap.getNode(Ljava/lang/Object;)Ljava/util/HashMap$Node; @ 85 c2
Event: 4.898 Thread 0x0000026e2b81d230 DEOPT PACKING pc=0x0000026dd1bfa3a4 sp=0x000000bfd28fdbc0
Event: 4.898 Thread 0x0000026e2b81d230 DEOPT UNPACKING pc=0x0000026dd1655ba3 sp=0x000000bfd28fdb40 mode 2
Event: 8.949 Thread 0x0000026e2b81d230 Uncommon trap: trap_request=0xffffff45 fr.pc=0x0000026dd1bb1b28 relative=0x0000000000000128
Event: 8.949 Thread 0x0000026e2b81d230 Uncommon trap: reason=unstable_if action=reinterpret pc=0x0000026dd1bb1b28 method=java.lang.StringCoding.hasNegatives([BII)Z @ 12 c2
Event: 8.949 Thread 0x0000026e2b81d230 DEOPT PACKING pc=0x0000026dd1bb1b28 sp=0x000000bfd28fd570
Event: 8.949 Thread 0x0000026e2b81d230 DEOPT UNPACKING pc=0x0000026dd1655ba3 sp=0x000000bfd28fd518 mode 2

Classes unloaded (0 events):
No events

Classes redefined (0 events):
No events

Internal exceptions (16 events):
Event: 2.341 Thread 0x0000026dc066bde0 Exception <a 'java/lang/NoSuchMethodError'{0x00000007143b2ba8}: 'java.lang.Object java.lang.invoke.DirectMethodHandle$Holder.invokeStaticInit(java.lang.Object)'> (0x00000007143b2ba8) 
thrown [s\open\src\hotspot\share\interpreter\linkResolver.cpp, line 759]
Event: 2.343 Thread 0x0000026dc066bde0 Exception <a 'java/lang/NoSuchMethodError'{0x00000007143ba798}: 'void java.lang.invoke.DirectMethodHandle$Holder.invokeStatic(java.lang.Object, java.lang.Object)'> (0x00000007143ba798) 
thrown [s\open\src\hotspot\share\interpreter\linkResolver.cpp, line 759]
Event: 2.577 Thread 0x0000026dc066bde0 Exception <a 'java/lang/NoSuchMethodError'{0x0000000713db0b08}: 'void java.lang.invoke.DirectMethodHandle$Holder.invokeSpecial(java.lang.Object, java.lang.Object, java.lang.Object)'> (0x0000000713db0b08) 
thrown [s\open\src\hotspot\share\interpreter\linkResolver.cpp, line 759]
Event: 2.583 Thread 0x0000026dc066bde0 Exception <a 'java/lang/NoSuchMethodError'{0x0000000713de7ac8}: 'void java.lang.invoke.DirectMethodHandle$Holder.invokeStatic(java.lang.Object, java.lang.Object, java.lang.Object)'> (0x0000000713de7ac8) 
thrown [s\open\src\hotspot\share\interpreter\linkResolver.cpp, line 759]
Event: 2.624 Thread 0x0000026dc066bde0 Exception <a 'java/lang/NoSuchMethodError'{0x0000000713a78c08}: 'int java.lang.invoke.DirectMethodHandle$Holder.invokeStaticInit(java.lang.Object, java.lang.Object, java.lang.Object)'> (0x0000000713a78c08) 
thrown [s\open\src\hotspot\share\interpreter\linkResolver.cpp, line 759]
Event: 2.641 Thread 0x0000026dc066bde0 Exception <a 'java/lang/NoSuchMethodError'{0x0000000713b37b00}: 'java.lang.Object java.lang.invoke.DirectMethodHandle$Holder.newInvokeSpecial(java.lang.Object, java.lang.Object, int, java.lang.Object)'> (0x0000000713b37b00) 
thrown [s\open\src\hotspot\share\interpreter\linkResolver.cpp, line 759]
Event: 2.642 Thread 0x0000026dc066bde0 Exception <a 'java/lang/NoSuchMethodError'{0x0000000713b3bee0}: 'java.lang.Object java.lang.invoke.DirectMethodHandle$Holder.invokeSpecial(java.lang.Object, java.lang.Object, java.lang.Object, int, java.lang.Object)'> (0x0000000713b3bee0) 
thrown [s\open\src\hotspot\share\interpreter\linkResolver.cpp, line 759]
Event: 2.705 Thread 0x0000026e2b81d230 Exception <a 'java/lang/NoSuchMethodError'{0x000000071364aea8}: 'void java.lang.invoke.DirectMethodHandle$Holder.invokeStaticInit(java.lang.Object)'> (0x000000071364aea8) 
thrown [s\open\src\hotspot\share\interpreter\linkResolver.cpp, line 759]
Event: 2.706 Thread 0x0000026dc066bde0 Exception <a 'java/lang/NoSuchMethodError'{0x0000000713b50f78}: 'java.lang.Object java.lang.invoke.DirectMethodHandle$Holder.newInvokeSpecial(java.lang.Object, java.lang.Object, java.lang.Object, java.lang.Object, java.lang.Object, java.lang.Object)'> (0x0000000713b50f78) 
thrown [s\open\src\hotspot\share\interpreter\linkResolver.cpp, line 759]
Event: 2.713 Thread 0x0000026dc066bde0 Exception <a 'java/lang/NoSuchMethodError'{0x00000007136978d0}: 'java.lang.Object java.lang.invoke.DirectMethodHandle$Holder.newInvokeSpecial(java.lang.Object, java.lang.Object, java.lang.Object, java.lang.Object, java.lang.Object)'> (0x00000007136978d0) 
thrown [s\open\src\hotspot\share\interpreter\linkResolver.cpp, line 759]
Event: 2.714 Thread 0x0000026e2ba801c0 Exception <a 'java/lang/NoSuchMethodError'{0x00000007136eb330}: 'void java.lang.invoke.DirectMethodHandle$Holder.invokeStatic(java.lang.Object, java.lang.Object, java.lang.Object, java.lang.Object)'> (0x00000007136eb330) 
thrown [s\open\src\hotspot\share\interpreter\linkResolver.cpp, line 759]
Event: 2.778 Thread 0x0000026e2b81d230 Exception <a 'java/lang/ClassNotFoundException'{0x00000007149decc0}: com/sun/glass/ui/win/themes> (0x00000007149decc0) 
thrown [s\open\src\hotspot\share\prims\jni.cpp, line 535]
Event: 2.779 Thread 0x0000026e2b81d230 Exception <a 'java/lang/ClassNotFoundException'{0x00000007149eac78}: com/sun/glass/ui/win/themes_fr> (0x00000007149eac78) 
thrown [s\open\src\hotspot\share\prims\jni.cpp, line 535]
Event: 2.779 Thread 0x0000026e2b81d230 Exception <a 'java/lang/ClassNotFoundException'{0x00000007149f2a48}: com/sun/glass/ui/win/themes_fr_FR> (0x00000007149f2a48) 
thrown [s\open\src\hotspot\share\prims\jni.cpp, line 535]
Event: 11.980 Thread 0x0000026e2b81d230 Exception <a 'java/lang/NoSuchMethodError'{0x00000007138d91d0}: 'java.lang.Object java.lang.invoke.DirectMethodHandle$Holder.invokeStaticInit(java.lang.Object, java.lang.Object, java.lang.Object, java.lang.Object)'> (0x00000007138d91d0) 
thrown [s\open\src\hotspot\share\interpreter\linkResolver.cpp, line 759]
Event: 11.981 Thread 0x0000026e2b81d230 Exception <a 'java/lang/NullPointerException'{0x00000007138e4db0}> (0x00000007138e4db0) 
thrown [s\open\src\hotspot\share\interpreter\linkResolver.cpp, line 1350]

VM Operations (20 events):
Event: 2.321 Executing VM operation: Cleanup
Event: 2.321 Executing VM operation: Cleanup done
Event: 2.632 Executing VM operation: HandshakeAllThreads
Event: 2.632 Executing VM operation: HandshakeAllThreads done
Event: 2.752 Executing VM operation: G1CollectForAllocation
Event: 2.754 Executing VM operation: G1CollectForAllocation done
Event: 2.775 Executing VM operation: HandshakeAllThreads
Event: 2.775 Executing VM operation: HandshakeAllThreads done
Event: 3.775 Executing VM operation: Cleanup
Event: 3.813 Executing VM operation: Cleanup done
Event: 3.859 Executing VM operation: HandshakeAllThreads
Event: 3.859 Executing VM operation: HandshakeAllThreads done
Event: 4.860 Executing VM operation: Cleanup
Event: 4.879 Executing VM operation: Cleanup done
Event: 6.880 Executing VM operation: Cleanup
Event: 6.939 Executing VM operation: Cleanup done
Event: 10.941 Executing VM operation: Cleanup
Event: 10.941 Executing VM operation: Cleanup done
Event: 12.941 Executing VM operation: Cleanup
Event: 12.942 Executing VM operation: Cleanup done

Events (20 events):
Event: 8.946 loading class com/sun/xml/internal/stream/Entity done
Event: 8.946 loading class com/sun/xml/internal/stream/Entity$ScannedEntity done
Event: 8.946 loading class com/sun/xml/internal/stream/util/ThreadLocalBufferAllocator
Event: 8.947 loading class com/sun/xml/internal/stream/util/ThreadLocalBufferAllocator done
Event: 8.947 loading class com/sun/xml/internal/stream/util/BufferAllocator
Event: 8.947 loading class com/sun/xml/internal/stream/util/BufferAllocator done
Event: 8.947 loading class com/sun/org/apache/xerces/internal/util/XMLChar
Event: 8.948 loading class com/sun/org/apache/xerces/internal/util/XMLChar done
Event: 8.948 loading class com/sun/org/apache/xerces/internal/impl/XMLScanner$NameType
Event: 8.949 loading class com/sun/org/apache/xerces/internal/impl/XMLScanner$NameType done
Event: 8.949 loading class java/util/LinkedList$ListItr
Event: 8.949 loading class java/util/LinkedList$ListItr done
Event: 8.953 loading class java/util/EventListener
Event: 8.953 loading class java/util/EventListener done
Event: 9.960 loading class java/io/StringWriter
Event: 9.961 loading class java/io/StringWriter done
Event: 11.987 loading class java/util/regex/Pattern$Loop
Event: 11.988 loading class java/util/regex/Pattern$Loop done
Event: 11.988 loading class java/util/regex/Pattern$Prolog
Event: 11.988 loading class java/util/regex/Pattern$Prolog done


Dynamic libraries:
0x00007ff73bbd0000 - 0x00007ff73bbe0000 	C:\Program Files\Java\jdk-17\bin\java.exe
0x00007ff88ffa0000 - 0x00007ff890207000 	C:\WINDOWS\SYSTEM32\ntdll.dll
0x00007ff88e6c0000 - 0x00007ff88e789000 	C:\WINDOWS\System32\KERNEL32.DLL
0x00007ff88d340000 - 0x00007ff88d731000 	C:\WINDOWS\System32\KERNELBASE.dll
0x00007ff88d940000 - 0x00007ff88da8b000 	C:\WINDOWS\System32\ucrtbase.dll
0x00007ff86c4b0000 - 0x00007ff86c4cb000 	C:\Program Files\Java\jdk-17\bin\VCRUNTIME140.dll
0x00007ff860f70000 - 0x00007ff860f89000 	C:\Program Files\Java\jdk-17\bin\jli.dll
0x00007ff88dda0000 - 0x00007ff88de5b000 	C:\WINDOWS\System32\ADVAPI32.dll
0x00007ff88e5e0000 - 0x00007ff88e689000 	C:\WINDOWS\System32\msvcrt.dll
0x00007ff88eb00000 - 0x00007ff88eba7000 	C:\WINDOWS\System32\sechost.dll
0x00007ff88f330000 - 0x00007ff88f448000 	C:\WINDOWS\System32\RPCRT4.dll
0x00007ff88e790000 - 0x00007ff88e955000 	C:\WINDOWS\System32\USER32.dll
0x00007ff88d310000 - 0x00007ff88d337000 	C:\WINDOWS\System32\win32u.dll
0x00007ff86b0a0000 - 0x00007ff86b333000 	C:\WINDOWS\WinSxS\amd64_microsoft.windows.common-controls_6595b64144ccf1df_6.0.26100.7922_none_3e089e1ee3342171\COMCTL32.dll
0x00007ff88e690000 - 0x00007ff88e6bb000 	C:\WINDOWS\System32\GDI32.dll
0x00007ff88dc10000 - 0x00007ff88dd3a000 	C:\WINDOWS\System32\gdi32full.dll
0x00007ff88c880000 - 0x00007ff88c923000 	C:\WINDOWS\System32\msvcp_win.dll
0x00007ff87b9a0000 - 0x00007ff87b9ab000 	C:\WINDOWS\SYSTEM32\VERSION.dll
0x00007ff88fe70000 - 0x00007ff88fea1000 	C:\WINDOWS\System32\IMM32.DLL
0x00007ff86e740000 - 0x00007ff86e74c000 	C:\Program Files\Java\jdk-17\bin\vcruntime140_1.dll
0x00007ff846df0000 - 0x00007ff846e7e000 	C:\Program Files\Java\jdk-17\bin\msvcp140.dll
0x00007fff9e7b0000 - 0x00007fff9f38e000 	C:\Program Files\Java\jdk-17\bin\server\jvm.dll
0x00007ff88e5d0000 - 0x00007ff88e5d8000 	C:\WINDOWS\System32\PSAPI.DLL
0x00007ff86b030000 - 0x00007ff86b03a000 	C:\WINDOWS\SYSTEM32\WSOCK32.dll
0x00007ff882da0000 - 0x00007ff882dd5000 	C:\WINDOWS\SYSTEM32\WINMM.dll
0x00007ff88f1e0000 - 0x00007ff88f254000 	C:\WINDOWS\System32\WS2_32.dll
0x00007ff88b610000 - 0x00007ff88b62b000 	C:\WINDOWS\SYSTEM32\kernel.appcore.dll
0x00007ff86d6f0000 - 0x00007ff86d6fa000 	C:\Program Files\Java\jdk-17\bin\jimage.dll
0x00007ff88a780000 - 0x00007ff88a9c2000 	C:\WINDOWS\SYSTEM32\DBGHELP.DLL
0x00007ff88f450000 - 0x00007ff88f7d2000 	C:\WINDOWS\System32\combase.dll
0x00007ff88efa0000 - 0x00007ff88f077000 	C:\WINDOWS\System32\OLEAUT32.dll
0x00007ff867130000 - 0x00007ff86716b000 	C:\WINDOWS\SYSTEM32\dbgcore.DLL
0x00007ff88d800000 - 0x00007ff88d8a5000 	C:\WINDOWS\System32\bcryptPrimitives.dll
0x00007ff846dc0000 - 0x00007ff846de5000 	C:\Program Files\Java\jdk-17\bin\java.dll
0x00007ff846ce0000 - 0x00007ff846db7000 	C:\Program Files\Java\jdk-17\bin\jsvml.dll
0x00007ff88de60000 - 0x00007ff88e5bf000 	C:\WINDOWS\System32\SHELL32.dll
0x00007ff88d1a0000 - 0x00007ff88d30a000 	C:\WINDOWS\System32\wintypes.dll
0x00007ff88c930000 - 0x00007ff88d194000 	C:\WINDOWS\System32\windows.storage.dll
0x00007ff88f7e0000 - 0x00007ff88f8d7000 	C:\WINDOWS\System32\SHCORE.dll
0x00007ff88ed40000 - 0x00007ff88eda7000 	C:\WINDOWS\System32\shlwapi.dll
0x00007ff88c7a0000 - 0x00007ff88c7c9000 	C:\WINDOWS\SYSTEM32\profapi.dll
0x00007ff860b40000 - 0x00007ff860b59000 	C:\Program Files\Java\jdk-17\bin\net.dll
0x00007ff885040000 - 0x00007ff885167000 	C:\WINDOWS\SYSTEM32\WINHTTP.dll
0x00007ff88bb80000 - 0x00007ff88bbeb000 	C:\WINDOWS\system32\mswsock.dll
0x00007ff846cc0000 - 0x00007ff846cd6000 	C:\Program Files\Java\jdk-17\bin\nio.dll
0x00007ff846ca0000 - 0x00007ff846cb8000 	C:\Program Files\Java\jdk-17\bin\zip.dll
0x0000026dc07e0000 - 0x0000026dc07e3000 	C:\Users\PROBOOK\.openjfx\cache\17.0.10\api-ms-win-core-console-l1-1-0.dll
0x0000026dc07f0000 - 0x0000026dc07f3000 	C:\Users\PROBOOK\.openjfx\cache\17.0.10\api-ms-win-core-console-l1-2-0.dll
0x0000026dc0800000 - 0x0000026dc0803000 	C:\Users\PROBOOK\.openjfx\cache\17.0.10\api-ms-win-core-datetime-l1-1-0.dll
0x0000026dc0810000 - 0x0000026dc0813000 	C:\Users\PROBOOK\.openjfx\cache\17.0.10\api-ms-win-core-debug-l1-1-0.dll
0x0000026dc0830000 - 0x0000026dc0833000 	C:\Users\PROBOOK\.openjfx\cache\17.0.10\api-ms-win-core-errorhandling-l1-1-0.dll
0x0000026dc0840000 - 0x0000026dc0844000 	C:\Users\PROBOOK\.openjfx\cache\17.0.10\api-ms-win-core-file-l1-1-0.dll
0x0000026dc27c0000 - 0x0000026dc27c3000 	C:\Users\PROBOOK\.openjfx\cache\17.0.10\api-ms-win-core-file-l1-2-0.dll
0x0000026dc27d0000 - 0x0000026dc27d3000 	C:\Users\PROBOOK\.openjfx\cache\17.0.10\api-ms-win-core-file-l2-1-0.dll
0x0000026dc27e0000 - 0x0000026dc27e3000 	C:\Users\PROBOOK\.openjfx\cache\17.0.10\api-ms-win-core-handle-l1-1-0.dll
0x0000026dc27f0000 - 0x0000026dc27f3000 	C:\Users\PROBOOK\.openjfx\cache\17.0.10\api-ms-win-core-heap-l1-1-0.dll
0x0000026de5910000 - 0x0000026de5913000 	C:\Users\PROBOOK\.openjfx\cache\17.0.10\api-ms-win-core-interlocked-l1-1-0.dll
0x0000026de5920000 - 0x0000026de5923000 	C:\Users\PROBOOK\.openjfx\cache\17.0.10\api-ms-win-core-libraryloader-l1-1-0.dll
0x0000026de5930000 - 0x0000026de5933000 	C:\Users\PROBOOK\.openjfx\cache\17.0.10\api-ms-win-core-localization-l1-2-0.dll
0x0000026de5940000 - 0x0000026de5943000 	C:\Users\PROBOOK\.openjfx\cache\17.0.10\api-ms-win-core-memory-l1-1-0.dll
0x0000026de5950000 - 0x0000026de5953000 	C:\Users\PROBOOK\.openjfx\cache\17.0.10\api-ms-win-core-namedpipe-l1-1-0.dll
0x0000026de5960000 - 0x0000026de5963000 	C:\Users\PROBOOK\.openjfx\cache\17.0.10\api-ms-win-core-processenvironment-l1-1-0.dll
0x0000026de5970000 - 0x0000026de5973000 	C:\Users\PROBOOK\.openjfx\cache\17.0.10\api-ms-win-core-processthreads-l1-1-0.dll
0x0000026de5980000 - 0x0000026de5983000 	C:\Users\PROBOOK\.openjfx\cache\17.0.10\api-ms-win-core-processthreads-l1-1-1.dll
0x0000026de5990000 - 0x0000026de5993000 	C:\Users\PROBOOK\.openjfx\cache\17.0.10\api-ms-win-core-profile-l1-1-0.dll
0x0000026de59a0000 - 0x0000026de59a3000 	C:\Users\PROBOOK\.openjfx\cache\17.0.10\api-ms-win-core-rtlsupport-l1-1-0.dll
0x0000026de59b0000 - 0x0000026de59b3000 	C:\Users\PROBOOK\.openjfx\cache\17.0.10\api-ms-win-core-string-l1-1-0.dll
0x0000026de59c0000 - 0x0000026de59c3000 	C:\Users\PROBOOK\.openjfx\cache\17.0.10\api-ms-win-core-synch-l1-1-0.dll
0x0000026de59d0000 - 0x0000026de59d3000 	C:\Users\PROBOOK\.openjfx\cache\17.0.10\api-ms-win-core-synch-l1-2-0.dll
0x0000026de59e0000 - 0x0000026de59e3000 	C:\Users\PROBOOK\.openjfx\cache\17.0.10\api-ms-win-core-sysinfo-l1-1-0.dll
0x0000026de59f0000 - 0x0000026de59f3000 	C:\Users\PROBOOK\.openjfx\cache\17.0.10\api-ms-win-core-timezone-l1-1-0.dll
0x0000026de5a00000 - 0x0000026de5a03000 	C:\Users\PROBOOK\.openjfx\cache\17.0.10\api-ms-win-core-util-l1-1-0.dll
0x0000026de5a10000 - 0x0000026de5a13000 	C:\Users\PROBOOK\.openjfx\cache\17.0.10\api-ms-win-crt-conio-l1-1-0.dll
0x0000026de5a20000 - 0x0000026de5a24000 	C:\Users\PROBOOK\.openjfx\cache\17.0.10\api-ms-win-crt-convert-l1-1-0.dll
0x0000026de5a30000 - 0x0000026de5a33000 	C:\Users\PROBOOK\.openjfx\cache\17.0.10\api-ms-win-crt-environment-l1-1-0.dll
0x0000026de5a40000 - 0x0000026de5a43000 	C:\Users\PROBOOK\.openjfx\cache\17.0.10\api-ms-win-crt-filesystem-l1-1-0.dll
0x0000026de5a50000 - 0x0000026de5a53000 	C:\Users\PROBOOK\.openjfx\cache\17.0.10\api-ms-win-crt-heap-l1-1-0.dll
0x0000026de5a60000 - 0x0000026de5a63000 	C:\Users\PROBOOK\.openjfx\cache\17.0.10\api-ms-win-crt-locale-l1-1-0.dll
0x0000026de5a70000 - 0x0000026de5a75000 	C:\Users\PROBOOK\.openjfx\cache\17.0.10\api-ms-win-crt-math-l1-1-0.dll
0x0000026de5a80000 - 0x0000026de5a85000 	C:\Users\PROBOOK\.openjfx\cache\17.0.10\api-ms-win-crt-multibyte-l1-1-0.dll
0x0000026de5a90000 - 0x0000026de5aa0000 	C:\Users\PROBOOK\.openjfx\cache\17.0.10\api-ms-win-crt-private-l1-1-0.dll
0x0000026de5aa0000 - 0x0000026de5aa3000 	C:\Users\PROBOOK\.openjfx\cache\17.0.10\api-ms-win-crt-process-l1-1-0.dll
0x0000026de5ab0000 - 0x0000026de5ab4000 	C:\Users\PROBOOK\.openjfx\cache\17.0.10\api-ms-win-crt-runtime-l1-1-0.dll
0x0000026de5ac0000 - 0x0000026de5ac4000 	C:\Users\PROBOOK\.openjfx\cache\17.0.10\api-ms-win-crt-stdio-l1-1-0.dll
0x0000026de5ad0000 - 0x0000026de5ad4000 	C:\Users\PROBOOK\.openjfx\cache\17.0.10\api-ms-win-crt-string-l1-1-0.dll
0x0000026de5ae0000 - 0x0000026de5ae3000 	C:\Users\PROBOOK\.openjfx\cache\17.0.10\api-ms-win-crt-time-l1-1-0.dll
0x0000026de5af0000 - 0x0000026de5af3000 	C:\Users\PROBOOK\.openjfx\cache\17.0.10\api-ms-win-crt-utility-l1-1-0.dll
0x00007ffff87a0000 - 0x00007ffff889c000 	C:\Users\PROBOOK\.openjfx\cache\17.0.10\ucrtbase.dll
0x00007ff8470b0000 - 0x00007ff8470cb000 	C:\Users\PROBOOK\.openjfx\cache\17.0.10\vcruntime140.dll
0x00007ff87aaa0000 - 0x00007ff87aaac000 	C:\Users\PROBOOK\.openjfx\cache\17.0.10\vcruntime140_1.dll
0x00007ff810490000 - 0x00007ff81051e000 	C:\Users\PROBOOK\.openjfx\cache\17.0.10\msvcp140.dll
0x00007ff88e960000 - 0x00007ff88eaf5000 	C:\WINDOWS\System32\ole32.dll
0x00007ff860b00000 - 0x00007ff860b09000 	C:\Users\PROBOOK\.openjfx\cache\17.0.10\msvcp140_1.dll
0x00007ff83ee90000 - 0x00007ff83eebf000 	C:\Users\PROBOOK\.openjfx\cache\17.0.10\msvcp140_2.dll
0x00007ff837a50000 - 0x00007ff837a7a000 	C:\Users\PROBOOK\.openjfx\cache\17.0.10\prism_d3d.dll
0x00007ff810fe0000 - 0x00007ff811192000 	C:\WINDOWS\system32\d3d9.dll
0x00007ff889f90000 - 0x00007ff889fbe000 	C:\WINDOWS\SYSTEM32\dwmapi.dll
0x00007ff889f20000 - 0x00007ff889f63000 	C:\WINDOWS\SYSTEM32\dxcore.dll
0x00007ff889cc0000 - 0x00007ff889d6a000 	C:\WINDOWS\system32\uxtheme.dll
0x00007fffbda20000 - 0x00007fffbdcbf000 	C:\WINDOWS\System32\DriverStore\FileRepository\iigd_dch.inf_amd64_af91ad0f2b80669a\igdumdim64.dll
0x00007fff999d0000 - 0x00007fff9b13b000 	C:\WINDOWS\System32\DriverStore\FileRepository\iigd_dch.inf_amd64_af91ad0f2b80669a\igd9dxva64.dll
0x00007ff88f9e0000 - 0x00007ff88fe67000 	C:\WINDOWS\System32\SETUPAPI.dll
0x00007ff88c3f0000 - 0x00007ff88c447000 	C:\WINDOWS\SYSTEM32\cfgmgr32.dll
0x00007ff86e900000 - 0x00007ff8709d3000 	C:\WINDOWS\System32\DriverStore\FileRepository\iigd_dch.inf_amd64_af91ad0f2b80669a\media_bin_64.dll
0x00007ff8819d0000 - 0x00007ff881f7b000 	C:\WINDOWS\System32\DriverStore\FileRepository\iigd_dch.inf_amd64_af91ad0f2b80669a\igdgmm64.dll
0x00007ff885170000 - 0x00007ff8851d0000 	C:\WINDOWS\SYSTEM32\directxdatabasehelper.dll
0x00007ff817bc0000 - 0x00007ff817c02000 	C:\Users\PROBOOK\.openjfx\cache\17.0.10\glass.dll
0x00007ff88f8e0000 - 0x00007ff88f9ce000 	C:\WINDOWS\System32\COMDLG32.dll
0x00007ff88ebc0000 - 0x00007ff88ed1d000 	C:\WINDOWS\System32\MSCTF.dll
0x00007ff86e800000 - 0x00007ff86e828000 	C:\WINDOWS\System32\DriverStore\FileRepository\iigd_dch.inf_amd64_af91ad0f2b80669a\igdinfo64.dll
0x00007ff87c710000 - 0x00007ff8819c4000 	C:\WINDOWS\System32\DriverStore\FileRepository\iigd_dch.inf_amd64_af91ad0f2b80669a\igc64.dll

dbghelp: loaded successfully - version: 4.0.5 - missing functions: none
symbol engine: initialized successfully - sym options: 0x614 - pdb path: .;C:\Program Files\Java\jdk-17\bin;C:\WINDOWS\SYSTEM32;C:\WINDOWS\WinSxS\amd64_microsoft.windows.common-controls_6595b64144ccf1df_6.0.26100.7922_none_3e089e1ee3342171;C:\Program Files\Java\jdk-17\bin\server;C:\Users\PROBOOK\.openjfx\cache\17.0.10;C:\WINDOWS\System32\DriverStore\FileRepository\iigd_dch.inf_amd64_af91ad0f2b80669a

VM Arguments:
jvm_args: -Dfile.encoding=IBM850 --module-path=C:\Users\PROBOOK\.m2\repository\org\openjfx\javafx-base\17.0.10\javafx-base-17.0.10-win.jar;C:\Users\PROBOOK\.m2\repository\org\openjfx\javafx-base\17.0.10\javafx-base-17.0.10.jar;C:\Users\PROBOOK\.m2\repository\org\openjfx\javafx-controls\17.0.10\javafx-controls-17.0.10-win.jar;C:\Users\PROBOOK\.m2\repository\org\openjfx\javafx-controls\17.0.10\javafx-controls-17.0.10.jar;C:\Users\PROBOOK\.m2\repository\org\openjfx\javafx-fxml\17.0.10\javafx-fxml-17.0.10-win.jar;C:\Users\PROBOOK\.m2\repository\org\openjfx\javafx-fxml\17.0.10\javafx-fxml-17.0.10.jar;C:\Users\PROBOOK\.m2\repository\org\openjfx\javafx-graphics\17.0.10\javafx-graphics-17.0.10-win.jar;C:\Users\PROBOOK\.m2\repository\org\openjfx\javafx-graphics\17.0.10\javafx-graphics-17.0.10.jar;C:\Users\PROBOOK\.m2\repository\org\openjfx\javafx-media\17.0.10\javafx-media-17.0.10-win.jar;C:\Users\PROBOOK\.m2\repository\org\openjfx\javafx-media\17.0.10\javafx-media-17.0.10.jar;C:\Users\PROBOOK\.m2\repository\org\openjfx\javafx-web\17.0.10\javafx-web-17.0.10-win.jar;C:\Users\PROBOOK\.m2\repository\org\openjfx\javafx-web\17.0.10\javafx-web-17.0.10.jar --add-modules=javafx.base,javafx.controls,javafx.fxml,javafx.graphics,javafx.media,javafx.web 
java_command: com.example.pidev.HelloApplication
java_class_path (initial): C:\Desktop\pidevv\pi25-01-2026\target\classes;C:\Users\PROBOOK\.m2\repository\com\github\virtuald\curvesapi\1.08\curvesapi-1.08.jar;C:\Users\PROBOOK\.m2\repository\com\google\android\annotations\4.1.1.4\annotations-4.1.1.4.jar;C:\Users\PROBOOK\.m2\repository\com\google\api\api-common\2.2.1\api-common-2.2.1.jar;C:\Users\PROBOOK\.m2\repository\com\google\api\gax\2.19.4\gax-2.19.4.jar;C:\Users\PROBOOK\.m2\repository\com\google\api\gax-grpc\2.19.4\gax-grpc-2.19.4.jar;C:\Users\PROBOOK\.m2\repository\com\google\api\gax-httpjson\0.104.4\gax-httpjson-0.104.4.jar;C:\Users\PROBOOK\.m2\repository\com\google\api\grpc\proto-google-cloud-vision-v1\3.3.0\proto-google-cloud-vision-v1-3.3.0.jar;C:\Users\PROBOOK\.m2\repository\com\google\api\grpc\proto-google-cloud-vision-v1p1beta1\0.92.0\proto-google-cloud-vision-v1p1beta1-0.92.0.jar;C:\Users\PROBOOK\.m2\repository\com\google\api\grpc\proto-google-cloud-vision-v1p2beta1\3.3.0\proto-google-cloud-vision-v1p2beta1-3.3.0.jar;C:\Users\PROBOOK\.m2\repository\com\google\api\grpc\proto-google-cloud-vision-v1p3beta1\0.92.0\proto-google-cloud-vision-v1p3beta1-0.92.0.jar;C:\Users\PROBOOK\.m2\repository\com\google\api\grpc\proto-google-cloud-vision-v1p4beta1\0.92.0\proto-google-cloud-vision-v1p4beta1-0.92.0.jar;C:\Users\PROBOOK\.m2\repository\com\google\api\grpc\proto-google-common-protos\2.9.6\proto-google-common-protos-2.9.6.jar;C:\Users\PROBOOK\.m2\repository\com\google\auth\google-auth-library-credentials\1.12.1\google-auth-library-credentials-1.12.1.jar;C:\Users\PROBOOK\.m2\repository\com\google\auth\google-auth-library-oauth2-http\1.12.1\google-auth-library-oauth2-http-1.12.1.jar;C:\Users\PROBOOK\.m2\repository\com\google\auto\value\auto-value-annotations\1.10\auto-value-annotations-1.10.jar;C:\Users\PROBOOK\.m2\repository\com\google\cloud\google-cloud-vision\3.3.0\google-cloud-vision-3.3.0.jar;C:\Users\PROBOOK\.m2\repository\com\google\code\findbugs\jsr305\3.0.2\jsr305-3.0.2.jar;C:\Users\PROBOOK\.m2\repositor
Launcher Type: SUN_STANDARD

[Global flags]
     intx CICompilerCount                          = 4                                         {product} {ergonomic}
     uint ConcGCThreads                            = 2                                         {product} {ergonomic}
     uint G1ConcRefinementThreads                  = 8                                         {product} {ergonomic}
   size_t G1HeapRegionSize                         = 2097152                                   {product} {ergonomic}
    uintx GCDrainStackTargetSize                   = 64                                        {product} {ergonomic}
   size_t InitialHeapSize                          = 264241152                                 {product} {ergonomic}
   size_t MarkStackSize                            = 4194304                                   {product} {ergonomic}
   size_t MaxHeapSize                              = 4213178368                                {product} {ergonomic}
   size_t MaxNewSize                               = 2527068160                                {product} {ergonomic}
   size_t MinHeapDeltaBytes                        = 2097152                                   {product} {ergonomic}
   size_t MinHeapSize                              = 8388608                                   {product} {ergonomic}
    uintx NonNMethodCodeHeapSize                   = 5839372                                {pd product} {ergonomic}
    uintx NonProfiledCodeHeapSize                  = 122909434                              {pd product} {ergonomic}
    uintx ProfiledCodeHeapSize                     = 122909434                              {pd product} {ergonomic}
    uintx ReservedCodeCacheSize                    = 251658240                              {pd product} {ergonomic}
     bool SegmentedCodeCache                       = true                                      {product} {ergonomic}
   size_t SoftMaxHeapSize                          = 4213178368                             {manageable} {ergonomic}
     bool UseCompressedClassPointers               = true                           {product lp64_product} {ergonomic}
     bool UseCompressedOops                        = true                           {product lp64_product} {ergonomic}
     bool UseG1GC                                  = true                                      {product} {ergonomic}
     bool UseLargePagesIndividualAllocation        = false                                  {pd product} {ergonomic}

Logging:
Log output configuration:
 #0: stdout all=warning uptime,level,tags
 #1: stderr all=off uptime,level,tags

Environment Variables:
JAVA_HOME=C:\Program Files\Java\jdk-17
JAVA_TOOL_OPTIONS=-Dfile.encoding=IBM850
PATH=C:\oraclexe\app\oracle\product\11.2.0\server\bin;;C:\Users\PROBOOK\OneDrive\Documentos\Atelier2;C:\Users\PROBOOK\.jdks\jbr-17.0.14-1;C:\Program Files (x86)\VMware\VMware Workstation\bin\;C:\Program Files\Java\jdk-17\bin;C:\Program Files\Common Files\Oracle\Java\javapath;C:\Python313\Scripts\;C:\Python313\;C:\Maven\apache-maven-3.9.9\bin;C:\WINDOWS\system32;C:\WINDOWS;C:\WINDOWS\System32\Wbem;C:\WINDOWS\System32\WindowsPowerShell\v1.0\;C:\WINDOWS\System32\OpenSSH\;C:\Program Files\Microsoft SQL Server\150\Tools\Binn\;C:\ProgramData\chocolatey\bin;C:\Program Files\nodejs\;C:\Users\PROBOOK\AppData\Roaming\Python\Python313\Scripts;C:\Program Files\Pandoc\;C:\xampp\php;C:\ProgramData\ComposerSetup\bin;C:\Program Files\Git\cmd;C:\Users\PROBOOK\scoop\shims;C:\Users\PROBOOK\AppData\Local\Programs\Python\Launcher\;C:\Users\PROBOOK\AppData\Local\Microsoft\WindowsApps;C:\Users\PROBOOK\AppData\Local\Programs\Microsoft VS Code\bin;C:\Maven\apache-maven-3.9.9\bin;C:\Users\PROBOOK\AppData\Roaming\npm;C:\Users\PROBOOK\AppData\Roaming\Composer\vendor\bin;C:\Program Files\JetBrains\IntelliJ IDEA 2023.2.8\bin;
USERNAME=PROBOOK
OS=Windows_NT
PROCESSOR_IDENTIFIER=Intel64 Family 6 Model 140 Stepping 1, GenuineIntel



---------------  S Y S T E M  ---------------

OS:
 Windows 11 , 64 bit Build 26100 (10.0.26100.7920)
OS uptime: 3 days 13:35 hours

CPU: total 8 (initial active 8) (4 cores per cpu, 2 threads per core) family 6 model 140 stepping 1 microcode 0xbc, cx8, cmov, fxsr, ht, mmx, 3dnowpref, sse, sse2, sse3, ssse3, sse4.1, sse4.2, popcnt, lzcnt, tsc, tscinvbit, avx, avx2, aes, erms, clmul, bmi1, bmi2, adx, avx512f, avx512dq, avx512cd, avx512bw, avx512vl, sha, fma, vzeroupper, avx512_vpopcntdq, avx512_vpclmulqdq, avx512_vaes, avx512_vnni, clflush, clflushopt, clwb, avx512_vbmi2, avx512_vbmi

Memory: 4k page, system-wide physical 16064M (846M free)
TotalPageFile size 46390M (AvailPageFile size 45M)
current process WorkingSet (physical memory assigned to process): 123M, peak: 124M
current process commit charge ("private bytes"): 405M, peak: 408M

vm_info: Java HotSpot(TM) 64-Bit Server VM (17.0.8+9-LTS-211) for windows-amd64 JRE (17.0.8+9-LTS-211), built on Jun 14 2023 10:34:31 by "mach5one" with MS VC++ 17.1 (VS2022)

END.
