#
# There is insufficient memory for the Java Runtime Environment to continue.
# Native memory allocation (malloc) failed to allocate 2508016 bytes for Chunk::new
# Possible reasons:
#   The system is out of physical RAM or swap space
#   The process is running with CompressedOops enabled, and the Java Heap may be blocking the growth of the native heap
# Possible solutions:
#   Reduce memory load on the system
#   Increase physical memory or swap space
#   Check if swap backing store is full
#   Decrease Java heap size (-Xmx/-Xms)
#   Decrease number of Java threads
#   Decrease Java thread stack sizes (-Xss)
#   Set larger code cache with -XX:ReservedCodeCacheSize=
#   JVM is running with Unscaled Compressed Oops mode in which the Java heap is
#     placed in the first 4GB address space. The Java Heap base address is the
#     maximum limit for the native heap growth. Please use -XX:HeapBaseMinAddress
#     to set the Java Heap base and to place the Java Heap above 4GB virtual address.
# This output file may be truncated or incomplete.
#
#  Out of Memory Error (arena.cpp:189), pid=25876, tid=22316
#
# JRE version: Java(TM) SE Runtime Environment (17.0.8+9) (build 17.0.8+9-LTS-211)
# Java VM: Java HotSpot(TM) 64-Bit Server VM (17.0.8+9-LTS-211, mixed mode, sharing, tiered, compressed oops, compressed class ptrs, g1 gc, windows-amd64)
# No core dump will be written. Minidumps are not enabled by default on client versions of Windows
#

---------------  S U M M A R Y ------------

Command Line: -Dfile.encoding=IBM850 -Xmx512m -Xms256m --module-path=C:\Users\PROBOOK\.m2\repository\org\openjfx\javafx-base\17.0.10\javafx-base-17.0.10-win.jar;C:\Users\PROBOOK\.m2\repository\org\openjfx\javafx-base\17.0.10\javafx-base-17.0.10.jar;C:\Users\PROBOOK\.m2\repository\org\openjfx\javafx-controls\17.0.10\javafx-controls-17.0.10-win.jar;C:\Users\PROBOOK\.m2\repository\org\openjfx\javafx-controls\17.0.10\javafx-controls-17.0.10.jar;C:\Users\PROBOOK\.m2\repository\org\openjfx\javafx-fxml\17.0.10\javafx-fxml-17.0.10-win.jar;C:\Users\PROBOOK\.m2\repository\org\openjfx\javafx-fxml\17.0.10\javafx-fxml-17.0.10.jar;C:\Users\PROBOOK\.m2\repository\org\openjfx\javafx-graphics\17.0.10\javafx-graphics-17.0.10-win.jar;C:\Users\PROBOOK\.m2\repository\org\openjfx\javafx-graphics\17.0.10\javafx-graphics-17.0.10.jar;C:\Users\PROBOOK\.m2\repository\org\openjfx\javafx-media\17.0.10\javafx-media-17.0.10-win.jar;C:\Users\PROBOOK\.m2\repository\org\openjfx\javafx-media\17.0.10\javafx-media-17.0.10.jar;C:\Users\PROBOOK\.m2\repository\org\openjfx\javafx-web\17.0.10\javafx-web-17.0.10-win.jar;C:\Users\PROBOOK\.m2\repository\org\openjfx\javafx-web\17.0.10\javafx-web-17.0.10.jar --add-modules=javafx.base,javafx.controls,javafx.fxml,javafx.graphics,javafx.media,javafx.web com.example.pidev.HelloApplication

Host: 11th Gen Intel(R) Core(TM) i5-1135G7 @ 2.40GHz, 8 cores, 15G,  Windows 11 , 64 bit Build 26100 (10.0.26100.7920)
Time: Wed Mar  4 02:03:58 2026 Afr. centrale Ouest elapsed time: 20.315108 seconds (0d 0h 0m 20s)

---------------  T H R E A D  ---------------

Current thread (0x000001c1ff466660):  JavaThread "C2 CompilerThread0" daemon [_thread_in_native, id=22316, stack(0x0000009356400000,0x0000009356500000)]


Current CompileTask:
C2:  20315 7927   !   4       javafx.scene.CssStyleHelper::transitionToState (1031 bytes)

Stack: [0x0000009356400000,0x0000009356500000]
Native frames: (J=compiled Java code, j=interpreted, Vv=VM code, C=native code)
V  [jvm.dll+0x677d0a]
V  [jvm.dll+0x7d8c54]
V  [jvm.dll+0x7da3fe]
V  [jvm.dll+0x7daa63]
V  [jvm.dll+0x245c5f]
V  [jvm.dll+0xaaa6b]
V  [jvm.dll+0xab00c]
V  [jvm.dll+0x361e8e]
V  [jvm.dll+0x1bba6a]
V  [jvm.dll+0x218157]
V  [jvm.dll+0x217431]
V  [jvm.dll+0x1a3af0]
V  [jvm.dll+0x2270be]
V  [jvm.dll+0x22535b]
V  [jvm.dll+0x78e7bc]
V  [jvm.dll+0x788bba]
V  [jvm.dll+0x676b35]
C  [ucrtbase.dll+0x37b0]
C  [KERNEL32.DLL+0x2e8d7]
C  [ntdll.dll+0x8c48c]


---------------  P R O C E S S  ---------------

Threads class SMR info:
_java_thread_list=0x000001c1deb4b630, length=23, elements={
0x000001c1f59d1fc0, 0x000001c1ff306880, 0x000001c1ff30b440, 0x000001c1ff463080,
0x000001c1ff463940, 0x000001c1ff464500, 0x000001c1ff464eb0, 0x000001c1ff466660,
0x000001c1ff4742a0, 0x000001c1ff48c1b0, 0x000001c1ff5a79b0, 0x000001c1d6030220,
0x000001c1ff76d8b0, 0x000001c1d6530de0, 0x000001c1d653aba0, 0x000001c1daa7ffe0,
0x000001c1daa0e270, 0x000001c1db239f70, 0x000001c1dcaaa060, 0x000001c1dcb830e0,
0x000001c1dcf1ca30, 0x000001c1dcf19a10, 0x000001c1df777f40
}

Java Threads: ( => current thread )
  0x000001c1f59d1fc0 JavaThread "main" [_thread_blocked, id=22860, stack(0x0000009355700000,0x0000009355800000)]
  0x000001c1ff306880 JavaThread "Reference Handler" daemon [_thread_blocked, id=21600, stack(0x0000009355e00000,0x0000009355f00000)]
  0x000001c1ff30b440 JavaThread "Finalizer" daemon [_thread_blocked, id=22140, stack(0x0000009355f00000,0x0000009356000000)]
  0x000001c1ff463080 JavaThread "Signal Dispatcher" daemon [_thread_blocked, id=20436, stack(0x0000009356000000,0x0000009356100000)]
  0x000001c1ff463940 JavaThread "Attach Listener" daemon [_thread_blocked, id=24944, stack(0x0000009356100000,0x0000009356200000)]
  0x000001c1ff464500 JavaThread "Service Thread" daemon [_thread_blocked, id=26032, stack(0x0000009356200000,0x0000009356300000)]
  0x000001c1ff464eb0 JavaThread "Monitor Deflation Thread" daemon [_thread_blocked, id=20044, stack(0x0000009356300000,0x0000009356400000)]
=>0x000001c1ff466660 JavaThread "C2 CompilerThread0" daemon [_thread_in_native, id=22316, stack(0x0000009356400000,0x0000009356500000)]
  0x000001c1ff4742a0 JavaThread "C1 CompilerThread0" daemon [_thread_blocked, id=3580, stack(0x0000009356500000,0x0000009356600000)]
  0x000001c1ff48c1b0 JavaThread "Sweeper thread" daemon [_thread_blocked, id=21180, stack(0x0000009356600000,0x0000009356700000)]
  0x000001c1ff5a79b0 JavaThread "Common-Cleaner" daemon [_thread_blocked, id=13044, stack(0x0000009356700000,0x0000009356800000)]
  0x000001c1d6030220 JavaThread "Notification Thread" daemon [_thread_blocked, id=2416, stack(0x0000009356a00000,0x0000009356b00000)]
  0x000001c1ff76d8b0 JavaThread "QuantumRenderer-0" daemon [_thread_blocked, id=21952, stack(0x0000009356c00000,0x0000009356d00000)]
  0x000001c1d6530de0 JavaThread "InvokeLaterDispatcher" daemon [_thread_blocked, id=15372, stack(0x0000009356d00000,0x0000009356e00000)]
  0x000001c1d653aba0 JavaThread "JavaFX Application Thread" [_thread_in_native, id=25448, stack(0x0000009356e00000,0x0000009356f00000)]
  0x000001c1daa7ffe0 JavaThread "JavaFX-Launcher" [_thread_blocked, id=13316, stack(0x0000009357300000,0x0000009357400000)]
  0x000001c1daa0e270 JavaThread "Thread-2" daemon [_thread_in_native, id=24520, stack(0x0000009357200000,0x0000009357300000)]
  0x000001c1db239f70 JavaThread "Prism Font Disposer" daemon [_thread_blocked, id=25976, stack(0x0000009357900000,0x0000009357a00000)]
  0x000001c1dcaaa060 JavaThread "Thread-3" daemon [_thread_blocked, id=24152, stack(0x0000009357a00000,0x0000009357b00000)]
  0x000001c1dcb830e0 JavaThread "mysql-cj-abandoned-connection-cleanup" daemon [_thread_blocked, id=12632, stack(0x0000009357b00000,0x0000009357c00000)]
  0x000001c1dcf1ca30 JavaThread "pool-2-thread-1" [_thread_blocked, id=23844, stack(0x0000009358100000,0x0000009358200000)]
  0x000001c1dcf19a10 JavaThread "Cleaner-0" daemon [_thread_blocked, id=12264, stack(0x0000009358b00000,0x0000009358c00000)]
  0x000001c1df777f40 JavaThread "Keep-Alive-Timer" daemon [_thread_blocked, id=20668, stack(0x0000009359200000,0x0000009359300000)]

Other Threads:
  0x000001c1ff302df0 VMThread "VM Thread" [stack: 0x0000009355d00000,0x0000009355e00000] [id=25504]
  0x000001c1f5a227b0 WatcherThread [stack: 0x0000009356b00000,0x0000009356c00000] [id=10784]
  0x000001c1f5a00720 GCTaskThread "GC Thread#0" [stack: 0x0000009355800000,0x0000009355900000] [id=24264]
  0x000001c1daa11ff0 GCTaskThread "GC Thread#1" [stack: 0x0000009357400000,0x0000009357500000] [id=7988]
  0x000001c1daca3d10 GCTaskThread "GC Thread#2" [stack: 0x0000009357500000,0x0000009357600000] [id=24096]
  0x000001c1daa80f60 GCTaskThread "GC Thread#3" [stack: 0x0000009357600000,0x0000009357700000] [id=22804]
  0x000001c1dab18b60 GCTaskThread "GC Thread#4" [stack: 0x0000009357700000,0x0000009357800000] [id=24112]
  0x000001c1daa85a10 GCTaskThread "GC Thread#5" [stack: 0x0000009357800000,0x0000009357900000] [id=25792]
  0x000001c1dcf21b10 GCTaskThread "GC Thread#6" [stack: 0x0000009357c00000,0x0000009357d00000] [id=20184]
  0x000001c1db7068b0 GCTaskThread "GC Thread#7" [stack: 0x0000009357d00000,0x0000009357e00000] [id=5716]
  0x000001c1f5a05660 ConcurrentGCThread "G1 Main Marker" [stack: 0x0000009355900000,0x0000009355a00000] [id=9056]
  0x000001c1f5a07d50 ConcurrentGCThread "G1 Conc#0" [stack: 0x0000009355a00000,0x0000009355b00000] [id=21900]
  0x000001c1daf51360 ConcurrentGCThread "G1 Conc#1" [stack: 0x0000009358500000,0x0000009358600000] [id=9140]
  0x000001c1f5a8e670 ConcurrentGCThread "G1 Refine#0" [stack: 0x0000009355b00000,0x0000009355c00000] [id=24864]
  0x000001c1db685650 ConcurrentGCThread "G1 Refine#1" [stack: 0x0000009357e00000,0x0000009357f00000] [id=17160]
  0x000001c1db42b2f0 ConcurrentGCThread "G1 Refine#2" [stack: 0x0000009357f00000,0x0000009358000000] [id=26400]
  0x000001c1dcb71d00 ConcurrentGCThread "G1 Refine#3" [stack: 0x0000009358000000,0x0000009358100000] [id=11324]
  0x000001c1ff1c4220 ConcurrentGCThread "G1 Service" [stack: 0x0000009355c00000,0x0000009355d00000] [id=12172]

Threads with active compile tasks:
C2 CompilerThread0    20331 7927   !   4       javafx.scene.CssStyleHelper::transitionToState (1031 bytes)

VM state: not at safepoint (normal execution)

VM Mutex/Monitor currently owned by a thread: None

Heap address: 0x00000000e0000000, size: 512 MB, Compressed Oops mode: 32-bit

CDS archive(s) mapped at: [0x000001c191000000-0x000001c191bd0000-0x000001c191bd0000), size 12386304, SharedBaseAddress: 0x000001c191000000, ArchiveRelocationMode: 1.
Compressed class space mapped at: 0x000001c192000000-0x000001c1d2000000, reserved size: 1073741824
Narrow klass base: 0x000001c191000000, Narrow klass shift: 0, Narrow klass range: 0x100000000

GC Precious Log:
 CPUs: 8 total, 8 available
 Memory: 16064M
 Large Page Support: Disabled
 NUMA Support: Disabled
 Compressed Oops: Enabled (32-bit)
 Heap Region Size: 1M
 Heap Min Capacity: 256M
 Heap Initial Capacity: 256M
 Heap Max Capacity: 512M
 Pre-touch: Disabled
 Parallel Workers: 8
 Concurrent Workers: 2
 Concurrent Refinement Workers: 8
 Periodic GC: Disabled

Heap:
 garbage-first heap   total 262144K, used 173362K [0x00000000e0000000, 0x0000000100000000)
  region size 1024K, 141 young (144384K), 4 survivors (4096K)
 Metaspace       used 32428K, committed 32768K, reserved 1114112K
  class space    used 4143K, committed 4288K, reserved 1048576K

Heap Regions: E=young(eden), S=young(survivor), O=old, HS=humongous(starts), HC=humongous(continues), CS=collection set, F=free, OA=open archive, CA=closed archive, TAMS=top-at-mark-start (previous, next)
|   0|0x00000000e0000000, 0x00000000e0100000, 0x00000000e0100000|100%| O|  |TAMS 0x00000000e0100000, 0x00000000e0000000| Untracked 
|   1|0x00000000e0100000, 0x00000000e0200000, 0x00000000e0200000|100%|HS|  |TAMS 0x00000000e0200000, 0x00000000e0100000| Complete 
|   2|0x00000000e0200000, 0x00000000e0300000, 0x00000000e0300000|100%| O|  |TAMS 0x00000000e0200000, 0x00000000e0200000| Untracked 
|   3|0x00000000e0300000, 0x00000000e0400000, 0x00000000e0400000|100%|HS|  |TAMS 0x00000000e0400000, 0x00000000e0300000| Complete 
|   4|0x00000000e0400000, 0x00000000e0500000, 0x00000000e0500000|100%|HS|  |TAMS 0x00000000e0400000, 0x00000000e0400000| Complete 
|   5|0x00000000e0500000, 0x00000000e0600000, 0x00000000e0600000|100%| O|  |TAMS 0x00000000e0600000, 0x00000000e0500000| Untracked 
|   6|0x00000000e0600000, 0x00000000e0700000, 0x00000000e0700000|100%| O|  |TAMS 0x00000000e0700000, 0x00000000e0600000| Untracked 
|   7|0x00000000e0700000, 0x00000000e0800000, 0x00000000e0800000|100%| O|  |TAMS 0x00000000e0800000, 0x00000000e0700000| Untracked 
|   8|0x00000000e0800000, 0x00000000e0900000, 0x00000000e0900000|100%| O|  |TAMS 0x00000000e0900000, 0x00000000e0800000| Untracked 
|   9|0x00000000e0900000, 0x00000000e0a00000, 0x00000000e0a00000|100%| O|  |TAMS 0x00000000e0a00000, 0x00000000e0900000| Untracked 
|  10|0x00000000e0a00000, 0x00000000e0b00000, 0x00000000e0b00000|100%| O|  |TAMS 0x00000000e0b00000, 0x00000000e0a00000| Untracked 
|  11|0x00000000e0b00000, 0x00000000e0c00000, 0x00000000e0c00000|100%| O|  |TAMS 0x00000000e0b89c00, 0x00000000e0b00000| Untracked 
|  12|0x00000000e0c00000, 0x00000000e0d00000, 0x00000000e0d00000|100%| O|  |TAMS 0x00000000e0c00000, 0x00000000e0c00000| Untracked 
|  13|0x00000000e0d00000, 0x00000000e0e00000, 0x00000000e0e00000|100%| O|  |TAMS 0x00000000e0d00000, 0x00000000e0d00000| Untracked 
|  14|0x00000000e0e00000, 0x00000000e0f00000, 0x00000000e0f00000|100%| O|  |TAMS 0x00000000e0e00000, 0x00000000e0e00000| Untracked 
|  15|0x00000000e0f00000, 0x00000000e1000000, 0x00000000e1000000|100%| O|  |TAMS 0x00000000e0f00000, 0x00000000e0f00000| Untracked 
|  16|0x00000000e1000000, 0x00000000e1100000, 0x00000000e1100000|100%| O|  |TAMS 0x00000000e1000000, 0x00000000e1000000| Untracked 
|  17|0x00000000e1100000, 0x00000000e1200000, 0x00000000e1200000|100%|HS|  |TAMS 0x00000000e1100000, 0x00000000e1100000| Complete 
|  18|0x00000000e1200000, 0x00000000e1300000, 0x00000000e1300000|100%|HC|  |TAMS 0x00000000e1200000, 0x00000000e1200000| Complete 
|  19|0x00000000e1300000, 0x00000000e1400000, 0x00000000e1400000|100%| O|  |TAMS 0x00000000e1300000, 0x00000000e1300000| Untracked 
|  20|0x00000000e1400000, 0x00000000e1500000, 0x00000000e1500000|100%| O|  |TAMS 0x00000000e1400000, 0x00000000e1400000| Untracked 
|  21|0x00000000e1500000, 0x00000000e1600000, 0x00000000e1600000|100%| O|  |TAMS 0x00000000e1500000, 0x00000000e1500000| Untracked 
|  22|0x00000000e1600000, 0x00000000e1700000, 0x00000000e1700000|100%| O|  |TAMS 0x00000000e1600000, 0x00000000e1600000| Untracked 
|  23|0x00000000e1700000, 0x00000000e1800000, 0x00000000e1800000|100%| O|  |TAMS 0x00000000e1700000, 0x00000000e1700000| Untracked 
|  24|0x00000000e1800000, 0x00000000e1900000, 0x00000000e1900000|100%| O|  |TAMS 0x00000000e1800000, 0x00000000e1800000| Untracked 
|  25|0x00000000e1900000, 0x00000000e1a00000, 0x00000000e1a00000|100%| O|  |TAMS 0x00000000e1900000, 0x00000000e1900000| Untracked 
|  26|0x00000000e1a00000, 0x00000000e1b00000, 0x00000000e1b00000|100%| O|  |TAMS 0x00000000e1a00000, 0x00000000e1a00000| Untracked 
|  27|0x00000000e1b00000, 0x00000000e1c00000, 0x00000000e1c00000|100%| O|  |TAMS 0x00000000e1b00000, 0x00000000e1b00000| Untracked 
|  28|0x00000000e1c00000, 0x00000000e1ccaa00, 0x00000000e1d00000| 79%| O|  |TAMS 0x00000000e1c00000, 0x00000000e1c00000| Untracked 
|  29|0x00000000e1d00000, 0x00000000e1e00000, 0x00000000e1e00000|100%|HS|  |TAMS 0x00000000e1d00000, 0x00000000e1d00000| Complete 
|  30|0x00000000e1e00000, 0x00000000e1f00000, 0x00000000e1f00000|100%|HS|  |TAMS 0x00000000e1e00000, 0x00000000e1e00000| Complete 
|  31|0x00000000e1f00000, 0x00000000e1f00000, 0x00000000e2000000|  0%| F|  |TAMS 0x00000000e1f00000, 0x00000000e1f00000| Untracked 
|  32|0x00000000e2000000, 0x00000000e2000000, 0x00000000e2100000|  0%| F|  |TAMS 0x00000000e2000000, 0x00000000e2000000| Untracked 
|  33|0x00000000e2100000, 0x00000000e2100000, 0x00000000e2200000|  0%| F|  |TAMS 0x00000000e2100000, 0x00000000e2100000| Untracked 
|  34|0x00000000e2200000, 0x00000000e2200000, 0x00000000e2300000|  0%| F|  |TAMS 0x00000000e2200000, 0x00000000e2200000| Untracked 
|  35|0x00000000e2300000, 0x00000000e2300000, 0x00000000e2400000|  0%| F|  |TAMS 0x00000000e2300000, 0x00000000e2300000| Untracked 
|  36|0x00000000e2400000, 0x00000000e2400000, 0x00000000e2500000|  0%| F|  |TAMS 0x00000000e2400000, 0x00000000e2400000| Untracked 
|  37|0x00000000e2500000, 0x00000000e2500000, 0x00000000e2600000|  0%| F|  |TAMS 0x00000000e2500000, 0x00000000e2500000| Untracked 
|  38|0x00000000e2600000, 0x00000000e2600000, 0x00000000e2700000|  0%| F|  |TAMS 0x00000000e2600000, 0x00000000e2600000| Untracked 
|  39|0x00000000e2700000, 0x00000000e2700000, 0x00000000e2800000|  0%| F|  |TAMS 0x00000000e2700000, 0x00000000e2700000| Untracked 
|  40|0x00000000e2800000, 0x00000000e2800000, 0x00000000e2900000|  0%| F|  |TAMS 0x00000000e2800000, 0x00000000e2800000| Untracked 
|  41|0x00000000e2900000, 0x00000000e2900000, 0x00000000e2a00000|  0%| F|  |TAMS 0x00000000e2900000, 0x00000000e2900000| Untracked 
|  42|0x00000000e2a00000, 0x00000000e2a00000, 0x00000000e2b00000|  0%| F|  |TAMS 0x00000000e2a00000, 0x00000000e2a00000| Untracked 
|  43|0x00000000e2b00000, 0x00000000e2b00000, 0x00000000e2c00000|  0%| F|  |TAMS 0x00000000e2b00000, 0x00000000e2b00000| Untracked 
|  44|0x00000000e2c00000, 0x00000000e2c00000, 0x00000000e2d00000|  0%| F|  |TAMS 0x00000000e2c00000, 0x00000000e2c00000| Untracked 
|  45|0x00000000e2d00000, 0x00000000e2d00000, 0x00000000e2e00000|  0%| F|  |TAMS 0x00000000e2d00000, 0x00000000e2d00000| Untracked 
|  46|0x00000000e2e00000, 0x00000000e2e00000, 0x00000000e2f00000|  0%| F|  |TAMS 0x00000000e2e00000, 0x00000000e2e00000| Untracked 
|  47|0x00000000e2f00000, 0x00000000e2f00000, 0x00000000e3000000|  0%| F|  |TAMS 0x00000000e2f00000, 0x00000000e2f00000| Untracked 
|  48|0x00000000e3000000, 0x00000000e3000000, 0x00000000e3100000|  0%| F|  |TAMS 0x00000000e3000000, 0x00000000e3000000| Untracked 
|  49|0x00000000e3100000, 0x00000000e3100000, 0x00000000e3200000|  0%| F|  |TAMS 0x00000000e3100000, 0x00000000e3100000| Untracked 
|  50|0x00000000e3200000, 0x00000000e3200000, 0x00000000e3300000|  0%| F|  |TAMS 0x00000000e3200000, 0x00000000e3200000| Untracked 
|  51|0x00000000e3300000, 0x00000000e3300000, 0x00000000e3400000|  0%| F|  |TAMS 0x00000000e3300000, 0x00000000e3300000| Untracked 
|  52|0x00000000e3400000, 0x00000000e3400000, 0x00000000e3500000|  0%| F|  |TAMS 0x00000000e3400000, 0x00000000e3400000| Untracked 
|  53|0x00000000e3500000, 0x00000000e3500000, 0x00000000e3600000|  0%| F|  |TAMS 0x00000000e3500000, 0x00000000e3500000| Untracked 
|  54|0x00000000e3600000, 0x00000000e3600000, 0x00000000e3700000|  0%| F|  |TAMS 0x00000000e3600000, 0x00000000e3600000| Untracked 
|  55|0x00000000e3700000, 0x00000000e3700000, 0x00000000e3800000|  0%| F|  |TAMS 0x00000000e3700000, 0x00000000e3700000| Untracked 
|  56|0x00000000e3800000, 0x00000000e3800000, 0x00000000e3900000|  0%| F|  |TAMS 0x00000000e3800000, 0x00000000e3800000| Untracked 
|  57|0x00000000e3900000, 0x00000000e3900000, 0x00000000e3a00000|  0%| F|  |TAMS 0x00000000e3900000, 0x00000000e3900000| Untracked 
|  58|0x00000000e3a00000, 0x00000000e3a00000, 0x00000000e3b00000|  0%| F|  |TAMS 0x00000000e3a00000, 0x00000000e3a00000| Untracked 
|  59|0x00000000e3b00000, 0x00000000e3b00000, 0x00000000e3c00000|  0%| F|  |TAMS 0x00000000e3b00000, 0x00000000e3b00000| Untracked 
|  60|0x00000000e3c00000, 0x00000000e3c00000, 0x00000000e3d00000|  0%| F|  |TAMS 0x00000000e3c00000, 0x00000000e3c00000| Untracked 
|  61|0x00000000e3d00000, 0x00000000e3d00000, 0x00000000e3e00000|  0%| F|  |TAMS 0x00000000e3d00000, 0x00000000e3d00000| Untracked 
|  62|0x00000000e3e00000, 0x00000000e3e00000, 0x00000000e3f00000|  0%| F|  |TAMS 0x00000000e3e00000, 0x00000000e3e00000| Untracked 
|  63|0x00000000e3f00000, 0x00000000e3f00000, 0x00000000e4000000|  0%| F|  |TAMS 0x00000000e3f00000, 0x00000000e3f00000| Untracked 
|  64|0x00000000e4000000, 0x00000000e4000000, 0x00000000e4100000|  0%| F|  |TAMS 0x00000000e4000000, 0x00000000e4000000| Untracked 
|  65|0x00000000e4100000, 0x00000000e4100000, 0x00000000e4200000|  0%| F|  |TAMS 0x00000000e4100000, 0x00000000e4100000| Untracked 
|  66|0x00000000e4200000, 0x00000000e4200000, 0x00000000e4300000|  0%| F|  |TAMS 0x00000000e4200000, 0x00000000e4200000| Untracked 
|  67|0x00000000e4300000, 0x00000000e4300000, 0x00000000e4400000|  0%| F|  |TAMS 0x00000000e4300000, 0x00000000e4300000| Untracked 
|  68|0x00000000e4400000, 0x00000000e4400000, 0x00000000e4500000|  0%| F|  |TAMS 0x00000000e4400000, 0x00000000e4400000| Untracked 
|  69|0x00000000e4500000, 0x00000000e4500000, 0x00000000e4600000|  0%| F|  |TAMS 0x00000000e4500000, 0x00000000e4500000| Untracked 
|  70|0x00000000e4600000, 0x00000000e4600000, 0x00000000e4700000|  0%| F|  |TAMS 0x00000000e4600000, 0x00000000e4600000| Untracked 
|  71|0x00000000e4700000, 0x00000000e4700000, 0x00000000e4800000|  0%| F|  |TAMS 0x00000000e4700000, 0x00000000e4700000| Untracked 
|  72|0x00000000e4800000, 0x00000000e4800000, 0x00000000e4900000|  0%| F|  |TAMS 0x00000000e4800000, 0x00000000e4800000| Untracked 
|  73|0x00000000e4900000, 0x00000000e4900000, 0x00000000e4a00000|  0%| F|  |TAMS 0x00000000e4900000, 0x00000000e4900000| Untracked 
|  74|0x00000000e4a00000, 0x00000000e4a00000, 0x00000000e4b00000|  0%| F|  |TAMS 0x00000000e4a00000, 0x00000000e4a00000| Untracked 
|  75|0x00000000e4b00000, 0x00000000e4b00000, 0x00000000e4c00000|  0%| F|  |TAMS 0x00000000e4b00000, 0x00000000e4b00000| Untracked 
|  76|0x00000000e4c00000, 0x00000000e4c00000, 0x00000000e4d00000|  0%| F|  |TAMS 0x00000000e4c00000, 0x00000000e4c00000| Untracked 
|  77|0x00000000e4d00000, 0x00000000e4d00000, 0x00000000e4e00000|  0%| F|  |TAMS 0x00000000e4d00000, 0x00000000e4d00000| Untracked 
|  78|0x00000000e4e00000, 0x00000000e4e00000, 0x00000000e4f00000|  0%| F|  |TAMS 0x00000000e4e00000, 0x00000000e4e00000| Untracked 
|  79|0x00000000e4f00000, 0x00000000e4f00000, 0x00000000e5000000|  0%| F|  |TAMS 0x00000000e4f00000, 0x00000000e4f00000| Untracked 
|  80|0x00000000e5000000, 0x00000000e5000000, 0x00000000e5100000|  0%| F|  |TAMS 0x00000000e5000000, 0x00000000e5000000| Untracked 
|  81|0x00000000e5100000, 0x00000000e5100000, 0x00000000e5200000|  0%| F|  |TAMS 0x00000000e5100000, 0x00000000e5100000| Untracked 
|  82|0x00000000e5200000, 0x00000000e5200000, 0x00000000e5300000|  0%| F|  |TAMS 0x00000000e5200000, 0x00000000e5200000| Untracked 
|  83|0x00000000e5300000, 0x00000000e5300000, 0x00000000e5400000|  0%| F|  |TAMS 0x00000000e5300000, 0x00000000e5300000| Untracked 
|  84|0x00000000e5400000, 0x00000000e5400000, 0x00000000e5500000|  0%| F|  |TAMS 0x00000000e5400000, 0x00000000e5400000| Untracked 
|  85|0x00000000e5500000, 0x00000000e5500000, 0x00000000e5600000|  0%| F|  |TAMS 0x00000000e5500000, 0x00000000e5500000| Untracked 
|  86|0x00000000e5600000, 0x00000000e5600000, 0x00000000e5700000|  0%| F|  |TAMS 0x00000000e5600000, 0x00000000e5600000| Untracked 
|  87|0x00000000e5700000, 0x00000000e5700000, 0x00000000e5800000|  0%| F|  |TAMS 0x00000000e5700000, 0x00000000e5700000| Untracked 
|  88|0x00000000e5800000, 0x00000000e5800000, 0x00000000e5900000|  0%| F|  |TAMS 0x00000000e5800000, 0x00000000e5800000| Untracked 
|  89|0x00000000e5900000, 0x00000000e5900000, 0x00000000e5a00000|  0%| F|  |TAMS 0x00000000e5900000, 0x00000000e5900000| Untracked 
|  90|0x00000000e5a00000, 0x00000000e5a00000, 0x00000000e5b00000|  0%| F|  |TAMS 0x00000000e5a00000, 0x00000000e5a00000| Untracked 
|  91|0x00000000e5b00000, 0x00000000e5b00000, 0x00000000e5c00000|  0%| F|  |TAMS 0x00000000e5b00000, 0x00000000e5b00000| Untracked 
|  92|0x00000000e5c00000, 0x00000000e5c00000, 0x00000000e5d00000|  0%| F|  |TAMS 0x00000000e5c00000, 0x00000000e5c00000| Untracked 
|  93|0x00000000e5d00000, 0x00000000e5d00000, 0x00000000e5e00000|  0%| F|  |TAMS 0x00000000e5d00000, 0x00000000e5d00000| Untracked 
|  94|0x00000000e5e00000, 0x00000000e5e00000, 0x00000000e5f00000|  0%| F|  |TAMS 0x00000000e5e00000, 0x00000000e5e00000| Untracked 
|  95|0x00000000e5f00000, 0x00000000e5f00000, 0x00000000e6000000|  0%| F|  |TAMS 0x00000000e5f00000, 0x00000000e5f00000| Untracked 
|  96|0x00000000e6000000, 0x00000000e6000000, 0x00000000e6100000|  0%| F|  |TAMS 0x00000000e6000000, 0x00000000e6000000| Untracked 
|  97|0x00000000e6100000, 0x00000000e6100000, 0x00000000e6200000|  0%| F|  |TAMS 0x00000000e6100000, 0x00000000e6100000| Untracked 
|  98|0x00000000e6200000, 0x00000000e6200000, 0x00000000e6300000|  0%| F|  |TAMS 0x00000000e6200000, 0x00000000e6200000| Untracked 
|  99|0x00000000e6300000, 0x00000000e6300000, 0x00000000e6400000|  0%| F|  |TAMS 0x00000000e6300000, 0x00000000e6300000| Untracked 
| 100|0x00000000e6400000, 0x00000000e6400000, 0x00000000e6500000|  0%| F|  |TAMS 0x00000000e6400000, 0x00000000e6400000| Untracked 
| 101|0x00000000e6500000, 0x00000000e6500000, 0x00000000e6600000|  0%| F|  |TAMS 0x00000000e6500000, 0x00000000e6500000| Untracked 
| 102|0x00000000e6600000, 0x00000000e6600000, 0x00000000e6700000|  0%| F|  |TAMS 0x00000000e6600000, 0x00000000e6600000| Untracked 
| 103|0x00000000e6700000, 0x00000000e6700000, 0x00000000e6800000|  0%| F|  |TAMS 0x00000000e6700000, 0x00000000e6700000| Untracked 
| 104|0x00000000e6800000, 0x00000000e6800000, 0x00000000e6900000|  0%| F|  |TAMS 0x00000000e6800000, 0x00000000e6800000| Untracked 
| 105|0x00000000e6900000, 0x00000000e6900000, 0x00000000e6a00000|  0%| F|  |TAMS 0x00000000e6900000, 0x00000000e6900000| Untracked 
| 106|0x00000000e6a00000, 0x00000000e6a00000, 0x00000000e6b00000|  0%| F|  |TAMS 0x00000000e6a00000, 0x00000000e6a00000| Untracked 
| 107|0x00000000e6b00000, 0x00000000e6b00000, 0x00000000e6c00000|  0%| F|  |TAMS 0x00000000e6b00000, 0x00000000e6b00000| Untracked 
| 108|0x00000000e6c00000, 0x00000000e6c00000, 0x00000000e6d00000|  0%| F|  |TAMS 0x00000000e6c00000, 0x00000000e6c00000| Untracked 
| 109|0x00000000e6d00000, 0x00000000e6d00000, 0x00000000e6e00000|  0%| F|  |TAMS 0x00000000e6d00000, 0x00000000e6d00000| Untracked 
| 110|0x00000000e6e00000, 0x00000000e6e00000, 0x00000000e6f00000|  0%| F|  |TAMS 0x00000000e6e00000, 0x00000000e6e00000| Untracked 
| 111|0x00000000e6f00000, 0x00000000e6f00000, 0x00000000e7000000|  0%| F|  |TAMS 0x00000000e6f00000, 0x00000000e6f00000| Untracked 
| 112|0x00000000e7000000, 0x00000000e7000000, 0x00000000e7100000|  0%| F|  |TAMS 0x00000000e7000000, 0x00000000e7000000| Untracked 
| 113|0x00000000e7100000, 0x00000000e7100000, 0x00000000e7200000|  0%| F|  |TAMS 0x00000000e7100000, 0x00000000e7100000| Untracked 
| 114|0x00000000e7200000, 0x00000000e7200000, 0x00000000e7300000|  0%| F|  |TAMS 0x00000000e7200000, 0x00000000e7200000| Untracked 
| 115|0x00000000e7300000, 0x00000000e7400000, 0x00000000e7400000|100%| E|  |TAMS 0x00000000e7300000, 0x00000000e7300000| Complete 
| 116|0x00000000e7400000, 0x00000000e7500000, 0x00000000e7500000|100%| E|CS|TAMS 0x00000000e7400000, 0x00000000e7400000| Complete 
| 117|0x00000000e7500000, 0x00000000e7600000, 0x00000000e7600000|100%| E|  |TAMS 0x00000000e7500000, 0x00000000e7500000| Complete 
| 118|0x00000000e7600000, 0x00000000e7700000, 0x00000000e7700000|100%| E|CS|TAMS 0x00000000e7600000, 0x00000000e7600000| Complete 
| 119|0x00000000e7700000, 0x00000000e7800000, 0x00000000e7800000|100%| E|CS|TAMS 0x00000000e7700000, 0x00000000e7700000| Complete 
| 120|0x00000000e7800000, 0x00000000e7900000, 0x00000000e7900000|100%| E|CS|TAMS 0x00000000e7800000, 0x00000000e7800000| Complete 
| 121|0x00000000e7900000, 0x00000000e7a00000, 0x00000000e7a00000|100%| E|CS|TAMS 0x00000000e7900000, 0x00000000e7900000| Complete 
| 122|0x00000000e7a00000, 0x00000000e7b00000, 0x00000000e7b00000|100%| E|CS|TAMS 0x00000000e7a00000, 0x00000000e7a00000| Complete 
| 123|0x00000000e7b00000, 0x00000000e7c00000, 0x00000000e7c00000|100%| E|CS|TAMS 0x00000000e7b00000, 0x00000000e7b00000| Complete 
| 124|0x00000000e7c00000, 0x00000000e7d00000, 0x00000000e7d00000|100%| E|CS|TAMS 0x00000000e7c00000, 0x00000000e7c00000| Complete 
| 125|0x00000000e7d00000, 0x00000000e7e00000, 0x00000000e7e00000|100%| E|CS|TAMS 0x00000000e7d00000, 0x00000000e7d00000| Complete 
| 126|0x00000000e7e00000, 0x00000000e7f00000, 0x00000000e7f00000|100%| E|CS|TAMS 0x00000000e7e00000, 0x00000000e7e00000| Complete 
| 127|0x00000000e7f00000, 0x00000000e8000000, 0x00000000e8000000|100%| E|CS|TAMS 0x00000000e7f00000, 0x00000000e7f00000| Complete 
| 128|0x00000000e8000000, 0x00000000e8100000, 0x00000000e8100000|100%| E|CS|TAMS 0x00000000e8000000, 0x00000000e8000000| Complete 
| 129|0x00000000e8100000, 0x00000000e8200000, 0x00000000e8200000|100%| E|CS|TAMS 0x00000000e8100000, 0x00000000e8100000| Complete 
| 130|0x00000000e8200000, 0x00000000e8281fb0, 0x00000000e8300000| 50%| S|CS|TAMS 0x00000000e8200000, 0x00000000e8200000| Complete 
| 131|0x00000000e8300000, 0x00000000e8400000, 0x00000000e8400000|100%| S|CS|TAMS 0x00000000e8300000, 0x00000000e8300000| Complete 
| 132|0x00000000e8400000, 0x00000000e8500000, 0x00000000e8500000|100%| S|CS|TAMS 0x00000000e8400000, 0x00000000e8400000| Complete 
| 133|0x00000000e8500000, 0x00000000e8600000, 0x00000000e8600000|100%| S|CS|TAMS 0x00000000e8500000, 0x00000000e8500000| Complete 
| 134|0x00000000e8600000, 0x00000000e8700000, 0x00000000e8700000|100%| E|CS|TAMS 0x00000000e8600000, 0x00000000e8600000| Complete 
| 135|0x00000000e8700000, 0x00000000e8800000, 0x00000000e8800000|100%| E|CS|TAMS 0x00000000e8700000, 0x00000000e8700000| Complete 
| 136|0x00000000e8800000, 0x00000000e8900000, 0x00000000e8900000|100%| E|CS|TAMS 0x00000000e8800000, 0x00000000e8800000| Complete 
| 137|0x00000000e8900000, 0x00000000e8a00000, 0x00000000e8a00000|100%| E|CS|TAMS 0x00000000e8900000, 0x00000000e8900000| Complete 
| 138|0x00000000e8a00000, 0x00000000e8b00000, 0x00000000e8b00000|100%| E|CS|TAMS 0x00000000e8a00000, 0x00000000e8a00000| Complete 
| 139|0x00000000e8b00000, 0x00000000e8c00000, 0x00000000e8c00000|100%| E|CS|TAMS 0x00000000e8b00000, 0x00000000e8b00000| Complete 
| 140|0x00000000e8c00000, 0x00000000e8d00000, 0x00000000e8d00000|100%| E|CS|TAMS 0x00000000e8c00000, 0x00000000e8c00000| Complete 
| 141|0x00000000e8d00000, 0x00000000e8e00000, 0x00000000e8e00000|100%| E|CS|TAMS 0x00000000e8d00000, 0x00000000e8d00000| Complete 
| 142|0x00000000e8e00000, 0x00000000e8f00000, 0x00000000e8f00000|100%| E|CS|TAMS 0x00000000e8e00000, 0x00000000e8e00000| Complete 
| 143|0x00000000e8f00000, 0x00000000e9000000, 0x00000000e9000000|100%| E|CS|TAMS 0x00000000e8f00000, 0x00000000e8f00000| Complete 
| 144|0x00000000e9000000, 0x00000000e9100000, 0x00000000e9100000|100%| E|CS|TAMS 0x00000000e9000000, 0x00000000e9000000| Complete 
| 145|0x00000000e9100000, 0x00000000e9200000, 0x00000000e9200000|100%| E|CS|TAMS 0x00000000e9100000, 0x00000000e9100000| Complete 
| 146|0x00000000e9200000, 0x00000000e9300000, 0x00000000e9300000|100%| E|CS|TAMS 0x00000000e9200000, 0x00000000e9200000| Complete 
| 147|0x00000000e9300000, 0x00000000e9400000, 0x00000000e9400000|100%| E|CS|TAMS 0x00000000e9300000, 0x00000000e9300000| Complete 
| 148|0x00000000e9400000, 0x00000000e9500000, 0x00000000e9500000|100%| E|CS|TAMS 0x00000000e9400000, 0x00000000e9400000| Complete 
| 149|0x00000000e9500000, 0x00000000e9600000, 0x00000000e9600000|100%| E|CS|TAMS 0x00000000e9500000, 0x00000000e9500000| Complete 
| 150|0x00000000e9600000, 0x00000000e9700000, 0x00000000e9700000|100%| E|CS|TAMS 0x00000000e9600000, 0x00000000e9600000| Complete 
| 151|0x00000000e9700000, 0x00000000e9800000, 0x00000000e9800000|100%| E|CS|TAMS 0x00000000e9700000, 0x00000000e9700000| Complete 
| 152|0x00000000e9800000, 0x00000000e9900000, 0x00000000e9900000|100%| E|CS|TAMS 0x00000000e9800000, 0x00000000e9800000| Complete 
| 153|0x00000000e9900000, 0x00000000e9a00000, 0x00000000e9a00000|100%| E|CS|TAMS 0x00000000e9900000, 0x00000000e9900000| Complete 
| 154|0x00000000e9a00000, 0x00000000e9b00000, 0x00000000e9b00000|100%| E|CS|TAMS 0x00000000e9a00000, 0x00000000e9a00000| Complete 
| 155|0x00000000e9b00000, 0x00000000e9c00000, 0x00000000e9c00000|100%| E|CS|TAMS 0x00000000e9b00000, 0x00000000e9b00000| Complete 
| 156|0x00000000e9c00000, 0x00000000e9d00000, 0x00000000e9d00000|100%| E|CS|TAMS 0x00000000e9c00000, 0x00000000e9c00000| Complete 
| 157|0x00000000e9d00000, 0x00000000e9e00000, 0x00000000e9e00000|100%| E|CS|TAMS 0x00000000e9d00000, 0x00000000e9d00000| Complete 
| 158|0x00000000e9e00000, 0x00000000e9f00000, 0x00000000e9f00000|100%| E|CS|TAMS 0x00000000e9e00000, 0x00000000e9e00000| Complete 
| 159|0x00000000e9f00000, 0x00000000ea000000, 0x00000000ea000000|100%| E|CS|TAMS 0x00000000e9f00000, 0x00000000e9f00000| Complete 
| 160|0x00000000ea000000, 0x00000000ea100000, 0x00000000ea100000|100%| E|CS|TAMS 0x00000000ea000000, 0x00000000ea000000| Complete 
| 161|0x00000000ea100000, 0x00000000ea200000, 0x00000000ea200000|100%| E|CS|TAMS 0x00000000ea100000, 0x00000000ea100000| Complete 
| 162|0x00000000ea200000, 0x00000000ea300000, 0x00000000ea300000|100%| E|CS|TAMS 0x00000000ea200000, 0x00000000ea200000| Complete 
| 163|0x00000000ea300000, 0x00000000ea400000, 0x00000000ea400000|100%| E|CS|TAMS 0x00000000ea300000, 0x00000000ea300000| Complete 
| 164|0x00000000ea400000, 0x00000000ea500000, 0x00000000ea500000|100%| E|CS|TAMS 0x00000000ea400000, 0x00000000ea400000| Complete 
| 165|0x00000000ea500000, 0x00000000ea600000, 0x00000000ea600000|100%| E|CS|TAMS 0x00000000ea500000, 0x00000000ea500000| Complete 
| 166|0x00000000ea600000, 0x00000000ea700000, 0x00000000ea700000|100%| E|CS|TAMS 0x00000000ea600000, 0x00000000ea600000| Complete 
| 167|0x00000000ea700000, 0x00000000ea800000, 0x00000000ea800000|100%| E|CS|TAMS 0x00000000ea700000, 0x00000000ea700000| Complete 
| 168|0x00000000ea800000, 0x00000000ea900000, 0x00000000ea900000|100%| E|CS|TAMS 0x00000000ea800000, 0x00000000ea800000| Complete 
| 169|0x00000000ea900000, 0x00000000eaa00000, 0x00000000eaa00000|100%| E|CS|TAMS 0x00000000ea900000, 0x00000000ea900000| Complete 
| 170|0x00000000eaa00000, 0x00000000eab00000, 0x00000000eab00000|100%| E|CS|TAMS 0x00000000eaa00000, 0x00000000eaa00000| Complete 
| 171|0x00000000eab00000, 0x00000000eac00000, 0x00000000eac00000|100%| E|CS|TAMS 0x00000000eab00000, 0x00000000eab00000| Complete 
| 172|0x00000000eac00000, 0x00000000ead00000, 0x00000000ead00000|100%| E|CS|TAMS 0x00000000eac00000, 0x00000000eac00000| Complete 
| 173|0x00000000ead00000, 0x00000000eae00000, 0x00000000eae00000|100%| E|CS|TAMS 0x00000000ead00000, 0x00000000ead00000| Complete 
| 174|0x00000000eae00000, 0x00000000eaf00000, 0x00000000eaf00000|100%| E|CS|TAMS 0x00000000eae00000, 0x00000000eae00000| Complete 
| 175|0x00000000eaf00000, 0x00000000eb000000, 0x00000000eb000000|100%| E|CS|TAMS 0x00000000eaf00000, 0x00000000eaf00000| Complete 
| 176|0x00000000eb000000, 0x00000000eb100000, 0x00000000eb100000|100%| E|CS|TAMS 0x00000000eb000000, 0x00000000eb000000| Complete 
| 177|0x00000000eb100000, 0x00000000eb200000, 0x00000000eb200000|100%| E|CS|TAMS 0x00000000eb100000, 0x00000000eb100000| Complete 
| 178|0x00000000eb200000, 0x00000000eb300000, 0x00000000eb300000|100%| E|CS|TAMS 0x00000000eb200000, 0x00000000eb200000| Complete 
| 179|0x00000000eb300000, 0x00000000eb400000, 0x00000000eb400000|100%| E|CS|TAMS 0x00000000eb300000, 0x00000000eb300000| Complete 
| 180|0x00000000eb400000, 0x00000000eb500000, 0x00000000eb500000|100%| E|CS|TAMS 0x00000000eb400000, 0x00000000eb400000| Complete 
| 181|0x00000000eb500000, 0x00000000eb600000, 0x00000000eb600000|100%| E|CS|TAMS 0x00000000eb500000, 0x00000000eb500000| Complete 
| 182|0x00000000eb600000, 0x00000000eb700000, 0x00000000eb700000|100%| E|CS|TAMS 0x00000000eb600000, 0x00000000eb600000| Complete 
| 183|0x00000000eb700000, 0x00000000eb800000, 0x00000000eb800000|100%| E|CS|TAMS 0x00000000eb700000, 0x00000000eb700000| Complete 
| 184|0x00000000eb800000, 0x00000000eb900000, 0x00000000eb900000|100%| E|CS|TAMS 0x00000000eb800000, 0x00000000eb800000| Complete 
| 185|0x00000000eb900000, 0x00000000eba00000, 0x00000000eba00000|100%| E|CS|TAMS 0x00000000eb900000, 0x00000000eb900000| Complete 
| 186|0x00000000eba00000, 0x00000000ebb00000, 0x00000000ebb00000|100%| E|CS|TAMS 0x00000000eba00000, 0x00000000eba00000| Complete 
| 187|0x00000000ebb00000, 0x00000000ebc00000, 0x00000000ebc00000|100%| E|CS|TAMS 0x00000000ebb00000, 0x00000000ebb00000| Complete 
| 188|0x00000000ebc00000, 0x00000000ebd00000, 0x00000000ebd00000|100%| E|CS|TAMS 0x00000000ebc00000, 0x00000000ebc00000| Complete 
| 189|0x00000000ebd00000, 0x00000000ebe00000, 0x00000000ebe00000|100%| E|CS|TAMS 0x00000000ebd00000, 0x00000000ebd00000| Complete 
| 190|0x00000000ebe00000, 0x00000000ebf00000, 0x00000000ebf00000|100%| E|CS|TAMS 0x00000000ebe00000, 0x00000000ebe00000| Complete 
| 191|0x00000000ebf00000, 0x00000000ec000000, 0x00000000ec000000|100%| E|CS|TAMS 0x00000000ebf00000, 0x00000000ebf00000| Complete 
| 192|0x00000000ec000000, 0x00000000ec100000, 0x00000000ec100000|100%| E|CS|TAMS 0x00000000ec000000, 0x00000000ec000000| Complete 
| 193|0x00000000ec100000, 0x00000000ec200000, 0x00000000ec200000|100%| E|CS|TAMS 0x00000000ec100000, 0x00000000ec100000| Complete 
| 194|0x00000000ec200000, 0x00000000ec300000, 0x00000000ec300000|100%| E|CS|TAMS 0x00000000ec200000, 0x00000000ec200000| Complete 
| 195|0x00000000ec300000, 0x00000000ec400000, 0x00000000ec400000|100%| E|CS|TAMS 0x00000000ec300000, 0x00000000ec300000| Complete 
| 196|0x00000000ec400000, 0x00000000ec500000, 0x00000000ec500000|100%| E|CS|TAMS 0x00000000ec400000, 0x00000000ec400000| Complete 
| 197|0x00000000ec500000, 0x00000000ec600000, 0x00000000ec600000|100%| E|CS|TAMS 0x00000000ec500000, 0x00000000ec500000| Complete 
| 198|0x00000000ec600000, 0x00000000ec700000, 0x00000000ec700000|100%| E|CS|TAMS 0x00000000ec600000, 0x00000000ec600000| Complete 
| 199|0x00000000ec700000, 0x00000000ec800000, 0x00000000ec800000|100%| E|CS|TAMS 0x00000000ec700000, 0x00000000ec700000| Complete 
| 200|0x00000000ec800000, 0x00000000ec900000, 0x00000000ec900000|100%| E|CS|TAMS 0x00000000ec800000, 0x00000000ec800000| Complete 
| 201|0x00000000ec900000, 0x00000000eca00000, 0x00000000eca00000|100%| E|CS|TAMS 0x00000000ec900000, 0x00000000ec900000| Complete 
| 202|0x00000000eca00000, 0x00000000ecb00000, 0x00000000ecb00000|100%| E|CS|TAMS 0x00000000eca00000, 0x00000000eca00000| Complete 
| 203|0x00000000ecb00000, 0x00000000ecc00000, 0x00000000ecc00000|100%| E|CS|TAMS 0x00000000ecb00000, 0x00000000ecb00000| Complete 
| 204|0x00000000ecc00000, 0x00000000ecd00000, 0x00000000ecd00000|100%| E|CS|TAMS 0x00000000ecc00000, 0x00000000ecc00000| Complete 
| 205|0x00000000ecd00000, 0x00000000ece00000, 0x00000000ece00000|100%| E|CS|TAMS 0x00000000ecd00000, 0x00000000ecd00000| Complete 
| 206|0x00000000ece00000, 0x00000000ecf00000, 0x00000000ecf00000|100%| E|CS|TAMS 0x00000000ece00000, 0x00000000ece00000| Complete 
| 207|0x00000000ecf00000, 0x00000000ed000000, 0x00000000ed000000|100%| E|CS|TAMS 0x00000000ecf00000, 0x00000000ecf00000| Complete 
| 208|0x00000000ed000000, 0x00000000ed100000, 0x00000000ed100000|100%| E|CS|TAMS 0x00000000ed000000, 0x00000000ed000000| Complete 
| 209|0x00000000ed100000, 0x00000000ed200000, 0x00000000ed200000|100%| E|CS|TAMS 0x00000000ed100000, 0x00000000ed100000| Complete 
| 210|0x00000000ed200000, 0x00000000ed300000, 0x00000000ed300000|100%| E|CS|TAMS 0x00000000ed200000, 0x00000000ed200000| Complete 
| 211|0x00000000ed300000, 0x00000000ed400000, 0x00000000ed400000|100%| E|CS|TAMS 0x00000000ed300000, 0x00000000ed300000| Complete 
| 212|0x00000000ed400000, 0x00000000ed500000, 0x00000000ed500000|100%| E|CS|TAMS 0x00000000ed400000, 0x00000000ed400000| Complete 
| 213|0x00000000ed500000, 0x00000000ed600000, 0x00000000ed600000|100%| E|CS|TAMS 0x00000000ed500000, 0x00000000ed500000| Complete 
| 214|0x00000000ed600000, 0x00000000ed700000, 0x00000000ed700000|100%| E|CS|TAMS 0x00000000ed600000, 0x00000000ed600000| Complete 
| 215|0x00000000ed700000, 0x00000000ed800000, 0x00000000ed800000|100%| E|CS|TAMS 0x00000000ed700000, 0x00000000ed700000| Complete 
| 216|0x00000000ed800000, 0x00000000ed900000, 0x00000000ed900000|100%| E|CS|TAMS 0x00000000ed800000, 0x00000000ed800000| Complete 
| 217|0x00000000ed900000, 0x00000000eda00000, 0x00000000eda00000|100%| E|CS|TAMS 0x00000000ed900000, 0x00000000ed900000| Complete 
| 218|0x00000000eda00000, 0x00000000edb00000, 0x00000000edb00000|100%| E|CS|TAMS 0x00000000eda00000, 0x00000000eda00000| Complete 
| 219|0x00000000edb00000, 0x00000000edc00000, 0x00000000edc00000|100%| E|CS|TAMS 0x00000000edb00000, 0x00000000edb00000| Complete 
| 220|0x00000000edc00000, 0x00000000edd00000, 0x00000000edd00000|100%| E|CS|TAMS 0x00000000edc00000, 0x00000000edc00000| Complete 
| 221|0x00000000edd00000, 0x00000000ede00000, 0x00000000ede00000|100%| E|CS|TAMS 0x00000000edd00000, 0x00000000edd00000| Complete 
| 222|0x00000000ede00000, 0x00000000edf00000, 0x00000000edf00000|100%| E|CS|TAMS 0x00000000ede00000, 0x00000000ede00000| Complete 
| 223|0x00000000edf00000, 0x00000000ee000000, 0x00000000ee000000|100%| E|CS|TAMS 0x00000000edf00000, 0x00000000edf00000| Complete 
| 224|0x00000000ee000000, 0x00000000ee100000, 0x00000000ee100000|100%| E|CS|TAMS 0x00000000ee000000, 0x00000000ee000000| Complete 
| 225|0x00000000ee100000, 0x00000000ee200000, 0x00000000ee200000|100%| E|CS|TAMS 0x00000000ee100000, 0x00000000ee100000| Complete 
| 226|0x00000000ee200000, 0x00000000ee300000, 0x00000000ee300000|100%| E|CS|TAMS 0x00000000ee200000, 0x00000000ee200000| Complete 
| 227|0x00000000ee300000, 0x00000000ee400000, 0x00000000ee400000|100%| E|CS|TAMS 0x00000000ee300000, 0x00000000ee300000| Complete 
| 228|0x00000000ee400000, 0x00000000ee500000, 0x00000000ee500000|100%| E|CS|TAMS 0x00000000ee400000, 0x00000000ee400000| Complete 
| 229|0x00000000ee500000, 0x00000000ee600000, 0x00000000ee600000|100%| E|CS|TAMS 0x00000000ee500000, 0x00000000ee500000| Complete 
| 230|0x00000000ee600000, 0x00000000ee700000, 0x00000000ee700000|100%| E|CS|TAMS 0x00000000ee600000, 0x00000000ee600000| Complete 
| 231|0x00000000ee700000, 0x00000000ee800000, 0x00000000ee800000|100%| E|CS|TAMS 0x00000000ee700000, 0x00000000ee700000| Complete 
| 232|0x00000000ee800000, 0x00000000ee900000, 0x00000000ee900000|100%| E|CS|TAMS 0x00000000ee800000, 0x00000000ee800000| Complete 
| 233|0x00000000ee900000, 0x00000000eea00000, 0x00000000eea00000|100%| E|CS|TAMS 0x00000000ee900000, 0x00000000ee900000| Complete 
| 234|0x00000000eea00000, 0x00000000eeb00000, 0x00000000eeb00000|100%| E|CS|TAMS 0x00000000eea00000, 0x00000000eea00000| Complete 
| 235|0x00000000eeb00000, 0x00000000eec00000, 0x00000000eec00000|100%| E|CS|TAMS 0x00000000eeb00000, 0x00000000eeb00000| Complete 
| 236|0x00000000eec00000, 0x00000000eed00000, 0x00000000eed00000|100%| E|CS|TAMS 0x00000000eec00000, 0x00000000eec00000| Complete 
| 237|0x00000000eed00000, 0x00000000eee00000, 0x00000000eee00000|100%| E|CS|TAMS 0x00000000eed00000, 0x00000000eed00000| Complete 
| 238|0x00000000eee00000, 0x00000000eef00000, 0x00000000eef00000|100%| E|CS|TAMS 0x00000000eee00000, 0x00000000eee00000| Complete 
| 239|0x00000000eef00000, 0x00000000ef000000, 0x00000000ef000000|100%| E|CS|TAMS 0x00000000eef00000, 0x00000000eef00000| Complete 
| 240|0x00000000ef000000, 0x00000000ef100000, 0x00000000ef100000|100%| E|CS|TAMS 0x00000000ef000000, 0x00000000ef000000| Complete 
| 241|0x00000000ef100000, 0x00000000ef200000, 0x00000000ef200000|100%| E|CS|TAMS 0x00000000ef100000, 0x00000000ef100000| Complete 
| 242|0x00000000ef200000, 0x00000000ef300000, 0x00000000ef300000|100%| E|CS|TAMS 0x00000000ef200000, 0x00000000ef200000| Complete 
| 243|0x00000000ef300000, 0x00000000ef400000, 0x00000000ef400000|100%| E|CS|TAMS 0x00000000ef300000, 0x00000000ef300000| Complete 
| 244|0x00000000ef400000, 0x00000000ef500000, 0x00000000ef500000|100%| E|CS|TAMS 0x00000000ef400000, 0x00000000ef400000| Complete 
| 245|0x00000000ef500000, 0x00000000ef600000, 0x00000000ef600000|100%| E|CS|TAMS 0x00000000ef500000, 0x00000000ef500000| Complete 
| 246|0x00000000ef600000, 0x00000000ef700000, 0x00000000ef700000|100%| E|CS|TAMS 0x00000000ef600000, 0x00000000ef600000| Complete 
| 247|0x00000000ef700000, 0x00000000ef800000, 0x00000000ef800000|100%| E|CS|TAMS 0x00000000ef700000, 0x00000000ef700000| Complete 
| 248|0x00000000ef800000, 0x00000000ef900000, 0x00000000ef900000|100%| E|CS|TAMS 0x00000000ef800000, 0x00000000ef800000| Complete 
| 249|0x00000000ef900000, 0x00000000efa00000, 0x00000000efa00000|100%| E|CS|TAMS 0x00000000ef900000, 0x00000000ef900000| Complete 
| 250|0x00000000efa00000, 0x00000000efb00000, 0x00000000efb00000|100%| E|CS|TAMS 0x00000000efa00000, 0x00000000efa00000| Complete 
| 251|0x00000000efb00000, 0x00000000efc00000, 0x00000000efc00000|100%| E|CS|TAMS 0x00000000efb00000, 0x00000000efb00000| Complete 
| 252|0x00000000efc00000, 0x00000000efd00000, 0x00000000efd00000|100%| E|CS|TAMS 0x00000000efc00000, 0x00000000efc00000| Complete 
| 253|0x00000000efd00000, 0x00000000efe00000, 0x00000000efe00000|100%| E|CS|TAMS 0x00000000efd00000, 0x00000000efd00000| Complete 
| 254|0x00000000efe00000, 0x00000000eff00000, 0x00000000eff00000|100%| E|CS|TAMS 0x00000000efe00000, 0x00000000efe00000| Complete 
| 255|0x00000000eff00000, 0x00000000f0000000, 0x00000000f0000000|100%| E|CS|TAMS 0x00000000eff00000, 0x00000000eff00000| Complete 

Card table byte_map: [0x000001c1fd690000,0x000001c1fd790000] _byte_map_base: 0x000001c1fcf90000

Marking Bits (Prev, Next): (CMBitMap*) 0x000001c1f5a00d70, (CMBitMap*) 0x000001c1f5a00d30
 Prev Bits: [0x000001c1fe090000, 0x000001c1fe890000)
 Next Bits: [0x000001c1fd890000, 0x000001c1fe090000)

Polling page: 0x000001c1f3bd0000

Metaspace:

Usage:
  Non-class:     27.62 MB used.
      Class:      4.05 MB used.
       Both:     31.67 MB used.

Virtual space:
  Non-class space:       64.00 MB reserved,      27.81 MB ( 43%) committed,  1 nodes.
      Class space:        1.00 GB reserved,       4.19 MB ( <1%) committed,  1 nodes.
             Both:        1.06 GB reserved,      32.00 MB (  3%) committed. 

Chunk freelists:
   Non-Class:  4.11 MB
       Class:  11.85 MB
        Both:  15.96 MB

MaxMetaspaceSize: unlimited
CompressedClassSpaceSize: 1.00 GB
Initial GC threshold: 21.00 MB
Current GC threshold: 35.25 MB
CDS: on
MetaspaceReclaimPolicy: balanced
 - commit_granule_bytes: 65536.
 - commit_granule_words: 8192.
 - virtual_space_node_default_size: 8388608.
 - enlarge_chunks_in_place: 1.
 - new_chunks_are_fully_committed: 0.
 - uncommit_free_chunks: 1.
 - use_allocation_guard: 0.
 - handle_deallocations: 1.


Internal statistics:

num_allocs_failed_limit: 3.
num_arena_births: 370.
num_arena_deaths: 0.
num_vsnodes_births: 2.
num_vsnodes_deaths: 0.
num_space_committed: 512.
num_space_uncommitted: 0.
num_chunks_returned_to_freelist: 3.
num_chunks_taken_from_freelist: 1344.
num_chunk_merges: 3.
num_chunk_splits: 893.
num_chunks_enlarged: 625.
num_purges: 0.
num_inconsistent_stats: 0.

CodeHeap 'non-profiled nmethods': size=120000Kb used=4197Kb max_used=4197Kb free=115802Kb
 bounds [0x000001c187ad0000, 0x000001c187ef0000, 0x000001c18f000000]
CodeHeap 'profiled nmethods': size=120000Kb used=15617Kb max_used=15617Kb free=104382Kb
 bounds [0x000001c180000000, 0x000001c180f50000, 0x000001c187530000]
CodeHeap 'non-nmethods': size=5760Kb used=1574Kb max_used=1613Kb free=4185Kb
 bounds [0x000001c187530000, 0x000001c1877a0000, 0x000001c187ad0000]
 total_blobs=7986 nmethods=7040 adapters=855
 compilation: enabled
              stopped_count=0, restarted_count=0
 full_count=0

Compilation events (20 events):
Event: 19.043 Thread 0x000001c1ff4742a0 7931       3       javafx.scene.shape.Rectangle::doConfigShape (92 bytes)
Event: 19.045 Thread 0x000001c1ff4742a0 nmethod 7931 0x000001c180f36690 code [0x000001c180f36ae0, 0x000001c180f38fb8]
Event: 19.045 Thread 0x000001c1ff4742a0 7932       3       javafx.scene.shape.Shape::computeShapeContains (159 bytes)
Event: 19.046 Thread 0x000001c1ff4742a0 nmethod 7932 0x000001c180f39910 code [0x000001c180f39cc0, 0x000001c180f3b738]
Event: 19.046 Thread 0x000001c1ff4742a0 7933       3       com.sun.javafx.geom.RoundRectangle2D::contains (189 bytes)
Event: 19.046 Thread 0x000001c1ff4742a0 nmethod 7933 0x000001c180f3bf90 code [0x000001c180f3c200, 0x000001c180f3cbb8]
Event: 19.046 Thread 0x000001c1ff4742a0 7934       3       com.sun.javafx.geom.RoundRectangle2D::isEmpty (24 bytes)
Event: 19.047 Thread 0x000001c1ff4742a0 nmethod 7934 0x000001c180f3cd90 code [0x000001c180f3cf60, 0x000001c180f3d158]
Event: 19.056 Thread 0x000001c1ff4742a0 7935       3       java.util.ArrayList::grow (60 bytes)
Event: 19.056 Thread 0x000001c1ff4742a0 nmethod 7935 0x000001c180f3d210 code [0x000001c180f3d400, 0x000001c180f3da58]
Event: 19.058 Thread 0x000001c1ff4742a0 7936       3       com.sun.prism.impl.BaseGraphics::translate (28 bytes)
Event: 19.058 Thread 0x000001c1ff4742a0 nmethod 7936 0x000001c180f3dc90 code [0x000001c180f3de60, 0x000001c180f3e0b8]
Event: 19.058 Thread 0x000001c1ff4742a0 7937       3       com.sun.javafx.tk.quantum.ViewPainter::getRootPath (26 bytes)
Event: 19.059 Thread 0x000001c1ff4742a0 nmethod 7937 0x000001c180f3e190 code [0x000001c180f3e380, 0x000001c180f3ea38]
Event: 19.091 Thread 0x000001c1ff4742a0 7938       3       com.sun.javafx.sg.prism.NGRectangle::isRectClip (132 bytes)
Event: 19.091 Thread 0x000001c1ff4742a0 nmethod 7938 0x000001c180f3ec90 code [0x000001c180f3ef20, 0x000001c180f3fb88]
Event: 19.091 Thread 0x000001c1ff4742a0 7939       3       com.sun.javafx.sg.prism.NGRectangle::isRounded (30 bytes)
Event: 19.091 Thread 0x000001c1ff4742a0 nmethod 7939 0x000001c180f3fe90 code [0x000001c180f40060, 0x000001c180f40278]
Event: 19.091 Thread 0x000001c1ff4742a0 7940       3       com.sun.glass.ui.View::checkNotClosed (20 bytes)
Event: 19.091 Thread 0x000001c1ff4742a0 nmethod 7940 0x000001c180f40310 code [0x000001c180f404c0, 0x000001c180f406e8]

GC Heap History (12 events):
Event: 0.458 GC heap before
{Heap before GC invocations=0 (full 0):
 garbage-first heap   total 262144K, used 22528K [0x00000000e0000000, 0x0000000100000000)
  region size 1024K, 23 young (23552K), 0 survivors (0K)
 Metaspace       used 4138K, committed 4352K, reserved 1114112K
  class space    used 471K, committed 576K, reserved 1048576K
}
Event: 0.460 GC heap after
{Heap after GC invocations=1 (full 0):
 garbage-first heap   total 262144K, used 3926K [0x00000000e0000000, 0x0000000100000000)
  region size 1024K, 3 young (3072K), 3 survivors (3072K)
 Metaspace       used 4138K, committed 4352K, reserved 1114112K
  class space    used 471K, committed 576K, reserved 1048576K
}
Event: 0.933 GC heap before
{Heap before GC invocations=1 (full 0):
 garbage-first heap   total 262144K, used 39766K [0x00000000e0000000, 0x0000000100000000)
  region size 1024K, 36 young (36864K), 3 survivors (3072K)
 Metaspace       used 12099K, committed 12416K, reserved 1114112K
  class space    used 1505K, committed 1664K, reserved 1048576K
}
Event: 0.938 GC heap after
{Heap after GC invocations=2 (full 0):
 garbage-first heap   total 262144K, used 15911K [0x00000000e0000000, 0x0000000100000000)
  region size 1024K, 5 young (5120K), 5 survivors (5120K)
 Metaspace       used 12099K, committed 12416K, reserved 1114112K
  class space    used 1505K, committed 1664K, reserved 1048576K
}
Event: 1.494 GC heap before
{Heap before GC invocations=2 (full 0):
 garbage-first heap   total 262144K, used 36391K [0x00000000e0000000, 0x0000000100000000)
  region size 1024K, 26 young (26624K), 5 survivors (5120K)
 Metaspace       used 21243K, committed 21504K, reserved 1114112K
  class space    used 2741K, committed 2880K, reserved 1048576K
}
Event: 1.498 GC heap after
{Heap after GC invocations=3 (full 0):
 garbage-first heap   total 262144K, used 19639K [0x00000000e0000000, 0x0000000100000000)
  region size 1024K, 4 young (4096K), 4 survivors (4096K)
 Metaspace       used 21243K, committed 21504K, reserved 1114112K
  class space    used 2741K, committed 2880K, reserved 1048576K
}
Event: 5.326 GC heap before
{Heap before GC invocations=4 (full 0):
 garbage-first heap   total 262144K, used 110775K [0x00000000e0000000, 0x0000000100000000)
  region size 1024K, 92 young (94208K), 4 survivors (4096K)
 Metaspace       used 27704K, committed 28032K, reserved 1114112K
  class space    used 3723K, committed 3904K, reserved 1048576K
}
Event: 5.332 GC heap after
{Heap after GC invocations=5 (full 0):
 garbage-first heap   total 262144K, used 29171K [0x00000000e0000000, 0x0000000100000000)
  region size 1024K, 11 young (11264K), 11 survivors (11264K)
 Metaspace       used 27704K, committed 28032K, reserved 1114112K
  class space    used 3723K, committed 3904K, reserved 1048576K
}
Event: 5.338 GC heap before
{Heap before GC invocations=5 (full 0):
 garbage-first heap   total 262144K, used 30195K [0x00000000e0000000, 0x0000000100000000)
  region size 1024K, 12 young (12288K), 11 survivors (11264K)
 Metaspace       used 27707K, committed 28032K, reserved 1114112K
  class space    used 3723K, committed 3904K, reserved 1048576K
}
Event: 5.344 GC heap after
{Heap after GC invocations=6 (full 0):
 garbage-first heap   total 262144K, used 29214K [0x00000000e0000000, 0x0000000100000000)
  region size 1024K, 1 young (1024K), 1 survivors (1024K)
 Metaspace       used 27707K, committed 28032K, reserved 1114112K
  class space    used 3723K, committed 3904K, reserved 1048576K
}
Event: 9.035 GC heap before
{Heap before GC invocations=6 (full 0):
 garbage-first heap   total 262144K, used 153118K [0x00000000e0000000, 0x0000000100000000)
  region size 1024K, 122 young (124928K), 1 survivors (1024K)
 Metaspace       used 29776K, committed 30144K, reserved 1114112K
  class space    used 3844K, committed 4032K, reserved 1048576K
}
Event: 9.038 GC heap after
{Heap after GC invocations=7 (full 0):
 garbage-first heap   total 262144K, used 32050K [0x00000000e0000000, 0x0000000100000000)
  region size 1024K, 4 young (4096K), 4 survivors (4096K)
 Metaspace       used 29776K, committed 30144K, reserved 1114112K
  class space    used 3844K, committed 4032K, reserved 1048576K
}

Deoptimization events (20 events):
Event: 18.642 Thread 0x000001c1d653aba0 Uncommon trap: trap_request=0xffffffde fr.pc=0x000001c187e2313c relative=0x0000000000004b5c
Event: 18.642 Thread 0x000001c1d653aba0 Uncommon trap: reason=class_check action=maybe_recompile pc=0x000001c187e2313c method=javafx.scene.CssStyleHelper.transitionToState(Ljavafx/scene/Node;)V @ 504 c2
Event: 18.642 Thread 0x000001c1d653aba0 DEOPT PACKING pc=0x000001c187e2313c sp=0x0000009356efdc10
Event: 18.642 Thread 0x000001c1d653aba0 DEOPT UNPACKING pc=0x000001c187585ba3 sp=0x0000009356efdb88 mode 2
Event: 18.785 Thread 0x000001c1d653aba0 Uncommon trap: trap_request=0xffffffde fr.pc=0x000001c187e2313c relative=0x0000000000004b5c
Event: 18.785 Thread 0x000001c1d653aba0 Uncommon trap: reason=class_check action=maybe_recompile pc=0x000001c187e2313c method=javafx.scene.CssStyleHelper.transitionToState(Ljavafx/scene/Node;)V @ 504 c2
Event: 18.785 Thread 0x000001c1d653aba0 DEOPT PACKING pc=0x000001c187e2313c sp=0x0000009356efdbb0
Event: 18.785 Thread 0x000001c1d653aba0 DEOPT UNPACKING pc=0x000001c187585ba3 sp=0x0000009356efdb28 mode 2
Event: 18.897 Thread 0x000001c1d653aba0 Uncommon trap: trap_request=0xffffffde fr.pc=0x000001c187e2313c relative=0x0000000000004b5c
Event: 18.897 Thread 0x000001c1d653aba0 Uncommon trap: reason=class_check action=maybe_recompile pc=0x000001c187e2313c method=javafx.scene.CssStyleHelper.transitionToState(Ljavafx/scene/Node;)V @ 504 c2
Event: 18.897 Thread 0x000001c1d653aba0 DEOPT PACKING pc=0x000001c187e2313c sp=0x0000009356efdbb0
Event: 18.897 Thread 0x000001c1d653aba0 DEOPT UNPACKING pc=0x000001c187585ba3 sp=0x0000009356efdb28 mode 2
Event: 18.913 Thread 0x000001c1d653aba0 Uncommon trap: trap_request=0xffffffde fr.pc=0x000001c187e2313c relative=0x0000000000004b5c
Event: 18.913 Thread 0x000001c1d653aba0 Uncommon trap: reason=class_check action=maybe_recompile pc=0x000001c187e2313c method=javafx.scene.CssStyleHelper.transitionToState(Ljavafx/scene/Node;)V @ 504 c2
Event: 18.913 Thread 0x000001c1d653aba0 DEOPT PACKING pc=0x000001c187e2313c sp=0x0000009356efdc10
Event: 18.913 Thread 0x000001c1d653aba0 DEOPT UNPACKING pc=0x000001c187585ba3 sp=0x0000009356efdb88 mode 2
Event: 19.041 Thread 0x000001c1d653aba0 Uncommon trap: trap_request=0xffffffbe fr.pc=0x000001c187ddbea8 relative=0x0000000000002ca8
Event: 19.041 Thread 0x000001c1d653aba0 Uncommon trap: reason=profile_predicate action=maybe_recompile pc=0x000001c187ddbea8 method=javafx.scene.CssStyleHelper.transitionToState(Ljavafx/scene/Node;)V @ 287 c2
Event: 19.041 Thread 0x000001c1d653aba0 DEOPT PACKING pc=0x000001c187ddbea8 sp=0x0000009356efdc00
Event: 19.042 Thread 0x000001c1d653aba0 DEOPT UNPACKING pc=0x000001c187585ba3 sp=0x0000009356efdb98 mode 2

Classes unloaded (0 events):
No events

Classes redefined (0 events):
No events

Internal exceptions (20 events):
Event: 4.861 Thread 0x000001c1d653aba0 Implicit null exception at 0x000001c187cb43e9 to 0x000001c187cb4530
Event: 4.925 Thread 0x000001c1d653aba0 Exception <a 'java/lang/NoSuchMethodError'{0x00000000ed73ca50}: 'int java.lang.invoke.DirectMethodHandle$Holder.invokeSpecial(java.lang.Object, java.lang.Object, java.lang.Object)'> (0x00000000ed73ca50) 
thrown [s\open\src\hotspot\share\interpreter\linkResolver.cpp, line 759]
Event: 5.200 Thread 0x000001c1d653aba0 Exception <a 'java/io/FileNotFoundException'{0x00000000eb20f2b0}> (0x00000000eb20f2b0) 
thrown [s\open\src\hotspot\share\prims\jni.cpp, line 516]
Event: 5.275 Thread 0x000001c1d653aba0 Exception <a 'java/lang/NoSuchMethodError'{0x00000000ea98c4d0}: 'void java.lang.invoke.DirectMethodHandle$Holder.invokeSpecialIFC(java.lang.Object, java.lang.Object, java.lang.Object, java.lang.Object)'> (0x00000000ea98c4d0) 
thrown [s\open\src\hotspot\share\interpreter\linkResolver.cpp, line 759]
Event: 5.296 Thread 0x000001c1d653aba0 Exception <a 'java/lang/NoSuchMethodError'{0x00000000ea725558}: 'int java.lang.invoke.DirectMethodHandle$Holder.invokeSpecial(java.lang.Object, java.lang.Object, int)'> (0x00000000ea725558) 
thrown [s\open\src\hotspot\share\interpreter\linkResolver.cpp, line 759]
Event: 5.308 Thread 0x000001c1d653aba0 Implicit null exception at 0x000001c187c27cd9 to 0x000001c187c27f20
Event: 5.428 Thread 0x000001c1d653aba0 Exception <a 'java/lang/NoSuchMethodError'{0x00000000ef74a2f8}: 'java.lang.Object java.lang.invoke.Invokers$Holder.invokeExact_MT(java.lang.Object, java.lang.Object, java.lang.Object, java.lang.Object, java.lang.Object, java.lang.Object)'> (0x00000000ef74a2f8) 
thrown [s\open\src\hotspot\share\interpreter\linkResolver.cpp, line 759]
Event: 8.536 Thread 0x000001c1d653aba0 Implicit null exception at 0x000001c187c14b2b to 0x000001c187c15778
Event: 9.018 Thread 0x000001c1d653aba0 Implicit null exception at 0x000001c187c5ef85 to 0x000001c187c6367c
Event: 9.344 Thread 0x000001c1d653aba0 Exception <a 'java/io/FileNotFoundException'{0x00000000ec598900}> (0x00000000ec598900) 
thrown [s\open\src\hotspot\share\prims\jni.cpp, line 516]
Event: 9.352 Thread 0x000001c1d653aba0 Exception <a 'java/lang/NullPointerException'{0x00000000ec47c138}> (0x00000000ec47c138) 
thrown [s\open\src\hotspot\share\interpreter\linkResolver.cpp, line 1350]
Event: 14.277 Thread 0x000001c1d653aba0 Exception <a 'java/lang/NoSuchMethodError'{0x00000000ea746820}: 'java.lang.Object java.lang.invoke.DirectMethodHandle$Holder.invokeSpecial(java.lang.Object, java.lang.Object, java.lang.Object, double)'> (0x00000000ea746820) 
thrown [s\open\src\hotspot\share\interpreter\linkResolver.cpp, line 759]
Event: 14.351 Thread 0x000001c1d653aba0 Exception <a 'java/io/FileNotFoundException'{0x00000000e977f908}> (0x00000000e977f908) 
thrown [s\open\src\hotspot\share\prims\jni.cpp, line 516]
Event: 15.928 Thread 0x000001c1d653aba0 Exception <a 'java/lang/ClassNotFoundException'{0x00000000e805ef00}: com/sun/javafx/scene/control/skin/resources/controls-nt> (0x00000000e805ef00) 
thrown [s\open\src\hotspot\share\prims\jni.cpp, line 535]
Event: 15.929 Thread 0x000001c1d653aba0 Exception <a 'java/lang/ClassNotFoundException'{0x00000000e8067a20}: com/sun/javafx/scene/control/skin/resources/controls-nt_fr> (0x00000000e8067a20) 
thrown [s\open\src\hotspot\share\prims\jni.cpp, line 535]
Event: 15.929 Thread 0x000001c1d653aba0 Exception <a 'java/lang/ClassNotFoundException'{0x00000000e806a2a8}: com/sun/javafx/scene/control/skin/resources/controls-nt_fr_FR> (0x00000000e806a2a8) 
thrown [s\open\src\hotspot\share\prims\jni.cpp, line 535]
Event: 15.956 Thread 0x000001c1d653aba0 Exception <a 'java/io/FileNotFoundException'{0x00000000e7db94c8}> (0x00000000e7db94c8) 
thrown [s\open\src\hotspot\share\prims\jni.cpp, line 516]
Event: 15.956 Thread 0x000001c1d653aba0 Exception <a 'java/io/FileNotFoundException'{0x00000000e7dbae78}> (0x00000000e7dbae78) 
thrown [s\open\src\hotspot\share\prims\jni.cpp, line 516]
Event: 15.956 Thread 0x000001c1d653aba0 Exception <a 'java/io/FileNotFoundException'{0x00000000e7dbc510}> (0x00000000e7dbc510) 
thrown [s\open\src\hotspot\share\prims\jni.cpp, line 516]
Event: 16.635 Thread 0x000001c1d653aba0 Exception <a 'java/lang/NoSuchMethodError'{0x00000000e7c49bb8}: 'java.lang.Object java.lang.invoke.DirectMethodHandle$Holder.newInvokeSpecial(java.lang.Object, java.lang.Object, java.lang.Object, double, double, double, double, int, int, int, int, int, int, int, int, int)'> (0x00000000e7c49bb8) 
thrown [s\open\src\hotspot\share\interpreter\linkResolver.cpp, line 759]

VM Operations (20 events):
Event: 15.974 Executing VM operation: ICBufferFull
Event: 15.975 Executing VM operation: ICBufferFull done
Event: 16.844 Executing VM operation: HandshakeAllThreads
Event: 16.844 Executing VM operation: HandshakeAllThreads done
Event: 16.845 Executing VM operation: HandshakeAllThreads
Event: 16.845 Executing VM operation: HandshakeAllThreads done
Event: 16.892 Executing VM operation: HandshakeAllThreads
Event: 16.892 Executing VM operation: HandshakeAllThreads done
Event: 17.681 Executing VM operation: HandshakeAllThreads
Event: 17.681 Executing VM operation: HandshakeAllThreads done
Event: 17.681 Executing VM operation: Cleanup
Event: 17.682 Executing VM operation: Cleanup done
Event: 17.682 Executing VM operation: HandshakeAllThreads
Event: 17.682 Executing VM operation: HandshakeAllThreads done
Event: 17.699 Executing VM operation: HandshakeAllThreads
Event: 17.699 Executing VM operation: HandshakeAllThreads done
Event: 18.698 Executing VM operation: Cleanup
Event: 18.699 Executing VM operation: Cleanup done
Event: 19.699 Executing VM operation: Cleanup
Event: 19.699 Executing VM operation: Cleanup done

Events (20 events):
Event: 17.683 loading class sun/net/www/http/KeepAliveStreamCleaner$2 done
Event: 17.683 loading class sun/net/www/protocol/http/HttpURLConnection$HttpInputStream
Event: 17.683 loading class sun/net/www/protocol/http/HttpURLConnection$HttpInputStream done
Event: 17.697 loading class sun/net/www/http/ChunkedInputStream
Event: 17.698 loading class sun/net/www/http/ChunkedInputStream done
Event: 17.698 loading class sun/net/www/http/KeepAliveCache$1
Event: 17.698 loading class sun/net/www/http/KeepAliveCache$1 done
Event: 17.698 Thread 0x000001c1df777f40 Thread added: 0x000001c1df777f40
Event: 17.698 loading class sun/net/www/http/ClientVector
Event: 17.698 loading class sun/net/www/http/ClientVector done
Event: 17.699 loading class sun/net/www/http/KeepAliveEntry
Event: 17.699 loading class sun/net/www/http/KeepAliveEntry done
Event: 17.700 Thread 0x000001c1dcf1b6f0 Thread exited: 0x000001c1dcf1b6f0
Event: 17.702 Thread 0x000001c1ff6c1ce0 Thread added: 0x000001c1ff6c1ce0
Event: 17.705 Thread 0x000001c1dcf19ee0 Thread exited: 0x000001c1dcf19ee0
Event: 17.761 Thread 0x000001c1df774f20 Thread exited: 0x000001c1df774f20
Event: 17.767 Thread 0x000001c1dcf1c090 Thread exited: 0x000001c1dcf1c090
Event: 17.775 Thread 0x000001c1dcf1bbc0 Thread exited: 0x000001c1dcf1bbc0
Event: 17.850 Thread 0x000001c1dcf19540 Thread exited: 0x000001c1dcf19540
Event: 17.994 Thread 0x000001c1ff6c1ce0 Thread exited: 0x000001c1ff6c1ce0


Dynamic libraries:
0x00007ff6ffe50000 - 0x00007ff6ffe60000 	C:\Program Files\Java\jdk-17\bin\java.exe
0x00007ffe59ca0000 - 0x00007ffe59f07000 	C:\WINDOWS\SYSTEM32\ntdll.dll
0x00007ffe58890000 - 0x00007ffe58959000 	C:\WINDOWS\System32\KERNEL32.DLL
0x00007ffe56850000 - 0x00007ffe56c41000 	C:\WINDOWS\System32\KERNELBASE.dll
0x00007ffe578f0000 - 0x00007ffe57a3b000 	C:\WINDOWS\System32\ucrtbase.dll
0x00007ffe1b090000 - 0x00007ffe1b0a9000 	C:\Program Files\Java\jdk-17\bin\jli.dll
0x00007ffe1a0a0000 - 0x00007ffe1a0bb000 	C:\Program Files\Java\jdk-17\bin\VCRUNTIME140.dll
0x00007ffe58540000 - 0x00007ffe585fb000 	C:\WINDOWS\System32\ADVAPI32.dll
0x00007ffe59bb0000 - 0x00007ffe59c59000 	C:\WINDOWS\System32\msvcrt.dll
0x00007ffe58600000 - 0x00007ffe586a7000 	C:\WINDOWS\System32\sechost.dll
0x00007ffe58370000 - 0x00007ffe58488000 	C:\WINDOWS\System32\RPCRT4.dll
0x00007ffe599e0000 - 0x00007ffe59ba5000 	C:\WINDOWS\System32\USER32.dll
0x00007ffe31720000 - 0x00007ffe319b3000 	C:\WINDOWS\WinSxS\amd64_microsoft.windows.common-controls_6595b64144ccf1df_6.0.26100.7922_none_3e089e1ee3342171\COMCTL32.dll
0x00007ffe57790000 - 0x00007ffe577b7000 	C:\WINDOWS\System32\win32u.dll
0x00007ffe59510000 - 0x00007ffe5953b000 	C:\WINDOWS\System32\GDI32.dll
0x00007ffe577c0000 - 0x00007ffe578ea000 	C:\WINDOWS\System32\gdi32full.dll
0x00007ffe56630000 - 0x00007ffe566d3000 	C:\WINDOWS\System32\msvcp_win.dll
0x00007ffe4b430000 - 0x00007ffe4b43b000 	C:\WINDOWS\SYSTEM32\VERSION.dll
0x00007ffe58ea0000 - 0x00007ffe58ed1000 	C:\WINDOWS\System32\IMM32.DLL
0x00007ffe4ac60000 - 0x00007ffe4ac6c000 	C:\Program Files\Java\jdk-17\bin\vcruntime140_1.dll
0x00007ffe098b0000 - 0x00007ffe0993e000 	C:\Program Files\Java\jdk-17\bin\msvcp140.dll
0x00007ffdcd590000 - 0x00007ffdce16e000 	C:\Program Files\Java\jdk-17\bin\server\jvm.dll
0x00007ffe58510000 - 0x00007ffe58518000 	C:\WINDOWS\System32\PSAPI.DLL
0x00007ffe4b6f0000 - 0x00007ffe4b725000 	C:\WINDOWS\SYSTEM32\WINMM.dll
0x00007ffe3f360000 - 0x00007ffe3f36a000 	C:\WINDOWS\SYSTEM32\WSOCK32.dll
0x00007ffe58490000 - 0x00007ffe58504000 	C:\WINDOWS\System32\WS2_32.dll
0x00007ffe55310000 - 0x00007ffe5532b000 	C:\WINDOWS\SYSTEM32\kernel.appcore.dll
0x00007ffe4a970000 - 0x00007ffe4a97a000 	C:\Program Files\Java\jdk-17\bin\jimage.dll
0x00007ffe53f20000 - 0x00007ffe54162000 	C:\WINDOWS\SYSTEM32\DBGHELP.DLL
0x00007ffe595c0000 - 0x00007ffe59942000 	C:\WINDOWS\System32\combase.dll
0x00007ffe587b0000 - 0x00007ffe58887000 	C:\WINDOWS\System32\OLEAUT32.dll
0x00007ffe373f0000 - 0x00007ffe3742b000 	C:\WINDOWS\SYSTEM32\dbgcore.DLL
0x00007ffe56580000 - 0x00007ffe56625000 	C:\WINDOWS\System32\bcryptPrimitives.dll
0x00007ffe19170000 - 0x00007ffe19195000 	C:\Program Files\Java\jdk-17\bin\java.dll
0x00007ffdcb3a0000 - 0x00007ffdcb477000 	C:\Program Files\Java\jdk-17\bin\jsvml.dll
0x00007ffe57ba0000 - 0x00007ffe582ff000 	C:\WINDOWS\System32\SHELL32.dll
0x00007ffe566e0000 - 0x00007ffe5684a000 	C:\WINDOWS\System32\wintypes.dll
0x00007ffe56f20000 - 0x00007ffe57784000 	C:\WINDOWS\System32\windows.storage.dll
0x00007ffe58960000 - 0x00007ffe58a57000 	C:\WINDOWS\System32\SHCORE.dll
0x00007ffe58a60000 - 0x00007ffe58ac7000 	C:\WINDOWS\System32\shlwapi.dll
0x00007ffe564a0000 - 0x00007ffe564c9000 	C:\WINDOWS\SYSTEM32\profapi.dll
0x00007ffe15a40000 - 0x00007ffe15a59000 	C:\Program Files\Java\jdk-17\bin\net.dll
0x00007ffe50f70000 - 0x00007ffe51097000 	C:\WINDOWS\SYSTEM32\WINHTTP.dll
0x00007ffe55880000 - 0x00007ffe558eb000 	C:\WINDOWS\system32\mswsock.dll
0x00007ffe09740000 - 0x00007ffe09756000 	C:\Program Files\Java\jdk-17\bin\nio.dll
0x00007ffe09630000 - 0x00007ffe09648000 	C:\Program Files\Java\jdk-17\bin\zip.dll
0x000001c1f5920000 - 0x000001c1f5923000 	C:\Users\PROBOOK\.openjfx\cache\17.0.10\api-ms-win-core-console-l1-1-0.dll
0x000001c1f5930000 - 0x000001c1f5933000 	C:\Users\PROBOOK\.openjfx\cache\17.0.10\api-ms-win-core-console-l1-2-0.dll
0x000001c1f5940000 - 0x000001c1f5943000 	C:\Users\PROBOOK\.openjfx\cache\17.0.10\api-ms-win-core-datetime-l1-1-0.dll
0x000001c1f5950000 - 0x000001c1f5953000 	C:\Users\PROBOOK\.openjfx\cache\17.0.10\api-ms-win-core-debug-l1-1-0.dll
0x000001c1f5960000 - 0x000001c1f5963000 	C:\Users\PROBOOK\.openjfx\cache\17.0.10\api-ms-win-core-errorhandling-l1-1-0.dll
0x000001c1f5970000 - 0x000001c1f5974000 	C:\Users\PROBOOK\.openjfx\cache\17.0.10\api-ms-win-core-file-l1-1-0.dll
0x000001c1f5980000 - 0x000001c1f5983000 	C:\Users\PROBOOK\.openjfx\cache\17.0.10\api-ms-win-core-file-l1-2-0.dll
0x000001c1ff860000 - 0x000001c1ff863000 	C:\Users\PROBOOK\.openjfx\cache\17.0.10\api-ms-win-core-file-l2-1-0.dll
0x000001c1ff870000 - 0x000001c1ff873000 	C:\Users\PROBOOK\.openjfx\cache\17.0.10\api-ms-win-core-handle-l1-1-0.dll
0x000001c1ff880000 - 0x000001c1ff883000 	C:\Users\PROBOOK\.openjfx\cache\17.0.10\api-ms-win-core-heap-l1-1-0.dll
0x000001c1ff890000 - 0x000001c1ff893000 	C:\Users\PROBOOK\.openjfx\cache\17.0.10\api-ms-win-core-interlocked-l1-1-0.dll
0x000001c1ff8a0000 - 0x000001c1ff8a3000 	C:\Users\PROBOOK\.openjfx\cache\17.0.10\api-ms-win-core-libraryloader-l1-1-0.dll
0x000001c1ff8b0000 - 0x000001c1ff8b3000 	C:\Users\PROBOOK\.openjfx\cache\17.0.10\api-ms-win-core-localization-l1-2-0.dll
0x000001c1ff8c0000 - 0x000001c1ff8c3000 	C:\Users\PROBOOK\.openjfx\cache\17.0.10\api-ms-win-core-memory-l1-1-0.dll
0x000001c1ff8d0000 - 0x000001c1ff8d3000 	C:\Users\PROBOOK\.openjfx\cache\17.0.10\api-ms-win-core-namedpipe-l1-1-0.dll
0x000001c1ff8e0000 - 0x000001c1ff8e3000 	C:\Users\PROBOOK\.openjfx\cache\17.0.10\api-ms-win-core-processenvironment-l1-1-0.dll
0x000001c1ff8f0000 - 0x000001c1ff8f3000 	C:\Users\PROBOOK\.openjfx\cache\17.0.10\api-ms-win-core-processthreads-l1-1-0.dll
0x000001c1ff900000 - 0x000001c1ff903000 	C:\Users\PROBOOK\.openjfx\cache\17.0.10\api-ms-win-core-processthreads-l1-1-1.dll
0x000001c1ff910000 - 0x000001c1ff913000 	C:\Users\PROBOOK\.openjfx\cache\17.0.10\api-ms-win-core-profile-l1-1-0.dll
0x000001c1ff920000 - 0x000001c1ff923000 	C:\Users\PROBOOK\.openjfx\cache\17.0.10\api-ms-win-core-rtlsupport-l1-1-0.dll
0x000001c1ff930000 - 0x000001c1ff933000 	C:\Users\PROBOOK\.openjfx\cache\17.0.10\api-ms-win-core-string-l1-1-0.dll
0x000001c1ff940000 - 0x000001c1ff943000 	C:\Users\PROBOOK\.openjfx\cache\17.0.10\api-ms-win-core-synch-l1-1-0.dll
0x000001c1ff950000 - 0x000001c1ff953000 	C:\Users\PROBOOK\.openjfx\cache\17.0.10\api-ms-win-core-synch-l1-2-0.dll
0x000001c1ff960000 - 0x000001c1ff963000 	C:\Users\PROBOOK\.openjfx\cache\17.0.10\api-ms-win-core-sysinfo-l1-1-0.dll
0x000001c1ff970000 - 0x000001c1ff973000 	C:\Users\PROBOOK\.openjfx\cache\17.0.10\api-ms-win-core-timezone-l1-1-0.dll
0x000001c1ff980000 - 0x000001c1ff983000 	C:\Users\PROBOOK\.openjfx\cache\17.0.10\api-ms-win-core-util-l1-1-0.dll
0x000001c1ff990000 - 0x000001c1ff993000 	C:\Users\PROBOOK\.openjfx\cache\17.0.10\api-ms-win-crt-conio-l1-1-0.dll
0x000001c1ff9a0000 - 0x000001c1ff9a4000 	C:\Users\PROBOOK\.openjfx\cache\17.0.10\api-ms-win-crt-convert-l1-1-0.dll
0x000001c1ff9b0000 - 0x000001c1ff9b3000 	C:\Users\PROBOOK\.openjfx\cache\17.0.10\api-ms-win-crt-environment-l1-1-0.dll
0x000001c1ff9c0000 - 0x000001c1ff9c3000 	C:\Users\PROBOOK\.openjfx\cache\17.0.10\api-ms-win-crt-filesystem-l1-1-0.dll
0x000001c1ff9d0000 - 0x000001c1ff9d3000 	C:\Users\PROBOOK\.openjfx\cache\17.0.10\api-ms-win-crt-heap-l1-1-0.dll
0x000001c1ff9e0000 - 0x000001c1ff9e3000 	C:\Users\PROBOOK\.openjfx\cache\17.0.10\api-ms-win-crt-locale-l1-1-0.dll
0x000001c1ff9f0000 - 0x000001c1ff9f5000 	C:\Users\PROBOOK\.openjfx\cache\17.0.10\api-ms-win-crt-math-l1-1-0.dll
0x000001c1ffa00000 - 0x000001c1ffa05000 	C:\Users\PROBOOK\.openjfx\cache\17.0.10\api-ms-win-crt-multibyte-l1-1-0.dll
0x000001c1ffa10000 - 0x000001c1ffa20000 	C:\Users\PROBOOK\.openjfx\cache\17.0.10\api-ms-win-crt-private-l1-1-0.dll
0x000001c1ffa20000 - 0x000001c1ffa23000 	C:\Users\PROBOOK\.openjfx\cache\17.0.10\api-ms-win-crt-process-l1-1-0.dll
0x000001c1ffa30000 - 0x000001c1ffa34000 	C:\Users\PROBOOK\.openjfx\cache\17.0.10\api-ms-win-crt-runtime-l1-1-0.dll
0x000001c1ffa40000 - 0x000001c1ffa44000 	C:\Users\PROBOOK\.openjfx\cache\17.0.10\api-ms-win-crt-stdio-l1-1-0.dll
0x000001c1ffa50000 - 0x000001c1ffa54000 	C:\Users\PROBOOK\.openjfx\cache\17.0.10\api-ms-win-crt-string-l1-1-0.dll
0x000001c1ffa60000 - 0x000001c1ffa63000 	C:\Users\PROBOOK\.openjfx\cache\17.0.10\api-ms-win-crt-time-l1-1-0.dll
0x000001c1ffa70000 - 0x000001c1ffa73000 	C:\Users\PROBOOK\.openjfx\cache\17.0.10\api-ms-win-crt-utility-l1-1-0.dll
0x00007ffdcb2a0000 - 0x00007ffdcb39c000 	C:\Users\PROBOOK\.openjfx\cache\17.0.10\ucrtbase.dll
0x00007ffe4ad20000 - 0x00007ffe4ad3b000 	C:\Users\PROBOOK\.openjfx\cache\17.0.10\vcruntime140.dll
0x00007ffe25960000 - 0x00007ffe2596c000 	C:\Users\PROBOOK\.openjfx\cache\17.0.10\vcruntime140_1.dll
0x00007ffe09780000 - 0x00007ffe0980e000 	C:\Users\PROBOOK\.openjfx\cache\17.0.10\msvcp140.dll
0x00007ffe58ee0000 - 0x00007ffe59075000 	C:\WINDOWS\System32\ole32.dll
0x00007ffe25950000 - 0x00007ffe25959000 	C:\Users\PROBOOK\.openjfx\cache\17.0.10\msvcp140_1.dll
0x00007ffe25920000 - 0x00007ffe2594f000 	C:\Users\PROBOOK\.openjfx\cache\17.0.10\msvcp140_2.dll
0x00007ffe096d0000 - 0x00007ffe096fa000 	C:\Users\PROBOOK\.openjfx\cache\17.0.10\prism_d3d.dll
0x00007ffe0aac0000 - 0x00007ffe0ac72000 	C:\WINDOWS\system32\d3d9.dll
0x00007ffe541c0000 - 0x00007ffe541ee000 	C:\WINDOWS\SYSTEM32\dwmapi.dll
0x00007ffe54170000 - 0x00007ffe541b3000 	C:\WINDOWS\SYSTEM32\dxcore.dll
0x00007ffe53bd0000 - 0x00007ffe53c7a000 	C:\WINDOWS\system32\uxtheme.dll
0x00007ffe0a2d0000 - 0x00007ffe0a56f000 	C:\WINDOWS\System32\DriverStore\FileRepository\iigd_dch.inf_amd64_af91ad0f2b80669a\igdumdim64.dll
0x00007ffdea350000 - 0x00007ffdebabb000 	C:\WINDOWS\System32\DriverStore\FileRepository\iigd_dch.inf_amd64_af91ad0f2b80669a\igd9dxva64.dll
0x00007ffe59080000 - 0x00007ffe59507000 	C:\WINDOWS\System32\SETUPAPI.dll
0x00007ffe560f0000 - 0x00007ffe56147000 	C:\WINDOWS\SYSTEM32\cfgmgr32.dll
0x00007ffe39680000 - 0x00007ffe3b753000 	C:\WINDOWS\System32\DriverStore\FileRepository\iigd_dch.inf_amd64_af91ad0f2b80669a\media_bin_64.dll
0x00007ffe4adf0000 - 0x00007ffe4b39b000 	C:\WINDOWS\System32\DriverStore\FileRepository\iigd_dch.inf_amd64_af91ad0f2b80669a\igdgmm64.dll
0x00007ffe4e550000 - 0x00007ffe4e5b0000 	C:\WINDOWS\SYSTEM32\directxdatabasehelper.dll
0x00007ffe09680000 - 0x00007ffe096c2000 	C:\Users\PROBOOK\.openjfx\cache\17.0.10\glass.dll
0x00007ffe586b0000 - 0x00007ffe5879e000 	C:\WINDOWS\System32\COMDLG32.dll
0x00007ffe58b60000 - 0x00007ffe58cbd000 	C:\WINDOWS\System32\MSCTF.dll
0x00007ffe39070000 - 0x00007ffe39098000 	C:\WINDOWS\System32\DriverStore\FileRepository\iigd_dch.inf_amd64_af91ad0f2b80669a\igdinfo64.dll
0x00007ffe456b0000 - 0x00007ffe4a964000 	C:\WINDOWS\System32\DriverStore\FileRepository\iigd_dch.inf_amd64_af91ad0f2b80669a\igc64.dll
0x00007ffe1e800000 - 0x00007ffe1e814000 	C:\Users\PROBOOK\.openjfx\cache\17.0.10\javafx_font.dll
0x00007ffe51cf0000 - 0x00007ffe51f57000 	C:\WINDOWS\SYSTEM32\dwrite.dll
0x00007ffe55b60000 - 0x00007ffe55b7b000 	C:\WINDOWS\SYSTEM32\CRYPTSP.dll
0x00007ffe55270000 - 0x00007ffe552a9000 	C:\WINDOWS\system32\rsaenh.dll
0x00007ffe55930000 - 0x00007ffe55962000 	C:\WINDOWS\SYSTEM32\USERENV.dll
0x00007ffe56470000 - 0x00007ffe5649a000 	C:\WINDOWS\SYSTEM32\bcrypt.dll
0x00007ffe55b80000 - 0x00007ffe55b8c000 	C:\WINDOWS\SYSTEM32\CRYPTBASE.dll
0x00007ffe54d70000 - 0x00007ffe54da3000 	C:\WINDOWS\SYSTEM32\IPHLPAPI.DLL
0x00007ffe59950000 - 0x00007ffe5995a000 	C:\WINDOWS\System32\NSI.dll
0x00007ffe51220000 - 0x00007ffe5123d000 	C:\WINDOWS\SYSTEM32\dhcpcsvc6.DLL
0x00007ffe51150000 - 0x00007ffe51173000 	C:\WINDOWS\SYSTEM32\dhcpcsvc.DLL
0x00007ffe54e10000 - 0x00007ffe54f3a000 	C:\WINDOWS\SYSTEM32\DNSAPI.dll
0x00007ffe25910000 - 0x00007ffe2591e000 	C:\Program Files\Java\jdk-17\bin\sunmscapi.dll
0x00007ffe56ce0000 - 0x00007ffe56e57000 	C:\WINDOWS\System32\CRYPT32.dll
0x00007ffe55d80000 - 0x00007ffe55db0000 	C:\WINDOWS\SYSTEM32\ncrypt.dll
0x00007ffe55d30000 - 0x00007ffe55d6f000 	C:\WINDOWS\SYSTEM32\NTASN1.dll
0x00007ffe57a50000 - 0x00007ffe57afe000 	C:\WINDOWS\System32\clbcatq.dll

dbghelp: loaded successfully - version: 4.0.5 - missing functions: none
symbol engine: initialized successfully - sym options: 0x614 - pdb path: .;C:\Program Files\Java\jdk-17\bin;C:\WINDOWS\SYSTEM32;C:\WINDOWS\WinSxS\amd64_microsoft.windows.common-controls_6595b64144ccf1df_6.0.26100.7922_none_3e089e1ee3342171;C:\Program Files\Java\jdk-17\bin\server;C:\Users\PROBOOK\.openjfx\cache\17.0.10;C:\WINDOWS\System32\DriverStore\FileRepository\iigd_dch.inf_amd64_af91ad0f2b80669a;C:\Program Files\Common Files\Microsoft Shared\Ink

VM Arguments:
jvm_args: -Dfile.encoding=IBM850 -Xmx512m -Xms256m --module-path=C:\Users\PROBOOK\.m2\repository\org\openjfx\javafx-base\17.0.10\javafx-base-17.0.10-win.jar;C:\Users\PROBOOK\.m2\repository\org\openjfx\javafx-base\17.0.10\javafx-base-17.0.10.jar;C:\Users\PROBOOK\.m2\repository\org\openjfx\javafx-controls\17.0.10\javafx-controls-17.0.10-win.jar;C:\Users\PROBOOK\.m2\repository\org\openjfx\javafx-controls\17.0.10\javafx-controls-17.0.10.jar;C:\Users\PROBOOK\.m2\repository\org\openjfx\javafx-fxml\17.0.10\javafx-fxml-17.0.10-win.jar;C:\Users\PROBOOK\.m2\repository\org\openjfx\javafx-fxml\17.0.10\javafx-fxml-17.0.10.jar;C:\Users\PROBOOK\.m2\repository\org\openjfx\javafx-graphics\17.0.10\javafx-graphics-17.0.10-win.jar;C:\Users\PROBOOK\.m2\repository\org\openjfx\javafx-graphics\17.0.10\javafx-graphics-17.0.10.jar;C:\Users\PROBOOK\.m2\repository\org\openjfx\javafx-media\17.0.10\javafx-media-17.0.10-win.jar;C:\Users\PROBOOK\.m2\repository\org\openjfx\javafx-media\17.0.10\javafx-media-17.0.10.jar;C:\Users\PROBOOK\.m2\repository\org\openjfx\javafx-web\17.0.10\javafx-web-17.0.10-win.jar;C:\Users\PROBOOK\.m2\repository\org\openjfx\javafx-web\17.0.10\javafx-web-17.0.10.jar --add-modules=javafx.base,javafx.controls,javafx.fxml,javafx.graphics,javafx.media,javafx.web 
java_command: com.example.pidev.HelloApplication
java_class_path (initial): C:\Desktop\PIDEVDD\pidevv\pi25-01-2026\target\classes;C:\Users\PROBOOK\.m2\repository\com\github\virtuald\curvesapi\1.08\curvesapi-1.08.jar;C:\Users\PROBOOK\.m2\repository\com\google\android\annotations\4.1.1.4\annotations-4.1.1.4.jar;C:\Users\PROBOOK\.m2\repository\com\google\api\api-common\2.2.1\api-common-2.2.1.jar;C:\Users\PROBOOK\.m2\repository\com\google\api\gax\2.19.4\gax-2.19.4.jar;C:\Users\PROBOOK\.m2\repository\com\google\api\gax-grpc\2.19.4\gax-grpc-2.19.4.jar;C:\Users\PROBOOK\.m2\repository\com\google\api\gax-httpjson\0.104.4\gax-httpjson-0.104.4.jar;C:\Users\PROBOOK\.m2\repository\com\google\api\grpc\proto-google-cloud-vision-v1\3.3.0\proto-google-cloud-vision-v1-3.3.0.jar;C:\Users\PROBOOK\.m2\repository\com\google\api\grpc\proto-google-cloud-vision-v1p1beta1\0.92.0\proto-google-cloud-vision-v1p1beta1-0.92.0.jar;C:\Users\PROBOOK\.m2\repository\com\google\api\grpc\proto-google-cloud-vision-v1p2beta1\3.3.0\proto-google-cloud-vision-v1p2beta1-3.3.0.jar;C:\Users\PROBOOK\.m2\repository\com\google\api\grpc\proto-google-cloud-vision-v1p3beta1\0.92.0\proto-google-cloud-vision-v1p3beta1-0.92.0.jar;C:\Users\PROBOOK\.m2\repository\com\google\api\grpc\proto-google-cloud-vision-v1p4beta1\0.92.0\proto-google-cloud-vision-v1p4beta1-0.92.0.jar;C:\Users\PROBOOK\.m2\repository\com\google\api\grpc\proto-google-common-protos\2.9.6\proto-google-common-protos-2.9.6.jar;C:\Users\PROBOOK\.m2\repository\com\google\auth\google-auth-library-credentials\1.12.1\google-auth-library-credentials-1.12.1.jar;C:\Users\PROBOOK\.m2\repository\com\google\auth\google-auth-library-oauth2-http\1.12.1\google-auth-library-oauth2-http-1.12.1.jar;C:\Users\PROBOOK\.m2\repository\com\google\auto\value\auto-value-annotations\1.10\auto-value-annotations-1.10.jar;C:\Users\PROBOOK\.m2\repository\com\google\cloud\google-cloud-vision\3.3.0\google-cloud-vision-3.3.0.jar;C:\Users\PROBOOK\.m2\repository\com\google\code\findbugs\jsr305\3.0.2\jsr305-3.0.2.jar;C:\Users\PROBOOK\.m2\r
Launcher Type: SUN_STANDARD

[Global flags]
     intx CICompilerCount                          = 4                                         {product} {ergonomic}
     uint ConcGCThreads                            = 2                                         {product} {ergonomic}
     uint G1ConcRefinementThreads                  = 8                                         {product} {ergonomic}
   size_t G1HeapRegionSize                         = 1048576                                   {product} {ergonomic}
    uintx GCDrainStackTargetSize                   = 64                                        {product} {ergonomic}
   size_t InitialHeapSize                          = 268435456                                 {product} {command line}
   size_t MarkStackSize                            = 4194304                                   {product} {ergonomic}
   size_t MaxHeapSize                              = 536870912                                 {product} {command line}
   size_t MaxNewSize                               = 321912832                                 {product} {ergonomic}
   size_t MinHeapDeltaBytes                        = 1048576                                   {product} {ergonomic}
   size_t MinHeapSize                              = 268435456                                 {product} {command line}
    uintx NonNMethodCodeHeapSize                   = 5839372                                {pd product} {ergonomic}
    uintx NonProfiledCodeHeapSize                  = 122909434                              {pd product} {ergonomic}
    uintx ProfiledCodeHeapSize                     = 122909434                              {pd product} {ergonomic}
    uintx ReservedCodeCacheSize                    = 251658240                              {pd product} {ergonomic}
     bool SegmentedCodeCache                       = true                                      {product} {ergonomic}
   size_t SoftMaxHeapSize                          = 536870912                              {manageable} {ergonomic}
     bool UseCompressedClassPointers               = true                           {product lp64_product} {ergonomic}
     bool UseCompressedOops                        = true                           {product lp64_product} {ergonomic}
     bool UseG1GC                                  = true                                      {product} {ergonomic}
     bool UseLargePagesIndividualAllocation        = false                                  {pd product} {ergonomic}

Logging:
Log output configuration:
 #0: stdout all=warning uptime,level,tags
 #1: stderr all=off uptime,level,tags

Environment Variables:
JAVA_HOME=C:\Program Files\Java\jdk-17
JAVA_TOOL_OPTIONS=-Dfile.encoding=IBM850
PATH=C:\oraclexe\app\oracle\product\11.2.0\server\bin;;C:\Users\PROBOOK\OneDrive\Documentos\Atelier2;C:\Users\PROBOOK\.jdks\jbr-17.0.14-1;C:\Program Files (x86)\VMware\VMware Workstation\bin\;C:\Program Files\Java\jdk-17\bin;C:\Program Files\Common Files\Oracle\Java\javapath;C:\Python313\Scripts\;C:\Python313\;C:\Maven\apache-maven-3.9.9\bin;C:\WINDOWS\system32;C:\WINDOWS;C:\WINDOWS\System32\Wbem;C:\WINDOWS\System32\WindowsPowerShell\v1.0\;C:\WINDOWS\System32\OpenSSH\;C:\Program Files\Microsoft SQL Server\150\Tools\Binn\;C:\ProgramData\chocolatey\bin;C:\Program Files\nodejs\;C:\Users\PROBOOK\AppData\Roaming\Python\Python313\Scripts;C:\Program Files\Pandoc\;C:\xampp\php;C:\ProgramData\ComposerSetup\bin;C:\Program Files\Git\cmd;C:\Users\PROBOOK\scoop\shims;C:\Users\PROBOOK\AppData\Local\Programs\Python\Launcher\;C:\Users\PROBOOK\AppData\Local\Microsoft\WindowsApps;C:\Users\PROBOOK\AppData\Local\Programs\Microsoft VS Code\bin;C:\Maven\apache-maven-3.9.9\bin;C:\Users\PROBOOK\AppData\Roaming\npm;C:\Users\PROBOOK\AppData\Roaming\Composer\vendor\bin;C:\Program Files\JetBrains\IntelliJ IDEA 2023.2.8\bin;
USERNAME=PROBOOK
OS=Windows_NT
PROCESSOR_IDENTIFIER=Intel64 Family 6 Model 140 Stepping 1, GenuineIntel



---------------  S Y S T E M  ---------------

OS:
 Windows 11 , 64 bit Build 26100 (10.0.26100.7920)
OS uptime: 0 days 6:42 hours

CPU: total 8 (initial active 8) (4 cores per cpu, 2 threads per core) family 6 model 140 stepping 1 microcode 0xbc, cx8, cmov, fxsr, ht, mmx, 3dnowpref, sse, sse2, sse3, ssse3, sse4.1, sse4.2, popcnt, lzcnt, tsc, tscinvbit, avx, avx2, aes, erms, clmul, bmi1, bmi2, adx, avx512f, avx512dq, avx512cd, avx512bw, avx512vl, sha, fma, vzeroupper, avx512_vpopcntdq, avx512_vpclmulqdq, avx512_vaes, avx512_vnni, clflush, clflushopt, clwb, avx512_vbmi2, avx512_vbmi

Memory: 4k page, system-wide physical 16064M (473M free)
TotalPageFile size 46390M (AvailPageFile size 0M)
current process WorkingSet (physical memory assigned to process): 439M, peak: 443M
current process commit charge ("private bytes"): 566M, peak: 568M

vm_info: Java HotSpot(TM) 64-Bit Server VM (17.0.8+9-LTS-211) for windows-amd64 JRE (17.0.8+9-LTS-211), built on Jun 14 2023 10:34:31 by "mach5one" with MS VC++ 17.1 (VS2022)

END.
